#***************************************************************************

#sjplacer

#Version:            1.1

#Build Date:         Apr 29 2016 09:00:55

#File Generated:     Oct 11 2017 09:08:22

#Purpose:            

#Copyright (C) 2010-2011 by Softjin Technologies Pvt Ltd. All rights reserved.

#***************************************************************************

Executing : D:\Programming\Cypress\PSoC Creator\4.0\PSoC Creator\bin/sjplacer.exe --proj-name Node-Jaguar --netlist-vh2 Node-Jaguar_p.vh2 --arch-file D:\Programming\Cypress\PSoC Creator\4.0\PSoC Creator\dev/arch/p35_udb4x6.ark --rrg-file D:\Programming\Cypress\PSoC Creator\4.0\PSoC Creator\dev/psoc5/psoc5lp/route_arch-rrg.cydata --irq-file D:\Programming\Cypress\PSoC Creator\4.0\PSoC Creator\dev/psoc5/psoc5lp/irqconn.cydata --drq-file D:\Programming\Cypress\PSoC Creator\4.0\PSoC Creator\dev/psoc5/psoc5lp/dmaconn.cydata --dsi-conn-file D:\Programming\Cypress\PSoC Creator\4.0\PSoC Creator\dev/psoc5/psoc5lp/dsiconn.cydata --pins-file pins_100-TQFP.xml --lib-file Node-Jaguar_p.lib --sdc-file Node-Jaguar.sdc --io-pcf Node-Jaguar.pci --outdir .

		Softjin Techologies Placer, Version 1.1

Build Date : Apr 29 2016	08:58:44

D2004: Option and Settings Summary
=============================================================
Netlist vh2 file          - Node-Jaguar_p.vh2
Architecture file         - D:\Programming\Cypress\PSoC Creator\4.0\PSoC Creator\dev/arch/p35_udb4x6.ark
Package                   - 
Defparam file             - 
SDC file                  - Node-Jaguar.sdc
Output directory          - .
Timing library            - Node-Jaguar_p.lib
IO Placement file         - Node-Jaguar.pci

D2050: Starting reading inputs for placer
=============================================================
D2065: Reading netlist file : "Node-Jaguar_p.vh2"
D2065: Reading arch file : "D:\Programming\Cypress\PSoC Creator\4.0\PSoC Creator\dev/arch/p35_udb4x6.ark"
D2051: Reading of inputs for placer completed successfully

D2053: Starting placement of the design
=============================================================

Phase 2
Phase 3

Design Statistics after Packing
    Number of Combinational MCs 	:	26
    Number of Sequential MCs    	:	51
    Number of DPs               	:	14
    Number of Controls          	:	7
    Number of Status            	:	7
    Number of SyncCells         	:	0
    Number of count7cells       	:	0

Device Utilization Summary after Packing
    Macrocells                  :	77/192
    UDBS                        :	24/24
    IOs                         :	15/72


D2088: Phase 3, elapsed time : 0.0 (sec)

Phase 4
D2088: Phase 4, elapsed time : 0.0 (sec)

Phase 5
D2088: Phase 5, elapsed time : 0.0 (sec)

Phase 6

######################################################################
Placement Timing Summary

The timing summary is based on estimated routing delays after
placement. For final timing report, please carry out the timing
analysis after routing.
======================================================================

######################################################################
                     Clock Summary 
======================================================================
Number of clocks: 10
Clock: Clock_1              | Frequency:  33.9 MHz | Target:   0.4 MHz
Clock: Clock_2              | Frequency:  29.3 MHz | Target:   0.4 MHz
Clock: CyBUS_CLK            | Frequency:  73.1 MHz | Target:  24.0 MHz
Clock: CyBUS_CLK(fixed-function) | Frequency: N/A       | Target:  24.0 MHz
Clock: CyILO                | Frequency: N/A       | Target:   0.1 MHz
Clock: CyIMO                | Frequency: N/A       | Target:   3.0 MHz
Clock: CyMASTER_CLK         | Frequency: N/A       | Target:  24.0 MHz
Clock: CyPLL_OUT            | Frequency: N/A       | Target:  24.0 MHz
Clock: timer_clk            | Frequency:  59.7 MHz | Target:   0.0 MHz
Clock: timer_clk(fixed-function) | Frequency: N/A       | Target:   0.0 MHz

======================================================================
                     End of Clock Summary
######################################################################

D2088: Phase 6, elapsed time : 0.2 (sec)

Phase 7
######################################################################
                     Clock Summary 
======================================================================
Number of clocks: 10
Clock: Clock_1              | Frequency:   2.2 MHz | Target:   0.4 MHz
Clock: Clock_2              | Frequency:   2.3 MHz | Target:   0.4 MHz
Clock: CyBUS_CLK            | Frequency:   2.2 MHz | Target:  24.0 MHz
Clock: CyBUS_CLK(fixed-function) | Frequency: N/A       | Target:  24.0 MHz
Clock: CyILO                | Frequency: N/A       | Target:   0.1 MHz
Clock: CyIMO                | Frequency: N/A       | Target:   3.0 MHz
Clock: CyMASTER_CLK         | Frequency: N/A       | Target:  24.0 MHz
Clock: CyPLL_OUT            | Frequency: N/A       | Target:  24.0 MHz
Clock: timer_clk            | Frequency:  53.1 MHz | Target:   0.0 MHz
Clock: timer_clk(fixed-function) | Frequency: N/A       | Target:   0.0 MHz

======================================================================
                     End of Clock Summary
######################################################################
D2088: Phase 7, elapsed time : 5.9 (sec)

Final Design Statistics
    Number of Combinational MCs 	:	26
    Number of Sequential MCs    	:	51
    Number of DPs               	:	14
    Number of Controls          	:	7
    Number of Status            	:	7
    Number of SyncCells         	:	0
    Number of count7cells       	:	0
    Number of IOs       	:	15

Device Utilization Summary
    Macrocells                  :	77/192
    IOs                         :	15/72



######################################################################
Placement Timing Summary

The timing summary is based on estimated routing delays after
placement. For final timing report, please carry out the timing
analysis after routing.
======================================================================


######################################################################
                     Clock Summary 
======================================================================
Number of clocks: 10
Clock: Clock_1              | Frequency:   2.3 MHz | Target:   0.4 MHz
Clock: Clock_2              | Frequency:   2.4 MHz | Target:   0.4 MHz
Clock: CyBUS_CLK            | Frequency:   2.3 MHz | Target:  24.0 MHz
Clock: CyBUS_CLK(fixed-function) | Frequency: N/A       | Target:  24.0 MHz
Clock: CyILO                | Frequency: N/A       | Target:   0.1 MHz
Clock: CyIMO                | Frequency: N/A       | Target:   3.0 MHz
Clock: CyMASTER_CLK         | Frequency: N/A       | Target:  24.0 MHz
Clock: CyPLL_OUT            | Frequency: N/A       | Target:  24.0 MHz
Clock: timer_clk            | Frequency:  44.7 MHz | Target:   0.0 MHz
Clock: timer_clk(fixed-function) | Frequency: N/A       | Target:   0.0 MHz

======================================================================
                     End of Clock Summary
######################################################################

Phase 8
D2088: Phase 8, elapsed time : 0.0 (sec)

D2054: Placement of the design completed successfully

I2076: Total run-time: 8.0 sec.

