ARM GAS  D:\Windows\AppData\Local\Temp\ccQkzFFu.s 			page 1


   1              		.syntax unified
   2              		.cpu cortex-m3
   3              		.fpu softvfp
   4              		.eabi_attribute 20, 1
   5              		.eabi_attribute 21, 1
   6              		.eabi_attribute 23, 3
   7              		.eabi_attribute 24, 1
   8              		.eabi_attribute 25, 1
   9              		.eabi_attribute 26, 1
  10              		.eabi_attribute 30, 6
  11              		.eabi_attribute 34, 1
  12              		.eabi_attribute 18, 4
  13              		.thumb
  14              		.file	"b2_critical_timer_PM.c"
  15              		.text
  16              	.Ltext0:
  17              		.cfi_sections	.debug_frame
  18              		.bss
  19              		.align	2
  20              	b2_critical_timer_backup:
  21 0000 00000000 		.space	6
  21      0000
  22 0006 0000     		.section	.text.b2_critical_timer_SaveConfig,"ax",%progbits
  23              		.align	2
  24              		.global	b2_critical_timer_SaveConfig
  25              		.thumb
  26              		.thumb_func
  27              		.type	b2_critical_timer_SaveConfig, %function
  28              	b2_critical_timer_SaveConfig:
  29              	.LFB0:
  30              		.file 1 "Generated_Source\\PSoC5\\b2_critical_timer_PM.c"
   1:Generated_Source\PSoC5/b2_critical_timer_PM.c **** /*******************************************************************************
   2:Generated_Source\PSoC5/b2_critical_timer_PM.c **** * File Name: b2_critical_timer_PM.c
   3:Generated_Source\PSoC5/b2_critical_timer_PM.c **** * Version 2.70
   4:Generated_Source\PSoC5/b2_critical_timer_PM.c **** *
   5:Generated_Source\PSoC5/b2_critical_timer_PM.c **** *  Description:
   6:Generated_Source\PSoC5/b2_critical_timer_PM.c **** *     This file provides the power management source code to API for the
   7:Generated_Source\PSoC5/b2_critical_timer_PM.c **** *     Timer.
   8:Generated_Source\PSoC5/b2_critical_timer_PM.c **** *
   9:Generated_Source\PSoC5/b2_critical_timer_PM.c **** *   Note:
  10:Generated_Source\PSoC5/b2_critical_timer_PM.c **** *     None
  11:Generated_Source\PSoC5/b2_critical_timer_PM.c **** *
  12:Generated_Source\PSoC5/b2_critical_timer_PM.c **** *******************************************************************************
  13:Generated_Source\PSoC5/b2_critical_timer_PM.c **** * Copyright 2008-2014, Cypress Semiconductor Corporation.  All rights reserved.
  14:Generated_Source\PSoC5/b2_critical_timer_PM.c **** * You may use this file only in accordance with the license, terms, conditions,
  15:Generated_Source\PSoC5/b2_critical_timer_PM.c **** * disclaimers, and limitations in the end user license agreement accompanying
  16:Generated_Source\PSoC5/b2_critical_timer_PM.c **** * the software package with which this file was provided.
  17:Generated_Source\PSoC5/b2_critical_timer_PM.c **** ********************************************************************************/
  18:Generated_Source\PSoC5/b2_critical_timer_PM.c **** 
  19:Generated_Source\PSoC5/b2_critical_timer_PM.c **** #include "b2_critical_timer.h"
  20:Generated_Source\PSoC5/b2_critical_timer_PM.c **** 
  21:Generated_Source\PSoC5/b2_critical_timer_PM.c **** static b2_critical_timer_backupStruct b2_critical_timer_backup;
  22:Generated_Source\PSoC5/b2_critical_timer_PM.c **** 
  23:Generated_Source\PSoC5/b2_critical_timer_PM.c **** 
  24:Generated_Source\PSoC5/b2_critical_timer_PM.c **** /*******************************************************************************
  25:Generated_Source\PSoC5/b2_critical_timer_PM.c **** * Function Name: b2_critical_timer_SaveConfig
  26:Generated_Source\PSoC5/b2_critical_timer_PM.c **** ********************************************************************************
ARM GAS  D:\Windows\AppData\Local\Temp\ccQkzFFu.s 			page 2


  27:Generated_Source\PSoC5/b2_critical_timer_PM.c **** *
  28:Generated_Source\PSoC5/b2_critical_timer_PM.c **** * Summary:
  29:Generated_Source\PSoC5/b2_critical_timer_PM.c **** *     Save the current user configuration
  30:Generated_Source\PSoC5/b2_critical_timer_PM.c **** *
  31:Generated_Source\PSoC5/b2_critical_timer_PM.c **** * Parameters:
  32:Generated_Source\PSoC5/b2_critical_timer_PM.c **** *  void
  33:Generated_Source\PSoC5/b2_critical_timer_PM.c **** *
  34:Generated_Source\PSoC5/b2_critical_timer_PM.c **** * Return:
  35:Generated_Source\PSoC5/b2_critical_timer_PM.c **** *  void
  36:Generated_Source\PSoC5/b2_critical_timer_PM.c **** *
  37:Generated_Source\PSoC5/b2_critical_timer_PM.c **** * Global variables:
  38:Generated_Source\PSoC5/b2_critical_timer_PM.c **** *  b2_critical_timer_backup:  Variables of this global structure are modified to
  39:Generated_Source\PSoC5/b2_critical_timer_PM.c **** *  store the values of non retention configuration registers when Sleep() API is
  40:Generated_Source\PSoC5/b2_critical_timer_PM.c **** *  called.
  41:Generated_Source\PSoC5/b2_critical_timer_PM.c **** *
  42:Generated_Source\PSoC5/b2_critical_timer_PM.c **** *******************************************************************************/
  43:Generated_Source\PSoC5/b2_critical_timer_PM.c **** void b2_critical_timer_SaveConfig(void) 
  44:Generated_Source\PSoC5/b2_critical_timer_PM.c **** {
  31              		.loc 1 44 0
  32              		.cfi_startproc
  33              		@ args = 0, pretend = 0, frame = 0
  34              		@ frame_needed = 1, uses_anonymous_args = 0
  35 0000 80B5     		push	{r7, lr}
  36              		.cfi_def_cfa_offset 8
  37              		.cfi_offset 7, -8
  38              		.cfi_offset 14, -4
  39 0002 00AF     		add	r7, sp, #0
  40              		.cfi_def_cfa_register 7
  45:Generated_Source\PSoC5/b2_critical_timer_PM.c ****     #if (!b2_critical_timer_UsingFixedFunction)
  46:Generated_Source\PSoC5/b2_critical_timer_PM.c ****         b2_critical_timer_backup.TimerUdb = b2_critical_timer_ReadCounter();
  41              		.loc 1 46 0
  42 0004 FFF7FEFF 		bl	b2_critical_timer_ReadCounter
  43 0008 0346     		mov	r3, r0
  44 000a 1A46     		mov	r2, r3
  45 000c 064B     		ldr	r3, .L2
  46 000e 5A80     		strh	r2, [r3, #2]	@ movhi
  47:Generated_Source\PSoC5/b2_critical_timer_PM.c ****         b2_critical_timer_backup.InterruptMaskValue = b2_critical_timer_STATUS_MASK;
  47              		.loc 1 47 0
  48 0010 064B     		ldr	r3, .L2+4
  49 0012 1B78     		ldrb	r3, [r3]
  50 0014 DAB2     		uxtb	r2, r3
  51 0016 044B     		ldr	r3, .L2
  52 0018 1A71     		strb	r2, [r3, #4]
  48:Generated_Source\PSoC5/b2_critical_timer_PM.c ****         #if (b2_critical_timer_UsingHWCaptureCounter)
  49:Generated_Source\PSoC5/b2_critical_timer_PM.c ****             b2_critical_timer_backup.TimerCaptureCounter = b2_critical_timer_ReadCaptureCount();
  50:Generated_Source\PSoC5/b2_critical_timer_PM.c ****         #endif /* Back Up capture counter register  */
  51:Generated_Source\PSoC5/b2_critical_timer_PM.c **** 
  52:Generated_Source\PSoC5/b2_critical_timer_PM.c ****         #if(!b2_critical_timer_UDB_CONTROL_REG_REMOVED)
  53:Generated_Source\PSoC5/b2_critical_timer_PM.c ****             b2_critical_timer_backup.TimerControlRegister = b2_critical_timer_ReadControlRegister()
  53              		.loc 1 53 0
  54 001a FFF7FEFF 		bl	b2_critical_timer_ReadControlRegister
  55 001e 0346     		mov	r3, r0
  56 0020 1A46     		mov	r2, r3
  57 0022 014B     		ldr	r3, .L2
  58 0024 5A71     		strb	r2, [r3, #5]
  54:Generated_Source\PSoC5/b2_critical_timer_PM.c ****         #endif /* Backup the enable state of the Timer component */
  55:Generated_Source\PSoC5/b2_critical_timer_PM.c ****     #endif /* Backup non retention registers in UDB implementation. All fixed function registers ar
ARM GAS  D:\Windows\AppData\Local\Temp\ccQkzFFu.s 			page 3


  56:Generated_Source\PSoC5/b2_critical_timer_PM.c **** }
  59              		.loc 1 56 0
  60 0026 80BD     		pop	{r7, pc}
  61              	.L3:
  62              		.align	2
  63              	.L2:
  64 0028 00000000 		.word	b2_critical_timer_backup
  65 002c 8B650040 		.word	1073767819
  66              		.cfi_endproc
  67              	.LFE0:
  68              		.size	b2_critical_timer_SaveConfig, .-b2_critical_timer_SaveConfig
  69              		.section	.text.b2_critical_timer_RestoreConfig,"ax",%progbits
  70              		.align	2
  71              		.global	b2_critical_timer_RestoreConfig
  72              		.thumb
  73              		.thumb_func
  74              		.type	b2_critical_timer_RestoreConfig, %function
  75              	b2_critical_timer_RestoreConfig:
  76              	.LFB1:
  57:Generated_Source\PSoC5/b2_critical_timer_PM.c **** 
  58:Generated_Source\PSoC5/b2_critical_timer_PM.c **** 
  59:Generated_Source\PSoC5/b2_critical_timer_PM.c **** /*******************************************************************************
  60:Generated_Source\PSoC5/b2_critical_timer_PM.c **** * Function Name: b2_critical_timer_RestoreConfig
  61:Generated_Source\PSoC5/b2_critical_timer_PM.c **** ********************************************************************************
  62:Generated_Source\PSoC5/b2_critical_timer_PM.c **** *
  63:Generated_Source\PSoC5/b2_critical_timer_PM.c **** * Summary:
  64:Generated_Source\PSoC5/b2_critical_timer_PM.c **** *  Restores the current user configuration.
  65:Generated_Source\PSoC5/b2_critical_timer_PM.c **** *
  66:Generated_Source\PSoC5/b2_critical_timer_PM.c **** * Parameters:
  67:Generated_Source\PSoC5/b2_critical_timer_PM.c **** *  void
  68:Generated_Source\PSoC5/b2_critical_timer_PM.c **** *
  69:Generated_Source\PSoC5/b2_critical_timer_PM.c **** * Return:
  70:Generated_Source\PSoC5/b2_critical_timer_PM.c **** *  void
  71:Generated_Source\PSoC5/b2_critical_timer_PM.c **** *
  72:Generated_Source\PSoC5/b2_critical_timer_PM.c **** * Global variables:
  73:Generated_Source\PSoC5/b2_critical_timer_PM.c **** *  b2_critical_timer_backup:  Variables of this global structure are used to
  74:Generated_Source\PSoC5/b2_critical_timer_PM.c **** *  restore the values of non retention registers on wakeup from sleep mode.
  75:Generated_Source\PSoC5/b2_critical_timer_PM.c **** *
  76:Generated_Source\PSoC5/b2_critical_timer_PM.c **** *******************************************************************************/
  77:Generated_Source\PSoC5/b2_critical_timer_PM.c **** void b2_critical_timer_RestoreConfig(void) 
  78:Generated_Source\PSoC5/b2_critical_timer_PM.c **** {   
  77              		.loc 1 78 0
  78              		.cfi_startproc
  79              		@ args = 0, pretend = 0, frame = 0
  80              		@ frame_needed = 1, uses_anonymous_args = 0
  81 0000 80B5     		push	{r7, lr}
  82              		.cfi_def_cfa_offset 8
  83              		.cfi_offset 7, -8
  84              		.cfi_offset 14, -4
  85 0002 00AF     		add	r7, sp, #0
  86              		.cfi_def_cfa_register 7
  79:Generated_Source\PSoC5/b2_critical_timer_PM.c ****     #if (!b2_critical_timer_UsingFixedFunction)
  80:Generated_Source\PSoC5/b2_critical_timer_PM.c **** 
  81:Generated_Source\PSoC5/b2_critical_timer_PM.c ****         b2_critical_timer_WriteCounter(b2_critical_timer_backup.TimerUdb);
  87              		.loc 1 81 0
  88 0004 074B     		ldr	r3, .L5
  89 0006 5B88     		ldrh	r3, [r3, #2]
ARM GAS  D:\Windows\AppData\Local\Temp\ccQkzFFu.s 			page 4


  90 0008 1846     		mov	r0, r3
  91 000a FFF7FEFF 		bl	b2_critical_timer_WriteCounter
  82:Generated_Source\PSoC5/b2_critical_timer_PM.c ****         b2_critical_timer_STATUS_MASK =b2_critical_timer_backup.InterruptMaskValue;
  92              		.loc 1 82 0
  93 000e 064B     		ldr	r3, .L5+4
  94 0010 044A     		ldr	r2, .L5
  95 0012 1279     		ldrb	r2, [r2, #4]	@ zero_extendqisi2
  96 0014 1A70     		strb	r2, [r3]
  83:Generated_Source\PSoC5/b2_critical_timer_PM.c ****         #if (b2_critical_timer_UsingHWCaptureCounter)
  84:Generated_Source\PSoC5/b2_critical_timer_PM.c ****             b2_critical_timer_SetCaptureCount(b2_critical_timer_backup.TimerCaptureCounter);
  85:Generated_Source\PSoC5/b2_critical_timer_PM.c ****         #endif /* Restore Capture counter register*/
  86:Generated_Source\PSoC5/b2_critical_timer_PM.c **** 
  87:Generated_Source\PSoC5/b2_critical_timer_PM.c ****         #if(!b2_critical_timer_UDB_CONTROL_REG_REMOVED)
  88:Generated_Source\PSoC5/b2_critical_timer_PM.c ****             b2_critical_timer_WriteControlRegister(b2_critical_timer_backup.TimerControlRegister);
  97              		.loc 1 88 0
  98 0016 034B     		ldr	r3, .L5
  99 0018 5B79     		ldrb	r3, [r3, #5]	@ zero_extendqisi2
 100 001a 1846     		mov	r0, r3
 101 001c FFF7FEFF 		bl	b2_critical_timer_WriteControlRegister
  89:Generated_Source\PSoC5/b2_critical_timer_PM.c ****         #endif /* Restore the enable state of the Timer component */
  90:Generated_Source\PSoC5/b2_critical_timer_PM.c ****     #endif /* Restore non retention registers in the UDB implementation only */
  91:Generated_Source\PSoC5/b2_critical_timer_PM.c **** }
 102              		.loc 1 91 0
 103 0020 80BD     		pop	{r7, pc}
 104              	.L6:
 105 0022 00BF     		.align	2
 106              	.L5:
 107 0024 00000000 		.word	b2_critical_timer_backup
 108 0028 8B650040 		.word	1073767819
 109              		.cfi_endproc
 110              	.LFE1:
 111              		.size	b2_critical_timer_RestoreConfig, .-b2_critical_timer_RestoreConfig
 112              		.section	.text.b2_critical_timer_Sleep,"ax",%progbits
 113              		.align	2
 114              		.global	b2_critical_timer_Sleep
 115              		.thumb
 116              		.thumb_func
 117              		.type	b2_critical_timer_Sleep, %function
 118              	b2_critical_timer_Sleep:
 119              	.LFB2:
  92:Generated_Source\PSoC5/b2_critical_timer_PM.c **** 
  93:Generated_Source\PSoC5/b2_critical_timer_PM.c **** 
  94:Generated_Source\PSoC5/b2_critical_timer_PM.c **** /*******************************************************************************
  95:Generated_Source\PSoC5/b2_critical_timer_PM.c **** * Function Name: b2_critical_timer_Sleep
  96:Generated_Source\PSoC5/b2_critical_timer_PM.c **** ********************************************************************************
  97:Generated_Source\PSoC5/b2_critical_timer_PM.c **** *
  98:Generated_Source\PSoC5/b2_critical_timer_PM.c **** * Summary:
  99:Generated_Source\PSoC5/b2_critical_timer_PM.c **** *     Stop and Save the user configuration
 100:Generated_Source\PSoC5/b2_critical_timer_PM.c **** *
 101:Generated_Source\PSoC5/b2_critical_timer_PM.c **** * Parameters:
 102:Generated_Source\PSoC5/b2_critical_timer_PM.c **** *  void
 103:Generated_Source\PSoC5/b2_critical_timer_PM.c **** *
 104:Generated_Source\PSoC5/b2_critical_timer_PM.c **** * Return:
 105:Generated_Source\PSoC5/b2_critical_timer_PM.c **** *  void
 106:Generated_Source\PSoC5/b2_critical_timer_PM.c **** *
 107:Generated_Source\PSoC5/b2_critical_timer_PM.c **** * Global variables:
 108:Generated_Source\PSoC5/b2_critical_timer_PM.c **** *  b2_critical_timer_backup.TimerEnableState:  Is modified depending on the
ARM GAS  D:\Windows\AppData\Local\Temp\ccQkzFFu.s 			page 5


 109:Generated_Source\PSoC5/b2_critical_timer_PM.c **** *  enable state of the block before entering sleep mode.
 110:Generated_Source\PSoC5/b2_critical_timer_PM.c **** *
 111:Generated_Source\PSoC5/b2_critical_timer_PM.c **** *******************************************************************************/
 112:Generated_Source\PSoC5/b2_critical_timer_PM.c **** void b2_critical_timer_Sleep(void) 
 113:Generated_Source\PSoC5/b2_critical_timer_PM.c **** {
 120              		.loc 1 113 0
 121              		.cfi_startproc
 122              		@ args = 0, pretend = 0, frame = 0
 123              		@ frame_needed = 1, uses_anonymous_args = 0
 124 0000 80B5     		push	{r7, lr}
 125              		.cfi_def_cfa_offset 8
 126              		.cfi_offset 7, -8
 127              		.cfi_offset 14, -4
 128 0002 00AF     		add	r7, sp, #0
 129              		.cfi_def_cfa_register 7
 114:Generated_Source\PSoC5/b2_critical_timer_PM.c ****     #if(!b2_critical_timer_UDB_CONTROL_REG_REMOVED)
 115:Generated_Source\PSoC5/b2_critical_timer_PM.c ****         /* Save Counter's enable state */
 116:Generated_Source\PSoC5/b2_critical_timer_PM.c ****         if(b2_critical_timer_CTRL_ENABLE == (b2_critical_timer_CONTROL & b2_critical_timer_CTRL_ENA
 130              		.loc 1 116 0
 131 0004 094B     		ldr	r3, .L10
 132 0006 1B78     		ldrb	r3, [r3]
 133 0008 DBB2     		uxtb	r3, r3
 134 000a DBB2     		uxtb	r3, r3
 135 000c 5BB2     		sxtb	r3, r3
 136 000e 002B     		cmp	r3, #0
 137 0010 03DA     		bge	.L8
 117:Generated_Source\PSoC5/b2_critical_timer_PM.c ****         {
 118:Generated_Source\PSoC5/b2_critical_timer_PM.c ****             /* Timer is enabled */
 119:Generated_Source\PSoC5/b2_critical_timer_PM.c ****             b2_critical_timer_backup.TimerEnableState = 1u;
 138              		.loc 1 119 0
 139 0012 074B     		ldr	r3, .L10+4
 140 0014 0122     		movs	r2, #1
 141 0016 1A70     		strb	r2, [r3]
 142 0018 02E0     		b	.L9
 143              	.L8:
 120:Generated_Source\PSoC5/b2_critical_timer_PM.c ****         }
 121:Generated_Source\PSoC5/b2_critical_timer_PM.c ****         else
 122:Generated_Source\PSoC5/b2_critical_timer_PM.c ****         {
 123:Generated_Source\PSoC5/b2_critical_timer_PM.c ****             /* Timer is disabled */
 124:Generated_Source\PSoC5/b2_critical_timer_PM.c ****             b2_critical_timer_backup.TimerEnableState = 0u;
 144              		.loc 1 124 0
 145 001a 054B     		ldr	r3, .L10+4
 146 001c 0022     		movs	r2, #0
 147 001e 1A70     		strb	r2, [r3]
 148              	.L9:
 125:Generated_Source\PSoC5/b2_critical_timer_PM.c ****         }
 126:Generated_Source\PSoC5/b2_critical_timer_PM.c ****     #endif /* Back up enable state from the Timer control register */
 127:Generated_Source\PSoC5/b2_critical_timer_PM.c ****     b2_critical_timer_Stop();
 149              		.loc 1 127 0
 150 0020 FFF7FEFF 		bl	b2_critical_timer_Stop
 128:Generated_Source\PSoC5/b2_critical_timer_PM.c ****     b2_critical_timer_SaveConfig();
 151              		.loc 1 128 0
 152 0024 FFF7FEFF 		bl	b2_critical_timer_SaveConfig
 129:Generated_Source\PSoC5/b2_critical_timer_PM.c **** }
 153              		.loc 1 129 0
 154 0028 80BD     		pop	{r7, pc}
 155              	.L11:
ARM GAS  D:\Windows\AppData\Local\Temp\ccQkzFFu.s 			page 6


 156 002a 00BF     		.align	2
 157              	.L10:
 158 002c 7B650040 		.word	1073767803
 159 0030 00000000 		.word	b2_critical_timer_backup
 160              		.cfi_endproc
 161              	.LFE2:
 162              		.size	b2_critical_timer_Sleep, .-b2_critical_timer_Sleep
 163              		.section	.text.b2_critical_timer_Wakeup,"ax",%progbits
 164              		.align	2
 165              		.global	b2_critical_timer_Wakeup
 166              		.thumb
 167              		.thumb_func
 168              		.type	b2_critical_timer_Wakeup, %function
 169              	b2_critical_timer_Wakeup:
 170              	.LFB3:
 130:Generated_Source\PSoC5/b2_critical_timer_PM.c **** 
 131:Generated_Source\PSoC5/b2_critical_timer_PM.c **** 
 132:Generated_Source\PSoC5/b2_critical_timer_PM.c **** /*******************************************************************************
 133:Generated_Source\PSoC5/b2_critical_timer_PM.c **** * Function Name: b2_critical_timer_Wakeup
 134:Generated_Source\PSoC5/b2_critical_timer_PM.c **** ********************************************************************************
 135:Generated_Source\PSoC5/b2_critical_timer_PM.c **** *
 136:Generated_Source\PSoC5/b2_critical_timer_PM.c **** * Summary:
 137:Generated_Source\PSoC5/b2_critical_timer_PM.c **** *  Restores and enables the user configuration
 138:Generated_Source\PSoC5/b2_critical_timer_PM.c **** *
 139:Generated_Source\PSoC5/b2_critical_timer_PM.c **** * Parameters:
 140:Generated_Source\PSoC5/b2_critical_timer_PM.c **** *  void
 141:Generated_Source\PSoC5/b2_critical_timer_PM.c **** *
 142:Generated_Source\PSoC5/b2_critical_timer_PM.c **** * Return:
 143:Generated_Source\PSoC5/b2_critical_timer_PM.c **** *  void
 144:Generated_Source\PSoC5/b2_critical_timer_PM.c **** *
 145:Generated_Source\PSoC5/b2_critical_timer_PM.c **** * Global variables:
 146:Generated_Source\PSoC5/b2_critical_timer_PM.c **** *  b2_critical_timer_backup.enableState:  Is used to restore the enable state of
 147:Generated_Source\PSoC5/b2_critical_timer_PM.c **** *  block on wakeup from sleep mode.
 148:Generated_Source\PSoC5/b2_critical_timer_PM.c **** *
 149:Generated_Source\PSoC5/b2_critical_timer_PM.c **** *******************************************************************************/
 150:Generated_Source\PSoC5/b2_critical_timer_PM.c **** void b2_critical_timer_Wakeup(void) 
 151:Generated_Source\PSoC5/b2_critical_timer_PM.c **** {
 171              		.loc 1 151 0
 172              		.cfi_startproc
 173              		@ args = 0, pretend = 0, frame = 0
 174              		@ frame_needed = 1, uses_anonymous_args = 0
 175 0000 80B5     		push	{r7, lr}
 176              		.cfi_def_cfa_offset 8
 177              		.cfi_offset 7, -8
 178              		.cfi_offset 14, -4
 179 0002 00AF     		add	r7, sp, #0
 180              		.cfi_def_cfa_register 7
 152:Generated_Source\PSoC5/b2_critical_timer_PM.c ****     b2_critical_timer_RestoreConfig();
 181              		.loc 1 152 0
 182 0004 FFF7FEFF 		bl	b2_critical_timer_RestoreConfig
 153:Generated_Source\PSoC5/b2_critical_timer_PM.c ****     #if(!b2_critical_timer_UDB_CONTROL_REG_REMOVED)
 154:Generated_Source\PSoC5/b2_critical_timer_PM.c ****         if(b2_critical_timer_backup.TimerEnableState == 1u)
 183              		.loc 1 154 0
 184 0008 034B     		ldr	r3, .L14
 185 000a 1B78     		ldrb	r3, [r3]	@ zero_extendqisi2
 186 000c 012B     		cmp	r3, #1
 187 000e 01D1     		bne	.L12
ARM GAS  D:\Windows\AppData\Local\Temp\ccQkzFFu.s 			page 7


 155:Generated_Source\PSoC5/b2_critical_timer_PM.c ****         {     /* Enable Timer's operation */
 156:Generated_Source\PSoC5/b2_critical_timer_PM.c ****                 b2_critical_timer_Enable();
 188              		.loc 1 156 0
 189 0010 FFF7FEFF 		bl	b2_critical_timer_Enable
 190              	.L12:
 157:Generated_Source\PSoC5/b2_critical_timer_PM.c ****         } /* Do nothing if Timer was disabled before */
 158:Generated_Source\PSoC5/b2_critical_timer_PM.c ****     #endif /* Remove this code section if Control register is removed */
 159:Generated_Source\PSoC5/b2_critical_timer_PM.c **** }
 191              		.loc 1 159 0
 192 0014 80BD     		pop	{r7, pc}
 193              	.L15:
 194 0016 00BF     		.align	2
 195              	.L14:
 196 0018 00000000 		.word	b2_critical_timer_backup
 197              		.cfi_endproc
 198              	.LFE3:
 199              		.size	b2_critical_timer_Wakeup, .-b2_critical_timer_Wakeup
 200              		.text
 201              	.Letext0:
 202              		.file 2 "Generated_Source\\PSoC5\\cytypes.h"
 203              		.file 3 "Generated_Source\\PSoC5\\b2_critical_timer.h"
 204              		.section	.debug_info,"",%progbits
 205              	.Ldebug_info0:
 206 0000 46010000 		.4byte	0x146
 207 0004 0400     		.2byte	0x4
 208 0006 00000000 		.4byte	.Ldebug_abbrev0
 209 000a 04       		.byte	0x4
 210 000b 01       		.uleb128 0x1
 211 000c C2000000 		.4byte	.LASF25
 212 0010 01       		.byte	0x1
 213 0011 4F000000 		.4byte	.LASF26
 214 0015 F1010000 		.4byte	.LASF27
 215 0019 00000000 		.4byte	.Ldebug_ranges0+0
 216 001d 00000000 		.4byte	0
 217 0021 00000000 		.4byte	.Ldebug_line0
 218 0025 02       		.uleb128 0x2
 219 0026 01       		.byte	0x1
 220 0027 06       		.byte	0x6
 221 0028 A9010000 		.4byte	.LASF0
 222 002c 02       		.uleb128 0x2
 223 002d 01       		.byte	0x1
 224 002e 08       		.byte	0x8
 225 002f A6000000 		.4byte	.LASF1
 226 0033 02       		.uleb128 0x2
 227 0034 02       		.byte	0x2
 228 0035 05       		.byte	0x5
 229 0036 50010000 		.4byte	.LASF2
 230 003a 02       		.uleb128 0x2
 231 003b 02       		.byte	0x2
 232 003c 07       		.byte	0x7
 233 003d 96010000 		.4byte	.LASF3
 234 0041 02       		.uleb128 0x2
 235 0042 04       		.byte	0x4
 236 0043 05       		.byte	0x5
 237 0044 B9000000 		.4byte	.LASF4
 238 0048 02       		.uleb128 0x2
 239 0049 04       		.byte	0x4
ARM GAS  D:\Windows\AppData\Local\Temp\ccQkzFFu.s 			page 8


 240 004a 07       		.byte	0x7
 241 004b 26000000 		.4byte	.LASF5
 242 004f 02       		.uleb128 0x2
 243 0050 08       		.byte	0x8
 244 0051 05       		.byte	0x5
 245 0052 00000000 		.4byte	.LASF6
 246 0056 02       		.uleb128 0x2
 247 0057 08       		.byte	0x8
 248 0058 07       		.byte	0x7
 249 0059 38000000 		.4byte	.LASF7
 250 005d 03       		.uleb128 0x3
 251 005e 04       		.byte	0x4
 252 005f 05       		.byte	0x5
 253 0060 696E7400 		.ascii	"int\000"
 254 0064 02       		.uleb128 0x2
 255 0065 04       		.byte	0x4
 256 0066 07       		.byte	0x7
 257 0067 0E000000 		.4byte	.LASF8
 258 006b 04       		.uleb128 0x4
 259 006c 20000000 		.4byte	.LASF9
 260 0070 02       		.byte	0x2
 261 0071 3801     		.2byte	0x138
 262 0073 2C000000 		.4byte	0x2c
 263 0077 04       		.uleb128 0x4
 264 0078 50020000 		.4byte	.LASF10
 265 007c 02       		.byte	0x2
 266 007d 3901     		.2byte	0x139
 267 007f 3A000000 		.4byte	0x3a
 268 0083 02       		.uleb128 0x2
 269 0084 04       		.byte	0x4
 270 0085 04       		.byte	0x4
 271 0086 EB010000 		.4byte	.LASF11
 272 008a 02       		.uleb128 0x2
 273 008b 08       		.byte	0x8
 274 008c 04       		.byte	0x4
 275 008d 5A010000 		.4byte	.LASF12
 276 0091 02       		.uleb128 0x2
 277 0092 01       		.byte	0x1
 278 0093 08       		.byte	0x8
 279 0094 B4000000 		.4byte	.LASF13
 280 0098 04       		.uleb128 0x4
 281 0099 1B000000 		.4byte	.LASF14
 282 009d 02       		.byte	0x2
 283 009e E201     		.2byte	0x1e2
 284 00a0 A4000000 		.4byte	0xa4
 285 00a4 05       		.uleb128 0x5
 286 00a5 6B000000 		.4byte	0x6b
 287 00a9 02       		.uleb128 0x2
 288 00aa 04       		.byte	0x4
 289 00ab 07       		.byte	0x7
 290 00ac 6A020000 		.4byte	.LASF15
 291 00b0 06       		.uleb128 0x6
 292 00b1 06       		.byte	0x6
 293 00b2 03       		.byte	0x3
 294 00b3 43       		.byte	0x43
 295 00b4 E9000000 		.4byte	0xe9
 296 00b8 07       		.uleb128 0x7
ARM GAS  D:\Windows\AppData\Local\Temp\ccQkzFFu.s 			page 9


 297 00b9 7D000000 		.4byte	.LASF16
 298 00bd 03       		.byte	0x3
 299 00be 45       		.byte	0x45
 300 00bf 6B000000 		.4byte	0x6b
 301 00c3 00       		.byte	0
 302 00c4 07       		.uleb128 0x7
 303 00c5 47020000 		.4byte	.LASF17
 304 00c9 03       		.byte	0x3
 305 00ca 48       		.byte	0x48
 306 00cb 77000000 		.4byte	0x77
 307 00cf 02       		.byte	0x2
 308 00d0 07       		.uleb128 0x7
 309 00d1 57020000 		.4byte	.LASF18
 310 00d5 03       		.byte	0x3
 311 00d6 49       		.byte	0x49
 312 00d7 6B000000 		.4byte	0x6b
 313 00db 04       		.byte	0x4
 314 00dc 07       		.uleb128 0x7
 315 00dd 81010000 		.4byte	.LASF19
 316 00e1 03       		.byte	0x3
 317 00e2 4F       		.byte	0x4f
 318 00e3 6B000000 		.4byte	0x6b
 319 00e7 05       		.byte	0x5
 320 00e8 00       		.byte	0
 321 00e9 08       		.uleb128 0x8
 322 00ea 73020000 		.4byte	.LASF20
 323 00ee 03       		.byte	0x3
 324 00ef 53       		.byte	0x53
 325 00f0 B0000000 		.4byte	0xb0
 326 00f4 09       		.uleb128 0x9
 327 00f5 CE010000 		.4byte	.LASF21
 328 00f9 01       		.byte	0x1
 329 00fa 2B       		.byte	0x2b
 330 00fb 00000000 		.4byte	.LFB0
 331 00ff 30000000 		.4byte	.LFE0-.LFB0
 332 0103 01       		.uleb128 0x1
 333 0104 9C       		.byte	0x9c
 334 0105 09       		.uleb128 0x9
 335 0106 61010000 		.4byte	.LASF22
 336 010a 01       		.byte	0x1
 337 010b 4D       		.byte	0x4d
 338 010c 00000000 		.4byte	.LFB1
 339 0110 2C000000 		.4byte	.LFE1-.LFB1
 340 0114 01       		.uleb128 0x1
 341 0115 9C       		.byte	0x9c
 342 0116 09       		.uleb128 0x9
 343 0117 8E000000 		.4byte	.LASF23
 344 011b 01       		.byte	0x1
 345 011c 70       		.byte	0x70
 346 011d 00000000 		.4byte	.LFB2
 347 0121 34000000 		.4byte	.LFE2-.LFB2
 348 0125 01       		.uleb128 0x1
 349 0126 9C       		.byte	0x9c
 350 0127 09       		.uleb128 0x9
 351 0128 2E020000 		.4byte	.LASF24
 352 012c 01       		.byte	0x1
 353 012d 96       		.byte	0x96
ARM GAS  D:\Windows\AppData\Local\Temp\ccQkzFFu.s 			page 10


 354 012e 00000000 		.4byte	.LFB3
 355 0132 1C000000 		.4byte	.LFE3-.LFB3
 356 0136 01       		.uleb128 0x1
 357 0137 9C       		.byte	0x9c
 358 0138 0A       		.uleb128 0xa
 359 0139 B5010000 		.4byte	.LASF28
 360 013d 01       		.byte	0x1
 361 013e 15       		.byte	0x15
 362 013f E9000000 		.4byte	0xe9
 363 0143 05       		.uleb128 0x5
 364 0144 03       		.byte	0x3
 365 0145 00000000 		.4byte	b2_critical_timer_backup
 366 0149 00       		.byte	0
 367              		.section	.debug_abbrev,"",%progbits
 368              	.Ldebug_abbrev0:
 369 0000 01       		.uleb128 0x1
 370 0001 11       		.uleb128 0x11
 371 0002 01       		.byte	0x1
 372 0003 25       		.uleb128 0x25
 373 0004 0E       		.uleb128 0xe
 374 0005 13       		.uleb128 0x13
 375 0006 0B       		.uleb128 0xb
 376 0007 03       		.uleb128 0x3
 377 0008 0E       		.uleb128 0xe
 378 0009 1B       		.uleb128 0x1b
 379 000a 0E       		.uleb128 0xe
 380 000b 55       		.uleb128 0x55
 381 000c 17       		.uleb128 0x17
 382 000d 11       		.uleb128 0x11
 383 000e 01       		.uleb128 0x1
 384 000f 10       		.uleb128 0x10
 385 0010 17       		.uleb128 0x17
 386 0011 00       		.byte	0
 387 0012 00       		.byte	0
 388 0013 02       		.uleb128 0x2
 389 0014 24       		.uleb128 0x24
 390 0015 00       		.byte	0
 391 0016 0B       		.uleb128 0xb
 392 0017 0B       		.uleb128 0xb
 393 0018 3E       		.uleb128 0x3e
 394 0019 0B       		.uleb128 0xb
 395 001a 03       		.uleb128 0x3
 396 001b 0E       		.uleb128 0xe
 397 001c 00       		.byte	0
 398 001d 00       		.byte	0
 399 001e 03       		.uleb128 0x3
 400 001f 24       		.uleb128 0x24
 401 0020 00       		.byte	0
 402 0021 0B       		.uleb128 0xb
 403 0022 0B       		.uleb128 0xb
 404 0023 3E       		.uleb128 0x3e
 405 0024 0B       		.uleb128 0xb
 406 0025 03       		.uleb128 0x3
 407 0026 08       		.uleb128 0x8
 408 0027 00       		.byte	0
 409 0028 00       		.byte	0
 410 0029 04       		.uleb128 0x4
ARM GAS  D:\Windows\AppData\Local\Temp\ccQkzFFu.s 			page 11


 411 002a 16       		.uleb128 0x16
 412 002b 00       		.byte	0
 413 002c 03       		.uleb128 0x3
 414 002d 0E       		.uleb128 0xe
 415 002e 3A       		.uleb128 0x3a
 416 002f 0B       		.uleb128 0xb
 417 0030 3B       		.uleb128 0x3b
 418 0031 05       		.uleb128 0x5
 419 0032 49       		.uleb128 0x49
 420 0033 13       		.uleb128 0x13
 421 0034 00       		.byte	0
 422 0035 00       		.byte	0
 423 0036 05       		.uleb128 0x5
 424 0037 35       		.uleb128 0x35
 425 0038 00       		.byte	0
 426 0039 49       		.uleb128 0x49
 427 003a 13       		.uleb128 0x13
 428 003b 00       		.byte	0
 429 003c 00       		.byte	0
 430 003d 06       		.uleb128 0x6
 431 003e 13       		.uleb128 0x13
 432 003f 01       		.byte	0x1
 433 0040 0B       		.uleb128 0xb
 434 0041 0B       		.uleb128 0xb
 435 0042 3A       		.uleb128 0x3a
 436 0043 0B       		.uleb128 0xb
 437 0044 3B       		.uleb128 0x3b
 438 0045 0B       		.uleb128 0xb
 439 0046 01       		.uleb128 0x1
 440 0047 13       		.uleb128 0x13
 441 0048 00       		.byte	0
 442 0049 00       		.byte	0
 443 004a 07       		.uleb128 0x7
 444 004b 0D       		.uleb128 0xd
 445 004c 00       		.byte	0
 446 004d 03       		.uleb128 0x3
 447 004e 0E       		.uleb128 0xe
 448 004f 3A       		.uleb128 0x3a
 449 0050 0B       		.uleb128 0xb
 450 0051 3B       		.uleb128 0x3b
 451 0052 0B       		.uleb128 0xb
 452 0053 49       		.uleb128 0x49
 453 0054 13       		.uleb128 0x13
 454 0055 38       		.uleb128 0x38
 455 0056 0B       		.uleb128 0xb
 456 0057 00       		.byte	0
 457 0058 00       		.byte	0
 458 0059 08       		.uleb128 0x8
 459 005a 16       		.uleb128 0x16
 460 005b 00       		.byte	0
 461 005c 03       		.uleb128 0x3
 462 005d 0E       		.uleb128 0xe
 463 005e 3A       		.uleb128 0x3a
 464 005f 0B       		.uleb128 0xb
 465 0060 3B       		.uleb128 0x3b
 466 0061 0B       		.uleb128 0xb
 467 0062 49       		.uleb128 0x49
ARM GAS  D:\Windows\AppData\Local\Temp\ccQkzFFu.s 			page 12


 468 0063 13       		.uleb128 0x13
 469 0064 00       		.byte	0
 470 0065 00       		.byte	0
 471 0066 09       		.uleb128 0x9
 472 0067 2E       		.uleb128 0x2e
 473 0068 00       		.byte	0
 474 0069 3F       		.uleb128 0x3f
 475 006a 19       		.uleb128 0x19
 476 006b 03       		.uleb128 0x3
 477 006c 0E       		.uleb128 0xe
 478 006d 3A       		.uleb128 0x3a
 479 006e 0B       		.uleb128 0xb
 480 006f 3B       		.uleb128 0x3b
 481 0070 0B       		.uleb128 0xb
 482 0071 27       		.uleb128 0x27
 483 0072 19       		.uleb128 0x19
 484 0073 11       		.uleb128 0x11
 485 0074 01       		.uleb128 0x1
 486 0075 12       		.uleb128 0x12
 487 0076 06       		.uleb128 0x6
 488 0077 40       		.uleb128 0x40
 489 0078 18       		.uleb128 0x18
 490 0079 9642     		.uleb128 0x2116
 491 007b 19       		.uleb128 0x19
 492 007c 00       		.byte	0
 493 007d 00       		.byte	0
 494 007e 0A       		.uleb128 0xa
 495 007f 34       		.uleb128 0x34
 496 0080 00       		.byte	0
 497 0081 03       		.uleb128 0x3
 498 0082 0E       		.uleb128 0xe
 499 0083 3A       		.uleb128 0x3a
 500 0084 0B       		.uleb128 0xb
 501 0085 3B       		.uleb128 0x3b
 502 0086 0B       		.uleb128 0xb
 503 0087 49       		.uleb128 0x49
 504 0088 13       		.uleb128 0x13
 505 0089 02       		.uleb128 0x2
 506 008a 18       		.uleb128 0x18
 507 008b 00       		.byte	0
 508 008c 00       		.byte	0
 509 008d 00       		.byte	0
 510              		.section	.debug_aranges,"",%progbits
 511 0000 34000000 		.4byte	0x34
 512 0004 0200     		.2byte	0x2
 513 0006 00000000 		.4byte	.Ldebug_info0
 514 000a 04       		.byte	0x4
 515 000b 00       		.byte	0
 516 000c 0000     		.2byte	0
 517 000e 0000     		.2byte	0
 518 0010 00000000 		.4byte	.LFB0
 519 0014 30000000 		.4byte	.LFE0-.LFB0
 520 0018 00000000 		.4byte	.LFB1
 521 001c 2C000000 		.4byte	.LFE1-.LFB1
 522 0020 00000000 		.4byte	.LFB2
 523 0024 34000000 		.4byte	.LFE2-.LFB2
 524 0028 00000000 		.4byte	.LFB3
ARM GAS  D:\Windows\AppData\Local\Temp\ccQkzFFu.s 			page 13


 525 002c 1C000000 		.4byte	.LFE3-.LFB3
 526 0030 00000000 		.4byte	0
 527 0034 00000000 		.4byte	0
 528              		.section	.debug_ranges,"",%progbits
 529              	.Ldebug_ranges0:
 530 0000 00000000 		.4byte	.LFB0
 531 0004 30000000 		.4byte	.LFE0
 532 0008 00000000 		.4byte	.LFB1
 533 000c 2C000000 		.4byte	.LFE1
 534 0010 00000000 		.4byte	.LFB2
 535 0014 34000000 		.4byte	.LFE2
 536 0018 00000000 		.4byte	.LFB3
 537 001c 1C000000 		.4byte	.LFE3
 538 0020 00000000 		.4byte	0
 539 0024 00000000 		.4byte	0
 540              		.section	.debug_line,"",%progbits
 541              	.Ldebug_line0:
 542 0000 BF000000 		.section	.debug_str,"MS",%progbits,1
 542      02006800 
 542      00000201 
 542      FB0E0D00 
 542      01010101 
 543              	.LASF6:
 544 0000 6C6F6E67 		.ascii	"long long int\000"
 544      206C6F6E 
 544      6720696E 
 544      7400
 545              	.LASF8:
 546 000e 756E7369 		.ascii	"unsigned int\000"
 546      676E6564 
 546      20696E74 
 546      00
 547              	.LASF14:
 548 001b 72656738 		.ascii	"reg8\000"
 548      00
 549              	.LASF9:
 550 0020 75696E74 		.ascii	"uint8\000"
 550      3800
 551              	.LASF5:
 552 0026 6C6F6E67 		.ascii	"long unsigned int\000"
 552      20756E73 
 552      69676E65 
 552      6420696E 
 552      7400
 553              	.LASF7:
 554 0038 6C6F6E67 		.ascii	"long long unsigned int\000"
 554      206C6F6E 
 554      6720756E 
 554      7369676E 
 554      65642069 
 555              	.LASF26:
 556 004f 47656E65 		.ascii	"Generated_Source\\PSoC5\\b2_critical_timer_PM.c\000"
 556      72617465 
 556      645F536F 
 556      75726365 
 556      5C50536F 
 557              	.LASF16:
ARM GAS  D:\Windows\AppData\Local\Temp\ccQkzFFu.s 			page 14


 558 007d 54696D65 		.ascii	"TimerEnableState\000"
 558      72456E61 
 558      626C6553 
 558      74617465 
 558      00
 559              	.LASF23:
 560 008e 62325F63 		.ascii	"b2_critical_timer_Sleep\000"
 560      72697469 
 560      63616C5F 
 560      74696D65 
 560      725F536C 
 561              	.LASF1:
 562 00a6 756E7369 		.ascii	"unsigned char\000"
 562      676E6564 
 562      20636861 
 562      7200
 563              	.LASF13:
 564 00b4 63686172 		.ascii	"char\000"
 564      00
 565              	.LASF4:
 566 00b9 6C6F6E67 		.ascii	"long int\000"
 566      20696E74 
 566      00
 567              	.LASF25:
 568 00c2 474E5520 		.ascii	"GNU C 4.9.3 20150303 (release) [ARM/embedded-4_9-br"
 568      4320342E 
 568      392E3320 
 568      32303135 
 568      30333033 
 569 00f5 616E6368 		.ascii	"anch revision 221220] -mcpu=cortex-m3 -mthumb -g -O"
 569      20726576 
 569      6973696F 
 569      6E203232 
 569      31323230 
 570 0128 30202D66 		.ascii	"0 -ffunction-sections -ffat-lto-objects\000"
 570      66756E63 
 570      74696F6E 
 570      2D736563 
 570      74696F6E 
 571              	.LASF2:
 572 0150 73686F72 		.ascii	"short int\000"
 572      7420696E 
 572      7400
 573              	.LASF12:
 574 015a 646F7562 		.ascii	"double\000"
 574      6C6500
 575              	.LASF22:
 576 0161 62325F63 		.ascii	"b2_critical_timer_RestoreConfig\000"
 576      72697469 
 576      63616C5F 
 576      74696D65 
 576      725F5265 
 577              	.LASF19:
 578 0181 54696D65 		.ascii	"TimerControlRegister\000"
 578      72436F6E 
 578      74726F6C 
 578      52656769 
ARM GAS  D:\Windows\AppData\Local\Temp\ccQkzFFu.s 			page 15


 578      73746572 
 579              	.LASF3:
 580 0196 73686F72 		.ascii	"short unsigned int\000"
 580      7420756E 
 580      7369676E 
 580      65642069 
 580      6E7400
 581              	.LASF0:
 582 01a9 7369676E 		.ascii	"signed char\000"
 582      65642063 
 582      68617200 
 583              	.LASF28:
 584 01b5 62325F63 		.ascii	"b2_critical_timer_backup\000"
 584      72697469 
 584      63616C5F 
 584      74696D65 
 584      725F6261 
 585              	.LASF21:
 586 01ce 62325F63 		.ascii	"b2_critical_timer_SaveConfig\000"
 586      72697469 
 586      63616C5F 
 586      74696D65 
 586      725F5361 
 587              	.LASF11:
 588 01eb 666C6F61 		.ascii	"float\000"
 588      7400
 589              	.LASF27:
 590 01f1 443A5C44 		.ascii	"D:\\Downloads\\FRUCD\\Node-Jaguar\\Node-Jaguar\\Nod"
 590      6F776E6C 
 590      6F616473 
 590      5C465255 
 590      43445C4E 
 591 021f 652D4A61 		.ascii	"e-Jaguar.cydsn\000"
 591      67756172 
 591      2E637964 
 591      736E00
 592              	.LASF24:
 593 022e 62325F63 		.ascii	"b2_critical_timer_Wakeup\000"
 593      72697469 
 593      63616C5F 
 593      74696D65 
 593      725F5761 
 594              	.LASF17:
 595 0247 54696D65 		.ascii	"TimerUdb\000"
 595      72556462 
 595      00
 596              	.LASF10:
 597 0250 75696E74 		.ascii	"uint16\000"
 597      313600
 598              	.LASF18:
 599 0257 496E7465 		.ascii	"InterruptMaskValue\000"
 599      72727570 
 599      744D6173 
 599      6B56616C 
 599      756500
 600              	.LASF15:
 601 026a 73697A65 		.ascii	"sizetype\000"
ARM GAS  D:\Windows\AppData\Local\Temp\ccQkzFFu.s 			page 16


 601      74797065 
 601      00
 602              	.LASF20:
 603 0273 62325F63 		.ascii	"b2_critical_timer_backupStruct\000"
 603      72697469 
 603      63616C5F 
 603      74696D65 
 603      725F6261 
 604              		.ident	"GCC: (GNU Tools for ARM Embedded Processors) 4.9.3 20150303 (release) [ARM/embedded-4_9-br
