--------------- Build Started: 06/19/2017 15:39:56 Project: Node-Jaguar, Configuration: ARM GCC 4.9-2015-q1-update Debug ---------------
cydsfit.exe -.appdatapath "C:\Users\DFM\AppData\Local\Cypress Semiconductor\PSoC Creator\4.0" -.fdsnotice -.fdswarpdepfile=warp_dependencies.txt -.fdselabdepfile=elab_dependencies.txt -.fdsbldfile=generated_files.txt -.fdsreffile=referenced_files.txt -p D:\Downloads\FRUCD\Node-Jaguar\Node-Jaguar\Node-Jaguar.cydsn\Node-Jaguar.cyprj -d CY8C5868AXI-LP035 -s D:\Downloads\FRUCD\Node-Jaguar\Node-Jaguar\Node-Jaguar.cydsn\Generated_Source\PSoC5 -- -yv2 -q10 -ygs -o2 -v3 -.fftcfgtype=LE
Elaborating Design...
HDL Generation...
Synthesis...
Tech Mapping...
Analog Placement...
Analog Routing...
Analog Code Generation...
Digital Placement...
Digital Routing...
Bitstream Generation...
Bitstream Verification...
Static timing analysis...
API Generation...
Dependency Generation...
Cleanup...
arm-none-eabi-gcc.exe -mcpu=cortex-m3 -mthumb -I. -IGenerated_Source\PSoC5 -Wa,-alh=.\CortexM3\ARM_GCC_493\Debug/cyfitter_cfg.lst -g -D DEBUG -Wall -ffunction-sections -Og -ffat-lto-objects -c Generated_Source\PSoC5\cyfitter_cfg.c -o .\CortexM3\ARM_GCC_493\Debug\cyfitter_cfg.o
arm-none-eabi-ar.exe -rs .\CortexM3\ARM_GCC_493\Debug\Node-Jaguar.a .\CortexM3\ARM_GCC_493\Debug\cyfitter_cfg.o .\CortexM3\ARM_GCC_493\Debug\RX.o .\CortexM3\ARM_GCC_493\Debug\TX.o .\CortexM3\ARM_GCC_493\Debug\CAN.o .\CortexM3\ARM_GCC_493\Debug\CAN_INT.o .\CortexM3\ARM_GCC_493\Debug\CAN_PM.o .\CortexM3\ARM_GCC_493\Debug\CAN_TX_RX_func.o .\CortexM3\ARM_GCC_493\Debug\CyDmac.o .\CortexM3\ARM_GCC_493\Debug\CyFlash.o .\CortexM3\ARM_GCC_493\Debug\CyLib.o .\CortexM3\ARM_GCC_493\Debug\cyPm.o .\CortexM3\ARM_GCC_493\Debug\CySpc.o .\CortexM3\ARM_GCC_493\Debug\cyutils.o .\CortexM3\ARM_GCC_493\Debug\LED.o .\CortexM3\ARM_GCC_493\Debug\Buzzer.o .\CortexM3\ARM_GCC_493\Debug\HV.o .\CortexM3\ARM_GCC_493\Debug\Drive.o .\CortexM3\ARM_GCC_493\Debug\RGB3_1.o .\CortexM3\ARM_GCC_493\Debug\RGB2_1.o .\CortexM3\ARM_GCC_493\Debug\RGB1_1.o .\CortexM3\ARM_GCC_493\Debug\CAN_Timer.o .\CortexM3\ARM_GCC_493\Debug\CAN_Timer_PM.o .\CortexM3\ARM_GCC_493\Debug\isr_can.o .\CortexM3\ARM_GCC_493\Debug\Node_Timer.o .\CortexM3\ARM_GCC_493\Debug\Node_Timer_PM.o .\CortexM3\ARM_GCC_493\Debug\isr_nodeok.o .\CortexM3\ARM_GCC_493\Debug\timer_clk.o .\CortexM3\ARM_GCC_493\Debug\SDA_1.o .\CortexM3\ARM_GCC_493\Debug\SCL_1.o .\CortexM3\ARM_GCC_493\Debug\Clock_1.o .\CortexM3\ARM_GCC_493\Debug\RST_1.o .\CortexM3\ARM_GCC_493\Debug\LED_Driver1.o .\CortexM3\ARM_GCC_493\Debug\LED_Driver1_BOOT.o .\CortexM3\ARM_GCC_493\Debug\LED_Driver1_INT.o .\CortexM3\ARM_GCC_493\Debug\LED_Driver1_PM.o .\CortexM3\ARM_GCC_493\Debug\LED_Driver1_SLAVE.o .\CortexM3\ARM_GCC_493\Debug\LED_Driver1_MASTER.o .\CortexM3\ARM_GCC_493\Debug\SDA_2.o .\CortexM3\ARM_GCC_493\Debug\SCL_2.o .\CortexM3\ARM_GCC_493\Debug\Clock_2.o .\CortexM3\ARM_GCC_493\Debug\RST_2.o .\CortexM3\ARM_GCC_493\Debug\LED_Driver2.o .\CortexM3\ARM_GCC_493\Debug\LED_Driver2_BOOT.o .\CortexM3\ARM_GCC_493\Debug\LED_Driver2_INT.o .\CortexM3\ARM_GCC_493\Debug\LED_Driver2_PM.o .\CortexM3\ARM_GCC_493\Debug\LED_Driver2_SLAVE.o .\CortexM3\ARM_GCC_493\Debug\LED_Driver2_MASTER.o .\CortexM3\ARM_GCC_493\Debug\b1_critical_timer.o .\CortexM3\ARM_GCC_493\Debug\b1_critical_timer_PM.o .\CortexM3\ARM_GCC_493\Debug\b1_crit_int.o .\CortexM3\ARM_GCC_493\Debug\b2_critical_timer.o .\CortexM3\ARM_GCC_493\Debug\b2_critical_timer_PM.o .\CortexM3\ARM_GCC_493\Debug\b2_crit_int.o .\CortexM3\ARM_GCC_493\Debug\b3_critical_timer.o .\CortexM3\ARM_GCC_493\Debug\b3_critical_timer_PM.o .\CortexM3\ARM_GCC_493\Debug\b3_crit_int.o .\CortexM3\ARM_GCC_493\Debug\c1_critical_timer.o .\CortexM3\ARM_GCC_493\Debug\c1_critical_timer_PM.o .\CortexM3\ARM_GCC_493\Debug\c1_crit_int.o .\CortexM3\ARM_GCC_493\Debug\CyBootAsmGnu.o
arm-none-eabi-ar.exe: creating .\CortexM3\ARM_GCC_493\Debug\Node-Jaguar.a
arm-none-eabi-gcc.exe -Wl,--start-group -o .\CortexM3\ARM_GCC_493\Debug\Node-Jaguar.elf .\CortexM3\ARM_GCC_493\Debug\main.o .\CortexM3\ARM_GCC_493\Debug\can_manga.o .\CortexM3\ARM_GCC_493\Debug\led_manager.o .\CortexM3\ARM_GCC_493\Debug\cymetadata.o .\CortexM3\ARM_GCC_493\Debug\Cm3Start.o .\CortexM3\ARM_GCC_493\Debug\Node-Jaguar.a "D:\Programming\Cypress\PSoC Creator\4.0\PSoC Creator\psoc\content\cycomponentlibrary\CyComponentLibrary.cylib\CortexM3\ARM_GCC_493\Debug\CyComponentLibrary.a" -mcpu=cortex-m3 -mthumb -g -ffunction-sections -Og -ffat-lto-objects -L Generated_Source\PSoC5 -Wl,-Map,.\CortexM3\ARM_GCC_493\Debug/Node-Jaguar.map -T D:\Downloads\FRUCD\Node-Jaguar\Node-Jaguar\Node-Jaguar.cydsn\Generated_Source\PSoC5\cm3gcc.ld -specs=nano.specs -Wl,--gc-sections -Wl,--end-group
cyelftool.exe -C D:\Downloads\FRUCD\Node-Jaguar\Node-Jaguar\Node-Jaguar.cydsn\CortexM3\ARM_GCC_493\Debug\Node-Jaguar.elf --flash_row_size 256 --flash_size 262144
cyelftool.exe -S D:\Downloads\FRUCD\Node-Jaguar\Node-Jaguar\Node-Jaguar.cydsn\CortexM3\ARM_GCC_493\Debug\Node-Jaguar.elf
Flash used: 8046 of 262144 bytes (3.1 %).
SRAM used: 2557 of 65536 bytes (3.9 %). Stack: 2048 bytes. Heap: 128 bytes.
--------------- Build Succeeded: 06/19/2017 15:40:42 ---------------
