ARM GAS  D:\Windows\AppData\Local\Temp\ccQJMisG.s 			page 1


   1              		.syntax unified
   2              		.cpu cortex-m3
   3              		.fpu softvfp
   4              		.eabi_attribute 20, 1
   5              		.eabi_attribute 21, 1
   6              		.eabi_attribute 23, 3
   7              		.eabi_attribute 24, 1
   8              		.eabi_attribute 25, 1
   9              		.eabi_attribute 26, 1
  10              		.eabi_attribute 30, 1
  11              		.eabi_attribute 34, 1
  12              		.eabi_attribute 18, 4
  13              		.thumb
  14              		.file	"CAN_PM.c"
  15              		.text
  16              	.Ltext0:
  17              		.cfi_sections	.debug_frame
  18              		.section	.text.CAN_SaveConfig,"ax",%progbits
  19              		.align	2
  20              		.global	CAN_SaveConfig
  21              		.thumb
  22              		.thumb_func
  23              		.type	CAN_SaveConfig, %function
  24              	CAN_SaveConfig:
  25              	.LFB0:
  26              		.file 1 "Generated_Source\\PSoC5\\CAN_PM.c"
   1:Generated_Source\PSoC5/CAN_PM.c **** /*******************************************************************************
   2:Generated_Source\PSoC5/CAN_PM.c **** * File Name: CAN_PM.c
   3:Generated_Source\PSoC5/CAN_PM.c **** * Version 3.0
   4:Generated_Source\PSoC5/CAN_PM.c **** *
   5:Generated_Source\PSoC5/CAN_PM.c **** * Description:
   6:Generated_Source\PSoC5/CAN_PM.c **** *  This file contains the setup, control and status commands to support
   7:Generated_Source\PSoC5/CAN_PM.c **** *  component operations in the low power mode.
   8:Generated_Source\PSoC5/CAN_PM.c **** *
   9:Generated_Source\PSoC5/CAN_PM.c **** * Note:
  10:Generated_Source\PSoC5/CAN_PM.c **** *
  11:Generated_Source\PSoC5/CAN_PM.c **** ********************************************************************************
  12:Generated_Source\PSoC5/CAN_PM.c **** * Copyright 2008-2015, Cypress Semiconductor Corporation.  All rights reserved.
  13:Generated_Source\PSoC5/CAN_PM.c **** * You may use this file only in accordance with the license, terms, conditions,
  14:Generated_Source\PSoC5/CAN_PM.c **** * disclaimers, and limitations in the end user license agreement accompanying
  15:Generated_Source\PSoC5/CAN_PM.c **** * the software package with which this file was provided.
  16:Generated_Source\PSoC5/CAN_PM.c **** *******************************************************************************/
  17:Generated_Source\PSoC5/CAN_PM.c **** 
  18:Generated_Source\PSoC5/CAN_PM.c **** #include "CAN.h"
  19:Generated_Source\PSoC5/CAN_PM.c **** 
  20:Generated_Source\PSoC5/CAN_PM.c **** static CAN_BACKUP_STRUCT CAN_backup =
  21:Generated_Source\PSoC5/CAN_PM.c **** {
  22:Generated_Source\PSoC5/CAN_PM.c ****     0u,
  23:Generated_Source\PSoC5/CAN_PM.c ****     #if (CY_PSOC3 || CY_PSOC5)
  24:Generated_Source\PSoC5/CAN_PM.c ****         0u,
  25:Generated_Source\PSoC5/CAN_PM.c ****         CAN_INIT_INTERRUPT_MASK,
  26:Generated_Source\PSoC5/CAN_PM.c ****         CAN_MODE_MASK,
  27:Generated_Source\PSoC5/CAN_PM.c ****         (((uint32) ((uint32) CAN_SYNC_EDGE    << CAN_EDGE_MODE_SHIFT))     |
  28:Generated_Source\PSoC5/CAN_PM.c ****         ((uint32) ((uint32) CAN_SAMPLING_MODE << CAN_SAMPLE_MODE_SHIFT))   |
  29:Generated_Source\PSoC5/CAN_PM.c ****         ((uint32) ((uint32) CAN_CFG_REG_SJW   << CAN_CFG_REG_SJW_SHIFT))   |
  30:Generated_Source\PSoC5/CAN_PM.c ****         ((uint32) ((uint32) CAN_RESET_TYPE    << CAN_RESET_SHIFT))         |
  31:Generated_Source\PSoC5/CAN_PM.c ****         ((uint32) ((uint32) CAN_CFG_REG_TSEG2 << CAN_CFG_REG_TSEG2_SHIFT)) |
ARM GAS  D:\Windows\AppData\Local\Temp\ccQJMisG.s 			page 2


  32:Generated_Source\PSoC5/CAN_PM.c ****         ((uint32) ((uint32) CAN_CFG_REG_TSEG1 << CAN_CFG_REG_TSEG1_SHIFT)) |
  33:Generated_Source\PSoC5/CAN_PM.c ****         ((uint32) ((uint32) CAN_ARBITER       << CAN_ARBITER_SHIFT))       |
  34:Generated_Source\PSoC5/CAN_PM.c ****         ((uint32) ((uint32) CAN_BITRATE       << CAN_BITRATE_SHIFT)))
  35:Generated_Source\PSoC5/CAN_PM.c ****     #endif /* CY_PSOC3 || CY_PSOC5 */
  36:Generated_Source\PSoC5/CAN_PM.c **** };
  37:Generated_Source\PSoC5/CAN_PM.c **** 
  38:Generated_Source\PSoC5/CAN_PM.c **** 
  39:Generated_Source\PSoC5/CAN_PM.c **** /*******************************************************************************
  40:Generated_Source\PSoC5/CAN_PM.c **** * Function Name: CAN_SaveConfig
  41:Generated_Source\PSoC5/CAN_PM.c **** ********************************************************************************
  42:Generated_Source\PSoC5/CAN_PM.c **** *
  43:Generated_Source\PSoC5/CAN_PM.c **** * Summary:
  44:Generated_Source\PSoC5/CAN_PM.c **** *  Save the CAN configuration.
  45:Generated_Source\PSoC5/CAN_PM.c **** *
  46:Generated_Source\PSoC5/CAN_PM.c **** * Parameters:
  47:Generated_Source\PSoC5/CAN_PM.c **** *  None.
  48:Generated_Source\PSoC5/CAN_PM.c **** *
  49:Generated_Source\PSoC5/CAN_PM.c **** * Return:
  50:Generated_Source\PSoC5/CAN_PM.c **** *  None.
  51:Generated_Source\PSoC5/CAN_PM.c **** *
  52:Generated_Source\PSoC5/CAN_PM.c **** * Global Variables:
  53:Generated_Source\PSoC5/CAN_PM.c **** *  CAN_backup - Modified when non-retention registers are saved.
  54:Generated_Source\PSoC5/CAN_PM.c **** *
  55:Generated_Source\PSoC5/CAN_PM.c **** * Reentrant:
  56:Generated_Source\PSoC5/CAN_PM.c **** *  No.
  57:Generated_Source\PSoC5/CAN_PM.c **** *
  58:Generated_Source\PSoC5/CAN_PM.c **** *******************************************************************************/
  59:Generated_Source\PSoC5/CAN_PM.c **** void CAN_SaveConfig(void) 
  60:Generated_Source\PSoC5/CAN_PM.c **** {
  27              		.loc 1 60 0
  28              		.cfi_startproc
  29              		@ args = 0, pretend = 0, frame = 0
  30              		@ frame_needed = 0, uses_anonymous_args = 0
  31              		@ link register save eliminated.
  61:Generated_Source\PSoC5/CAN_PM.c ****     #if (CY_PSOC3 || CY_PSOC5)
  62:Generated_Source\PSoC5/CAN_PM.c ****         CAN_backup.intSr = (CY_GET_REG32(CAN_INT_SR_PTR));
  32              		.loc 1 62 0
  33 0000 064B     		ldr	r3, .L2
  34 0002 1A68     		ldr	r2, [r3]
  35 0004 064B     		ldr	r3, .L2+4
  36 0006 5A60     		str	r2, [r3, #4]
  63:Generated_Source\PSoC5/CAN_PM.c ****         CAN_backup.intEn = (CY_GET_REG32(CAN_INT_EN_PTR));
  37              		.loc 1 63 0
  38 0008 064A     		ldr	r2, .L2+8
  39 000a 1268     		ldr	r2, [r2]
  40 000c 9A60     		str	r2, [r3, #8]
  64:Generated_Source\PSoC5/CAN_PM.c ****         CAN_backup.cmd = (CY_GET_REG32(CAN_CMD_PTR));
  41              		.loc 1 64 0
  42 000e 064A     		ldr	r2, .L2+12
  43 0010 1268     		ldr	r2, [r2]
  44 0012 DA60     		str	r2, [r3, #12]
  65:Generated_Source\PSoC5/CAN_PM.c ****         CAN_backup.cfg = (CY_GET_REG32(CAN_CFG_PTR));
  45              		.loc 1 65 0
  46 0014 054A     		ldr	r2, .L2+16
  47 0016 1268     		ldr	r2, [r2]
  48 0018 1A61     		str	r2, [r3, #16]
  49 001a 7047     		bx	lr
ARM GAS  D:\Windows\AppData\Local\Temp\ccQJMisG.s 			page 3


  50              	.L3:
  51              		.align	2
  52              	.L2:
  53 001c 00A00040 		.word	1073782784
  54 0020 00000000 		.word	.LANCHOR0
  55 0024 04A00040 		.word	1073782788
  56 0028 10A00040 		.word	1073782800
  57 002c 14A00040 		.word	1073782804
  58              		.cfi_endproc
  59              	.LFE0:
  60              		.size	CAN_SaveConfig, .-CAN_SaveConfig
  61              		.section	.text.CAN_RestoreConfig,"ax",%progbits
  62              		.align	2
  63              		.global	CAN_RestoreConfig
  64              		.thumb
  65              		.thumb_func
  66              		.type	CAN_RestoreConfig, %function
  67              	CAN_RestoreConfig:
  68              	.LFB1:
  66:Generated_Source\PSoC5/CAN_PM.c ****     #endif /* CY_PSOC3 || CY_PSOC5 */
  67:Generated_Source\PSoC5/CAN_PM.c **** }
  68:Generated_Source\PSoC5/CAN_PM.c **** 
  69:Generated_Source\PSoC5/CAN_PM.c **** 
  70:Generated_Source\PSoC5/CAN_PM.c **** /*******************************************************************************
  71:Generated_Source\PSoC5/CAN_PM.c **** * Function Name: CAN_RestoreConfig
  72:Generated_Source\PSoC5/CAN_PM.c **** ********************************************************************************
  73:Generated_Source\PSoC5/CAN_PM.c **** *
  74:Generated_Source\PSoC5/CAN_PM.c **** * Summary:
  75:Generated_Source\PSoC5/CAN_PM.c **** *  Restore the CAN configuration.
  76:Generated_Source\PSoC5/CAN_PM.c **** *
  77:Generated_Source\PSoC5/CAN_PM.c **** * Parameters:
  78:Generated_Source\PSoC5/CAN_PM.c **** *  None.
  79:Generated_Source\PSoC5/CAN_PM.c **** *
  80:Generated_Source\PSoC5/CAN_PM.c **** * Return:
  81:Generated_Source\PSoC5/CAN_PM.c **** *  None.
  82:Generated_Source\PSoC5/CAN_PM.c **** *
  83:Generated_Source\PSoC5/CAN_PM.c **** * Global Variables:
  84:Generated_Source\PSoC5/CAN_PM.c **** *  CAN_backup - Used when non-retention registers are restored.
  85:Generated_Source\PSoC5/CAN_PM.c **** *
  86:Generated_Source\PSoC5/CAN_PM.c **** * Side Effects:
  87:Generated_Source\PSoC5/CAN_PM.c **** *  If this API is called without first calling SaveConfig then default values
  88:Generated_Source\PSoC5/CAN_PM.c **** *  from Customizer will be in the following registers: CAN_INT_SR,
  89:Generated_Source\PSoC5/CAN_PM.c **** *  CAN_INT_EN, CAN_CMD, CAN_CFG.
  90:Generated_Source\PSoC5/CAN_PM.c **** *
  91:Generated_Source\PSoC5/CAN_PM.c **** *******************************************************************************/
  92:Generated_Source\PSoC5/CAN_PM.c **** void CAN_RestoreConfig(void) 
  93:Generated_Source\PSoC5/CAN_PM.c **** {
  69              		.loc 1 93 0
  70              		.cfi_startproc
  71              		@ args = 0, pretend = 0, frame = 0
  72              		@ frame_needed = 0, uses_anonymous_args = 0
  73              		@ link register save eliminated.
  94:Generated_Source\PSoC5/CAN_PM.c ****     #if (CY_PSOC3 || CY_PSOC5)
  95:Generated_Source\PSoC5/CAN_PM.c ****         CY_SET_REG32(CAN_INT_SR_PTR, CAN_backup.intSr);
  74              		.loc 1 95 0
  75 0000 064B     		ldr	r3, .L5
  76 0002 5968     		ldr	r1, [r3, #4]
ARM GAS  D:\Windows\AppData\Local\Temp\ccQJMisG.s 			page 4


  77 0004 064A     		ldr	r2, .L5+4
  78 0006 1160     		str	r1, [r2]
  96:Generated_Source\PSoC5/CAN_PM.c ****         CY_SET_REG32(CAN_INT_EN_PTR, CAN_backup.intEn);
  79              		.loc 1 96 0
  80 0008 9968     		ldr	r1, [r3, #8]
  81 000a 0432     		adds	r2, r2, #4
  82 000c 1160     		str	r1, [r2]
  97:Generated_Source\PSoC5/CAN_PM.c ****         CY_SET_REG32(CAN_CMD_PTR, CAN_backup.cmd);
  83              		.loc 1 97 0
  84 000e D968     		ldr	r1, [r3, #12]
  85 0010 0C32     		adds	r2, r2, #12
  86 0012 1160     		str	r1, [r2]
  98:Generated_Source\PSoC5/CAN_PM.c ****         CY_SET_REG32(CAN_CFG_PTR, CAN_backup.cfg);
  87              		.loc 1 98 0
  88 0014 1A69     		ldr	r2, [r3, #16]
  89 0016 034B     		ldr	r3, .L5+8
  90 0018 1A60     		str	r2, [r3]
  91 001a 7047     		bx	lr
  92              	.L6:
  93              		.align	2
  94              	.L5:
  95 001c 00000000 		.word	.LANCHOR0
  96 0020 00A00040 		.word	1073782784
  97 0024 14A00040 		.word	1073782804
  98              		.cfi_endproc
  99              	.LFE1:
 100              		.size	CAN_RestoreConfig, .-CAN_RestoreConfig
 101              		.section	.text.CAN_Sleep,"ax",%progbits
 102              		.align	2
 103              		.global	CAN_Sleep
 104              		.thumb
 105              		.thumb_func
 106              		.type	CAN_Sleep, %function
 107              	CAN_Sleep:
 108              	.LFB2:
  99:Generated_Source\PSoC5/CAN_PM.c ****     #endif /* CY_PSOC3 || CY_PSOC5 */
 100:Generated_Source\PSoC5/CAN_PM.c **** }
 101:Generated_Source\PSoC5/CAN_PM.c **** 
 102:Generated_Source\PSoC5/CAN_PM.c **** 
 103:Generated_Source\PSoC5/CAN_PM.c **** /*******************************************************************************
 104:Generated_Source\PSoC5/CAN_PM.c **** * Function Name: CAN_Sleep
 105:Generated_Source\PSoC5/CAN_PM.c **** ********************************************************************************
 106:Generated_Source\PSoC5/CAN_PM.c **** *
 107:Generated_Source\PSoC5/CAN_PM.c **** * Summary:
 108:Generated_Source\PSoC5/CAN_PM.c **** *  Prepares CAN Component to go to sleep.
 109:Generated_Source\PSoC5/CAN_PM.c **** *
 110:Generated_Source\PSoC5/CAN_PM.c **** * Parameters:
 111:Generated_Source\PSoC5/CAN_PM.c **** *  None.
 112:Generated_Source\PSoC5/CAN_PM.c **** *
 113:Generated_Source\PSoC5/CAN_PM.c **** * Return:
 114:Generated_Source\PSoC5/CAN_PM.c **** *  None.
 115:Generated_Source\PSoC5/CAN_PM.c **** *
 116:Generated_Source\PSoC5/CAN_PM.c **** * Global Variables:
 117:Generated_Source\PSoC5/CAN_PM.c **** *  CAN_backup - Modified when non-retention registers are saved.
 118:Generated_Source\PSoC5/CAN_PM.c **** *
 119:Generated_Source\PSoC5/CAN_PM.c **** * Reentrant:
 120:Generated_Source\PSoC5/CAN_PM.c **** *  No.
ARM GAS  D:\Windows\AppData\Local\Temp\ccQJMisG.s 			page 5


 121:Generated_Source\PSoC5/CAN_PM.c **** *
 122:Generated_Source\PSoC5/CAN_PM.c **** *******************************************************************************/
 123:Generated_Source\PSoC5/CAN_PM.c **** void CAN_Sleep(void) 
 124:Generated_Source\PSoC5/CAN_PM.c **** {
 109              		.loc 1 124 0
 110              		.cfi_startproc
 111              		@ args = 0, pretend = 0, frame = 0
 112              		@ frame_needed = 0, uses_anonymous_args = 0
 113 0000 08B5     		push	{r3, lr}
 114              		.cfi_def_cfa_offset 8
 115              		.cfi_offset 3, -8
 116              		.cfi_offset 14, -4
 125:Generated_Source\PSoC5/CAN_PM.c ****     #if (!(CY_PSOC3 || CY_PSOC5))
 126:Generated_Source\PSoC5/CAN_PM.c ****         uint8 i;
 127:Generated_Source\PSoC5/CAN_PM.c ****     #endif /* (!(CY_PSOC3 || CY_PSOC5)) */
 128:Generated_Source\PSoC5/CAN_PM.c **** 
 129:Generated_Source\PSoC5/CAN_PM.c ****     if (0u != (CY_GET_REG32(CAN_CMD_PTR) & CAN_MODE_MASK))
 117              		.loc 1 129 0
 118 0002 084B     		ldr	r3, .L11
 119 0004 1B68     		ldr	r3, [r3]
 120 0006 13F0010F 		tst	r3, #1
 121 000a 03D0     		beq	.L8
 130:Generated_Source\PSoC5/CAN_PM.c ****     {
 131:Generated_Source\PSoC5/CAN_PM.c ****         CAN_backup.enableState = 1u;
 122              		.loc 1 131 0
 123 000c 0122     		movs	r2, #1
 124 000e 064B     		ldr	r3, .L11+4
 125 0010 1A70     		strb	r2, [r3]
 126 0012 02E0     		b	.L9
 127              	.L8:
 132:Generated_Source\PSoC5/CAN_PM.c ****     }
 133:Generated_Source\PSoC5/CAN_PM.c ****     else /* CAN block is disabled */
 134:Generated_Source\PSoC5/CAN_PM.c ****     {
 135:Generated_Source\PSoC5/CAN_PM.c ****         CAN_backup.enableState = 0u;
 128              		.loc 1 135 0
 129 0014 0022     		movs	r2, #0
 130 0016 044B     		ldr	r3, .L11+4
 131 0018 1A70     		strb	r2, [r3]
 132              	.L9:
 136:Generated_Source\PSoC5/CAN_PM.c ****     }
 137:Generated_Source\PSoC5/CAN_PM.c **** 
 138:Generated_Source\PSoC5/CAN_PM.c ****     #if (CY_PSOC3 || CY_PSOC5)
 139:Generated_Source\PSoC5/CAN_PM.c ****         CAN_SaveConfig();
 133              		.loc 1 139 0
 134 001a FFF7FEFF 		bl	CAN_SaveConfig
 135              	.LVL0:
 140:Generated_Source\PSoC5/CAN_PM.c ****         (void) CAN_Stop();
 136              		.loc 1 140 0
 137 001e FFF7FEFF 		bl	CAN_Stop
 138              	.LVL1:
 139 0022 08BD     		pop	{r3, pc}
 140              	.L12:
 141              		.align	2
 142              	.L11:
 143 0024 10A00040 		.word	1073782800
 144 0028 00000000 		.word	.LANCHOR0
 145              		.cfi_endproc
ARM GAS  D:\Windows\AppData\Local\Temp\ccQJMisG.s 			page 6


 146              	.LFE2:
 147              		.size	CAN_Sleep, .-CAN_Sleep
 148              		.section	.text.CAN_Wakeup,"ax",%progbits
 149              		.align	2
 150              		.global	CAN_Wakeup
 151              		.thumb
 152              		.thumb_func
 153              		.type	CAN_Wakeup, %function
 154              	CAN_Wakeup:
 155              	.LFB3:
 141:Generated_Source\PSoC5/CAN_PM.c ****     #else /* CY_PSOC4 */
 142:Generated_Source\PSoC5/CAN_PM.c ****         /* Abort respective pending TX message requests */
 143:Generated_Source\PSoC5/CAN_PM.c ****         for (i = 0u; i < CAN_NUMBER_OF_TX_MAILBOXES; i++)
 144:Generated_Source\PSoC5/CAN_PM.c ****         {
 145:Generated_Source\PSoC5/CAN_PM.c ****             CAN_TX_ABORT_MESSAGE(i);
 146:Generated_Source\PSoC5/CAN_PM.c ****         }
 147:Generated_Source\PSoC5/CAN_PM.c **** 
 148:Generated_Source\PSoC5/CAN_PM.c ****         /* Sets CAN controller to Stop mode */
 149:Generated_Source\PSoC5/CAN_PM.c ****         (void) CAN_Stop();
 150:Generated_Source\PSoC5/CAN_PM.c **** 
 151:Generated_Source\PSoC5/CAN_PM.c ****         /* Clear Global Interrupt enable Flag */
 152:Generated_Source\PSoC5/CAN_PM.c ****         (void) CAN_GlobalIntDisable();
 153:Generated_Source\PSoC5/CAN_PM.c ****     #endif /* CY_PSOC3 || CY_PSOC5 */
 154:Generated_Source\PSoC5/CAN_PM.c **** }
 155:Generated_Source\PSoC5/CAN_PM.c **** 
 156:Generated_Source\PSoC5/CAN_PM.c **** 
 157:Generated_Source\PSoC5/CAN_PM.c **** /*******************************************************************************
 158:Generated_Source\PSoC5/CAN_PM.c **** * Function Name: CAN_Wakeup
 159:Generated_Source\PSoC5/CAN_PM.c **** ********************************************************************************
 160:Generated_Source\PSoC5/CAN_PM.c **** *
 161:Generated_Source\PSoC5/CAN_PM.c **** * Summary:
 162:Generated_Source\PSoC5/CAN_PM.c **** *  Prepares CAN Component to wake up.
 163:Generated_Source\PSoC5/CAN_PM.c **** *
 164:Generated_Source\PSoC5/CAN_PM.c **** * Parameters:
 165:Generated_Source\PSoC5/CAN_PM.c **** *  None.
 166:Generated_Source\PSoC5/CAN_PM.c **** *
 167:Generated_Source\PSoC5/CAN_PM.c **** * Return:
 168:Generated_Source\PSoC5/CAN_PM.c **** *  None.
 169:Generated_Source\PSoC5/CAN_PM.c **** *
 170:Generated_Source\PSoC5/CAN_PM.c **** * Global Variables:
 171:Generated_Source\PSoC5/CAN_PM.c **** *  CAN_backup - Used when non-retention registers are restored.
 172:Generated_Source\PSoC5/CAN_PM.c **** *
 173:Generated_Source\PSoC5/CAN_PM.c **** * Reentrant:
 174:Generated_Source\PSoC5/CAN_PM.c **** *  No.
 175:Generated_Source\PSoC5/CAN_PM.c **** *
 176:Generated_Source\PSoC5/CAN_PM.c **** *******************************************************************************/
 177:Generated_Source\PSoC5/CAN_PM.c **** void CAN_Wakeup(void) 
 178:Generated_Source\PSoC5/CAN_PM.c **** {
 156              		.loc 1 178 0
 157              		.cfi_startproc
 158              		@ args = 0, pretend = 0, frame = 0
 159              		@ frame_needed = 0, uses_anonymous_args = 0
 160 0000 08B5     		push	{r3, lr}
 161              		.cfi_def_cfa_offset 8
 162              		.cfi_offset 3, -8
 163              		.cfi_offset 14, -4
 179:Generated_Source\PSoC5/CAN_PM.c ****     #if (CY_PSOC3 || CY_PSOC5)
ARM GAS  D:\Windows\AppData\Local\Temp\ccQJMisG.s 			page 7


 180:Generated_Source\PSoC5/CAN_PM.c ****         /* Enable CAN block in Active mode */
 181:Generated_Source\PSoC5/CAN_PM.c ****         CAN_PM_ACT_CFG_REG |= CAN_ACT_PWR_EN;
 164              		.loc 1 181 0
 165 0002 0A4A     		ldr	r2, .L16
 166 0004 1378     		ldrb	r3, [r2]	@ zero_extendqisi2
 167 0006 43F00103 		orr	r3, r3, #1
 168 000a 1370     		strb	r3, [r2]
 182:Generated_Source\PSoC5/CAN_PM.c ****         /* Enable CAN block in Alternate Active (Standby) mode */
 183:Generated_Source\PSoC5/CAN_PM.c ****         CAN_PM_STBY_CFG_REG |= CAN_STBY_PWR_EN;
 169              		.loc 1 183 0
 170 000c 1032     		adds	r2, r2, #16
 171 000e 1378     		ldrb	r3, [r2]	@ zero_extendqisi2
 172 0010 43F00103 		orr	r3, r3, #1
 173 0014 1370     		strb	r3, [r2]
 184:Generated_Source\PSoC5/CAN_PM.c **** 
 185:Generated_Source\PSoC5/CAN_PM.c ****         CAN_RestoreConfig();
 174              		.loc 1 185 0
 175 0016 FFF7FEFF 		bl	CAN_RestoreConfig
 176              	.LVL2:
 186:Generated_Source\PSoC5/CAN_PM.c **** 
 187:Generated_Source\PSoC5/CAN_PM.c ****         /* Reconfigure Rx and Tx Buffers control registers */
 188:Generated_Source\PSoC5/CAN_PM.c ****         (void) CAN_RxTxBuffersConfig();
 177              		.loc 1 188 0
 178 001a FFF7FEFF 		bl	CAN_RxTxBuffersConfig
 179              	.LVL3:
 189:Generated_Source\PSoC5/CAN_PM.c **** 
 190:Generated_Source\PSoC5/CAN_PM.c ****         if (CAN_backup.enableState != 0u)
 180              		.loc 1 190 0
 181 001e 044B     		ldr	r3, .L16+4
 182 0020 1B78     		ldrb	r3, [r3]	@ zero_extendqisi2
 183 0022 0BB1     		cbz	r3, .L13
 191:Generated_Source\PSoC5/CAN_PM.c ****         {
 192:Generated_Source\PSoC5/CAN_PM.c ****             /* Enable component's operation */
 193:Generated_Source\PSoC5/CAN_PM.c ****             (void) CAN_Enable();
 184              		.loc 1 193 0
 185 0024 FFF7FEFF 		bl	CAN_Enable
 186              	.LVL4:
 187              	.L13:
 188 0028 08BD     		pop	{r3, pc}
 189              	.L17:
 190 002a 00BF     		.align	2
 191              	.L16:
 192 002c A6430040 		.word	1073759142
 193 0030 00000000 		.word	.LANCHOR0
 194              		.cfi_endproc
 195              	.LFE3:
 196              		.size	CAN_Wakeup, .-CAN_Wakeup
 197              		.data
 198              		.align	2
 199              		.set	.LANCHOR0,. + 0
 200              		.type	CAN_backup, %object
 201              		.size	CAN_backup, 20
 202              	CAN_backup:
 203 0000 00       		.byte	0
 204 0001 000000   		.space	3
 205 0004 00000000 		.word	0
 206 0008 01100000 		.word	4097
ARM GAS  D:\Windows\AppData\Local\Temp\ccQJMisG.s 			page 8


 207 000c 01000000 		.word	1
 208 0010 600A0200 		.word	133728
 209              		.text
 210              	.Letext0:
 211              		.file 2 "Generated_Source\\PSoC5\\cytypes.h"
 212              		.file 3 "Generated_Source\\PSoC5\\CAN.h"
 213              		.section	.debug_info,"",%progbits
 214              	.Ldebug_info0:
 215 0000 C8010000 		.4byte	0x1c8
 216 0004 0400     		.2byte	0x4
 217 0006 00000000 		.4byte	.Ldebug_abbrev0
 218 000a 04       		.byte	0x4
 219 000b 01       		.uleb128 0x1
 220 000c E1000000 		.4byte	.LASF29
 221 0010 01       		.byte	0x1
 222 0011 C0010000 		.4byte	.LASF30
 223 0015 F5010000 		.4byte	.LASF31
 224 0019 00000000 		.4byte	.Ldebug_ranges0+0
 225 001d 00000000 		.4byte	0
 226 0021 00000000 		.4byte	.Ldebug_line0
 227 0025 02       		.uleb128 0x2
 228 0026 01       		.byte	0x1
 229 0027 06       		.byte	0x6
 230 0028 32020000 		.4byte	.LASF0
 231 002c 02       		.uleb128 0x2
 232 002d 01       		.byte	0x1
 233 002e 08       		.byte	0x8
 234 002f AF000000 		.4byte	.LASF1
 235 0033 02       		.uleb128 0x2
 236 0034 02       		.byte	0x2
 237 0035 05       		.byte	0x5
 238 0036 B6010000 		.4byte	.LASF2
 239 003a 02       		.uleb128 0x2
 240 003b 02       		.byte	0x2
 241 003c 07       		.byte	0x7
 242 003d 20000000 		.4byte	.LASF3
 243 0041 02       		.uleb128 0x2
 244 0042 04       		.byte	0x4
 245 0043 05       		.byte	0x5
 246 0044 E0010000 		.4byte	.LASF4
 247 0048 02       		.uleb128 0x2
 248 0049 04       		.byte	0x4
 249 004a 07       		.byte	0x7
 250 004b 5A000000 		.4byte	.LASF5
 251 004f 02       		.uleb128 0x2
 252 0050 08       		.byte	0x8
 253 0051 05       		.byte	0x5
 254 0052 78010000 		.4byte	.LASF6
 255 0056 02       		.uleb128 0x2
 256 0057 08       		.byte	0x8
 257 0058 07       		.byte	0x7
 258 0059 CA000000 		.4byte	.LASF7
 259 005d 03       		.uleb128 0x3
 260 005e 04       		.byte	0x4
 261 005f 05       		.byte	0x5
 262 0060 696E7400 		.ascii	"int\000"
 263 0064 02       		.uleb128 0x2
ARM GAS  D:\Windows\AppData\Local\Temp\ccQJMisG.s 			page 9


 264 0065 04       		.byte	0x4
 265 0066 07       		.byte	0x7
 266 0067 BD000000 		.4byte	.LASF8
 267 006b 04       		.uleb128 0x4
 268 006c 6C000000 		.4byte	.LASF9
 269 0070 02       		.byte	0x2
 270 0071 3801     		.2byte	0x138
 271 0073 2C000000 		.4byte	0x2c
 272 0077 04       		.uleb128 0x4
 273 0078 96000000 		.4byte	.LASF10
 274 007c 02       		.byte	0x2
 275 007d 3901     		.2byte	0x139
 276 007f 3A000000 		.4byte	0x3a
 277 0083 04       		.uleb128 0x4
 278 0084 A8000000 		.4byte	.LASF11
 279 0088 02       		.byte	0x2
 280 0089 3A01     		.2byte	0x13a
 281 008b 48000000 		.4byte	0x48
 282 008f 02       		.uleb128 0x2
 283 0090 04       		.byte	0x4
 284 0091 04       		.byte	0x4
 285 0092 33000000 		.4byte	.LASF12
 286 0096 02       		.uleb128 0x2
 287 0097 08       		.byte	0x8
 288 0098 04       		.byte	0x4
 289 0099 7D000000 		.4byte	.LASF13
 290 009d 02       		.uleb128 0x2
 291 009e 01       		.byte	0x1
 292 009f 08       		.byte	0x8
 293 00a0 8C010000 		.4byte	.LASF14
 294 00a4 04       		.uleb128 0x4
 295 00a5 4F000000 		.4byte	.LASF15
 296 00a9 02       		.byte	0x2
 297 00aa E201     		.2byte	0x1e2
 298 00ac B0000000 		.4byte	0xb0
 299 00b0 05       		.uleb128 0x5
 300 00b1 6B000000 		.4byte	0x6b
 301 00b5 04       		.uleb128 0x4
 302 00b6 00000000 		.4byte	.LASF16
 303 00ba 02       		.byte	0x2
 304 00bb E401     		.2byte	0x1e4
 305 00bd C1000000 		.4byte	0xc1
 306 00c1 05       		.uleb128 0x5
 307 00c2 83000000 		.4byte	0x83
 308 00c6 02       		.uleb128 0x2
 309 00c7 04       		.byte	0x4
 310 00c8 07       		.byte	0x7
 311 00c9 6F010000 		.4byte	.LASF17
 312 00cd 06       		.uleb128 0x6
 313 00ce 14       		.byte	0x14
 314 00cf 03       		.byte	0x3
 315 00d0 B4       		.byte	0xb4
 316 00d1 12010000 		.4byte	0x112
 317 00d5 07       		.uleb128 0x7
 318 00d6 E9010000 		.4byte	.LASF18
 319 00da 03       		.byte	0x3
 320 00db B6       		.byte	0xb6
ARM GAS  D:\Windows\AppData\Local\Temp\ccQJMisG.s 			page 10


 321 00dc 6B000000 		.4byte	0x6b
 322 00e0 00       		.byte	0
 323 00e1 07       		.uleb128 0x7
 324 00e2 86010000 		.4byte	.LASF19
 325 00e6 03       		.byte	0x3
 326 00e7 B8       		.byte	0xb8
 327 00e8 83000000 		.4byte	0x83
 328 00ec 04       		.byte	0x4
 329 00ed 07       		.uleb128 0x7
 330 00ee 54000000 		.4byte	.LASF20
 331 00f2 03       		.byte	0x3
 332 00f3 B9       		.byte	0xb9
 333 00f4 83000000 		.4byte	0x83
 334 00f8 08       		.byte	0x8
 335 00f9 08       		.uleb128 0x8
 336 00fa 636D6400 		.ascii	"cmd\000"
 337 00fe 03       		.byte	0x3
 338 00ff BA       		.byte	0xba
 339 0100 83000000 		.4byte	0x83
 340 0104 0C       		.byte	0xc
 341 0105 08       		.uleb128 0x8
 342 0106 63666700 		.ascii	"cfg\000"
 343 010a 03       		.byte	0x3
 344 010b BB       		.byte	0xbb
 345 010c 83000000 		.4byte	0x83
 346 0110 10       		.byte	0x10
 347 0111 00       		.byte	0
 348 0112 09       		.uleb128 0x9
 349 0113 A4010000 		.4byte	.LASF21
 350 0117 03       		.byte	0x3
 351 0118 BD       		.byte	0xbd
 352 0119 CD000000 		.4byte	0xcd
 353 011d 0A       		.uleb128 0xa
 354 011e 06000000 		.4byte	.LASF22
 355 0122 01       		.byte	0x1
 356 0123 3B       		.byte	0x3b
 357 0124 00000000 		.4byte	.LFB0
 358 0128 30000000 		.4byte	.LFE0-.LFB0
 359 012c 01       		.uleb128 0x1
 360 012d 9C       		.byte	0x9c
 361 012e 0A       		.uleb128 0xa
 362 012f 84000000 		.4byte	.LASF23
 363 0133 01       		.byte	0x1
 364 0134 5C       		.byte	0x5c
 365 0135 00000000 		.4byte	.LFB1
 366 0139 28000000 		.4byte	.LFE1-.LFB1
 367 013d 01       		.uleb128 0x1
 368 013e 9C       		.byte	0x9c
 369 013f 0B       		.uleb128 0xb
 370 0140 9A010000 		.4byte	.LASF24
 371 0144 01       		.byte	0x1
 372 0145 7B       		.byte	0x7b
 373 0146 00000000 		.4byte	.LFB2
 374 014a 2C000000 		.4byte	.LFE2-.LFB2
 375 014e 01       		.uleb128 0x1
 376 014f 9C       		.byte	0x9c
 377 0150 67010000 		.4byte	0x167
ARM GAS  D:\Windows\AppData\Local\Temp\ccQJMisG.s 			page 11


 378 0154 0C       		.uleb128 0xc
 379 0155 1E000000 		.4byte	.LVL0
 380 0159 1D010000 		.4byte	0x11d
 381 015d 0C       		.uleb128 0xc
 382 015e 22000000 		.4byte	.LVL1
 383 0162 A9010000 		.4byte	0x1a9
 384 0166 00       		.byte	0
 385 0167 0B       		.uleb128 0xb
 386 0168 9D000000 		.4byte	.LASF25
 387 016c 01       		.byte	0x1
 388 016d B1       		.byte	0xb1
 389 016e 00000000 		.4byte	.LFB3
 390 0172 34000000 		.4byte	.LFE3-.LFB3
 391 0176 01       		.uleb128 0x1
 392 0177 9C       		.byte	0x9c
 393 0178 98010000 		.4byte	0x198
 394 017c 0C       		.uleb128 0xc
 395 017d 1A000000 		.4byte	.LVL2
 396 0181 2E010000 		.4byte	0x12e
 397 0185 0C       		.uleb128 0xc
 398 0186 1E000000 		.4byte	.LVL3
 399 018a B4010000 		.4byte	0x1b4
 400 018e 0C       		.uleb128 0xc
 401 018f 28000000 		.4byte	.LVL4
 402 0193 C0010000 		.4byte	0x1c0
 403 0197 00       		.byte	0
 404 0198 0D       		.uleb128 0xd
 405 0199 72000000 		.4byte	.LASF32
 406 019d 01       		.byte	0x1
 407 019e 14       		.byte	0x14
 408 019f 12010000 		.4byte	0x112
 409 01a3 05       		.uleb128 0x5
 410 01a4 03       		.byte	0x3
 411 01a5 00000000 		.4byte	CAN_backup
 412 01a9 0E       		.uleb128 0xe
 413 01aa 91010000 		.4byte	.LASF26
 414 01ae 03       		.byte	0x3
 415 01af C6       		.byte	0xc6
 416 01b0 6B000000 		.4byte	0x6b
 417 01b4 0F       		.uleb128 0xf
 418 01b5 39000000 		.4byte	.LASF27
 419 01b9 03       		.byte	0x3
 420 01ba 1701     		.2byte	0x117
 421 01bc 6B000000 		.4byte	0x6b
 422 01c0 0E       		.uleb128 0xe
 423 01c1 15000000 		.4byte	.LASF28
 424 01c5 03       		.byte	0x3
 425 01c6 C7       		.byte	0xc7
 426 01c7 6B000000 		.4byte	0x6b
 427 01cb 00       		.byte	0
 428              		.section	.debug_abbrev,"",%progbits
 429              	.Ldebug_abbrev0:
 430 0000 01       		.uleb128 0x1
 431 0001 11       		.uleb128 0x11
 432 0002 01       		.byte	0x1
 433 0003 25       		.uleb128 0x25
 434 0004 0E       		.uleb128 0xe
ARM GAS  D:\Windows\AppData\Local\Temp\ccQJMisG.s 			page 12


 435 0005 13       		.uleb128 0x13
 436 0006 0B       		.uleb128 0xb
 437 0007 03       		.uleb128 0x3
 438 0008 0E       		.uleb128 0xe
 439 0009 1B       		.uleb128 0x1b
 440 000a 0E       		.uleb128 0xe
 441 000b 55       		.uleb128 0x55
 442 000c 17       		.uleb128 0x17
 443 000d 11       		.uleb128 0x11
 444 000e 01       		.uleb128 0x1
 445 000f 10       		.uleb128 0x10
 446 0010 17       		.uleb128 0x17
 447 0011 00       		.byte	0
 448 0012 00       		.byte	0
 449 0013 02       		.uleb128 0x2
 450 0014 24       		.uleb128 0x24
 451 0015 00       		.byte	0
 452 0016 0B       		.uleb128 0xb
 453 0017 0B       		.uleb128 0xb
 454 0018 3E       		.uleb128 0x3e
 455 0019 0B       		.uleb128 0xb
 456 001a 03       		.uleb128 0x3
 457 001b 0E       		.uleb128 0xe
 458 001c 00       		.byte	0
 459 001d 00       		.byte	0
 460 001e 03       		.uleb128 0x3
 461 001f 24       		.uleb128 0x24
 462 0020 00       		.byte	0
 463 0021 0B       		.uleb128 0xb
 464 0022 0B       		.uleb128 0xb
 465 0023 3E       		.uleb128 0x3e
 466 0024 0B       		.uleb128 0xb
 467 0025 03       		.uleb128 0x3
 468 0026 08       		.uleb128 0x8
 469 0027 00       		.byte	0
 470 0028 00       		.byte	0
 471 0029 04       		.uleb128 0x4
 472 002a 16       		.uleb128 0x16
 473 002b 00       		.byte	0
 474 002c 03       		.uleb128 0x3
 475 002d 0E       		.uleb128 0xe
 476 002e 3A       		.uleb128 0x3a
 477 002f 0B       		.uleb128 0xb
 478 0030 3B       		.uleb128 0x3b
 479 0031 05       		.uleb128 0x5
 480 0032 49       		.uleb128 0x49
 481 0033 13       		.uleb128 0x13
 482 0034 00       		.byte	0
 483 0035 00       		.byte	0
 484 0036 05       		.uleb128 0x5
 485 0037 35       		.uleb128 0x35
 486 0038 00       		.byte	0
 487 0039 49       		.uleb128 0x49
 488 003a 13       		.uleb128 0x13
 489 003b 00       		.byte	0
 490 003c 00       		.byte	0
 491 003d 06       		.uleb128 0x6
ARM GAS  D:\Windows\AppData\Local\Temp\ccQJMisG.s 			page 13


 492 003e 13       		.uleb128 0x13
 493 003f 01       		.byte	0x1
 494 0040 0B       		.uleb128 0xb
 495 0041 0B       		.uleb128 0xb
 496 0042 3A       		.uleb128 0x3a
 497 0043 0B       		.uleb128 0xb
 498 0044 3B       		.uleb128 0x3b
 499 0045 0B       		.uleb128 0xb
 500 0046 01       		.uleb128 0x1
 501 0047 13       		.uleb128 0x13
 502 0048 00       		.byte	0
 503 0049 00       		.byte	0
 504 004a 07       		.uleb128 0x7
 505 004b 0D       		.uleb128 0xd
 506 004c 00       		.byte	0
 507 004d 03       		.uleb128 0x3
 508 004e 0E       		.uleb128 0xe
 509 004f 3A       		.uleb128 0x3a
 510 0050 0B       		.uleb128 0xb
 511 0051 3B       		.uleb128 0x3b
 512 0052 0B       		.uleb128 0xb
 513 0053 49       		.uleb128 0x49
 514 0054 13       		.uleb128 0x13
 515 0055 38       		.uleb128 0x38
 516 0056 0B       		.uleb128 0xb
 517 0057 00       		.byte	0
 518 0058 00       		.byte	0
 519 0059 08       		.uleb128 0x8
 520 005a 0D       		.uleb128 0xd
 521 005b 00       		.byte	0
 522 005c 03       		.uleb128 0x3
 523 005d 08       		.uleb128 0x8
 524 005e 3A       		.uleb128 0x3a
 525 005f 0B       		.uleb128 0xb
 526 0060 3B       		.uleb128 0x3b
 527 0061 0B       		.uleb128 0xb
 528 0062 49       		.uleb128 0x49
 529 0063 13       		.uleb128 0x13
 530 0064 38       		.uleb128 0x38
 531 0065 0B       		.uleb128 0xb
 532 0066 00       		.byte	0
 533 0067 00       		.byte	0
 534 0068 09       		.uleb128 0x9
 535 0069 16       		.uleb128 0x16
 536 006a 00       		.byte	0
 537 006b 03       		.uleb128 0x3
 538 006c 0E       		.uleb128 0xe
 539 006d 3A       		.uleb128 0x3a
 540 006e 0B       		.uleb128 0xb
 541 006f 3B       		.uleb128 0x3b
 542 0070 0B       		.uleb128 0xb
 543 0071 49       		.uleb128 0x49
 544 0072 13       		.uleb128 0x13
 545 0073 00       		.byte	0
 546 0074 00       		.byte	0
 547 0075 0A       		.uleb128 0xa
 548 0076 2E       		.uleb128 0x2e
ARM GAS  D:\Windows\AppData\Local\Temp\ccQJMisG.s 			page 14


 549 0077 00       		.byte	0
 550 0078 3F       		.uleb128 0x3f
 551 0079 19       		.uleb128 0x19
 552 007a 03       		.uleb128 0x3
 553 007b 0E       		.uleb128 0xe
 554 007c 3A       		.uleb128 0x3a
 555 007d 0B       		.uleb128 0xb
 556 007e 3B       		.uleb128 0x3b
 557 007f 0B       		.uleb128 0xb
 558 0080 27       		.uleb128 0x27
 559 0081 19       		.uleb128 0x19
 560 0082 11       		.uleb128 0x11
 561 0083 01       		.uleb128 0x1
 562 0084 12       		.uleb128 0x12
 563 0085 06       		.uleb128 0x6
 564 0086 40       		.uleb128 0x40
 565 0087 18       		.uleb128 0x18
 566 0088 9742     		.uleb128 0x2117
 567 008a 19       		.uleb128 0x19
 568 008b 00       		.byte	0
 569 008c 00       		.byte	0
 570 008d 0B       		.uleb128 0xb
 571 008e 2E       		.uleb128 0x2e
 572 008f 01       		.byte	0x1
 573 0090 3F       		.uleb128 0x3f
 574 0091 19       		.uleb128 0x19
 575 0092 03       		.uleb128 0x3
 576 0093 0E       		.uleb128 0xe
 577 0094 3A       		.uleb128 0x3a
 578 0095 0B       		.uleb128 0xb
 579 0096 3B       		.uleb128 0x3b
 580 0097 0B       		.uleb128 0xb
 581 0098 27       		.uleb128 0x27
 582 0099 19       		.uleb128 0x19
 583 009a 11       		.uleb128 0x11
 584 009b 01       		.uleb128 0x1
 585 009c 12       		.uleb128 0x12
 586 009d 06       		.uleb128 0x6
 587 009e 40       		.uleb128 0x40
 588 009f 18       		.uleb128 0x18
 589 00a0 9742     		.uleb128 0x2117
 590 00a2 19       		.uleb128 0x19
 591 00a3 01       		.uleb128 0x1
 592 00a4 13       		.uleb128 0x13
 593 00a5 00       		.byte	0
 594 00a6 00       		.byte	0
 595 00a7 0C       		.uleb128 0xc
 596 00a8 898201   		.uleb128 0x4109
 597 00ab 00       		.byte	0
 598 00ac 11       		.uleb128 0x11
 599 00ad 01       		.uleb128 0x1
 600 00ae 31       		.uleb128 0x31
 601 00af 13       		.uleb128 0x13
 602 00b0 00       		.byte	0
 603 00b1 00       		.byte	0
 604 00b2 0D       		.uleb128 0xd
 605 00b3 34       		.uleb128 0x34
ARM GAS  D:\Windows\AppData\Local\Temp\ccQJMisG.s 			page 15


 606 00b4 00       		.byte	0
 607 00b5 03       		.uleb128 0x3
 608 00b6 0E       		.uleb128 0xe
 609 00b7 3A       		.uleb128 0x3a
 610 00b8 0B       		.uleb128 0xb
 611 00b9 3B       		.uleb128 0x3b
 612 00ba 0B       		.uleb128 0xb
 613 00bb 49       		.uleb128 0x49
 614 00bc 13       		.uleb128 0x13
 615 00bd 02       		.uleb128 0x2
 616 00be 18       		.uleb128 0x18
 617 00bf 00       		.byte	0
 618 00c0 00       		.byte	0
 619 00c1 0E       		.uleb128 0xe
 620 00c2 2E       		.uleb128 0x2e
 621 00c3 00       		.byte	0
 622 00c4 3F       		.uleb128 0x3f
 623 00c5 19       		.uleb128 0x19
 624 00c6 03       		.uleb128 0x3
 625 00c7 0E       		.uleb128 0xe
 626 00c8 3A       		.uleb128 0x3a
 627 00c9 0B       		.uleb128 0xb
 628 00ca 3B       		.uleb128 0x3b
 629 00cb 0B       		.uleb128 0xb
 630 00cc 27       		.uleb128 0x27
 631 00cd 19       		.uleb128 0x19
 632 00ce 49       		.uleb128 0x49
 633 00cf 13       		.uleb128 0x13
 634 00d0 3C       		.uleb128 0x3c
 635 00d1 19       		.uleb128 0x19
 636 00d2 00       		.byte	0
 637 00d3 00       		.byte	0
 638 00d4 0F       		.uleb128 0xf
 639 00d5 2E       		.uleb128 0x2e
 640 00d6 00       		.byte	0
 641 00d7 3F       		.uleb128 0x3f
 642 00d8 19       		.uleb128 0x19
 643 00d9 03       		.uleb128 0x3
 644 00da 0E       		.uleb128 0xe
 645 00db 3A       		.uleb128 0x3a
 646 00dc 0B       		.uleb128 0xb
 647 00dd 3B       		.uleb128 0x3b
 648 00de 05       		.uleb128 0x5
 649 00df 27       		.uleb128 0x27
 650 00e0 19       		.uleb128 0x19
 651 00e1 49       		.uleb128 0x49
 652 00e2 13       		.uleb128 0x13
 653 00e3 3C       		.uleb128 0x3c
 654 00e4 19       		.uleb128 0x19
 655 00e5 00       		.byte	0
 656 00e6 00       		.byte	0
 657 00e7 00       		.byte	0
 658              		.section	.debug_aranges,"",%progbits
 659 0000 34000000 		.4byte	0x34
 660 0004 0200     		.2byte	0x2
 661 0006 00000000 		.4byte	.Ldebug_info0
 662 000a 04       		.byte	0x4
ARM GAS  D:\Windows\AppData\Local\Temp\ccQJMisG.s 			page 16


 663 000b 00       		.byte	0
 664 000c 0000     		.2byte	0
 665 000e 0000     		.2byte	0
 666 0010 00000000 		.4byte	.LFB0
 667 0014 30000000 		.4byte	.LFE0-.LFB0
 668 0018 00000000 		.4byte	.LFB1
 669 001c 28000000 		.4byte	.LFE1-.LFB1
 670 0020 00000000 		.4byte	.LFB2
 671 0024 2C000000 		.4byte	.LFE2-.LFB2
 672 0028 00000000 		.4byte	.LFB3
 673 002c 34000000 		.4byte	.LFE3-.LFB3
 674 0030 00000000 		.4byte	0
 675 0034 00000000 		.4byte	0
 676              		.section	.debug_ranges,"",%progbits
 677              	.Ldebug_ranges0:
 678 0000 00000000 		.4byte	.LFB0
 679 0004 30000000 		.4byte	.LFE0
 680 0008 00000000 		.4byte	.LFB1
 681 000c 28000000 		.4byte	.LFE1
 682 0010 00000000 		.4byte	.LFB2
 683 0014 2C000000 		.4byte	.LFE2
 684 0018 00000000 		.4byte	.LFB3
 685 001c 34000000 		.4byte	.LFE3
 686 0020 00000000 		.4byte	0
 687 0024 00000000 		.4byte	0
 688              		.section	.debug_line,"",%progbits
 689              	.Ldebug_line0:
 690 0000 A4000000 		.section	.debug_str,"MS",%progbits,1
 690      02004C00 
 690      00000201 
 690      FB0E0D00 
 690      01010101 
 691              	.LASF16:
 692 0000 72656733 		.ascii	"reg32\000"
 692      3200
 693              	.LASF22:
 694 0006 43414E5F 		.ascii	"CAN_SaveConfig\000"
 694      53617665 
 694      436F6E66 
 694      696700
 695              	.LASF28:
 696 0015 43414E5F 		.ascii	"CAN_Enable\000"
 696      456E6162 
 696      6C6500
 697              	.LASF3:
 698 0020 73686F72 		.ascii	"short unsigned int\000"
 698      7420756E 
 698      7369676E 
 698      65642069 
 698      6E7400
 699              	.LASF12:
 700 0033 666C6F61 		.ascii	"float\000"
 700      7400
 701              	.LASF27:
 702 0039 43414E5F 		.ascii	"CAN_RxTxBuffersConfig\000"
 702      52785478 
 702      42756666 
ARM GAS  D:\Windows\AppData\Local\Temp\ccQJMisG.s 			page 17


 702      65727343 
 702      6F6E6669 
 703              	.LASF15:
 704 004f 72656738 		.ascii	"reg8\000"
 704      00
 705              	.LASF20:
 706 0054 696E7445 		.ascii	"intEn\000"
 706      6E00
 707              	.LASF5:
 708 005a 6C6F6E67 		.ascii	"long unsigned int\000"
 708      20756E73 
 708      69676E65 
 708      6420696E 
 708      7400
 709              	.LASF9:
 710 006c 75696E74 		.ascii	"uint8\000"
 710      3800
 711              	.LASF32:
 712 0072 43414E5F 		.ascii	"CAN_backup\000"
 712      6261636B 
 712      757000
 713              	.LASF13:
 714 007d 646F7562 		.ascii	"double\000"
 714      6C6500
 715              	.LASF23:
 716 0084 43414E5F 		.ascii	"CAN_RestoreConfig\000"
 716      52657374 
 716      6F726543 
 716      6F6E6669 
 716      6700
 717              	.LASF10:
 718 0096 75696E74 		.ascii	"uint16\000"
 718      313600
 719              	.LASF25:
 720 009d 43414E5F 		.ascii	"CAN_Wakeup\000"
 720      57616B65 
 720      757000
 721              	.LASF11:
 722 00a8 75696E74 		.ascii	"uint32\000"
 722      333200
 723              	.LASF1:
 724 00af 756E7369 		.ascii	"unsigned char\000"
 724      676E6564 
 724      20636861 
 724      7200
 725              	.LASF8:
 726 00bd 756E7369 		.ascii	"unsigned int\000"
 726      676E6564 
 726      20696E74 
 726      00
 727              	.LASF7:
 728 00ca 6C6F6E67 		.ascii	"long long unsigned int\000"
 728      206C6F6E 
 728      6720756E 
 728      7369676E 
 728      65642069 
 729              	.LASF29:
ARM GAS  D:\Windows\AppData\Local\Temp\ccQJMisG.s 			page 18


 730 00e1 474E5520 		.ascii	"GNU C 4.9.3 20150303 (release) [ARM/embedded-4_9-br"
 730      4320342E 
 730      392E3320 
 730      32303135 
 730      30333033 
 731 0114 616E6368 		.ascii	"anch revision 221220] -mcpu=cortex-m3 -mthumb -g -O"
 731      20726576 
 731      6973696F 
 731      6E203232 
 731      31323230 
 732 0147 67202D66 		.ascii	"g -ffunction-sections -ffat-lto-objects\000"
 732      66756E63 
 732      74696F6E 
 732      2D736563 
 732      74696F6E 
 733              	.LASF17:
 734 016f 73697A65 		.ascii	"sizetype\000"
 734      74797065 
 734      00
 735              	.LASF6:
 736 0178 6C6F6E67 		.ascii	"long long int\000"
 736      206C6F6E 
 736      6720696E 
 736      7400
 737              	.LASF19:
 738 0186 696E7453 		.ascii	"intSr\000"
 738      7200
 739              	.LASF14:
 740 018c 63686172 		.ascii	"char\000"
 740      00
 741              	.LASF26:
 742 0191 43414E5F 		.ascii	"CAN_Stop\000"
 742      53746F70 
 742      00
 743              	.LASF24:
 744 019a 43414E5F 		.ascii	"CAN_Sleep\000"
 744      536C6565 
 744      7000
 745              	.LASF21:
 746 01a4 43414E5F 		.ascii	"CAN_BACKUP_STRUCT\000"
 746      4241434B 
 746      55505F53 
 746      54525543 
 746      5400
 747              	.LASF2:
 748 01b6 73686F72 		.ascii	"short int\000"
 748      7420696E 
 748      7400
 749              	.LASF30:
 750 01c0 47656E65 		.ascii	"Generated_Source\\PSoC5\\CAN_PM.c\000"
 750      72617465 
 750      645F536F 
 750      75726365 
 750      5C50536F 
 751              	.LASF4:
 752 01e0 6C6F6E67 		.ascii	"long int\000"
 752      20696E74 
ARM GAS  D:\Windows\AppData\Local\Temp\ccQJMisG.s 			page 19


 752      00
 753              	.LASF18:
 754 01e9 656E6162 		.ascii	"enableState\000"
 754      6C655374 
 754      61746500 
 755              	.LASF31:
 756 01f5 443A5C44 		.ascii	"D:\\Downloads\\FRUCD\\Node-Jaguar\\Node-Jaguar\\Nod"
 756      6F776E6C 
 756      6F616473 
 756      5C465255 
 756      43445C4E 
 757 0223 652D4A61 		.ascii	"e-Jaguar.cydsn\000"
 757      67756172 
 757      2E637964 
 757      736E00
 758              	.LASF0:
 759 0232 7369676E 		.ascii	"signed char\000"
 759      65642063 
 759      68617200 
 760              		.ident	"GCC: (GNU Tools for ARM Embedded Processors) 4.9.3 20150303 (release) [ARM/embedded-4_9-br
