ARM GAS  D:\Windows\AppData\Local\Temp\ccEjsxEu.s 			page 1


   1              		.syntax unified
   2              		.cpu cortex-m3
   3              		.fpu softvfp
   4              		.eabi_attribute 20, 1
   5              		.eabi_attribute 21, 1
   6              		.eabi_attribute 23, 3
   7              		.eabi_attribute 24, 1
   8              		.eabi_attribute 25, 1
   9              		.eabi_attribute 26, 1
  10              		.eabi_attribute 30, 6
  11              		.eabi_attribute 34, 1
  12              		.eabi_attribute 18, 4
  13              		.thumb
  14              		.file	"can_manga.c"
  15              		.text
  16              	.Ltext0:
  17              		.cfi_sections	.debug_frame
  18              		.global	CAPACITOR_VOLT
  19              		.bss
  20              		.type	CAPACITOR_VOLT, %object
  21              		.size	CAPACITOR_VOLT, 1
  22              	CAPACITOR_VOLT:
  23 0000 00       		.space	1
  24              		.global	CURTIS_FAULT_CHECK
  25              		.type	CURTIS_FAULT_CHECK, %object
  26              		.size	CURTIS_FAULT_CHECK, 1
  27              	CURTIS_FAULT_CHECK:
  28 0001 00       		.space	1
  29              		.global	CURTIS_HEART_BEAT_CHECK
  30              		.type	CURTIS_HEART_BEAT_CHECK, %object
  31              		.size	CURTIS_HEART_BEAT_CHECK, 1
  32              	CURTIS_HEART_BEAT_CHECK:
  33 0002 00       		.space	1
  34              		.global	ACK_RX
  35              		.type	ACK_RX, %object
  36              		.size	ACK_RX, 1
  37              	ACK_RX:
  38 0003 00       		.space	1
  39              		.global	ERROR_TOLERANCE
  40              		.type	ERROR_TOLERANCE, %object
  41              		.size	ERROR_TOLERANCE, 1
  42              	ERROR_TOLERANCE:
  43 0004 00       		.space	1
  44              		.global	ABS_MOTOR_RPM
  45 0005 00       		.align	1
  46              		.type	ABS_MOTOR_RPM, %object
  47              		.size	ABS_MOTOR_RPM, 2
  48              	ABS_MOTOR_RPM:
  49 0006 0000     		.space	2
  50              		.global	THROTTLE_CHECK_BIT
  51              		.align	1
  52              		.type	THROTTLE_CHECK_BIT, %object
  53              		.size	THROTTLE_CHECK_BIT, 2
  54              	THROTTLE_CHECK_BIT:
  55 0008 0000     		.space	2
  56              		.global	THROTTLE_HIGH
  57              		.type	THROTTLE_HIGH, %object
ARM GAS  D:\Windows\AppData\Local\Temp\ccEjsxEu.s 			page 2


  58              		.size	THROTTLE_HIGH, 1
  59              	THROTTLE_HIGH:
  60 000a 00       		.space	1
  61              		.global	THROTTLE_LOW
  62              		.type	THROTTLE_LOW, %object
  63              		.size	THROTTLE_LOW, 1
  64              	THROTTLE_LOW:
  65 000b 00       		.space	1
  66              		.global	BMS_TEMP
  67              		.type	BMS_TEMP, %object
  68              		.size	BMS_TEMP, 1
  69              	BMS_TEMP:
  70 000c 00       		.space	1
  71              		.global	MTR_TEMP
  72 000d 00       		.align	1
  73              		.type	MTR_TEMP, %object
  74              		.size	MTR_TEMP, 2
  75              	MTR_TEMP:
  76 000e 0000     		.space	2
  77              		.global	MTR_CTRL_TEMP
  78              		.align	1
  79              		.type	MTR_CTRL_TEMP, %object
  80              		.size	MTR_CTRL_TEMP, 2
  81              	MTR_CTRL_TEMP:
  82 0010 0000     		.space	2
  83              		.global	BMS_VOLTAGE
  84 0012 0000     		.align	2
  85              		.type	BMS_VOLTAGE, %object
  86              		.size	BMS_VOLTAGE, 4
  87              	BMS_VOLTAGE:
  88 0014 00000000 		.space	4
  89              		.global	SoC
  90              		.type	SoC, %object
  91              		.size	SoC, 1
  92              	SoC:
  93 0018 00       		.space	1
  94 0019 000000   		.section	.text.getCapacitorVoltage,"ax",%progbits
  95              		.align	2
  96              		.global	getCapacitorVoltage
  97              		.thumb
  98              		.thumb_func
  99              		.type	getCapacitorVoltage, %function
 100              	getCapacitorVoltage:
 101              	.LFB63:
 102              		.file 1 "can_manga.c"
   1:can_manga.c   **** /* ========================================
   2:can_manga.c   ****  * Can API for FRUCD
   3:can_manga.c   ****  * Dustin Mai, Schuyler Alschuler 2016 - 2017
   4:can_manga.c   ****  * ========================================
   5:can_manga.c   **** */
   6:can_manga.c   **** 
   7:can_manga.c   **** #include "CAN.h"
   8:can_manga.c   **** #include "can_manga.h"
   9:can_manga.c   **** #include "led_manager.h"
  10:can_manga.c   **** 
  11:can_manga.c   **** volatile uint8_t CAPACITOR_VOLT = 0;
  12:can_manga.c   **** volatile uint8_t CURTIS_FAULT_CHECK = 0;
ARM GAS  D:\Windows\AppData\Local\Temp\ccEjsxEu.s 			page 3


  13:can_manga.c   **** volatile uint8_t CURTIS_HEART_BEAT_CHECK = 0;
  14:can_manga.c   **** volatile uint8_t ACK_RX = 0;
  15:can_manga.c   **** volatile uint8_t ERROR_TOLERANCE = 0;
  16:can_manga.c   **** volatile uint16_t ABS_MOTOR_RPM = 0;
  17:can_manga.c   **** volatile uint16_t THROTTLE_CHECK_BIT = 0;
  18:can_manga.c   **** volatile uint8_t THROTTLE_HIGH = 0;
  19:can_manga.c   **** volatile uint8_t THROTTLE_LOW = 0;
  20:can_manga.c   **** volatile uint8_t BMS_TEMP = 0x00;
  21:can_manga.c   **** volatile uint16_t MTR_TEMP = 0x00;
  22:can_manga.c   **** volatile uint16_t MTR_CTRL_TEMP = 0x00;
  23:can_manga.c   **** volatile uint32_t BMS_VOLTAGE = 0;
  24:can_manga.c   **** volatile uint8_t SoC = 0;
  25:can_manga.c   **** 
  26:can_manga.c   **** uint8_t getCapacitorVoltage() {
 103              		.loc 1 26 0
 104              		.cfi_startproc
 105              		@ args = 0, pretend = 0, frame = 0
 106              		@ frame_needed = 1, uses_anonymous_args = 0
 107              		@ link register save eliminated.
 108 0000 80B4     		push	{r7}
 109              		.cfi_def_cfa_offset 4
 110              		.cfi_offset 7, -4
 111 0002 00AF     		add	r7, sp, #0
 112              		.cfi_def_cfa_register 7
  27:can_manga.c   ****     return CAPACITOR_VOLT;
 113              		.loc 1 27 0
 114 0004 034B     		ldr	r3, .L3
 115 0006 1B78     		ldrb	r3, [r3]
 116 0008 DBB2     		uxtb	r3, r3
  28:can_manga.c   **** }
 117              		.loc 1 28 0
 118 000a 1846     		mov	r0, r3
 119 000c BD46     		mov	sp, r7
 120              		.cfi_def_cfa_register 13
 121              		@ sp needed
 122 000e 5DF8047B 		ldr	r7, [sp], #4
 123              		.cfi_restore 7
 124              		.cfi_def_cfa_offset 0
 125 0012 7047     		bx	lr
 126              	.L4:
 127              		.align	2
 128              	.L3:
 129 0014 00000000 		.word	CAPACITOR_VOLT
 130              		.cfi_endproc
 131              	.LFE63:
 132              		.size	getCapacitorVoltage, .-getCapacitorVoltage
 133              		.section	.text.getCurtisFaultCheck,"ax",%progbits
 134              		.align	2
 135              		.global	getCurtisFaultCheck
 136              		.thumb
 137              		.thumb_func
 138              		.type	getCurtisFaultCheck, %function
 139              	getCurtisFaultCheck:
 140              	.LFB64:
  29:can_manga.c   **** 
  30:can_manga.c   **** uint8_t getCurtisFaultCheck() {
 141              		.loc 1 30 0
ARM GAS  D:\Windows\AppData\Local\Temp\ccEjsxEu.s 			page 4


 142              		.cfi_startproc
 143              		@ args = 0, pretend = 0, frame = 0
 144              		@ frame_needed = 1, uses_anonymous_args = 0
 145              		@ link register save eliminated.
 146 0000 80B4     		push	{r7}
 147              		.cfi_def_cfa_offset 4
 148              		.cfi_offset 7, -4
 149 0002 00AF     		add	r7, sp, #0
 150              		.cfi_def_cfa_register 7
  31:can_manga.c   ****     return CURTIS_FAULT_CHECK;
 151              		.loc 1 31 0
 152 0004 034B     		ldr	r3, .L7
 153 0006 1B78     		ldrb	r3, [r3]
 154 0008 DBB2     		uxtb	r3, r3
  32:can_manga.c   **** }
 155              		.loc 1 32 0
 156 000a 1846     		mov	r0, r3
 157 000c BD46     		mov	sp, r7
 158              		.cfi_def_cfa_register 13
 159              		@ sp needed
 160 000e 5DF8047B 		ldr	r7, [sp], #4
 161              		.cfi_restore 7
 162              		.cfi_def_cfa_offset 0
 163 0012 7047     		bx	lr
 164              	.L8:
 165              		.align	2
 166              	.L7:
 167 0014 00000000 		.word	CURTIS_FAULT_CHECK
 168              		.cfi_endproc
 169              	.LFE64:
 170              		.size	getCurtisFaultCheck, .-getCurtisFaultCheck
 171              		.section	.text.getCurtisHeartBeatCheck,"ax",%progbits
 172              		.align	2
 173              		.global	getCurtisHeartBeatCheck
 174              		.thumb
 175              		.thumb_func
 176              		.type	getCurtisHeartBeatCheck, %function
 177              	getCurtisHeartBeatCheck:
 178              	.LFB65:
  33:can_manga.c   **** 
  34:can_manga.c   **** uint8_t getCurtisHeartBeatCheck() {
 179              		.loc 1 34 0
 180              		.cfi_startproc
 181              		@ args = 0, pretend = 0, frame = 0
 182              		@ frame_needed = 1, uses_anonymous_args = 0
 183              		@ link register save eliminated.
 184 0000 80B4     		push	{r7}
 185              		.cfi_def_cfa_offset 4
 186              		.cfi_offset 7, -4
 187 0002 00AF     		add	r7, sp, #0
 188              		.cfi_def_cfa_register 7
  35:can_manga.c   ****     return CURTIS_HEART_BEAT_CHECK;
 189              		.loc 1 35 0
 190 0004 034B     		ldr	r3, .L11
 191 0006 1B78     		ldrb	r3, [r3]
 192 0008 DBB2     		uxtb	r3, r3
  36:can_manga.c   **** }
ARM GAS  D:\Windows\AppData\Local\Temp\ccEjsxEu.s 			page 5


 193              		.loc 1 36 0
 194 000a 1846     		mov	r0, r3
 195 000c BD46     		mov	sp, r7
 196              		.cfi_def_cfa_register 13
 197              		@ sp needed
 198 000e 5DF8047B 		ldr	r7, [sp], #4
 199              		.cfi_restore 7
 200              		.cfi_def_cfa_offset 0
 201 0012 7047     		bx	lr
 202              	.L12:
 203              		.align	2
 204              	.L11:
 205 0014 00000000 		.word	CURTIS_HEART_BEAT_CHECK
 206              		.cfi_endproc
 207              	.LFE65:
 208              		.size	getCurtisHeartBeatCheck, .-getCurtisHeartBeatCheck
 209              		.section	.text.getAckRx,"ax",%progbits
 210              		.align	2
 211              		.global	getAckRx
 212              		.thumb
 213              		.thumb_func
 214              		.type	getAckRx, %function
 215              	getAckRx:
 216              	.LFB66:
  37:can_manga.c   **** 
  38:can_manga.c   **** uint8_t getAckRx() {
 217              		.loc 1 38 0
 218              		.cfi_startproc
 219              		@ args = 0, pretend = 0, frame = 0
 220              		@ frame_needed = 1, uses_anonymous_args = 0
 221              		@ link register save eliminated.
 222 0000 80B4     		push	{r7}
 223              		.cfi_def_cfa_offset 4
 224              		.cfi_offset 7, -4
 225 0002 00AF     		add	r7, sp, #0
 226              		.cfi_def_cfa_register 7
  39:can_manga.c   ****     return ACK_RX;
 227              		.loc 1 39 0
 228 0004 034B     		ldr	r3, .L15
 229 0006 1B78     		ldrb	r3, [r3]
 230 0008 DBB2     		uxtb	r3, r3
  40:can_manga.c   **** }
 231              		.loc 1 40 0
 232 000a 1846     		mov	r0, r3
 233 000c BD46     		mov	sp, r7
 234              		.cfi_def_cfa_register 13
 235              		@ sp needed
 236 000e 5DF8047B 		ldr	r7, [sp], #4
 237              		.cfi_restore 7
 238              		.cfi_def_cfa_offset 0
 239 0012 7047     		bx	lr
 240              	.L16:
 241              		.align	2
 242              	.L15:
 243 0014 00000000 		.word	ACK_RX
 244              		.cfi_endproc
 245              	.LFE66:
ARM GAS  D:\Windows\AppData\Local\Temp\ccEjsxEu.s 			page 6


 246              		.size	getAckRx, .-getAckRx
 247              		.section	.text.getErrorTolerance,"ax",%progbits
 248              		.align	2
 249              		.global	getErrorTolerance
 250              		.thumb
 251              		.thumb_func
 252              		.type	getErrorTolerance, %function
 253              	getErrorTolerance:
 254              	.LFB67:
  41:can_manga.c   **** 
  42:can_manga.c   **** uint8_t getErrorTolerance() {
 255              		.loc 1 42 0
 256              		.cfi_startproc
 257              		@ args = 0, pretend = 0, frame = 0
 258              		@ frame_needed = 1, uses_anonymous_args = 0
 259              		@ link register save eliminated.
 260 0000 80B4     		push	{r7}
 261              		.cfi_def_cfa_offset 4
 262              		.cfi_offset 7, -4
 263 0002 00AF     		add	r7, sp, #0
 264              		.cfi_def_cfa_register 7
  43:can_manga.c   ****     return ERROR_TOLERANCE;
 265              		.loc 1 43 0
 266 0004 034B     		ldr	r3, .L19
 267 0006 1B78     		ldrb	r3, [r3]
 268 0008 DBB2     		uxtb	r3, r3
  44:can_manga.c   **** }
 269              		.loc 1 44 0
 270 000a 1846     		mov	r0, r3
 271 000c BD46     		mov	sp, r7
 272              		.cfi_def_cfa_register 13
 273              		@ sp needed
 274 000e 5DF8047B 		ldr	r7, [sp], #4
 275              		.cfi_restore 7
 276              		.cfi_def_cfa_offset 0
 277 0012 7047     		bx	lr
 278              	.L20:
 279              		.align	2
 280              	.L19:
 281 0014 00000000 		.word	ERROR_TOLERANCE
 282              		.cfi_endproc
 283              	.LFE67:
 284              		.size	getErrorTolerance, .-getErrorTolerance
 285              		.section	.text.getABSMotorRPM,"ax",%progbits
 286              		.align	2
 287              		.global	getABSMotorRPM
 288              		.thumb
 289              		.thumb_func
 290              		.type	getABSMotorRPM, %function
 291              	getABSMotorRPM:
 292              	.LFB68:
  45:can_manga.c   **** 
  46:can_manga.c   **** uint8_t getABSMotorRPM() {
 293              		.loc 1 46 0
 294              		.cfi_startproc
 295              		@ args = 0, pretend = 0, frame = 0
 296              		@ frame_needed = 1, uses_anonymous_args = 0
ARM GAS  D:\Windows\AppData\Local\Temp\ccEjsxEu.s 			page 7


 297              		@ link register save eliminated.
 298 0000 80B4     		push	{r7}
 299              		.cfi_def_cfa_offset 4
 300              		.cfi_offset 7, -4
 301 0002 00AF     		add	r7, sp, #0
 302              		.cfi_def_cfa_register 7
  47:can_manga.c   ****     return ABS_MOTOR_RPM;
 303              		.loc 1 47 0
 304 0004 044B     		ldr	r3, .L23
 305 0006 1B88     		ldrh	r3, [r3]	@ movhi
 306 0008 9BB2     		uxth	r3, r3
 307 000a DBB2     		uxtb	r3, r3
  48:can_manga.c   **** }
 308              		.loc 1 48 0
 309 000c 1846     		mov	r0, r3
 310 000e BD46     		mov	sp, r7
 311              		.cfi_def_cfa_register 13
 312              		@ sp needed
 313 0010 5DF8047B 		ldr	r7, [sp], #4
 314              		.cfi_restore 7
 315              		.cfi_def_cfa_offset 0
 316 0014 7047     		bx	lr
 317              	.L24:
 318 0016 00BF     		.align	2
 319              	.L23:
 320 0018 00000000 		.word	ABS_MOTOR_RPM
 321              		.cfi_endproc
 322              	.LFE68:
 323              		.size	getABSMotorRPM, .-getABSMotorRPM
 324              		.section	.text.getPedalLow,"ax",%progbits
 325              		.align	2
 326              		.global	getPedalLow
 327              		.thumb
 328              		.thumb_func
 329              		.type	getPedalLow, %function
 330              	getPedalLow:
 331              	.LFB69:
  49:can_manga.c   **** 
  50:can_manga.c   **** uint8_t getPedalLow() {
 332              		.loc 1 50 0
 333              		.cfi_startproc
 334              		@ args = 0, pretend = 0, frame = 0
 335              		@ frame_needed = 1, uses_anonymous_args = 0
 336              		@ link register save eliminated.
 337 0000 80B4     		push	{r7}
 338              		.cfi_def_cfa_offset 4
 339              		.cfi_offset 7, -4
 340 0002 00AF     		add	r7, sp, #0
 341              		.cfi_def_cfa_register 7
  51:can_manga.c   ****     return THROTTLE_LOW;
 342              		.loc 1 51 0
 343 0004 034B     		ldr	r3, .L27
 344 0006 1B78     		ldrb	r3, [r3]
 345 0008 DBB2     		uxtb	r3, r3
  52:can_manga.c   **** }
 346              		.loc 1 52 0
 347 000a 1846     		mov	r0, r3
ARM GAS  D:\Windows\AppData\Local\Temp\ccEjsxEu.s 			page 8


 348 000c BD46     		mov	sp, r7
 349              		.cfi_def_cfa_register 13
 350              		@ sp needed
 351 000e 5DF8047B 		ldr	r7, [sp], #4
 352              		.cfi_restore 7
 353              		.cfi_def_cfa_offset 0
 354 0012 7047     		bx	lr
 355              	.L28:
 356              		.align	2
 357              	.L27:
 358 0014 00000000 		.word	THROTTLE_LOW
 359              		.cfi_endproc
 360              	.LFE69:
 361              		.size	getPedalLow, .-getPedalLow
 362              		.section	.text.getPedalHigh,"ax",%progbits
 363              		.align	2
 364              		.global	getPedalHigh
 365              		.thumb
 366              		.thumb_func
 367              		.type	getPedalHigh, %function
 368              	getPedalHigh:
 369              	.LFB70:
  53:can_manga.c   **** 
  54:can_manga.c   **** uint8_t getPedalHigh() {
 370              		.loc 1 54 0
 371              		.cfi_startproc
 372              		@ args = 0, pretend = 0, frame = 0
 373              		@ frame_needed = 1, uses_anonymous_args = 0
 374              		@ link register save eliminated.
 375 0000 80B4     		push	{r7}
 376              		.cfi_def_cfa_offset 4
 377              		.cfi_offset 7, -4
 378 0002 00AF     		add	r7, sp, #0
 379              		.cfi_def_cfa_register 7
  55:can_manga.c   ****     return THROTTLE_HIGH;
 380              		.loc 1 55 0
 381 0004 034B     		ldr	r3, .L31
 382 0006 1B78     		ldrb	r3, [r3]
 383 0008 DBB2     		uxtb	r3, r3
  56:can_manga.c   **** }
 384              		.loc 1 56 0
 385 000a 1846     		mov	r0, r3
 386 000c BD46     		mov	sp, r7
 387              		.cfi_def_cfa_register 13
 388              		@ sp needed
 389 000e 5DF8047B 		ldr	r7, [sp], #4
 390              		.cfi_restore 7
 391              		.cfi_def_cfa_offset 0
 392 0012 7047     		bx	lr
 393              	.L32:
 394              		.align	2
 395              	.L31:
 396 0014 00000000 		.word	THROTTLE_HIGH
 397              		.cfi_endproc
 398              	.LFE70:
 399              		.size	getPedalHigh, .-getPedalHigh
 400              		.section	.text.can_receive,"ax",%progbits
ARM GAS  D:\Windows\AppData\Local\Temp\ccEjsxEu.s 			page 9


 401              		.align	2
 402              		.global	can_receive
 403              		.thumb
 404              		.thumb_func
 405              		.type	can_receive, %function
 406              	can_receive:
 407              	.LFB71:
  57:can_manga.c   **** 
  58:can_manga.c   **** void can_receive(uint8_t *msg, int ID) {
 408              		.loc 1 58 0
 409              		.cfi_startproc
 410              		@ args = 0, pretend = 0, frame = 16
 411              		@ frame_needed = 1, uses_anonymous_args = 0
 412 0000 80B5     		push	{r7, lr}
 413              		.cfi_def_cfa_offset 8
 414              		.cfi_offset 7, -8
 415              		.cfi_offset 14, -4
 416 0002 84B0     		sub	sp, sp, #16
 417              		.cfi_def_cfa_offset 24
 418 0004 00AF     		add	r7, sp, #0
 419              		.cfi_def_cfa_register 7
 420 0006 7860     		str	r0, [r7, #4]
 421 0008 3960     		str	r1, [r7]
  59:can_manga.c   ****     uint8 InterruptState = CyEnterCriticalSection();
 422              		.loc 1 59 0
 423 000a FFF7FEFF 		bl	CyEnterCriticalSection
 424 000e 0346     		mov	r3, r0
 425 0010 FB73     		strb	r3, [r7, #15]
  60:can_manga.c   ****     
  61:can_manga.c   ****     switch (ID) {
 426              		.loc 1 61 0
 427 0012 3B68     		ldr	r3, [r7]
 428 0014 40F24722 		movw	r2, #583
 429 0018 9342     		cmp	r3, r2
 430 001a 00F08B80 		beq	.L35
 431 001e B3F5127F 		cmp	r3, #584
 432 0022 09DA     		bge	.L36
 433 0024 B3F5007F 		cmp	r3, #512
 434 0028 6AD0     		beq	.L37
 435 002a 40F20122 		movw	r2, #513
 436 002e 9342     		cmp	r3, r2
 437 0030 61D0     		beq	.L38
 438 0032 A62B     		cmp	r3, #166
 439 0034 3FD0     		beq	.L39
  62:can_manga.c   ****         case 0x566:    //Curtis Status 566
  63:can_manga.c   ****             CAPACITOR_VOLT = msg[CAN_DATA_BYTE_1];
  64:can_manga.c   ****             ABS_MOTOR_RPM = msg[CAN_DATA_BYTE_3] << 8;  //high byte
  65:can_manga.c   ****             ABS_MOTOR_RPM = ABS_MOTOR_RPM | msg[CAN_DATA_BYTE_4];       //low byte
  66:can_manga.c   ****             MTR_TEMP = msg[CAN_DATA_BYTE_5] << 8;
  67:can_manga.c   ****             MTR_TEMP = MTR_TEMP | msg[CAN_DATA_BYTE_6];
  68:can_manga.c   ****             //led_write_tach(ABS_MOTOR_RPM);
  69:can_manga.c   ****             //led_write_b2(MTR_TEMP);
  70:can_manga.c   ****             break;
  71:can_manga.c   ****         case 0x0A6:
  72:can_manga.c   ****             CURTIS_FAULT_CHECK = 0x1;
  73:can_manga.c   ****             break;
  74:can_manga.c   ****         case 0x726:
ARM GAS  D:\Windows\AppData\Local\Temp\ccEjsxEu.s 			page 10


  75:can_manga.c   ****             CURTIS_HEART_BEAT_CHECK = 0x1;
  76:can_manga.c   ****             break;
  77:can_manga.c   ****         case 0x666:    //Curtis Recieve
  78:can_manga.c   ****             ACK_RX = msg[CAN_DATA_BYTE_1];
  79:can_manga.c   ****             MTR_CTRL_TEMP = msg[CAN_DATA_BYTE_7] << 8;
  80:can_manga.c   ****             MTR_CTRL_TEMP = MTR_CTRL_TEMP | msg[CAN_DATA_BYTE_8];
  81:can_manga.c   ****             //led_write_b3(MTR_CTRL_TEMP);
  82:can_manga.c   ****             break;
  83:can_manga.c   ****         case 0x201:
  84:can_manga.c   ****             ERROR_TOLERANCE = msg[CAN_DATA_BYTE_1];
  85:can_manga.c   ****             break;
  86:can_manga.c   ****         case 0x200: 
  87:can_manga.c   ****             THROTTLE_CHECK_BIT = msg[CAN_DATA_BYTE_1];
  88:can_manga.c   ****             THROTTLE_HIGH = msg[CAN_DATA_BYTE_2];
  89:can_manga.c   ****             THROTTLE_LOW = msg[CAN_DATA_BYTE_3];
  90:can_manga.c   ****             break;
  91:can_manga.c   ****         case 0x488:     //BMS_TEMP
  92:can_manga.c   ****             BMS_TEMP = msg[CAN_DATA_BYTE_8];    //recieved as hex, read in decimal
  93:can_manga.c   ****             led_write_b1(BMS_TEMP);
  94:can_manga.c   ****             break;
  95:can_manga.c   ****         case 0x247:     //sensor_status SoC pct
  96:can_manga.c   ****             SoC = msg[CAN_DATA_BYTE_7];
  97:can_manga.c   ****             led_write_c1(SoC);
  98:can_manga.c   ****             break;
  99:can_manga.c   ****         default:
 100:can_manga.c   ****             break;
 440              		.loc 1 100 0
 441 0036 88E0     		b	.L45
 442              	.L36:
  61:can_manga.c   ****         case 0x566:    //Curtis Status 566
 443              		.loc 1 61 0
 444 0038 40F26652 		movw	r2, #1382
 445 003c 9342     		cmp	r3, r2
 446 003e 10D0     		beq	.L40
 447 0040 40F26652 		movw	r2, #1382
 448 0044 9342     		cmp	r3, r2
 449 0046 03DC     		bgt	.L41
 450 0048 B3F5916F 		cmp	r3, #1160
 451 004c 67D0     		beq	.L42
 452              		.loc 1 100 0
 453 004e 7CE0     		b	.L45
 454              	.L41:
  61:can_manga.c   ****         case 0x566:    //Curtis Status 566
 455              		.loc 1 61 0
 456 0050 40F26662 		movw	r2, #1638
 457 0054 9342     		cmp	r3, r2
 458 0056 36D0     		beq	.L43
 459 0058 40F22672 		movw	r2, #1830
 460 005c 9342     		cmp	r3, r2
 461 005e 2ED0     		beq	.L44
 462              		.loc 1 100 0
 463 0060 73E0     		b	.L45
 464              	.L40:
  63:can_manga.c   ****             ABS_MOTOR_RPM = msg[CAN_DATA_BYTE_3] << 8;  //high byte
 465              		.loc 1 63 0
 466 0062 7B68     		ldr	r3, [r7, #4]
 467 0064 DA78     		ldrb	r2, [r3, #3]	@ zero_extendqisi2
ARM GAS  D:\Windows\AppData\Local\Temp\ccEjsxEu.s 			page 11


 468 0066 3C4B     		ldr	r3, .L46
 469 0068 1A70     		strb	r2, [r3]
  64:can_manga.c   ****             ABS_MOTOR_RPM = ABS_MOTOR_RPM | msg[CAN_DATA_BYTE_4];       //low byte
 470              		.loc 1 64 0
 471 006a 7B68     		ldr	r3, [r7, #4]
 472 006c 0133     		adds	r3, r3, #1
 473 006e 1B78     		ldrb	r3, [r3]	@ zero_extendqisi2
 474 0070 9BB2     		uxth	r3, r3
 475 0072 1B02     		lsls	r3, r3, #8
 476 0074 9AB2     		uxth	r2, r3
 477 0076 394B     		ldr	r3, .L46+4
 478 0078 1A80     		strh	r2, [r3]	@ movhi
  65:can_manga.c   ****             MTR_TEMP = msg[CAN_DATA_BYTE_5] << 8;
 479              		.loc 1 65 0
 480 007a 7B68     		ldr	r3, [r7, #4]
 481 007c 1B78     		ldrb	r3, [r3]	@ zero_extendqisi2
 482 007e 9AB2     		uxth	r2, r3
 483 0080 364B     		ldr	r3, .L46+4
 484 0082 1B88     		ldrh	r3, [r3]	@ movhi
 485 0084 9BB2     		uxth	r3, r3
 486 0086 1343     		orrs	r3, r3, r2
 487 0088 9AB2     		uxth	r2, r3
 488 008a 344B     		ldr	r3, .L46+4
 489 008c 1A80     		strh	r2, [r3]	@ movhi
  66:can_manga.c   ****             MTR_TEMP = MTR_TEMP | msg[CAN_DATA_BYTE_6];
 490              		.loc 1 66 0
 491 008e 7B68     		ldr	r3, [r7, #4]
 492 0090 0733     		adds	r3, r3, #7
 493 0092 1B78     		ldrb	r3, [r3]	@ zero_extendqisi2
 494 0094 9BB2     		uxth	r3, r3
 495 0096 1B02     		lsls	r3, r3, #8
 496 0098 9AB2     		uxth	r2, r3
 497 009a 314B     		ldr	r3, .L46+8
 498 009c 1A80     		strh	r2, [r3]	@ movhi
  67:can_manga.c   ****             //led_write_tach(ABS_MOTOR_RPM);
 499              		.loc 1 67 0
 500 009e 7B68     		ldr	r3, [r7, #4]
 501 00a0 0633     		adds	r3, r3, #6
 502 00a2 1B78     		ldrb	r3, [r3]	@ zero_extendqisi2
 503 00a4 9AB2     		uxth	r2, r3
 504 00a6 2E4B     		ldr	r3, .L46+8
 505 00a8 1B88     		ldrh	r3, [r3]	@ movhi
 506 00aa 9BB2     		uxth	r3, r3
 507 00ac 1343     		orrs	r3, r3, r2
 508 00ae 9AB2     		uxth	r2, r3
 509 00b0 2B4B     		ldr	r3, .L46+8
 510 00b2 1A80     		strh	r2, [r3]	@ movhi
  70:can_manga.c   ****         case 0x0A6:
 511              		.loc 1 70 0
 512 00b4 49E0     		b	.L45
 513              	.L39:
  72:can_manga.c   ****             break;
 514              		.loc 1 72 0
 515 00b6 2B4B     		ldr	r3, .L46+12
 516 00b8 0122     		movs	r2, #1
 517 00ba 1A70     		strb	r2, [r3]
  73:can_manga.c   ****         case 0x726:
ARM GAS  D:\Windows\AppData\Local\Temp\ccEjsxEu.s 			page 12


 518              		.loc 1 73 0
 519 00bc 45E0     		b	.L45
 520              	.L44:
  75:can_manga.c   ****             break;
 521              		.loc 1 75 0
 522 00be 2A4B     		ldr	r3, .L46+16
 523 00c0 0122     		movs	r2, #1
 524 00c2 1A70     		strb	r2, [r3]
  76:can_manga.c   ****         case 0x666:    //Curtis Recieve
 525              		.loc 1 76 0
 526 00c4 41E0     		b	.L45
 527              	.L43:
  78:can_manga.c   ****             MTR_CTRL_TEMP = msg[CAN_DATA_BYTE_7] << 8;
 528              		.loc 1 78 0
 529 00c6 7B68     		ldr	r3, [r7, #4]
 530 00c8 DA78     		ldrb	r2, [r3, #3]	@ zero_extendqisi2
 531 00ca 284B     		ldr	r3, .L46+20
 532 00cc 1A70     		strb	r2, [r3]
  79:can_manga.c   ****             MTR_CTRL_TEMP = MTR_CTRL_TEMP | msg[CAN_DATA_BYTE_8];
 533              		.loc 1 79 0
 534 00ce 7B68     		ldr	r3, [r7, #4]
 535 00d0 0533     		adds	r3, r3, #5
 536 00d2 1B78     		ldrb	r3, [r3]	@ zero_extendqisi2
 537 00d4 9BB2     		uxth	r3, r3
 538 00d6 1B02     		lsls	r3, r3, #8
 539 00d8 9AB2     		uxth	r2, r3
 540 00da 254B     		ldr	r3, .L46+24
 541 00dc 1A80     		strh	r2, [r3]	@ movhi
  80:can_manga.c   ****             //led_write_b3(MTR_CTRL_TEMP);
 542              		.loc 1 80 0
 543 00de 7B68     		ldr	r3, [r7, #4]
 544 00e0 0433     		adds	r3, r3, #4
 545 00e2 1B78     		ldrb	r3, [r3]	@ zero_extendqisi2
 546 00e4 9AB2     		uxth	r2, r3
 547 00e6 224B     		ldr	r3, .L46+24
 548 00e8 1B88     		ldrh	r3, [r3]	@ movhi
 549 00ea 9BB2     		uxth	r3, r3
 550 00ec 1343     		orrs	r3, r3, r2
 551 00ee 9AB2     		uxth	r2, r3
 552 00f0 1F4B     		ldr	r3, .L46+24
 553 00f2 1A80     		strh	r2, [r3]	@ movhi
  82:can_manga.c   ****         case 0x201:
 554              		.loc 1 82 0
 555 00f4 29E0     		b	.L45
 556              	.L38:
  84:can_manga.c   ****             break;
 557              		.loc 1 84 0
 558 00f6 7B68     		ldr	r3, [r7, #4]
 559 00f8 DA78     		ldrb	r2, [r3, #3]	@ zero_extendqisi2
 560 00fa 1E4B     		ldr	r3, .L46+28
 561 00fc 1A70     		strb	r2, [r3]
  85:can_manga.c   ****         case 0x200: 
 562              		.loc 1 85 0
 563 00fe 24E0     		b	.L45
 564              	.L37:
  87:can_manga.c   ****             THROTTLE_HIGH = msg[CAN_DATA_BYTE_2];
 565              		.loc 1 87 0
ARM GAS  D:\Windows\AppData\Local\Temp\ccEjsxEu.s 			page 13


 566 0100 7B68     		ldr	r3, [r7, #4]
 567 0102 0333     		adds	r3, r3, #3
 568 0104 1B78     		ldrb	r3, [r3]	@ zero_extendqisi2
 569 0106 9AB2     		uxth	r2, r3
 570 0108 1B4B     		ldr	r3, .L46+32
 571 010a 1A80     		strh	r2, [r3]	@ movhi
  88:can_manga.c   ****             THROTTLE_LOW = msg[CAN_DATA_BYTE_3];
 572              		.loc 1 88 0
 573 010c 7B68     		ldr	r3, [r7, #4]
 574 010e 9A78     		ldrb	r2, [r3, #2]	@ zero_extendqisi2
 575 0110 1A4B     		ldr	r3, .L46+36
 576 0112 1A70     		strb	r2, [r3]
  89:can_manga.c   ****             break;
 577              		.loc 1 89 0
 578 0114 7B68     		ldr	r3, [r7, #4]
 579 0116 5A78     		ldrb	r2, [r3, #1]	@ zero_extendqisi2
 580 0118 194B     		ldr	r3, .L46+40
 581 011a 1A70     		strb	r2, [r3]
  90:can_manga.c   ****         case 0x488:     //BMS_TEMP
 582              		.loc 1 90 0
 583 011c 15E0     		b	.L45
 584              	.L42:
  92:can_manga.c   ****             led_write_b1(BMS_TEMP);
 585              		.loc 1 92 0
 586 011e 7B68     		ldr	r3, [r7, #4]
 587 0120 1A79     		ldrb	r2, [r3, #4]	@ zero_extendqisi2
 588 0122 184B     		ldr	r3, .L46+44
 589 0124 1A70     		strb	r2, [r3]
  93:can_manga.c   ****             break;
 590              		.loc 1 93 0
 591 0126 174B     		ldr	r3, .L46+44
 592 0128 1B78     		ldrb	r3, [r3]
 593 012a DBB2     		uxtb	r3, r3
 594 012c 1846     		mov	r0, r3
 595 012e FFF7FEFF 		bl	led_write_b1
  94:can_manga.c   ****         case 0x247:     //sensor_status SoC pct
 596              		.loc 1 94 0
 597 0132 0AE0     		b	.L45
 598              	.L35:
  96:can_manga.c   ****             led_write_c1(SoC);
 599              		.loc 1 96 0
 600 0134 7B68     		ldr	r3, [r7, #4]
 601 0136 5A79     		ldrb	r2, [r3, #5]	@ zero_extendqisi2
 602 0138 134B     		ldr	r3, .L46+48
 603 013a 1A70     		strb	r2, [r3]
  97:can_manga.c   ****             break;
 604              		.loc 1 97 0
 605 013c 124B     		ldr	r3, .L46+48
 606 013e 1B78     		ldrb	r3, [r3]
 607 0140 DBB2     		uxtb	r3, r3
 608 0142 1846     		mov	r0, r3
 609 0144 FFF7FEFF 		bl	led_write_c1
  98:can_manga.c   ****         default:
 610              		.loc 1 98 0
 611 0148 00BF     		nop
 612              	.L45:
 101:can_manga.c   ****     } //switch
ARM GAS  D:\Windows\AppData\Local\Temp\ccEjsxEu.s 			page 14


 102:can_manga.c   ****     CyExitCriticalSection(InterruptState);
 613              		.loc 1 102 0
 614 014a FB7B     		ldrb	r3, [r7, #15]	@ zero_extendqisi2
 615 014c 1846     		mov	r0, r3
 616 014e FFF7FEFF 		bl	CyExitCriticalSection
 103:can_manga.c   **** }
 617              		.loc 1 103 0
 618 0152 1037     		adds	r7, r7, #16
 619              		.cfi_def_cfa_offset 8
 620 0154 BD46     		mov	sp, r7
 621              		.cfi_def_cfa_register 13
 622              		@ sp needed
 623 0156 80BD     		pop	{r7, pc}
 624              	.L47:
 625              		.align	2
 626              	.L46:
 627 0158 00000000 		.word	CAPACITOR_VOLT
 628 015c 00000000 		.word	ABS_MOTOR_RPM
 629 0160 00000000 		.word	MTR_TEMP
 630 0164 00000000 		.word	CURTIS_FAULT_CHECK
 631 0168 00000000 		.word	CURTIS_HEART_BEAT_CHECK
 632 016c 00000000 		.word	ACK_RX
 633 0170 00000000 		.word	MTR_CTRL_TEMP
 634 0174 00000000 		.word	ERROR_TOLERANCE
 635 0178 00000000 		.word	THROTTLE_CHECK_BIT
 636 017c 00000000 		.word	THROTTLE_HIGH
 637 0180 00000000 		.word	THROTTLE_LOW
 638 0184 00000000 		.word	BMS_TEMP
 639 0188 00000000 		.word	SoC
 640              		.cfi_endproc
 641              	.LFE71:
 642              		.size	can_receive, .-can_receive
 643              		.section	.text.can_test_send,"ax",%progbits
 644              		.align	2
 645              		.global	can_test_send
 646              		.thumb
 647              		.thumb_func
 648              		.type	can_test_send, %function
 649              	can_test_send:
 650              	.LFB72:
 104:can_manga.c   **** 
 105:can_manga.c   **** void can_test_send()
 106:can_manga.c   **** {
 651              		.loc 1 106 0
 652              		.cfi_startproc
 653              		@ args = 0, pretend = 0, frame = 16
 654              		@ frame_needed = 1, uses_anonymous_args = 0
 655 0000 80B5     		push	{r7, lr}
 656              		.cfi_def_cfa_offset 8
 657              		.cfi_offset 7, -8
 658              		.cfi_offset 14, -4
 659 0002 84B0     		sub	sp, sp, #16
 660              		.cfi_def_cfa_offset 24
 661 0004 00AF     		add	r7, sp, #0
 662              		.cfi_def_cfa_register 7
 107:can_manga.c   ****     //CAN_1_DATA_BYTES_MSG msg;
 108:can_manga.c   ****     CAN_TX_MSG HeartB;
ARM GAS  D:\Windows\AppData\Local\Temp\ccEjsxEu.s 			page 15


 109:can_manga.c   ****     
 110:can_manga.c   ****     HeartB.id = 0x300;
 663              		.loc 1 110 0
 664 0006 4FF44073 		mov	r3, #768
 665 000a 7B60     		str	r3, [r7, #4]
 111:can_manga.c   ****     HeartB.rtr = 0;
 666              		.loc 1 111 0
 667 000c 0023     		movs	r3, #0
 668 000e 3B72     		strb	r3, [r7, #8]
 112:can_manga.c   ****     HeartB.ide = 0;
 669              		.loc 1 112 0
 670 0010 0023     		movs	r3, #0
 671 0012 7B72     		strb	r3, [r7, #9]
 113:can_manga.c   ****     HeartB.dlc = 1;
 672              		.loc 1 113 0
 673 0014 0123     		movs	r3, #1
 674 0016 BB72     		strb	r3, [r7, #10]
 114:can_manga.c   ****     
 115:can_manga.c   ****     HeartB.irq = 0;
 675              		.loc 1 115 0
 676 0018 0023     		movs	r3, #0
 677 001a FB72     		strb	r3, [r7, #11]
 116:can_manga.c   ****     
 117:can_manga.c   ****     HeartB.msg->byte[0] = (uint8) 1;
 678              		.loc 1 117 0
 679 001c FB68     		ldr	r3, [r7, #12]
 680 001e 0122     		movs	r2, #1
 681 0020 1A70     		strb	r2, [r3]
 118:can_manga.c   ****     HeartB.msg->byte[1] = (uint8) 1;
 682              		.loc 1 118 0
 683 0022 FB68     		ldr	r3, [r7, #12]
 684 0024 0122     		movs	r2, #1
 685 0026 5A70     		strb	r2, [r3, #1]
 119:can_manga.c   ****     HeartB.msg->byte[2] = (uint8) 1;
 686              		.loc 1 119 0
 687 0028 FB68     		ldr	r3, [r7, #12]
 688 002a 0122     		movs	r2, #1
 689 002c 9A70     		strb	r2, [r3, #2]
 120:can_manga.c   ****     HeartB.msg->byte[3] = (uint8) 1;
 690              		.loc 1 120 0
 691 002e FB68     		ldr	r3, [r7, #12]
 692 0030 0122     		movs	r2, #1
 693 0032 DA70     		strb	r2, [r3, #3]
 121:can_manga.c   ****     HeartB.msg->byte[4] = (uint8) 1;
 694              		.loc 1 121 0
 695 0034 FB68     		ldr	r3, [r7, #12]
 696 0036 0122     		movs	r2, #1
 697 0038 1A71     		strb	r2, [r3, #4]
 122:can_manga.c   ****     HeartB.msg->byte[5] = (uint8) 1;
 698              		.loc 1 122 0
 699 003a FB68     		ldr	r3, [r7, #12]
 700 003c 0122     		movs	r2, #1
 701 003e 5A71     		strb	r2, [r3, #5]
 123:can_manga.c   ****     HeartB.msg->byte[6] = (uint8) 1;
 702              		.loc 1 123 0
 703 0040 FB68     		ldr	r3, [r7, #12]
 704 0042 0122     		movs	r2, #1
ARM GAS  D:\Windows\AppData\Local\Temp\ccEjsxEu.s 			page 16


 705 0044 9A71     		strb	r2, [r3, #6]
 124:can_manga.c   ****     HeartB.msg->byte[7] = (uint8) 1;
 706              		.loc 1 124 0
 707 0046 FB68     		ldr	r3, [r7, #12]
 708 0048 0122     		movs	r2, #1
 709 004a DA71     		strb	r2, [r3, #7]
 125:can_manga.c   ****     
 126:can_manga.c   ****     CAN_SendMsg(&HeartB);
 710              		.loc 1 126 0
 711 004c 3B1D     		adds	r3, r7, #4
 712 004e 1846     		mov	r0, r3
 713 0050 FFF7FEFF 		bl	CAN_SendMsg
 127:can_manga.c   **** }
 714              		.loc 1 127 0
 715 0054 1037     		adds	r7, r7, #16
 716              		.cfi_def_cfa_offset 8
 717 0056 BD46     		mov	sp, r7
 718              		.cfi_def_cfa_register 13
 719              		@ sp needed
 720 0058 80BD     		pop	{r7, pc}
 721              		.cfi_endproc
 722              	.LFE72:
 723              		.size	can_test_send, .-can_test_send
 724 005a 00BF     		.section	.text.can_send,"ax",%progbits
 725              		.align	2
 726              		.global	can_send
 727              		.thumb
 728              		.thumb_func
 729              		.type	can_send, %function
 730              	can_send:
 731              	.LFB73:
 128:can_manga.c   **** 
 129:can_manga.c   **** void can_send(uint8_t data[8], uint32_t ID)
 130:can_manga.c   **** {
 732              		.loc 1 130 0
 733              		.cfi_startproc
 734              		@ args = 0, pretend = 0, frame = 32
 735              		@ frame_needed = 1, uses_anonymous_args = 0
 736 0000 80B5     		push	{r7, lr}
 737              		.cfi_def_cfa_offset 8
 738              		.cfi_offset 7, -8
 739              		.cfi_offset 14, -4
 740 0002 88B0     		sub	sp, sp, #32
 741              		.cfi_def_cfa_offset 40
 742 0004 00AF     		add	r7, sp, #0
 743              		.cfi_def_cfa_register 7
 744 0006 7860     		str	r0, [r7, #4]
 745 0008 3960     		str	r1, [r7]
 131:can_manga.c   ****     uint8_t i;
 132:can_manga.c   **** 	CAN_TX_MSG message;
 133:can_manga.c   **** 	CAN_DATA_BYTES_MSG payload;
 134:can_manga.c   **** 	message.id = ID; 
 746              		.loc 1 134 0
 747 000a 3B68     		ldr	r3, [r7]
 748 000c 3B61     		str	r3, [r7, #16]
 135:can_manga.c   **** 	message.rtr = 0;
 749              		.loc 1 135 0
ARM GAS  D:\Windows\AppData\Local\Temp\ccEjsxEu.s 			page 17


 750 000e 0023     		movs	r3, #0
 751 0010 3B75     		strb	r3, [r7, #20]
 136:can_manga.c   **** 	message.ide = 0;
 752              		.loc 1 136 0
 753 0012 0023     		movs	r3, #0
 754 0014 7B75     		strb	r3, [r7, #21]
 137:can_manga.c   **** 	message.dlc = 0x08;
 755              		.loc 1 137 0
 756 0016 0823     		movs	r3, #8
 757 0018 BB75     		strb	r3, [r7, #22]
 138:can_manga.c   **** 	message.irq = 0;
 758              		.loc 1 138 0
 759 001a 0023     		movs	r3, #0
 760 001c FB75     		strb	r3, [r7, #23]
 139:can_manga.c   **** 	message.msg = &payload;
 761              		.loc 1 139 0
 762 001e 07F10803 		add	r3, r7, #8
 763 0022 BB61     		str	r3, [r7, #24]
 140:can_manga.c   **** 	for(i=0;i<8;i++)
 764              		.loc 1 140 0
 765 0024 0023     		movs	r3, #0
 766 0026 FB77     		strb	r3, [r7, #31]
 767 0028 0CE0     		b	.L50
 768              	.L51:
 141:can_manga.c   **** 		payload.byte[i] = data[i];
 769              		.loc 1 141 0 discriminator 3
 770 002a FB7F     		ldrb	r3, [r7, #31]	@ zero_extendqisi2
 771 002c FA7F     		ldrb	r2, [r7, #31]	@ zero_extendqisi2
 772 002e 7968     		ldr	r1, [r7, #4]
 773 0030 0A44     		add	r2, r2, r1
 774 0032 1278     		ldrb	r2, [r2]	@ zero_extendqisi2
 775 0034 07F12001 		add	r1, r7, #32
 776 0038 0B44     		add	r3, r3, r1
 777 003a 03F8182C 		strb	r2, [r3, #-24]
 140:can_manga.c   **** 	for(i=0;i<8;i++)
 778              		.loc 1 140 0 discriminator 3
 779 003e FB7F     		ldrb	r3, [r7, #31]	@ zero_extendqisi2
 780 0040 0133     		adds	r3, r3, #1
 781 0042 FB77     		strb	r3, [r7, #31]
 782              	.L50:
 140:can_manga.c   **** 	for(i=0;i<8;i++)
 783              		.loc 1 140 0 is_stmt 0 discriminator 1
 784 0044 FB7F     		ldrb	r3, [r7, #31]	@ zero_extendqisi2
 785 0046 072B     		cmp	r3, #7
 786 0048 EFD9     		bls	.L51
 142:can_manga.c   **** 	CAN_SendMsg(&message); 
 787              		.loc 1 142 0 is_stmt 1
 788 004a 07F11003 		add	r3, r7, #16
 789 004e 1846     		mov	r0, r3
 790 0050 FFF7FEFF 		bl	CAN_SendMsg
 143:can_manga.c   **** }
 791              		.loc 1 143 0
 792 0054 2037     		adds	r7, r7, #32
 793              		.cfi_def_cfa_offset 8
 794 0056 BD46     		mov	sp, r7
 795              		.cfi_def_cfa_register 13
 796              		@ sp needed
ARM GAS  D:\Windows\AppData\Local\Temp\ccEjsxEu.s 			page 18


 797 0058 80BD     		pop	{r7, pc}
 798              		.cfi_endproc
 799              	.LFE73:
 800              		.size	can_send, .-can_send
 801 005a 00BF     		.section	.text.can_send_status,"ax",%progbits
 802              		.align	2
 803              		.global	can_send_status
 804              		.thumb
 805              		.thumb_func
 806              		.type	can_send_status, %function
 807              	can_send_status:
 808              	.LFB74:
 144:can_manga.c   **** 
 145:can_manga.c   **** void can_send_status(
 146:can_manga.c   ****     uint8_t state,
 147:can_manga.c   ****     uint8_t errorState)
 148:can_manga.c   **** {
 809              		.loc 1 148 0
 810              		.cfi_startproc
 811              		@ args = 0, pretend = 0, frame = 16
 812              		@ frame_needed = 1, uses_anonymous_args = 0
 813 0000 80B5     		push	{r7, lr}
 814              		.cfi_def_cfa_offset 8
 815              		.cfi_offset 7, -8
 816              		.cfi_offset 14, -4
 817 0002 84B0     		sub	sp, sp, #16
 818              		.cfi_def_cfa_offset 24
 819 0004 00AF     		add	r7, sp, #0
 820              		.cfi_def_cfa_register 7
 821 0006 0346     		mov	r3, r0
 822 0008 0A46     		mov	r2, r1
 823 000a FB71     		strb	r3, [r7, #7]
 824 000c 1346     		mov	r3, r2
 825 000e BB71     		strb	r3, [r7, #6]
 149:can_manga.c   ****     //max and min voltage means the voltage of single cell
 150:can_manga.c   ****         uint8_t data[8];
 151:can_manga.c   ****         
 152:can_manga.c   ****         data[0] = state;
 826              		.loc 1 152 0
 827 0010 FB79     		ldrb	r3, [r7, #7]
 828 0012 3B72     		strb	r3, [r7, #8]
 153:can_manga.c   ****         data[1] = errorState;
 829              		.loc 1 153 0
 830 0014 BB79     		ldrb	r3, [r7, #6]
 831 0016 7B72     		strb	r3, [r7, #9]
 154:can_manga.c   ****         
 155:can_manga.c   ****         data[2] = 0;
 832              		.loc 1 155 0
 833 0018 0023     		movs	r3, #0
 834 001a BB72     		strb	r3, [r7, #10]
 156:can_manga.c   ****         data[3] = 0;
 835              		.loc 1 156 0
 836 001c 0023     		movs	r3, #0
 837 001e FB72     		strb	r3, [r7, #11]
 157:can_manga.c   ****         
 158:can_manga.c   ****         data[4] = 0;
 838              		.loc 1 158 0
ARM GAS  D:\Windows\AppData\Local\Temp\ccEjsxEu.s 			page 19


 839 0020 0023     		movs	r3, #0
 840 0022 3B73     		strb	r3, [r7, #12]
 159:can_manga.c   ****         data[5] = 0;
 841              		.loc 1 159 0
 842 0024 0023     		movs	r3, #0
 843 0026 7B73     		strb	r3, [r7, #13]
 160:can_manga.c   ****         data[6] = 0;
 844              		.loc 1 160 0
 845 0028 0023     		movs	r3, #0
 846 002a BB73     		strb	r3, [r7, #14]
 161:can_manga.c   ****         data[7] = 0;
 847              		.loc 1 161 0
 848 002c 0023     		movs	r3, #0
 849 002e FB73     		strb	r3, [r7, #15]
 162:can_manga.c   **** 
 163:can_manga.c   ****         can_send(data, 0x626);
 850              		.loc 1 163 0
 851 0030 07F10803 		add	r3, r7, #8
 852 0034 1846     		mov	r0, r3
 853 0036 40F22661 		movw	r1, #1574
 854 003a FFF7FEFF 		bl	can_send
 164:can_manga.c   **** 
 165:can_manga.c   ****         
 166:can_manga.c   **** } // can_send_status()
 855              		.loc 1 166 0
 856 003e 1037     		adds	r7, r7, #16
 857              		.cfi_def_cfa_offset 8
 858 0040 BD46     		mov	sp, r7
 859              		.cfi_def_cfa_register 13
 860              		@ sp needed
 861 0042 80BD     		pop	{r7, pc}
 862              		.cfi_endproc
 863              	.LFE74:
 864              		.size	can_send_status, .-can_send_status
 865              		.section	.text.can_send_cmd,"ax",%progbits
 866              		.align	2
 867              		.global	can_send_cmd
 868              		.thumb
 869              		.thumb_func
 870              		.type	can_send_cmd, %function
 871              	can_send_cmd:
 872              	.LFB75:
 167:can_manga.c   **** 
 168:can_manga.c   **** void can_send_cmd(
 169:can_manga.c   ****     uint8_t SetInterlock,
 170:can_manga.c   ****     uint16_t VCL_Throttle_High,
 171:can_manga.c   ****     uint16_t VCL_Throttle_Low
 172:can_manga.c   **** )
 173:can_manga.c   **** {
 873              		.loc 1 173 0
 874              		.cfi_startproc
 875              		@ args = 0, pretend = 0, frame = 16
 876              		@ frame_needed = 1, uses_anonymous_args = 0
 877 0000 80B5     		push	{r7, lr}
 878              		.cfi_def_cfa_offset 8
 879              		.cfi_offset 7, -8
 880              		.cfi_offset 14, -4
ARM GAS  D:\Windows\AppData\Local\Temp\ccEjsxEu.s 			page 20


 881 0002 84B0     		sub	sp, sp, #16
 882              		.cfi_def_cfa_offset 24
 883 0004 00AF     		add	r7, sp, #0
 884              		.cfi_def_cfa_register 7
 885 0006 0346     		mov	r3, r0
 886 0008 FB71     		strb	r3, [r7, #7]
 887 000a 0B46     		mov	r3, r1	@ movhi
 888 000c BB80     		strh	r3, [r7, #4]	@ movhi
 889 000e 1346     		mov	r3, r2	@ movhi
 890 0010 7B80     		strh	r3, [r7, #2]	@ movhi
 174:can_manga.c   ****     //max and min voltage means the voltage of single cell
 175:can_manga.c   ****         
 176:can_manga.c   ****         uint8_t data[8];
 177:can_manga.c   ****         
 178:can_manga.c   ****         data[0] = SetInterlock;
 891              		.loc 1 178 0
 892 0012 FB79     		ldrb	r3, [r7, #7]
 893 0014 3B72     		strb	r3, [r7, #8]
 179:can_manga.c   ****         
 180:can_manga.c   ****         data[1] = VCL_Throttle_High;
 894              		.loc 1 180 0
 895 0016 BB88     		ldrh	r3, [r7, #4]	@ movhi
 896 0018 DBB2     		uxtb	r3, r3
 897 001a 7B72     		strb	r3, [r7, #9]
 181:can_manga.c   ****         data[2] = VCL_Throttle_Low;
 898              		.loc 1 181 0
 899 001c 7B88     		ldrh	r3, [r7, #2]	@ movhi
 900 001e DBB2     		uxtb	r3, r3
 901 0020 BB72     		strb	r3, [r7, #10]
 182:can_manga.c   ****         
 183:can_manga.c   ****         data[3] = 0;
 902              		.loc 1 183 0
 903 0022 0023     		movs	r3, #0
 904 0024 FB72     		strb	r3, [r7, #11]
 184:can_manga.c   ****         data[4] = 0;
 905              		.loc 1 184 0
 906 0026 0023     		movs	r3, #0
 907 0028 3B73     		strb	r3, [r7, #12]
 185:can_manga.c   ****         
 186:can_manga.c   ****         data[5] = 0;
 908              		.loc 1 186 0
 909 002a 0023     		movs	r3, #0
 910 002c 7B73     		strb	r3, [r7, #13]
 187:can_manga.c   ****         data[6] = 0;
 911              		.loc 1 187 0
 912 002e 0023     		movs	r3, #0
 913 0030 BB73     		strb	r3, [r7, #14]
 188:can_manga.c   ****         data[7] = 0;
 914              		.loc 1 188 0
 915 0032 0023     		movs	r3, #0
 916 0034 FB73     		strb	r3, [r7, #15]
 189:can_manga.c   **** 
 190:can_manga.c   ****         can_send(data, 0x766);
 917              		.loc 1 190 0
 918 0036 07F10803 		add	r3, r7, #8
 919 003a 1846     		mov	r0, r3
 920 003c 40F26671 		movw	r1, #1894
ARM GAS  D:\Windows\AppData\Local\Temp\ccEjsxEu.s 			page 21


 921 0040 FFF7FEFF 		bl	can_send
 191:can_manga.c   ****         CyDelay(1);
 922              		.loc 1 191 0
 923 0044 0120     		movs	r0, #1
 924 0046 FFF7FEFF 		bl	CyDelay
 192:can_manga.c   **** 
 193:can_manga.c   **** } // can_send_cmd()
 925              		.loc 1 193 0
 926 004a 1037     		adds	r7, r7, #16
 927              		.cfi_def_cfa_offset 8
 928 004c BD46     		mov	sp, r7
 929              		.cfi_def_cfa_register 13
 930              		@ sp needed
 931 004e 80BD     		pop	{r7, pc}
 932              		.cfi_endproc
 933              	.LFE75:
 934              		.size	can_send_cmd, .-can_send_cmd
 935              		.text
 936              	.Letext0:
 937              		.file 2 "d:\\programming\\cypress\\psoc creator\\4.0\\psoc creator\\import\\gnu\\arm\\4.9.3\\arm-n
 938              		.file 3 "d:\\programming\\cypress\\psoc creator\\4.0\\psoc creator\\import\\gnu\\arm\\4.9.3\\arm-n
 939              		.file 4 "Generated_Source\\PSoC5/cytypes.h"
 940              		.file 5 "Generated_Source\\PSoC5/CAN.h"
 941              		.file 6 "Generated_Source\\PSoC5/core_cm3.h"
 942              		.section	.debug_info,"",%progbits
 943              	.Ldebug_info0:
 944 0000 9B040000 		.4byte	0x49b
 945 0004 0400     		.2byte	0x4
 946 0006 00000000 		.4byte	.Ldebug_abbrev0
 947 000a 04       		.byte	0x4
 948 000b 01       		.uleb128 0x1
 949 000c F0000000 		.4byte	.LASF62
 950 0010 01       		.byte	0x1
 951 0011 89030000 		.4byte	.LASF63
 952 0015 02020000 		.4byte	.LASF64
 953 0019 00000000 		.4byte	.Ldebug_ranges0+0
 954 001d 00000000 		.4byte	0
 955 0021 00000000 		.4byte	.Ldebug_line0
 956 0025 02       		.uleb128 0x2
 957 0026 01       		.byte	0x1
 958 0027 06       		.byte	0x6
 959 0028 F6010000 		.4byte	.LASF0
 960 002c 03       		.uleb128 0x3
 961 002d 9F010000 		.4byte	.LASF3
 962 0031 02       		.byte	0x2
 963 0032 1D       		.byte	0x1d
 964 0033 37000000 		.4byte	0x37
 965 0037 02       		.uleb128 0x2
 966 0038 01       		.byte	0x1
 967 0039 08       		.byte	0x8
 968 003a D1010000 		.4byte	.LASF1
 969 003e 02       		.uleb128 0x2
 970 003f 02       		.byte	0x2
 971 0040 05       		.byte	0x5
 972 0041 3E000000 		.4byte	.LASF2
 973 0045 03       		.uleb128 0x3
 974 0046 72000000 		.4byte	.LASF4
ARM GAS  D:\Windows\AppData\Local\Temp\ccEjsxEu.s 			page 22


 975 004a 02       		.byte	0x2
 976 004b 2B       		.byte	0x2b
 977 004c 50000000 		.4byte	0x50
 978 0050 02       		.uleb128 0x2
 979 0051 02       		.byte	0x2
 980 0052 07       		.byte	0x7
 981 0053 BC020000 		.4byte	.LASF5
 982 0057 03       		.uleb128 0x3
 983 0058 7F030000 		.4byte	.LASF6
 984 005c 02       		.byte	0x2
 985 005d 3F       		.byte	0x3f
 986 005e 62000000 		.4byte	0x62
 987 0062 02       		.uleb128 0x2
 988 0063 04       		.byte	0x4
 989 0064 05       		.byte	0x5
 990 0065 F1020000 		.4byte	.LASF7
 991 0069 03       		.uleb128 0x3
 992 006a 67000000 		.4byte	.LASF8
 993 006e 02       		.byte	0x2
 994 006f 41       		.byte	0x41
 995 0070 74000000 		.4byte	0x74
 996 0074 02       		.uleb128 0x2
 997 0075 04       		.byte	0x4
 998 0076 07       		.byte	0x7
 999 0077 8D010000 		.4byte	.LASF9
 1000 007b 02       		.uleb128 0x2
 1001 007c 08       		.byte	0x8
 1002 007d 05       		.byte	0x5
 1003 007e C9000000 		.4byte	.LASF10
 1004 0082 02       		.uleb128 0x2
 1005 0083 08       		.byte	0x8
 1006 0084 07       		.byte	0x7
 1007 0085 3F020000 		.4byte	.LASF11
 1008 0089 04       		.uleb128 0x4
 1009 008a 04       		.byte	0x4
 1010 008b 05       		.byte	0x5
 1011 008c 696E7400 		.ascii	"int\000"
 1012 0090 02       		.uleb128 0x2
 1013 0091 04       		.byte	0x4
 1014 0092 07       		.byte	0x7
 1015 0093 5F020000 		.4byte	.LASF12
 1016 0097 03       		.uleb128 0x3
 1017 0098 9C000000 		.4byte	.LASF13
 1018 009c 03       		.byte	0x3
 1019 009d 15       		.byte	0x15
 1020 009e 2C000000 		.4byte	0x2c
 1021 00a2 03       		.uleb128 0x3
 1022 00a3 6C020000 		.4byte	.LASF14
 1023 00a7 03       		.byte	0x3
 1024 00a8 21       		.byte	0x21
 1025 00a9 45000000 		.4byte	0x45
 1026 00ad 03       		.uleb128 0x3
 1027 00ae 0E030000 		.4byte	.LASF15
 1028 00b2 03       		.byte	0x3
 1029 00b3 2C       		.byte	0x2c
 1030 00b4 57000000 		.4byte	0x57
 1031 00b8 03       		.uleb128 0x3
ARM GAS  D:\Windows\AppData\Local\Temp\ccEjsxEu.s 			page 23


 1032 00b9 56020000 		.4byte	.LASF16
 1033 00bd 03       		.byte	0x3
 1034 00be 2D       		.byte	0x2d
 1035 00bf 69000000 		.4byte	0x69
 1036 00c3 05       		.uleb128 0x5
 1037 00c4 A4000000 		.4byte	.LASF17
 1038 00c8 04       		.byte	0x4
 1039 00c9 3801     		.2byte	0x138
 1040 00cb 37000000 		.4byte	0x37
 1041 00cf 05       		.uleb128 0x5
 1042 00d0 2C030000 		.4byte	.LASF18
 1043 00d4 04       		.byte	0x4
 1044 00d5 3A01     		.2byte	0x13a
 1045 00d7 74000000 		.4byte	0x74
 1046 00db 02       		.uleb128 0x2
 1047 00dc 04       		.byte	0x4
 1048 00dd 04       		.byte	0x4
 1049 00de B8000000 		.4byte	.LASF19
 1050 00e2 02       		.uleb128 0x2
 1051 00e3 08       		.byte	0x8
 1052 00e4 04       		.byte	0x4
 1053 00e5 09000000 		.4byte	.LASF20
 1054 00e9 02       		.uleb128 0x2
 1055 00ea 01       		.byte	0x1
 1056 00eb 08       		.byte	0x8
 1057 00ec EC020000 		.4byte	.LASF21
 1058 00f0 02       		.uleb128 0x2
 1059 00f1 04       		.byte	0x4
 1060 00f2 07       		.byte	0x7
 1061 00f3 48000000 		.4byte	.LASF22
 1062 00f7 06       		.uleb128 0x6
 1063 00f8 08       		.byte	0x8
 1064 00f9 05       		.byte	0x5
 1065 00fa 6F       		.byte	0x6f
 1066 00fb 0C010000 		.4byte	0x10c
 1067 00ff 07       		.uleb128 0x7
 1068 0100 7A030000 		.4byte	.LASF24
 1069 0104 05       		.byte	0x5
 1070 0105 71       		.byte	0x71
 1071 0106 0C010000 		.4byte	0x10c
 1072 010a 00       		.byte	0
 1073 010b 00       		.byte	0
 1074 010c 08       		.uleb128 0x8
 1075 010d C3000000 		.4byte	0xc3
 1076 0111 1C010000 		.4byte	0x11c
 1077 0115 09       		.uleb128 0x9
 1078 0116 F0000000 		.4byte	0xf0
 1079 011a 07       		.byte	0x7
 1080 011b 00       		.byte	0
 1081 011c 03       		.uleb128 0x3
 1082 011d 95030000 		.4byte	.LASF23
 1083 0121 05       		.byte	0x5
 1084 0122 72       		.byte	0x72
 1085 0123 F7000000 		.4byte	0xf7
 1086 0127 06       		.uleb128 0x6
 1087 0128 0C       		.byte	0xc
 1088 0129 05       		.byte	0x5
ARM GAS  D:\Windows\AppData\Local\Temp\ccEjsxEu.s 			page 24


 1089 012a 81       		.byte	0x81
 1090 012b 77010000 		.4byte	0x177
 1091 012f 0A       		.uleb128 0xa
 1092 0130 696400   		.ascii	"id\000"
 1093 0133 05       		.byte	0x5
 1094 0134 83       		.byte	0x83
 1095 0135 CF000000 		.4byte	0xcf
 1096 0139 00       		.byte	0
 1097 013a 0A       		.uleb128 0xa
 1098 013b 72747200 		.ascii	"rtr\000"
 1099 013f 05       		.byte	0x5
 1100 0140 84       		.byte	0x84
 1101 0141 C3000000 		.4byte	0xc3
 1102 0145 04       		.byte	0x4
 1103 0146 0A       		.uleb128 0xa
 1104 0147 69646500 		.ascii	"ide\000"
 1105 014b 05       		.byte	0x5
 1106 014c 85       		.byte	0x85
 1107 014d C3000000 		.4byte	0xc3
 1108 0151 05       		.byte	0x5
 1109 0152 0A       		.uleb128 0xa
 1110 0153 646C6300 		.ascii	"dlc\000"
 1111 0157 05       		.byte	0x5
 1112 0158 86       		.byte	0x86
 1113 0159 C3000000 		.4byte	0xc3
 1114 015d 06       		.byte	0x6
 1115 015e 0A       		.uleb128 0xa
 1116 015f 69727100 		.ascii	"irq\000"
 1117 0163 05       		.byte	0x5
 1118 0164 87       		.byte	0x87
 1119 0165 C3000000 		.4byte	0xc3
 1120 0169 07       		.byte	0x7
 1121 016a 0A       		.uleb128 0xa
 1122 016b 6D736700 		.ascii	"msg\000"
 1123 016f 05       		.byte	0x5
 1124 0170 8B       		.byte	0x8b
 1125 0171 77010000 		.4byte	0x177
 1126 0175 08       		.byte	0x8
 1127 0176 00       		.byte	0
 1128 0177 0B       		.uleb128 0xb
 1129 0178 04       		.byte	0x4
 1130 0179 1C010000 		.4byte	0x11c
 1131 017d 03       		.uleb128 0x3
 1132 017e 3B030000 		.4byte	.LASF25
 1133 0182 05       		.byte	0x5
 1134 0183 8C       		.byte	0x8c
 1135 0184 27010000 		.4byte	0x127
 1136 0188 0C       		.uleb128 0xc
 1137 0189 B8000000 		.4byte	0xb8
 1138 018d 0C       		.uleb128 0xc
 1139 018e 97000000 		.4byte	0x97
 1140 0192 0C       		.uleb128 0xc
 1141 0193 A2000000 		.4byte	0xa2
 1142 0197 0D       		.uleb128 0xd
 1143 0198 81020000 		.4byte	.LASF26
 1144 019c 01       		.byte	0x1
 1145 019d 1A       		.byte	0x1a
ARM GAS  D:\Windows\AppData\Local\Temp\ccEjsxEu.s 			page 25


 1146 019e 97000000 		.4byte	0x97
 1147 01a2 00000000 		.4byte	.LFB63
 1148 01a6 18000000 		.4byte	.LFE63-.LFB63
 1149 01aa 01       		.uleb128 0x1
 1150 01ab 9C       		.byte	0x9c
 1151 01ac 0D       		.uleb128 0xd
 1152 01ad FA020000 		.4byte	.LASF27
 1153 01b1 01       		.byte	0x1
 1154 01b2 1E       		.byte	0x1e
 1155 01b3 97000000 		.4byte	0x97
 1156 01b7 00000000 		.4byte	.LFB64
 1157 01bb 18000000 		.4byte	.LFE64-.LFB64
 1158 01bf 01       		.uleb128 0x1
 1159 01c0 9C       		.byte	0x9c
 1160 01c1 0D       		.uleb128 0xd
 1161 01c2 4F030000 		.4byte	.LASF28
 1162 01c6 01       		.byte	0x1
 1163 01c7 22       		.byte	0x22
 1164 01c8 97000000 		.4byte	0x97
 1165 01cc 00000000 		.4byte	.LFB65
 1166 01d0 18000000 		.4byte	.LFE65-.LFB65
 1167 01d4 01       		.uleb128 0x1
 1168 01d5 9C       		.byte	0x9c
 1169 01d6 0D       		.uleb128 0xd
 1170 01d7 DF010000 		.4byte	.LASF29
 1171 01db 01       		.byte	0x1
 1172 01dc 26       		.byte	0x26
 1173 01dd 97000000 		.4byte	0x97
 1174 01e1 00000000 		.4byte	.LFB66
 1175 01e5 18000000 		.4byte	.LFE66-.LFB66
 1176 01e9 01       		.uleb128 0x1
 1177 01ea 9C       		.byte	0x9c
 1178 01eb 0D       		.uleb128 0xd
 1179 01ec BF010000 		.4byte	.LASF30
 1180 01f0 01       		.byte	0x1
 1181 01f1 2A       		.byte	0x2a
 1182 01f2 97000000 		.4byte	0x97
 1183 01f6 00000000 		.4byte	.LFB67
 1184 01fa 18000000 		.4byte	.LFE67-.LFB67
 1185 01fe 01       		.uleb128 0x1
 1186 01ff 9C       		.byte	0x9c
 1187 0200 0D       		.uleb128 0xd
 1188 0201 AD020000 		.4byte	.LASF31
 1189 0205 01       		.byte	0x1
 1190 0206 2E       		.byte	0x2e
 1191 0207 97000000 		.4byte	0x97
 1192 020b 00000000 		.4byte	.LFB68
 1193 020f 1C000000 		.4byte	.LFE68-.LFB68
 1194 0213 01       		.uleb128 0x1
 1195 0214 9C       		.byte	0x9c
 1196 0215 0D       		.uleb128 0xd
 1197 0216 D7000000 		.4byte	.LASF32
 1198 021a 01       		.byte	0x1
 1199 021b 32       		.byte	0x32
 1200 021c 97000000 		.4byte	0x97
 1201 0220 00000000 		.4byte	.LFB69
 1202 0224 18000000 		.4byte	.LFE69-.LFB69
ARM GAS  D:\Windows\AppData\Local\Temp\ccEjsxEu.s 			page 26


 1203 0228 01       		.uleb128 0x1
 1204 0229 9C       		.byte	0x9c
 1205 022a 0D       		.uleb128 0xd
 1206 022b CF020000 		.4byte	.LASF33
 1207 022f 01       		.byte	0x1
 1208 0230 36       		.byte	0x36
 1209 0231 97000000 		.4byte	0x97
 1210 0235 00000000 		.4byte	.LFB70
 1211 0239 18000000 		.4byte	.LFE70-.LFB70
 1212 023d 01       		.uleb128 0x1
 1213 023e 9C       		.byte	0x9c
 1214 023f 0E       		.uleb128 0xe
 1215 0240 D3030000 		.4byte	.LASF36
 1216 0244 01       		.byte	0x1
 1217 0245 3A       		.byte	0x3a
 1218 0246 00000000 		.4byte	.LFB71
 1219 024a 8C010000 		.4byte	.LFE71-.LFB71
 1220 024e 01       		.uleb128 0x1
 1221 024f 9C       		.byte	0x9c
 1222 0250 7E020000 		.4byte	0x27e
 1223 0254 0F       		.uleb128 0xf
 1224 0255 6D736700 		.ascii	"msg\000"
 1225 0259 01       		.byte	0x1
 1226 025a 3A       		.byte	0x3a
 1227 025b 7E020000 		.4byte	0x27e
 1228 025f 02       		.uleb128 0x2
 1229 0260 91       		.byte	0x91
 1230 0261 6C       		.sleb128 -20
 1231 0262 0F       		.uleb128 0xf
 1232 0263 494400   		.ascii	"ID\000"
 1233 0266 01       		.byte	0x1
 1234 0267 3A       		.byte	0x3a
 1235 0268 89000000 		.4byte	0x89
 1236 026c 02       		.uleb128 0x2
 1237 026d 91       		.byte	0x91
 1238 026e 68       		.sleb128 -24
 1239 026f 10       		.uleb128 0x10
 1240 0270 7E010000 		.4byte	.LASF34
 1241 0274 01       		.byte	0x1
 1242 0275 3B       		.byte	0x3b
 1243 0276 C3000000 		.4byte	0xc3
 1244 027a 02       		.uleb128 0x2
 1245 027b 91       		.byte	0x91
 1246 027c 77       		.sleb128 -9
 1247 027d 00       		.byte	0
 1248 027e 0B       		.uleb128 0xb
 1249 027f 04       		.byte	0x4
 1250 0280 97000000 		.4byte	0x97
 1251 0284 11       		.uleb128 0x11
 1252 0285 2A000000 		.4byte	.LASF65
 1253 0289 01       		.byte	0x1
 1254 028a 69       		.byte	0x69
 1255 028b 00000000 		.4byte	.LFB72
 1256 028f 5A000000 		.4byte	.LFE72-.LFB72
 1257 0293 01       		.uleb128 0x1
 1258 0294 9C       		.byte	0x9c
 1259 0295 A8020000 		.4byte	0x2a8
ARM GAS  D:\Windows\AppData\Local\Temp\ccEjsxEu.s 			page 27


 1260 0299 10       		.uleb128 0x10
 1261 029a A9010000 		.4byte	.LASF35
 1262 029e 01       		.byte	0x1
 1263 029f 6C       		.byte	0x6c
 1264 02a0 7D010000 		.4byte	0x17d
 1265 02a4 02       		.uleb128 0x2
 1266 02a5 91       		.byte	0x91
 1267 02a6 6C       		.sleb128 -20
 1268 02a7 00       		.byte	0
 1269 02a8 0E       		.uleb128 0xe
 1270 02a9 46030000 		.4byte	.LASF37
 1271 02ad 01       		.byte	0x1
 1272 02ae 81       		.byte	0x81
 1273 02af 00000000 		.4byte	.LFB73
 1274 02b3 5A000000 		.4byte	.LFE73-.LFB73
 1275 02b7 01       		.uleb128 0x1
 1276 02b8 9C       		.byte	0x9c
 1277 02b9 01030000 		.4byte	0x301
 1278 02bd 12       		.uleb128 0x12
 1279 02be 16030000 		.4byte	.LASF38
 1280 02c2 01       		.byte	0x1
 1281 02c3 81       		.byte	0x81
 1282 02c4 7E020000 		.4byte	0x27e
 1283 02c8 02       		.uleb128 0x2
 1284 02c9 91       		.byte	0x91
 1285 02ca 5C       		.sleb128 -36
 1286 02cb 0F       		.uleb128 0xf
 1287 02cc 494400   		.ascii	"ID\000"
 1288 02cf 01       		.byte	0x1
 1289 02d0 81       		.byte	0x81
 1290 02d1 B8000000 		.4byte	0xb8
 1291 02d5 02       		.uleb128 0x2
 1292 02d6 91       		.byte	0x91
 1293 02d7 58       		.sleb128 -40
 1294 02d8 13       		.uleb128 0x13
 1295 02d9 6900     		.ascii	"i\000"
 1296 02db 01       		.byte	0x1
 1297 02dc 83       		.byte	0x83
 1298 02dd 97000000 		.4byte	0x97
 1299 02e1 02       		.uleb128 0x2
 1300 02e2 91       		.byte	0x91
 1301 02e3 77       		.sleb128 -9
 1302 02e4 10       		.uleb128 0x10
 1303 02e5 33030000 		.4byte	.LASF39
 1304 02e9 01       		.byte	0x1
 1305 02ea 84       		.byte	0x84
 1306 02eb 7D010000 		.4byte	0x17d
 1307 02ef 02       		.uleb128 0x2
 1308 02f0 91       		.byte	0x91
 1309 02f1 68       		.sleb128 -24
 1310 02f2 10       		.uleb128 0x10
 1311 02f3 DF030000 		.4byte	.LASF40
 1312 02f7 01       		.byte	0x1
 1313 02f8 85       		.byte	0x85
 1314 02f9 1C010000 		.4byte	0x11c
 1315 02fd 02       		.uleb128 0x2
 1316 02fe 91       		.byte	0x91
ARM GAS  D:\Windows\AppData\Local\Temp\ccEjsxEu.s 			page 28


 1317 02ff 60       		.sleb128 -32
 1318 0300 00       		.byte	0
 1319 0301 0E       		.uleb128 0xe
 1320 0302 DC020000 		.4byte	.LASF41
 1321 0306 01       		.byte	0x1
 1322 0307 91       		.byte	0x91
 1323 0308 00000000 		.4byte	.LFB74
 1324 030c 44000000 		.4byte	.LFE74-.LFB74
 1325 0310 01       		.uleb128 0x1
 1326 0311 9C       		.byte	0x9c
 1327 0312 41030000 		.4byte	0x341
 1328 0316 12       		.uleb128 0x12
 1329 0317 38000000 		.4byte	.LASF42
 1330 031b 01       		.byte	0x1
 1331 031c 92       		.byte	0x92
 1332 031d 97000000 		.4byte	0x97
 1333 0321 02       		.uleb128 0x2
 1334 0322 91       		.byte	0x91
 1335 0323 6F       		.sleb128 -17
 1336 0324 12       		.uleb128 0x12
 1337 0325 BE000000 		.4byte	.LASF43
 1338 0329 01       		.byte	0x1
 1339 032a 93       		.byte	0x93
 1340 032b 97000000 		.4byte	0x97
 1341 032f 02       		.uleb128 0x2
 1342 0330 91       		.byte	0x91
 1343 0331 6E       		.sleb128 -18
 1344 0332 10       		.uleb128 0x10
 1345 0333 16030000 		.4byte	.LASF38
 1346 0337 01       		.byte	0x1
 1347 0338 96       		.byte	0x96
 1348 0339 41030000 		.4byte	0x341
 1349 033d 02       		.uleb128 0x2
 1350 033e 91       		.byte	0x91
 1351 033f 70       		.sleb128 -16
 1352 0340 00       		.byte	0
 1353 0341 08       		.uleb128 0x8
 1354 0342 97000000 		.4byte	0x97
 1355 0346 51030000 		.4byte	0x351
 1356 034a 09       		.uleb128 0x9
 1357 034b F0000000 		.4byte	0xf0
 1358 034f 07       		.byte	0x7
 1359 0350 00       		.byte	0
 1360 0351 0E       		.uleb128 0xe
 1361 0352 7D000000 		.4byte	.LASF44
 1362 0356 01       		.byte	0x1
 1363 0357 A8       		.byte	0xa8
 1364 0358 00000000 		.4byte	.LFB75
 1365 035c 50000000 		.4byte	.LFE75-.LFB75
 1366 0360 01       		.uleb128 0x1
 1367 0361 9C       		.byte	0x9c
 1368 0362 9F030000 		.4byte	0x39f
 1369 0366 12       		.uleb128 0x12
 1370 0367 51000000 		.4byte	.LASF45
 1371 036b 01       		.byte	0x1
 1372 036c A9       		.byte	0xa9
 1373 036d 97000000 		.4byte	0x97
ARM GAS  D:\Windows\AppData\Local\Temp\ccEjsxEu.s 			page 29


 1374 0371 02       		.uleb128 0x2
 1375 0372 91       		.byte	0x91
 1376 0373 6F       		.sleb128 -17
 1377 0374 12       		.uleb128 0x12
 1378 0375 8A000000 		.4byte	.LASF46
 1379 0379 01       		.byte	0x1
 1380 037a AA       		.byte	0xaa
 1381 037b A2000000 		.4byte	0xa2
 1382 037f 02       		.uleb128 0x2
 1383 0380 91       		.byte	0x91
 1384 0381 6C       		.sleb128 -20
 1385 0382 12       		.uleb128 0x12
 1386 0383 1B030000 		.4byte	.LASF47
 1387 0387 01       		.byte	0x1
 1388 0388 AB       		.byte	0xab
 1389 0389 A2000000 		.4byte	0xa2
 1390 038d 02       		.uleb128 0x2
 1391 038e 91       		.byte	0x91
 1392 038f 6A       		.sleb128 -22
 1393 0390 10       		.uleb128 0x10
 1394 0391 16030000 		.4byte	.LASF38
 1395 0395 01       		.byte	0x1
 1396 0396 B0       		.byte	0xb0
 1397 0397 41030000 		.4byte	0x341
 1398 039b 02       		.uleb128 0x2
 1399 039c 91       		.byte	0x91
 1400 039d 70       		.sleb128 -16
 1401 039e 00       		.byte	0
 1402 039f 14       		.uleb128 0x14
 1403 03a0 C6030000 		.4byte	.LASF48
 1404 03a4 06       		.byte	0x6
 1405 03a5 5506     		.2byte	0x655
 1406 03a7 AB030000 		.4byte	0x3ab
 1407 03ab 0C       		.uleb128 0xc
 1408 03ac AD000000 		.4byte	0xad
 1409 03b0 15       		.uleb128 0x15
 1410 03b1 B0010000 		.4byte	.LASF49
 1411 03b5 01       		.byte	0x1
 1412 03b6 0B       		.byte	0xb
 1413 03b7 8D010000 		.4byte	0x18d
 1414 03bb 05       		.uleb128 0x5
 1415 03bc 03       		.byte	0x3
 1416 03bd 00000000 		.4byte	CAPACITOR_VOLT
 1417 03c1 15       		.uleb128 0x15
 1418 03c2 17000000 		.4byte	.LASF50
 1419 03c6 01       		.byte	0x1
 1420 03c7 0C       		.byte	0xc
 1421 03c8 8D010000 		.4byte	0x18d
 1422 03cc 05       		.uleb128 0x5
 1423 03cd 03       		.byte	0x3
 1424 03ce 00000000 		.4byte	CURTIS_FAULT_CHECK
 1425 03d2 15       		.uleb128 0x15
 1426 03d3 95020000 		.4byte	.LASF51
 1427 03d7 01       		.byte	0x1
 1428 03d8 0D       		.byte	0xd
 1429 03d9 8D010000 		.4byte	0x18d
 1430 03dd 05       		.uleb128 0x5
ARM GAS  D:\Windows\AppData\Local\Temp\ccEjsxEu.s 			page 30


 1431 03de 03       		.byte	0x3
 1432 03df 00000000 		.4byte	CURTIS_HEART_BEAT_CHECK
 1433 03e3 15       		.uleb128 0x15
 1434 03e4 10000000 		.4byte	.LASF52
 1435 03e8 01       		.byte	0x1
 1436 03e9 0E       		.byte	0xe
 1437 03ea 8D010000 		.4byte	0x18d
 1438 03ee 05       		.uleb128 0x5
 1439 03ef 03       		.byte	0x3
 1440 03f0 00000000 		.4byte	ACK_RX
 1441 03f4 15       		.uleb128 0x15
 1442 03f5 B6030000 		.4byte	.LASF53
 1443 03f9 01       		.byte	0x1
 1444 03fa 0F       		.byte	0xf
 1445 03fb 8D010000 		.4byte	0x18d
 1446 03ff 05       		.uleb128 0x5
 1447 0400 03       		.byte	0x3
 1448 0401 00000000 		.4byte	ERROR_TOLERANCE
 1449 0405 15       		.uleb128 0x15
 1450 0406 A8030000 		.4byte	.LASF54
 1451 040a 01       		.byte	0x1
 1452 040b 10       		.byte	0x10
 1453 040c 92010000 		.4byte	0x192
 1454 0410 05       		.uleb128 0x5
 1455 0411 03       		.byte	0x3
 1456 0412 00000000 		.4byte	ABS_MOTOR_RPM
 1457 0416 15       		.uleb128 0x15
 1458 0417 67030000 		.4byte	.LASF55
 1459 041b 01       		.byte	0x1
 1460 041c 11       		.byte	0x11
 1461 041d 92010000 		.4byte	0x192
 1462 0421 05       		.uleb128 0x5
 1463 0422 03       		.byte	0x3
 1464 0423 00000000 		.4byte	THROTTLE_CHECK_BIT
 1465 0427 15       		.uleb128 0x15
 1466 0428 AA000000 		.4byte	.LASF56
 1467 042c 01       		.byte	0x1
 1468 042d 12       		.byte	0x12
 1469 042e 8D010000 		.4byte	0x18d
 1470 0432 05       		.uleb128 0x5
 1471 0433 03       		.byte	0x3
 1472 0434 00000000 		.4byte	THROTTLE_HIGH
 1473 0438 15       		.uleb128 0x15
 1474 0439 E3000000 		.4byte	.LASF57
 1475 043d 01       		.byte	0x1
 1476 043e 13       		.byte	0x13
 1477 043f 8D010000 		.4byte	0x18d
 1478 0443 05       		.uleb128 0x5
 1479 0444 03       		.byte	0x3
 1480 0445 00000000 		.4byte	THROTTLE_LOW
 1481 0449 15       		.uleb128 0x15
 1482 044a 00000000 		.4byte	.LASF58
 1483 044e 01       		.byte	0x1
 1484 044f 14       		.byte	0x14
 1485 0450 8D010000 		.4byte	0x18d
 1486 0454 05       		.uleb128 0x5
 1487 0455 03       		.byte	0x3
ARM GAS  D:\Windows\AppData\Local\Temp\ccEjsxEu.s 			page 31


 1488 0456 00000000 		.4byte	BMS_TEMP
 1489 045a 15       		.uleb128 0x15
 1490 045b 5E000000 		.4byte	.LASF59
 1491 045f 01       		.byte	0x1
 1492 0460 15       		.byte	0x15
 1493 0461 92010000 		.4byte	0x192
 1494 0465 05       		.uleb128 0x5
 1495 0466 03       		.byte	0x3
 1496 0467 00000000 		.4byte	MTR_TEMP
 1497 046b 15       		.uleb128 0x15
 1498 046c E8010000 		.4byte	.LASF60
 1499 0470 01       		.byte	0x1
 1500 0471 16       		.byte	0x16
 1501 0472 92010000 		.4byte	0x192
 1502 0476 05       		.uleb128 0x5
 1503 0477 03       		.byte	0x3
 1504 0478 00000000 		.4byte	MTR_CTRL_TEMP
 1505 047c 15       		.uleb128 0x15
 1506 047d 75020000 		.4byte	.LASF61
 1507 0481 01       		.byte	0x1
 1508 0482 17       		.byte	0x17
 1509 0483 88010000 		.4byte	0x188
 1510 0487 05       		.uleb128 0x5
 1511 0488 03       		.byte	0x3
 1512 0489 00000000 		.4byte	BMS_VOLTAGE
 1513 048d 16       		.uleb128 0x16
 1514 048e 536F4300 		.ascii	"SoC\000"
 1515 0492 01       		.byte	0x1
 1516 0493 18       		.byte	0x18
 1517 0494 8D010000 		.4byte	0x18d
 1518 0498 05       		.uleb128 0x5
 1519 0499 03       		.byte	0x3
 1520 049a 00000000 		.4byte	SoC
 1521 049e 00       		.byte	0
 1522              		.section	.debug_abbrev,"",%progbits
 1523              	.Ldebug_abbrev0:
 1524 0000 01       		.uleb128 0x1
 1525 0001 11       		.uleb128 0x11
 1526 0002 01       		.byte	0x1
 1527 0003 25       		.uleb128 0x25
 1528 0004 0E       		.uleb128 0xe
 1529 0005 13       		.uleb128 0x13
 1530 0006 0B       		.uleb128 0xb
 1531 0007 03       		.uleb128 0x3
 1532 0008 0E       		.uleb128 0xe
 1533 0009 1B       		.uleb128 0x1b
 1534 000a 0E       		.uleb128 0xe
 1535 000b 55       		.uleb128 0x55
 1536 000c 17       		.uleb128 0x17
 1537 000d 11       		.uleb128 0x11
 1538 000e 01       		.uleb128 0x1
 1539 000f 10       		.uleb128 0x10
 1540 0010 17       		.uleb128 0x17
 1541 0011 00       		.byte	0
 1542 0012 00       		.byte	0
 1543 0013 02       		.uleb128 0x2
 1544 0014 24       		.uleb128 0x24
ARM GAS  D:\Windows\AppData\Local\Temp\ccEjsxEu.s 			page 32


 1545 0015 00       		.byte	0
 1546 0016 0B       		.uleb128 0xb
 1547 0017 0B       		.uleb128 0xb
 1548 0018 3E       		.uleb128 0x3e
 1549 0019 0B       		.uleb128 0xb
 1550 001a 03       		.uleb128 0x3
 1551 001b 0E       		.uleb128 0xe
 1552 001c 00       		.byte	0
 1553 001d 00       		.byte	0
 1554 001e 03       		.uleb128 0x3
 1555 001f 16       		.uleb128 0x16
 1556 0020 00       		.byte	0
 1557 0021 03       		.uleb128 0x3
 1558 0022 0E       		.uleb128 0xe
 1559 0023 3A       		.uleb128 0x3a
 1560 0024 0B       		.uleb128 0xb
 1561 0025 3B       		.uleb128 0x3b
 1562 0026 0B       		.uleb128 0xb
 1563 0027 49       		.uleb128 0x49
 1564 0028 13       		.uleb128 0x13
 1565 0029 00       		.byte	0
 1566 002a 00       		.byte	0
 1567 002b 04       		.uleb128 0x4
 1568 002c 24       		.uleb128 0x24
 1569 002d 00       		.byte	0
 1570 002e 0B       		.uleb128 0xb
 1571 002f 0B       		.uleb128 0xb
 1572 0030 3E       		.uleb128 0x3e
 1573 0031 0B       		.uleb128 0xb
 1574 0032 03       		.uleb128 0x3
 1575 0033 08       		.uleb128 0x8
 1576 0034 00       		.byte	0
 1577 0035 00       		.byte	0
 1578 0036 05       		.uleb128 0x5
 1579 0037 16       		.uleb128 0x16
 1580 0038 00       		.byte	0
 1581 0039 03       		.uleb128 0x3
 1582 003a 0E       		.uleb128 0xe
 1583 003b 3A       		.uleb128 0x3a
 1584 003c 0B       		.uleb128 0xb
 1585 003d 3B       		.uleb128 0x3b
 1586 003e 05       		.uleb128 0x5
 1587 003f 49       		.uleb128 0x49
 1588 0040 13       		.uleb128 0x13
 1589 0041 00       		.byte	0
 1590 0042 00       		.byte	0
 1591 0043 06       		.uleb128 0x6
 1592 0044 13       		.uleb128 0x13
 1593 0045 01       		.byte	0x1
 1594 0046 0B       		.uleb128 0xb
 1595 0047 0B       		.uleb128 0xb
 1596 0048 3A       		.uleb128 0x3a
 1597 0049 0B       		.uleb128 0xb
 1598 004a 3B       		.uleb128 0x3b
 1599 004b 0B       		.uleb128 0xb
 1600 004c 01       		.uleb128 0x1
 1601 004d 13       		.uleb128 0x13
ARM GAS  D:\Windows\AppData\Local\Temp\ccEjsxEu.s 			page 33


 1602 004e 00       		.byte	0
 1603 004f 00       		.byte	0
 1604 0050 07       		.uleb128 0x7
 1605 0051 0D       		.uleb128 0xd
 1606 0052 00       		.byte	0
 1607 0053 03       		.uleb128 0x3
 1608 0054 0E       		.uleb128 0xe
 1609 0055 3A       		.uleb128 0x3a
 1610 0056 0B       		.uleb128 0xb
 1611 0057 3B       		.uleb128 0x3b
 1612 0058 0B       		.uleb128 0xb
 1613 0059 49       		.uleb128 0x49
 1614 005a 13       		.uleb128 0x13
 1615 005b 38       		.uleb128 0x38
 1616 005c 0B       		.uleb128 0xb
 1617 005d 00       		.byte	0
 1618 005e 00       		.byte	0
 1619 005f 08       		.uleb128 0x8
 1620 0060 01       		.uleb128 0x1
 1621 0061 01       		.byte	0x1
 1622 0062 49       		.uleb128 0x49
 1623 0063 13       		.uleb128 0x13
 1624 0064 01       		.uleb128 0x1
 1625 0065 13       		.uleb128 0x13
 1626 0066 00       		.byte	0
 1627 0067 00       		.byte	0
 1628 0068 09       		.uleb128 0x9
 1629 0069 21       		.uleb128 0x21
 1630 006a 00       		.byte	0
 1631 006b 49       		.uleb128 0x49
 1632 006c 13       		.uleb128 0x13
 1633 006d 2F       		.uleb128 0x2f
 1634 006e 0B       		.uleb128 0xb
 1635 006f 00       		.byte	0
 1636 0070 00       		.byte	0
 1637 0071 0A       		.uleb128 0xa
 1638 0072 0D       		.uleb128 0xd
 1639 0073 00       		.byte	0
 1640 0074 03       		.uleb128 0x3
 1641 0075 08       		.uleb128 0x8
 1642 0076 3A       		.uleb128 0x3a
 1643 0077 0B       		.uleb128 0xb
 1644 0078 3B       		.uleb128 0x3b
 1645 0079 0B       		.uleb128 0xb
 1646 007a 49       		.uleb128 0x49
 1647 007b 13       		.uleb128 0x13
 1648 007c 38       		.uleb128 0x38
 1649 007d 0B       		.uleb128 0xb
 1650 007e 00       		.byte	0
 1651 007f 00       		.byte	0
 1652 0080 0B       		.uleb128 0xb
 1653 0081 0F       		.uleb128 0xf
 1654 0082 00       		.byte	0
 1655 0083 0B       		.uleb128 0xb
 1656 0084 0B       		.uleb128 0xb
 1657 0085 49       		.uleb128 0x49
 1658 0086 13       		.uleb128 0x13
ARM GAS  D:\Windows\AppData\Local\Temp\ccEjsxEu.s 			page 34


 1659 0087 00       		.byte	0
 1660 0088 00       		.byte	0
 1661 0089 0C       		.uleb128 0xc
 1662 008a 35       		.uleb128 0x35
 1663 008b 00       		.byte	0
 1664 008c 49       		.uleb128 0x49
 1665 008d 13       		.uleb128 0x13
 1666 008e 00       		.byte	0
 1667 008f 00       		.byte	0
 1668 0090 0D       		.uleb128 0xd
 1669 0091 2E       		.uleb128 0x2e
 1670 0092 00       		.byte	0
 1671 0093 3F       		.uleb128 0x3f
 1672 0094 19       		.uleb128 0x19
 1673 0095 03       		.uleb128 0x3
 1674 0096 0E       		.uleb128 0xe
 1675 0097 3A       		.uleb128 0x3a
 1676 0098 0B       		.uleb128 0xb
 1677 0099 3B       		.uleb128 0x3b
 1678 009a 0B       		.uleb128 0xb
 1679 009b 49       		.uleb128 0x49
 1680 009c 13       		.uleb128 0x13
 1681 009d 11       		.uleb128 0x11
 1682 009e 01       		.uleb128 0x1
 1683 009f 12       		.uleb128 0x12
 1684 00a0 06       		.uleb128 0x6
 1685 00a1 40       		.uleb128 0x40
 1686 00a2 18       		.uleb128 0x18
 1687 00a3 9742     		.uleb128 0x2117
 1688 00a5 19       		.uleb128 0x19
 1689 00a6 00       		.byte	0
 1690 00a7 00       		.byte	0
 1691 00a8 0E       		.uleb128 0xe
 1692 00a9 2E       		.uleb128 0x2e
 1693 00aa 01       		.byte	0x1
 1694 00ab 3F       		.uleb128 0x3f
 1695 00ac 19       		.uleb128 0x19
 1696 00ad 03       		.uleb128 0x3
 1697 00ae 0E       		.uleb128 0xe
 1698 00af 3A       		.uleb128 0x3a
 1699 00b0 0B       		.uleb128 0xb
 1700 00b1 3B       		.uleb128 0x3b
 1701 00b2 0B       		.uleb128 0xb
 1702 00b3 27       		.uleb128 0x27
 1703 00b4 19       		.uleb128 0x19
 1704 00b5 11       		.uleb128 0x11
 1705 00b6 01       		.uleb128 0x1
 1706 00b7 12       		.uleb128 0x12
 1707 00b8 06       		.uleb128 0x6
 1708 00b9 40       		.uleb128 0x40
 1709 00ba 18       		.uleb128 0x18
 1710 00bb 9642     		.uleb128 0x2116
 1711 00bd 19       		.uleb128 0x19
 1712 00be 01       		.uleb128 0x1
 1713 00bf 13       		.uleb128 0x13
 1714 00c0 00       		.byte	0
 1715 00c1 00       		.byte	0
ARM GAS  D:\Windows\AppData\Local\Temp\ccEjsxEu.s 			page 35


 1716 00c2 0F       		.uleb128 0xf
 1717 00c3 05       		.uleb128 0x5
 1718 00c4 00       		.byte	0
 1719 00c5 03       		.uleb128 0x3
 1720 00c6 08       		.uleb128 0x8
 1721 00c7 3A       		.uleb128 0x3a
 1722 00c8 0B       		.uleb128 0xb
 1723 00c9 3B       		.uleb128 0x3b
 1724 00ca 0B       		.uleb128 0xb
 1725 00cb 49       		.uleb128 0x49
 1726 00cc 13       		.uleb128 0x13
 1727 00cd 02       		.uleb128 0x2
 1728 00ce 18       		.uleb128 0x18
 1729 00cf 00       		.byte	0
 1730 00d0 00       		.byte	0
 1731 00d1 10       		.uleb128 0x10
 1732 00d2 34       		.uleb128 0x34
 1733 00d3 00       		.byte	0
 1734 00d4 03       		.uleb128 0x3
 1735 00d5 0E       		.uleb128 0xe
 1736 00d6 3A       		.uleb128 0x3a
 1737 00d7 0B       		.uleb128 0xb
 1738 00d8 3B       		.uleb128 0x3b
 1739 00d9 0B       		.uleb128 0xb
 1740 00da 49       		.uleb128 0x49
 1741 00db 13       		.uleb128 0x13
 1742 00dc 02       		.uleb128 0x2
 1743 00dd 18       		.uleb128 0x18
 1744 00de 00       		.byte	0
 1745 00df 00       		.byte	0
 1746 00e0 11       		.uleb128 0x11
 1747 00e1 2E       		.uleb128 0x2e
 1748 00e2 01       		.byte	0x1
 1749 00e3 3F       		.uleb128 0x3f
 1750 00e4 19       		.uleb128 0x19
 1751 00e5 03       		.uleb128 0x3
 1752 00e6 0E       		.uleb128 0xe
 1753 00e7 3A       		.uleb128 0x3a
 1754 00e8 0B       		.uleb128 0xb
 1755 00e9 3B       		.uleb128 0x3b
 1756 00ea 0B       		.uleb128 0xb
 1757 00eb 11       		.uleb128 0x11
 1758 00ec 01       		.uleb128 0x1
 1759 00ed 12       		.uleb128 0x12
 1760 00ee 06       		.uleb128 0x6
 1761 00ef 40       		.uleb128 0x40
 1762 00f0 18       		.uleb128 0x18
 1763 00f1 9642     		.uleb128 0x2116
 1764 00f3 19       		.uleb128 0x19
 1765 00f4 01       		.uleb128 0x1
 1766 00f5 13       		.uleb128 0x13
 1767 00f6 00       		.byte	0
 1768 00f7 00       		.byte	0
 1769 00f8 12       		.uleb128 0x12
 1770 00f9 05       		.uleb128 0x5
 1771 00fa 00       		.byte	0
 1772 00fb 03       		.uleb128 0x3
ARM GAS  D:\Windows\AppData\Local\Temp\ccEjsxEu.s 			page 36


 1773 00fc 0E       		.uleb128 0xe
 1774 00fd 3A       		.uleb128 0x3a
 1775 00fe 0B       		.uleb128 0xb
 1776 00ff 3B       		.uleb128 0x3b
 1777 0100 0B       		.uleb128 0xb
 1778 0101 49       		.uleb128 0x49
 1779 0102 13       		.uleb128 0x13
 1780 0103 02       		.uleb128 0x2
 1781 0104 18       		.uleb128 0x18
 1782 0105 00       		.byte	0
 1783 0106 00       		.byte	0
 1784 0107 13       		.uleb128 0x13
 1785 0108 34       		.uleb128 0x34
 1786 0109 00       		.byte	0
 1787 010a 03       		.uleb128 0x3
 1788 010b 08       		.uleb128 0x8
 1789 010c 3A       		.uleb128 0x3a
 1790 010d 0B       		.uleb128 0xb
 1791 010e 3B       		.uleb128 0x3b
 1792 010f 0B       		.uleb128 0xb
 1793 0110 49       		.uleb128 0x49
 1794 0111 13       		.uleb128 0x13
 1795 0112 02       		.uleb128 0x2
 1796 0113 18       		.uleb128 0x18
 1797 0114 00       		.byte	0
 1798 0115 00       		.byte	0
 1799 0116 14       		.uleb128 0x14
 1800 0117 34       		.uleb128 0x34
 1801 0118 00       		.byte	0
 1802 0119 03       		.uleb128 0x3
 1803 011a 0E       		.uleb128 0xe
 1804 011b 3A       		.uleb128 0x3a
 1805 011c 0B       		.uleb128 0xb
 1806 011d 3B       		.uleb128 0x3b
 1807 011e 05       		.uleb128 0x5
 1808 011f 49       		.uleb128 0x49
 1809 0120 13       		.uleb128 0x13
 1810 0121 3F       		.uleb128 0x3f
 1811 0122 19       		.uleb128 0x19
 1812 0123 3C       		.uleb128 0x3c
 1813 0124 19       		.uleb128 0x19
 1814 0125 00       		.byte	0
 1815 0126 00       		.byte	0
 1816 0127 15       		.uleb128 0x15
 1817 0128 34       		.uleb128 0x34
 1818 0129 00       		.byte	0
 1819 012a 03       		.uleb128 0x3
 1820 012b 0E       		.uleb128 0xe
 1821 012c 3A       		.uleb128 0x3a
 1822 012d 0B       		.uleb128 0xb
 1823 012e 3B       		.uleb128 0x3b
 1824 012f 0B       		.uleb128 0xb
 1825 0130 49       		.uleb128 0x49
 1826 0131 13       		.uleb128 0x13
 1827 0132 3F       		.uleb128 0x3f
 1828 0133 19       		.uleb128 0x19
 1829 0134 02       		.uleb128 0x2
ARM GAS  D:\Windows\AppData\Local\Temp\ccEjsxEu.s 			page 37


 1830 0135 18       		.uleb128 0x18
 1831 0136 00       		.byte	0
 1832 0137 00       		.byte	0
 1833 0138 16       		.uleb128 0x16
 1834 0139 34       		.uleb128 0x34
 1835 013a 00       		.byte	0
 1836 013b 03       		.uleb128 0x3
 1837 013c 08       		.uleb128 0x8
 1838 013d 3A       		.uleb128 0x3a
 1839 013e 0B       		.uleb128 0xb
 1840 013f 3B       		.uleb128 0x3b
 1841 0140 0B       		.uleb128 0xb
 1842 0141 49       		.uleb128 0x49
 1843 0142 13       		.uleb128 0x13
 1844 0143 3F       		.uleb128 0x3f
 1845 0144 19       		.uleb128 0x19
 1846 0145 02       		.uleb128 0x2
 1847 0146 18       		.uleb128 0x18
 1848 0147 00       		.byte	0
 1849 0148 00       		.byte	0
 1850 0149 00       		.byte	0
 1851              		.section	.debug_aranges,"",%progbits
 1852 0000 7C000000 		.4byte	0x7c
 1853 0004 0200     		.2byte	0x2
 1854 0006 00000000 		.4byte	.Ldebug_info0
 1855 000a 04       		.byte	0x4
 1856 000b 00       		.byte	0
 1857 000c 0000     		.2byte	0
 1858 000e 0000     		.2byte	0
 1859 0010 00000000 		.4byte	.LFB63
 1860 0014 18000000 		.4byte	.LFE63-.LFB63
 1861 0018 00000000 		.4byte	.LFB64
 1862 001c 18000000 		.4byte	.LFE64-.LFB64
 1863 0020 00000000 		.4byte	.LFB65
 1864 0024 18000000 		.4byte	.LFE65-.LFB65
 1865 0028 00000000 		.4byte	.LFB66
 1866 002c 18000000 		.4byte	.LFE66-.LFB66
 1867 0030 00000000 		.4byte	.LFB67
 1868 0034 18000000 		.4byte	.LFE67-.LFB67
 1869 0038 00000000 		.4byte	.LFB68
 1870 003c 1C000000 		.4byte	.LFE68-.LFB68
 1871 0040 00000000 		.4byte	.LFB69
 1872 0044 18000000 		.4byte	.LFE69-.LFB69
 1873 0048 00000000 		.4byte	.LFB70
 1874 004c 18000000 		.4byte	.LFE70-.LFB70
 1875 0050 00000000 		.4byte	.LFB71
 1876 0054 8C010000 		.4byte	.LFE71-.LFB71
 1877 0058 00000000 		.4byte	.LFB72
 1878 005c 5A000000 		.4byte	.LFE72-.LFB72
 1879 0060 00000000 		.4byte	.LFB73
 1880 0064 5A000000 		.4byte	.LFE73-.LFB73
 1881 0068 00000000 		.4byte	.LFB74
 1882 006c 44000000 		.4byte	.LFE74-.LFB74
 1883 0070 00000000 		.4byte	.LFB75
 1884 0074 50000000 		.4byte	.LFE75-.LFB75
 1885 0078 00000000 		.4byte	0
 1886 007c 00000000 		.4byte	0
ARM GAS  D:\Windows\AppData\Local\Temp\ccEjsxEu.s 			page 38


 1887              		.section	.debug_ranges,"",%progbits
 1888              	.Ldebug_ranges0:
 1889 0000 00000000 		.4byte	.LFB63
 1890 0004 18000000 		.4byte	.LFE63
 1891 0008 00000000 		.4byte	.LFB64
 1892 000c 18000000 		.4byte	.LFE64
 1893 0010 00000000 		.4byte	.LFB65
 1894 0014 18000000 		.4byte	.LFE65
 1895 0018 00000000 		.4byte	.LFB66
 1896 001c 18000000 		.4byte	.LFE66
 1897 0020 00000000 		.4byte	.LFB67
 1898 0024 18000000 		.4byte	.LFE67
 1899 0028 00000000 		.4byte	.LFB68
 1900 002c 1C000000 		.4byte	.LFE68
 1901 0030 00000000 		.4byte	.LFB69
 1902 0034 18000000 		.4byte	.LFE69
 1903 0038 00000000 		.4byte	.LFB70
 1904 003c 18000000 		.4byte	.LFE70
 1905 0040 00000000 		.4byte	.LFB71
 1906 0044 8C010000 		.4byte	.LFE71
 1907 0048 00000000 		.4byte	.LFB72
 1908 004c 5A000000 		.4byte	.LFE72
 1909 0050 00000000 		.4byte	.LFB73
 1910 0054 5A000000 		.4byte	.LFE73
 1911 0058 00000000 		.4byte	.LFB74
 1912 005c 44000000 		.4byte	.LFE74
 1913 0060 00000000 		.4byte	.LFB75
 1914 0064 50000000 		.4byte	.LFE75
 1915 0068 00000000 		.4byte	0
 1916 006c 00000000 		.4byte	0
 1917              		.section	.debug_line,"",%progbits
 1918              	.Ldebug_line0:
 1919 0000 90020000 		.section	.debug_str,"MS",%progbits,1
 1919      02004501 
 1919      00000201 
 1919      FB0E0D00 
 1919      01010101 
 1920              	.LASF58:
 1921 0000 424D535F 		.ascii	"BMS_TEMP\000"
 1921      54454D50 
 1921      00
 1922              	.LASF20:
 1923 0009 646F7562 		.ascii	"double\000"
 1923      6C6500
 1924              	.LASF52:
 1925 0010 41434B5F 		.ascii	"ACK_RX\000"
 1925      525800
 1926              	.LASF50:
 1927 0017 43555254 		.ascii	"CURTIS_FAULT_CHECK\000"
 1927      49535F46 
 1927      41554C54 
 1927      5F434845 
 1927      434B00
 1928              	.LASF65:
 1929 002a 63616E5F 		.ascii	"can_test_send\000"
 1929      74657374 
 1929      5F73656E 
ARM GAS  D:\Windows\AppData\Local\Temp\ccEjsxEu.s 			page 39


 1929      6400
 1930              	.LASF42:
 1931 0038 73746174 		.ascii	"state\000"
 1931      6500
 1932              	.LASF2:
 1933 003e 73686F72 		.ascii	"short int\000"
 1933      7420696E 
 1933      7400
 1934              	.LASF22:
 1935 0048 73697A65 		.ascii	"sizetype\000"
 1935      74797065 
 1935      00
 1936              	.LASF45:
 1937 0051 53657449 		.ascii	"SetInterlock\000"
 1937      6E746572 
 1937      6C6F636B 
 1937      00
 1938              	.LASF59:
 1939 005e 4D54525F 		.ascii	"MTR_TEMP\000"
 1939      54454D50 
 1939      00
 1940              	.LASF8:
 1941 0067 5F5F7569 		.ascii	"__uint32_t\000"
 1941      6E743332 
 1941      5F7400
 1942              	.LASF4:
 1943 0072 5F5F7569 		.ascii	"__uint16_t\000"
 1943      6E743136 
 1943      5F7400
 1944              	.LASF44:
 1945 007d 63616E5F 		.ascii	"can_send_cmd\000"
 1945      73656E64 
 1945      5F636D64 
 1945      00
 1946              	.LASF46:
 1947 008a 56434C5F 		.ascii	"VCL_Throttle_High\000"
 1947      5468726F 
 1947      74746C65 
 1947      5F486967 
 1947      6800
 1948              	.LASF13:
 1949 009c 75696E74 		.ascii	"uint8_t\000"
 1949      385F7400 
 1950              	.LASF17:
 1951 00a4 75696E74 		.ascii	"uint8\000"
 1951      3800
 1952              	.LASF56:
 1953 00aa 5448524F 		.ascii	"THROTTLE_HIGH\000"
 1953      54544C45 
 1953      5F484947 
 1953      4800
 1954              	.LASF19:
 1955 00b8 666C6F61 		.ascii	"float\000"
 1955      7400
 1956              	.LASF43:
 1957 00be 6572726F 		.ascii	"errorState\000"
 1957      72537461 
ARM GAS  D:\Windows\AppData\Local\Temp\ccEjsxEu.s 			page 40


 1957      746500
 1958              	.LASF10:
 1959 00c9 6C6F6E67 		.ascii	"long long int\000"
 1959      206C6F6E 
 1959      6720696E 
 1959      7400
 1960              	.LASF32:
 1961 00d7 67657450 		.ascii	"getPedalLow\000"
 1961      6564616C 
 1961      4C6F7700 
 1962              	.LASF57:
 1963 00e3 5448524F 		.ascii	"THROTTLE_LOW\000"
 1963      54544C45 
 1963      5F4C4F57 
 1963      00
 1964              	.LASF62:
 1965 00f0 474E5520 		.ascii	"GNU C 4.9.3 20150303 (release) [ARM/embedded-4_9-br"
 1965      4320342E 
 1965      392E3320 
 1965      32303135 
 1965      30333033 
 1966 0123 616E6368 		.ascii	"anch revision 221220] -mcpu=cortex-m3 -mthumb -g -O"
 1966      20726576 
 1966      6973696F 
 1966      6E203232 
 1966      31323230 
 1967 0156 30202D66 		.ascii	"0 -ffunction-sections -ffat-lto-objects\000"
 1967      66756E63 
 1967      74696F6E 
 1967      2D736563 
 1967      74696F6E 
 1968              	.LASF34:
 1969 017e 496E7465 		.ascii	"InterruptState\000"
 1969      72727570 
 1969      74537461 
 1969      746500
 1970              	.LASF9:
 1971 018d 6C6F6E67 		.ascii	"long unsigned int\000"
 1971      20756E73 
 1971      69676E65 
 1971      6420696E 
 1971      7400
 1972              	.LASF3:
 1973 019f 5F5F7569 		.ascii	"__uint8_t\000"
 1973      6E74385F 
 1973      7400
 1974              	.LASF35:
 1975 01a9 48656172 		.ascii	"HeartB\000"
 1975      744200
 1976              	.LASF49:
 1977 01b0 43415041 		.ascii	"CAPACITOR_VOLT\000"
 1977      4349544F 
 1977      525F564F 
 1977      4C5400
 1978              	.LASF30:
 1979 01bf 67657445 		.ascii	"getErrorTolerance\000"
 1979      72726F72 
ARM GAS  D:\Windows\AppData\Local\Temp\ccEjsxEu.s 			page 41


 1979      546F6C65 
 1979      72616E63 
 1979      6500
 1980              	.LASF1:
 1981 01d1 756E7369 		.ascii	"unsigned char\000"
 1981      676E6564 
 1981      20636861 
 1981      7200
 1982              	.LASF29:
 1983 01df 67657441 		.ascii	"getAckRx\000"
 1983      636B5278 
 1983      00
 1984              	.LASF60:
 1985 01e8 4D54525F 		.ascii	"MTR_CTRL_TEMP\000"
 1985      4354524C 
 1985      5F54454D 
 1985      5000
 1986              	.LASF0:
 1987 01f6 7369676E 		.ascii	"signed char\000"
 1987      65642063 
 1987      68617200 
 1988              	.LASF64:
 1989 0202 443A5C44 		.ascii	"D:\\Downloads\\FRUCD\\Node-Jaguar\\Node-Jaguar\\Nod"
 1989      6F776E6C 
 1989      6F616473 
 1989      5C465255 
 1989      43445C4E 
 1990 0230 652D4A61 		.ascii	"e-Jaguar.cydsn\000"
 1990      67756172 
 1990      2E637964 
 1990      736E00
 1991              	.LASF11:
 1992 023f 6C6F6E67 		.ascii	"long long unsigned int\000"
 1992      206C6F6E 
 1992      6720756E 
 1992      7369676E 
 1992      65642069 
 1993              	.LASF16:
 1994 0256 75696E74 		.ascii	"uint32_t\000"
 1994      33325F74 
 1994      00
 1995              	.LASF12:
 1996 025f 756E7369 		.ascii	"unsigned int\000"
 1996      676E6564 
 1996      20696E74 
 1996      00
 1997              	.LASF14:
 1998 026c 75696E74 		.ascii	"uint16_t\000"
 1998      31365F74 
 1998      00
 1999              	.LASF61:
 2000 0275 424D535F 		.ascii	"BMS_VOLTAGE\000"
 2000      564F4C54 
 2000      41474500 
 2001              	.LASF26:
 2002 0281 67657443 		.ascii	"getCapacitorVoltage\000"
 2002      61706163 
ARM GAS  D:\Windows\AppData\Local\Temp\ccEjsxEu.s 			page 42


 2002      69746F72 
 2002      566F6C74 
 2002      61676500 
 2003              	.LASF51:
 2004 0295 43555254 		.ascii	"CURTIS_HEART_BEAT_CHECK\000"
 2004      49535F48 
 2004      45415254 
 2004      5F424541 
 2004      545F4348 
 2005              	.LASF31:
 2006 02ad 67657441 		.ascii	"getABSMotorRPM\000"
 2006      42534D6F 
 2006      746F7252 
 2006      504D00
 2007              	.LASF5:
 2008 02bc 73686F72 		.ascii	"short unsigned int\000"
 2008      7420756E 
 2008      7369676E 
 2008      65642069 
 2008      6E7400
 2009              	.LASF33:
 2010 02cf 67657450 		.ascii	"getPedalHigh\000"
 2010      6564616C 
 2010      48696768 
 2010      00
 2011              	.LASF41:
 2012 02dc 63616E5F 		.ascii	"can_send_status\000"
 2012      73656E64 
 2012      5F737461 
 2012      74757300 
 2013              	.LASF21:
 2014 02ec 63686172 		.ascii	"char\000"
 2014      00
 2015              	.LASF7:
 2016 02f1 6C6F6E67 		.ascii	"long int\000"
 2016      20696E74 
 2016      00
 2017              	.LASF27:
 2018 02fa 67657443 		.ascii	"getCurtisFaultCheck\000"
 2018      75727469 
 2018      73466175 
 2018      6C744368 
 2018      65636B00 
 2019              	.LASF15:
 2020 030e 696E7433 		.ascii	"int32_t\000"
 2020      325F7400 
 2021              	.LASF38:
 2022 0316 64617461 		.ascii	"data\000"
 2022      00
 2023              	.LASF47:
 2024 031b 56434C5F 		.ascii	"VCL_Throttle_Low\000"
 2024      5468726F 
 2024      74746C65 
 2024      5F4C6F77 
 2024      00
 2025              	.LASF18:
 2026 032c 75696E74 		.ascii	"uint32\000"
ARM GAS  D:\Windows\AppData\Local\Temp\ccEjsxEu.s 			page 43


 2026      333200
 2027              	.LASF39:
 2028 0333 6D657373 		.ascii	"message\000"
 2028      61676500 
 2029              	.LASF25:
 2030 033b 43414E5F 		.ascii	"CAN_TX_MSG\000"
 2030      54585F4D 
 2030      534700
 2031              	.LASF37:
 2032 0346 63616E5F 		.ascii	"can_send\000"
 2032      73656E64 
 2032      00
 2033              	.LASF28:
 2034 034f 67657443 		.ascii	"getCurtisHeartBeatCheck\000"
 2034      75727469 
 2034      73486561 
 2034      72744265 
 2034      61744368 
 2035              	.LASF55:
 2036 0367 5448524F 		.ascii	"THROTTLE_CHECK_BIT\000"
 2036      54544C45 
 2036      5F434845 
 2036      434B5F42 
 2036      495400
 2037              	.LASF24:
 2038 037a 62797465 		.ascii	"byte\000"
 2038      00
 2039              	.LASF6:
 2040 037f 5F5F696E 		.ascii	"__int32_t\000"
 2040      7433325F 
 2040      7400
 2041              	.LASF63:
 2042 0389 63616E5F 		.ascii	"can_manga.c\000"
 2042      6D616E67 
 2042      612E6300 
 2043              	.LASF23:
 2044 0395 43414E5F 		.ascii	"CAN_DATA_BYTES_MSG\000"
 2044      44415441 
 2044      5F425954 
 2044      45535F4D 
 2044      534700
 2045              	.LASF54:
 2046 03a8 4142535F 		.ascii	"ABS_MOTOR_RPM\000"
 2046      4D4F544F 
 2046      525F5250 
 2046      4D00
 2047              	.LASF53:
 2048 03b6 4552524F 		.ascii	"ERROR_TOLERANCE\000"
 2048      525F544F 
 2048      4C455241 
 2048      4E434500 
 2049              	.LASF48:
 2050 03c6 49544D5F 		.ascii	"ITM_RxBuffer\000"
 2050      52784275 
 2050      66666572 
 2050      00
 2051              	.LASF36:
ARM GAS  D:\Windows\AppData\Local\Temp\ccEjsxEu.s 			page 44


 2052 03d3 63616E5F 		.ascii	"can_receive\000"
 2052      72656365 
 2052      69766500 
 2053              	.LASF40:
 2054 03df 7061796C 		.ascii	"payload\000"
 2054      6F616400 
 2055              		.ident	"GCC: (GNU Tools for ARM Embedded Processors) 4.9.3 20150303 (release) [ARM/embedded-4_9-br
