ARM GAS  D:\Windows\AppData\Local\Temp\ccBVjCIH.s 			page 1


   1              		.syntax unified
   2              		.cpu cortex-m3
   3              		.fpu softvfp
   4              		.eabi_attribute 20, 1
   5              		.eabi_attribute 21, 1
   6              		.eabi_attribute 23, 3
   7              		.eabi_attribute 24, 1
   8              		.eabi_attribute 25, 1
   9              		.eabi_attribute 26, 1
  10              		.eabi_attribute 30, 1
  11              		.eabi_attribute 34, 1
  12              		.eabi_attribute 18, 4
  13              		.thumb
  14              		.file	"cymetadata.c"
  15              		.text
  16              	.Ltext0:
  17              		.cfi_sections	.debug_frame
  18              		.global	cy_metadata
  19              		.global	cy_meta_flashprotect
  20              		.global	cy_meta_wonvl
  21              		.global	cy_meta_custnvl
  22              		.global	cy_meta_configecc
  23              		.section	.cyconfigecc,"a",%progbits
  24              		.align	2
  25              		.type	cy_meta_configecc, %object
  26              		.size	cy_meta_configecc, 492
  27              	cy_meta_configecc:
  28 0000 02       		.byte	2
  29 0001 4F       		.byte	79
  30 0002 00       		.byte	0
  31 0003 40       		.byte	64
  32 0004 02       		.byte	2
  33 0005 52       		.byte	82
  34 0006 00       		.byte	0
  35 0007 40       		.byte	64
  36 0008 01       		.byte	1
  37 0009 5A       		.byte	90
  38 000a 00       		.byte	0
  39 000b 40       		.byte	64
  40 000c 01       		.byte	1
  41 000d 65       		.byte	101
  42 000e 00       		.byte	0
  43 000f 40       		.byte	64
  44 0010 01       		.byte	1
  45 0011 03       		.byte	3
  46 0012 01       		.byte	1
  47 0013 40       		.byte	64
  48 0014 01       		.byte	1
  49 0015 0D       		.byte	13
  50 0016 01       		.byte	1
  51 0017 40       		.byte	64
  52 0018 04       		.byte	4
  53 0019 0E       		.byte	14
  54 001a 01       		.byte	1
  55 001b 40       		.byte	64
  56 001c 01       		.byte	1
  57 001d 0F       		.byte	15
ARM GAS  D:\Windows\AppData\Local\Temp\ccBVjCIH.s 			page 2


  58 001e 01       		.byte	1
  59 001f 40       		.byte	64
  60 0020 28       		.byte	40
  61 0021 14       		.byte	20
  62 0022 01       		.byte	1
  63 0023 40       		.byte	64
  64 0024 0A       		.byte	10
  65 0025 15       		.byte	21
  66 0026 01       		.byte	1
  67 0027 40       		.byte	64
  68 0028 1F       		.byte	31
  69 0029 16       		.byte	22
  70 002a 01       		.byte	1
  71 002b 40       		.byte	64
  72 002c 13       		.byte	19
  73 002d 17       		.byte	23
  74 002e 01       		.byte	1
  75 002f 40       		.byte	64
  76 0030 01       		.byte	1
  77 0031 1B       		.byte	27
  78 0032 01       		.byte	1
  79 0033 40       		.byte	64
  80 0034 05       		.byte	5
  81 0035 40       		.byte	64
  82 0036 01       		.byte	1
  83 0037 40       		.byte	64
  84 0038 05       		.byte	5
  85 0039 41       		.byte	65
  86 003a 01       		.byte	1
  87 003b 40       		.byte	64
  88 003c 07       		.byte	7
  89 003d 42       		.byte	66
  90 003e 01       		.byte	1
  91 003f 40       		.byte	64
  92 0040 02       		.byte	2
  93 0041 43       		.byte	67
  94 0042 01       		.byte	1
  95 0043 40       		.byte	64
  96 0044 06       		.byte	6
  97 0045 45       		.byte	69
  98 0046 01       		.byte	1
  99 0047 40       		.byte	64
 100 0048 03       		.byte	3
 101 0049 46       		.byte	70
 102 004a 01       		.byte	1
 103 004b 40       		.byte	64
 104 004c 03       		.byte	3
 105 004d 47       		.byte	71
 106 004e 01       		.byte	1
 107 004f 40       		.byte	64
 108 0050 06       		.byte	6
 109 0051 48       		.byte	72
 110 0052 01       		.byte	1
 111 0053 40       		.byte	64
 112 0054 01       		.byte	1
 113 0055 49       		.byte	73
 114 0056 01       		.byte	1
ARM GAS  D:\Windows\AppData\Local\Temp\ccBVjCIH.s 			page 3


 115 0057 40       		.byte	64
 116 0058 03       		.byte	3
 117 0059 4C       		.byte	76
 118 005a 01       		.byte	1
 119 005b 40       		.byte	64
 120 005c 08       		.byte	8
 121 005d 4D       		.byte	77
 122 005e 01       		.byte	1
 123 005f 40       		.byte	64
 124 0060 02       		.byte	2
 125 0061 50       		.byte	80
 126 0062 01       		.byte	1
 127 0063 40       		.byte	64
 128 0064 02       		.byte	2
 129 0065 51       		.byte	81
 130 0066 01       		.byte	1
 131 0067 40       		.byte	64
 132 0068 01       		.byte	1
 133 0069 10       		.byte	16
 134 006a 0A       		.byte	10
 135 006b 4B       		.byte	75
 136 006c 10       		.byte	16
 137 006d 40       		.byte	64
 138 006e 1C       		.byte	28
 139 006f 03       		.byte	3
 140 0070 8F       		.byte	-113
 141 0071 01       		.byte	1
 142 0072 86       		.byte	-122
 143 0073 0D       		.byte	13
 144 0074 EE       		.byte	-18
 145 0075 08       		.byte	8
 146 0076 AE       		.byte	-82
 147 0077 80       		.byte	-128
 148 0078 39       		.byte	57
 149 0079 80       		.byte	-128
 150 007a 3F       		.byte	63
 151 007b 40       		.byte	64
 152 007c 59       		.byte	89
 153 007d 04       		.byte	4
 154 007e 5F       		.byte	95
 155 007f 01       		.byte	1
 156 0080 22       		.byte	34
 157 0081 80       		.byte	-128
 158 0082 40       		.byte	64
 159 0083 54       		.byte	84
 160 0084 49       		.byte	73
 161 0085 FF       		.byte	-1
 162 0086 4A       		.byte	74
 163 0087 FF       		.byte	-1
 164 0088 4B       		.byte	75
 165 0089 FF       		.byte	-1
 166 008a 4F       		.byte	79
 167 008b 01       		.byte	1
 168 008c 50       		.byte	80
 169 008d 18       		.byte	24
 170 008e 52       		.byte	82
 171 008f 80       		.byte	-128
ARM GAS  D:\Windows\AppData\Local\Temp\ccBVjCIH.s 			page 4


 172 0090 5A       		.byte	90
 173 0091 04       		.byte	4
 174 0092 5B       		.byte	91
 175 0093 04       		.byte	4
 176 0094 5D       		.byte	93
 177 0095 99       		.byte	-103
 178 0096 5F       		.byte	95
 179 0097 01       		.byte	1
 180 0098 60       		.byte	96
 181 0099 40       		.byte	64
 182 009a 62       		.byte	98
 183 009b 40       		.byte	64
 184 009c 64       		.byte	100
 185 009d 40       		.byte	64
 186 009e 65       		.byte	101
 187 009f 40       		.byte	64
 188 00a0 66       		.byte	102
 189 00a1 80       		.byte	-128
 190 00a2 68       		.byte	104
 191 00a3 80       		.byte	-128
 192 00a4 6A       		.byte	106
 193 00a5 80       		.byte	-128
 194 00a6 6C       		.byte	108
 195 00a7 80       		.byte	-128
 196 00a8 6E       		.byte	110
 197 00a9 80       		.byte	-128
 198 00aa C0       		.byte	-64
 199 00ab 54       		.byte	84
 200 00ac C9       		.byte	-55
 201 00ad FF       		.byte	-1
 202 00ae CA       		.byte	-54
 203 00af FF       		.byte	-1
 204 00b0 CB       		.byte	-53
 205 00b1 FF       		.byte	-1
 206 00b2 CD       		.byte	-51
 207 00b3 83       		.byte	-125
 208 00b4 CE       		.byte	-50
 209 00b5 03       		.byte	3
 210 00b6 CF       		.byte	-49
 211 00b7 01       		.byte	1
 212 00b8 D0       		.byte	-48
 213 00b9 18       		.byte	24
 214 00ba DA       		.byte	-38
 215 00bb 04       		.byte	4
 216 00bc DD       		.byte	-35
 217 00bd 09       		.byte	9
 218 00be DF       		.byte	-33
 219 00bf 01       		.byte	1
 220 00c0 E0       		.byte	-32
 221 00c1 40       		.byte	64
 222 00c2 E2       		.byte	-30
 223 00c3 40       		.byte	64
 224 00c4 E4       		.byte	-28
 225 00c5 40       		.byte	64
 226 00c6 E5       		.byte	-27
 227 00c7 40       		.byte	64
 228 00c8 E6       		.byte	-26
ARM GAS  D:\Windows\AppData\Local\Temp\ccBVjCIH.s 			page 5


 229 00c9 80       		.byte	-128
 230 00ca E8       		.byte	-24
 231 00cb 80       		.byte	-128
 232 00cc EA       		.byte	-22
 233 00cd 80       		.byte	-128
 234 00ce EC       		.byte	-20
 235 00cf 80       		.byte	-128
 236 00d0 EE       		.byte	-18
 237 00d1 80       		.byte	-128
 238 00d2 42       		.byte	66
 239 00d3 80       		.byte	-128
 240 00d4 46       		.byte	70
 241 00d5 80       		.byte	-128
 242 00d6 48       		.byte	72
 243 00d7 02       		.byte	2
 244 00d8 4C       		.byte	76
 245 00d9 02       		.byte	2
 246 00da 70       		.byte	112
 247 00db 02       		.byte	2
 248 00dc 9A       		.byte	-102
 249 00dd 80       		.byte	-128
 250 00de A4       		.byte	-92
 251 00df 02       		.byte	2
 252 00e0 D0       		.byte	-48
 253 00e1 81       		.byte	-127
 254 00e2 D2       		.byte	-46
 255 00e3 18       		.byte	24
 256 00e4 EC       		.byte	-20
 257 00e5 10       		.byte	16
 258 00e6 12       		.byte	18
 259 00e7 01       		.byte	1
 260 00e8 22       		.byte	34
 261 00e9 01       		.byte	1
 262 00ea 30       		.byte	48
 263 00eb 01       		.byte	1
 264 00ec 3E       		.byte	62
 265 00ed 01       		.byte	1
 266 00ee 40       		.byte	64
 267 00ef 54       		.byte	84
 268 00f0 45       		.byte	69
 269 00f1 EC       		.byte	-20
 270 00f2 46       		.byte	70
 271 00f3 02       		.byte	2
 272 00f4 48       		.byte	72
 273 00f5 07       		.byte	7
 274 00f6 49       		.byte	73
 275 00f7 FF       		.byte	-1
 276 00f8 4A       		.byte	74
 277 00f9 FF       		.byte	-1
 278 00fa 4B       		.byte	75
 279 00fb FF       		.byte	-1
 280 00fc 4D       		.byte	77
 281 00fd 83       		.byte	-125
 282 00fe 4E       		.byte	78
 283 00ff 03       		.byte	3
 284 0100 4F       		.byte	79
 285 0101 01       		.byte	1
ARM GAS  D:\Windows\AppData\Local\Temp\ccBVjCIH.s 			page 6


 286 0102 50       		.byte	80
 287 0103 18       		.byte	24
 288 0104 54       		.byte	84
 289 0105 01       		.byte	1
 290 0106 56       		.byte	86
 291 0107 04       		.byte	4
 292 0108 58       		.byte	88
 293 0109 04       		.byte	4
 294 010a 5A       		.byte	90
 295 010b 04       		.byte	4
 296 010c 5B       		.byte	91
 297 010d 04       		.byte	4
 298 010e 5D       		.byte	93
 299 010f 99       		.byte	-103
 300 0110 5F       		.byte	95
 301 0111 01       		.byte	1
 302 0112 60       		.byte	96
 303 0113 40       		.byte	64
 304 0114 62       		.byte	98
 305 0115 40       		.byte	64
 306 0116 64       		.byte	100
 307 0117 40       		.byte	64
 308 0118 65       		.byte	101
 309 0119 40       		.byte	64
 310 011a 66       		.byte	102
 311 011b 80       		.byte	-128
 312 011c 68       		.byte	104
 313 011d 80       		.byte	-128
 314 011e 6A       		.byte	106
 315 011f 80       		.byte	-128
 316 0120 6C       		.byte	108
 317 0121 80       		.byte	-128
 318 0122 6E       		.byte	110
 319 0123 80       		.byte	-128
 320 0124 0C       		.byte	12
 321 0125 02       		.byte	2
 322 0126 16       		.byte	22
 323 0127 80       		.byte	-128
 324 0128 1E       		.byte	30
 325 0129 80       		.byte	-128
 326 012a 46       		.byte	70
 327 012b 80       		.byte	-128
 328 012c 4C       		.byte	76
 329 012d 02       		.byte	2
 330 012e 4D       		.byte	77
 331 012f 04       		.byte	4
 332 0130 4F       		.byte	79
 333 0131 01       		.byte	1
 334 0132 56       		.byte	86
 335 0133 80       		.byte	-128
 336 0134 5D       		.byte	93
 337 0135 04       		.byte	4
 338 0136 5E       		.byte	94
 339 0137 80       		.byte	-128
 340 0138 5F       		.byte	95
 341 0139 01       		.byte	1
 342 013a 67       		.byte	103
ARM GAS  D:\Windows\AppData\Local\Temp\ccBVjCIH.s 			page 7


 343 013b 40       		.byte	64
 344 013c 87       		.byte	-121
 345 013d 40       		.byte	64
 346 013e C2       		.byte	-62
 347 013f 10       		.byte	16
 348 0140 C4       		.byte	-60
 349 0141 10       		.byte	16
 350 0142 D0       		.byte	-48
 351 0143 80       		.byte	-128
 352 0144 D2       		.byte	-46
 353 0145 10       		.byte	16
 354 0146 D6       		.byte	-42
 355 0147 D0       		.byte	-48
 356 0148 D8       		.byte	-40
 357 0149 80       		.byte	-128
 358 014a EC       		.byte	-20
 359 014b 10       		.byte	16
 360 014c 32       		.byte	50
 361 014d 80       		.byte	-128
 362 014e 36       		.byte	54
 363 014f 40       		.byte	64
 364 0150 3D       		.byte	61
 365 0151 80       		.byte	-128
 366 0152 CC       		.byte	-52
 367 0153 30       		.byte	48
 368 0154 CE       		.byte	-50
 369 0155 20       		.byte	32
 370 0156 A3       		.byte	-93
 371 0157 01       		.byte	1
 372 0158 A5       		.byte	-91
 373 0159 40       		.byte	64
 374 015a A6       		.byte	-90
 375 015b C0       		.byte	-64
 376 015c AF       		.byte	-81
 377 015d 01       		.byte	1
 378 015e EE       		.byte	-18
 379 015f 10       		.byte	16
 380 0160 12       		.byte	18
 381 0161 80       		.byte	-128
 382 0162 63       		.byte	99
 383 0163 02       		.byte	2
 384 0164 A3       		.byte	-93
 385 0165 01       		.byte	1
 386 0166 A5       		.byte	-91
 387 0167 40       		.byte	64
 388 0168 A6       		.byte	-90
 389 0169 C0       		.byte	-64
 390 016a C4       		.byte	-60
 391 016b 10       		.byte	16
 392 016c D6       		.byte	-42
 393 016d 40       		.byte	64
 394 016e A5       		.byte	-91
 395 016f 40       		.byte	64
 396 0170 A6       		.byte	-90
 397 0171 40       		.byte	64
 398 0172 0C       		.byte	12
 399 0173 01       		.byte	1
ARM GAS  D:\Windows\AppData\Local\Temp\ccBVjCIH.s 			page 8


 400 0174 30       		.byte	48
 401 0175 20       		.byte	32
 402 0176 5D       		.byte	93
 403 0177 02       		.byte	2
 404 0178 C2       		.byte	-62
 405 0179 04       		.byte	4
 406 017a CC       		.byte	-52
 407 017b 08       		.byte	8
 408 017c D6       		.byte	-42
 409 017d 01       		.byte	1
 410 017e 98       		.byte	-104
 411 017f 01       		.byte	1
 412 0180 9D       		.byte	-99
 413 0181 02       		.byte	2
 414 0182 A4       		.byte	-92
 415 0183 20       		.byte	32
 416 0184 98       		.byte	-104
 417 0185 01       		.byte	1
 418 0186 9D       		.byte	-99
 419 0187 02       		.byte	2
 420 0188 A4       		.byte	-92
 421 0189 20       		.byte	32
 422 018a 25       		.byte	37
 423 018b 50       		.byte	80
 424 018c 86       		.byte	-122
 425 018d 40       		.byte	64
 426 018e A5       		.byte	-91
 427 018f 40       		.byte	64
 428 0190 A6       		.byte	-90
 429 0191 40       		.byte	64
 430 0192 C8       		.byte	-56
 431 0193 20       		.byte	32
 432 0194 E6       		.byte	-26
 433 0195 40       		.byte	64
 434 0196 B5       		.byte	-75
 435 0197 10       		.byte	16
 436 0198 98       		.byte	-104
 437 0199 01       		.byte	1
 438 019a 9D       		.byte	-99
 439 019b 02       		.byte	2
 440 019c A4       		.byte	-92
 441 019d 20       		.byte	32
 442 019e 19       		.byte	25
 443 019f 02       		.byte	2
 444 01a0 78       		.byte	120
 445 01a1 01       		.byte	1
 446 01a2 98       		.byte	-104
 447 01a3 01       		.byte	1
 448 01a4 9D       		.byte	-99
 449 01a5 02       		.byte	2
 450 01a6 B4       		.byte	-76
 451 01a7 20       		.byte	32
 452 01a8 C6       		.byte	-58
 453 01a9 08       		.byte	8
 454 01aa DE       		.byte	-34
 455 01ab 02       		.byte	2
 456 01ac EC       		.byte	-20
ARM GAS  D:\Windows\AppData\Local\Temp\ccBVjCIH.s 			page 9


 457 01ad 08       		.byte	8
 458 01ae 11       		.byte	17
 459 01af 01       		.byte	1
 460 01b0 1B       		.byte	27
 461 01b1 01       		.byte	1
 462 01b2 00       		.byte	0
 463 01b3 0E       		.byte	14
 464 01b4 10       		.byte	16
 465 01b5 02       		.byte	2
 466 01b6 00       		.byte	0
 467 01b7 00       		.byte	0
 468 01b8 77       		.byte	119
 469 01b9 00       		.byte	0
 470 01ba 00       		.byte	0
 471 01bb 77       		.byte	119
 472 01bc 77       		.byte	119
 473 01bd 00       		.byte	0
 474 01be 00       		.byte	0
 475 01bf 00       		.byte	0
 476 01c0 00       		.byte	0
 477 01c1 00       		.byte	0
 478 01c2 00       		.byte	0
 479 01c3 00       		.byte	0
 480 01c4 00       		.byte	0
 481 01c5 4B       		.byte	75
 482 01c6 4B       		.byte	75
 483 01c7 00       		.byte	0
 484 01c8 00       		.byte	0
 485 01c9 00       		.byte	0
 486 01ca 20       		.byte	32
 487 01cb 00       		.byte	0
 488 01cc 20       		.byte	32
 489 01cd 40       		.byte	64
 490 01ce 40       		.byte	64
 491 01cf 00       		.byte	0
 492 01d0 40       		.byte	64
 493 01d1 00       		.byte	0
 494 01d2 00       		.byte	0
 495 01d3 00       		.byte	0
 496 01d4 03       		.byte	3
 497 01d5 00       		.byte	0
 498 01d6 00       		.byte	0
 499 01d7 00       		.byte	0
 500 01d8 00       		.byte	0
 501 01d9 00       		.byte	0
 502 01da 00       		.byte	0
 503 01db 00       		.byte	0
 504 01dc 00       		.byte	0
 505 01dd 7F       		.byte	127
 506 01de 7F       		.byte	127
 507 01df 00       		.byte	0
 508 01e0 00       		.byte	0
 509 01e1 00       		.byte	0
 510 01e2 00       		.byte	0
 511 01e3 00       		.byte	0
 512 01e4 00       		.byte	0
 513 01e5 01       		.byte	1
ARM GAS  D:\Windows\AppData\Local\Temp\ccBVjCIH.s 			page 10


 514 01e6 01       		.byte	1
 515 01e7 00       		.byte	0
 516 01e8 00       		.byte	0
 517 01e9 00       		.byte	0
 518 01ea 00       		.byte	0
 519 01eb 00       		.byte	0
 520              		.section	.cywolatch,"a",%progbits
 521              		.align	2
 522              		.type	cy_meta_wonvl, %object
 523              		.size	cy_meta_wonvl, 4
 524              	cy_meta_wonvl:
 525 0000 BC       		.byte	-68
 526 0001 90       		.byte	-112
 527 0002 AC       		.byte	-84
 528 0003 AF       		.byte	-81
 529              		.section	.cycustnvl,"a",%progbits
 530              		.align	2
 531              		.type	cy_meta_custnvl, %object
 532              		.size	cy_meta_custnvl, 4
 533              	cy_meta_custnvl:
 534 0000 00       		.byte	0
 535 0001 00       		.byte	0
 536 0002 40       		.byte	64
 537 0003 05       		.byte	5
 538              		.section	.cymeta,"a",%progbits
 539              		.align	2
 540              		.type	cy_metadata, %object
 541              		.size	cy_metadata, 12
 542              	cy_metadata:
 543 0000 00       		.byte	0
 544 0001 01       		.byte	1
 545 0002 2E       		.byte	46
 546 0003 12       		.byte	18
 547 0004 30       		.byte	48
 548 0005 69       		.byte	105
 549 0006 00       		.byte	0
 550 0007 01       		.byte	1
 551 0008 00       		.byte	0
 552 0009 00       		.byte	0
 553 000a 00       		.byte	0
 554 000b 00       		.byte	0
 555              		.section	.cyflashprotect,"a",%progbits
 556              		.align	2
 557              		.type	cy_meta_flashprotect, %object
 558              		.size	cy_meta_flashprotect, 256
 559              	cy_meta_flashprotect:
 560 0000 00000000 		.space	256
 560      00000000 
 560      00000000 
 560      00000000 
 560      00000000 
 561              		.text
 562              	.Letext0:
 563              		.file 1 "Generated_Source\\PSoC5\\cymetadata.c"
 564              		.file 2 "Generated_Source\\PSoC5\\cytypes.h"
 565              		.section	.debug_info,"",%progbits
 566              	.Ldebug_info0:
ARM GAS  D:\Windows\AppData\Local\Temp\ccBVjCIH.s 			page 11


 567 0000 37010000 		.4byte	0x137
 568 0004 0400     		.2byte	0x4
 569 0006 00000000 		.4byte	.Ldebug_abbrev0
 570 000a 04       		.byte	0x4
 571 000b 01       		.uleb128 0x1
 572 000c 6E000000 		.4byte	.LASF18
 573 0010 01       		.byte	0x1
 574 0011 C9010000 		.4byte	.LASF19
 575 0015 5A010000 		.4byte	.LASF20
 576 0019 00000000 		.4byte	.Ldebug_line0
 577 001d 02       		.uleb128 0x2
 578 001e 01       		.byte	0x1
 579 001f 06       		.byte	0x6
 580 0020 BD010000 		.4byte	.LASF0
 581 0024 02       		.uleb128 0x2
 582 0025 01       		.byte	0x1
 583 0026 08       		.byte	0x8
 584 0027 12000000 		.4byte	.LASF1
 585 002b 02       		.uleb128 0x2
 586 002c 02       		.byte	0x2
 587 002d 05       		.byte	0x5
 588 002e A4010000 		.4byte	.LASF2
 589 0032 02       		.uleb128 0x2
 590 0033 02       		.byte	0x2
 591 0034 07       		.byte	0x7
 592 0035 32000000 		.4byte	.LASF3
 593 0039 02       		.uleb128 0x2
 594 003a 04       		.byte	0x4
 595 003b 05       		.byte	0x5
 596 003c B4010000 		.4byte	.LASF4
 597 0040 02       		.uleb128 0x2
 598 0041 04       		.byte	0x4
 599 0042 07       		.byte	0x7
 600 0043 20000000 		.4byte	.LASF5
 601 0047 02       		.uleb128 0x2
 602 0048 08       		.byte	0x8
 603 0049 05       		.byte	0x5
 604 004a 4C010000 		.4byte	.LASF6
 605 004e 02       		.uleb128 0x2
 606 004f 08       		.byte	0x8
 607 0050 07       		.byte	0x7
 608 0051 09010000 		.4byte	.LASF7
 609 0055 03       		.uleb128 0x3
 610 0056 04       		.byte	0x4
 611 0057 05       		.byte	0x5
 612 0058 696E7400 		.ascii	"int\000"
 613 005c 02       		.uleb128 0x2
 614 005d 04       		.byte	0x4
 615 005e 07       		.byte	0x7
 616 005f FC000000 		.4byte	.LASF8
 617 0063 04       		.uleb128 0x4
 618 0064 AE010000 		.4byte	.LASF21
 619 0068 02       		.byte	0x2
 620 0069 3801     		.2byte	0x138
 621 006b 24000000 		.4byte	0x24
 622 006f 02       		.uleb128 0x2
 623 0070 04       		.byte	0x4
ARM GAS  D:\Windows\AppData\Local\Temp\ccBVjCIH.s 			page 12


 624 0071 04       		.byte	0x4
 625 0072 0C000000 		.4byte	.LASF9
 626 0076 02       		.uleb128 0x2
 627 0077 08       		.byte	0x8
 628 0078 04       		.byte	0x4
 629 0079 45000000 		.4byte	.LASF10
 630 007d 02       		.uleb128 0x2
 631 007e 01       		.byte	0x1
 632 007f 08       		.byte	0x8
 633 0080 9F010000 		.4byte	.LASF11
 634 0084 05       		.uleb128 0x5
 635 0085 63000000 		.4byte	0x63
 636 0089 95000000 		.4byte	0x95
 637 008d 06       		.uleb128 0x6
 638 008e 95000000 		.4byte	0x95
 639 0092 EB01     		.2byte	0x1eb
 640 0094 00       		.byte	0
 641 0095 02       		.uleb128 0x2
 642 0096 04       		.byte	0x4
 643 0097 07       		.byte	0x7
 644 0098 43010000 		.4byte	.LASF12
 645 009c 07       		.uleb128 0x7
 646 009d 5C000000 		.4byte	.LASF13
 647 00a1 01       		.byte	0x1
 648 00a2 1F       		.byte	0x1f
 649 00a3 AD000000 		.4byte	0xad
 650 00a7 05       		.uleb128 0x5
 651 00a8 03       		.byte	0x3
 652 00a9 00000000 		.4byte	cy_meta_configecc
 653 00ad 08       		.uleb128 0x8
 654 00ae 84000000 		.4byte	0x84
 655 00b2 05       		.uleb128 0x5
 656 00b3 63000000 		.4byte	0x63
 657 00b7 C2000000 		.4byte	0xc2
 658 00bb 09       		.uleb128 0x9
 659 00bc 95000000 		.4byte	0x95
 660 00c0 03       		.byte	0x3
 661 00c1 00       		.byte	0
 662 00c2 07       		.uleb128 0x7
 663 00c3 4C000000 		.4byte	.LASF14
 664 00c7 01       		.byte	0x1
 665 00c8 6A       		.byte	0x6a
 666 00c9 D3000000 		.4byte	0xd3
 667 00cd 05       		.uleb128 0x5
 668 00ce 03       		.byte	0x3
 669 00cf 00000000 		.4byte	cy_meta_custnvl
 670 00d3 08       		.uleb128 0x8
 671 00d4 B2000000 		.4byte	0xb2
 672 00d8 07       		.uleb128 0x7
 673 00d9 35010000 		.4byte	.LASF15
 674 00dd 01       		.byte	0x1
 675 00de 78       		.byte	0x78
 676 00df E9000000 		.4byte	0xe9
 677 00e3 05       		.uleb128 0x5
 678 00e4 03       		.byte	0x3
 679 00e5 00000000 		.4byte	cy_meta_wonvl
 680 00e9 08       		.uleb128 0x8
ARM GAS  D:\Windows\AppData\Local\Temp\ccBVjCIH.s 			page 13


 681 00ea B2000000 		.4byte	0xb2
 682 00ee 05       		.uleb128 0x5
 683 00ef 63000000 		.4byte	0x63
 684 00f3 FE000000 		.4byte	0xfe
 685 00f7 09       		.uleb128 0x9
 686 00f8 95000000 		.4byte	0x95
 687 00fc FF       		.byte	0xff
 688 00fd 00       		.byte	0
 689 00fe 07       		.uleb128 0x7
 690 00ff 20010000 		.4byte	.LASF16
 691 0103 01       		.byte	0x1
 692 0104 86       		.byte	0x86
 693 0105 0F010000 		.4byte	0x10f
 694 0109 05       		.uleb128 0x5
 695 010a 03       		.byte	0x3
 696 010b 00000000 		.4byte	cy_meta_flashprotect
 697 010f 08       		.uleb128 0x8
 698 0110 EE000000 		.4byte	0xee
 699 0114 05       		.uleb128 0x5
 700 0115 63000000 		.4byte	0x63
 701 0119 24010000 		.4byte	0x124
 702 011d 09       		.uleb128 0x9
 703 011e 95000000 		.4byte	0x95
 704 0122 0B       		.byte	0xb
 705 0123 00       		.byte	0
 706 0124 07       		.uleb128 0x7
 707 0125 00000000 		.4byte	.LASF17
 708 0129 01       		.byte	0x1
 709 012a B3       		.byte	0xb3
 710 012b 35010000 		.4byte	0x135
 711 012f 05       		.uleb128 0x5
 712 0130 03       		.byte	0x3
 713 0131 00000000 		.4byte	cy_metadata
 714 0135 08       		.uleb128 0x8
 715 0136 14010000 		.4byte	0x114
 716 013a 00       		.byte	0
 717              		.section	.debug_abbrev,"",%progbits
 718              	.Ldebug_abbrev0:
 719 0000 01       		.uleb128 0x1
 720 0001 11       		.uleb128 0x11
 721 0002 01       		.byte	0x1
 722 0003 25       		.uleb128 0x25
 723 0004 0E       		.uleb128 0xe
 724 0005 13       		.uleb128 0x13
 725 0006 0B       		.uleb128 0xb
 726 0007 03       		.uleb128 0x3
 727 0008 0E       		.uleb128 0xe
 728 0009 1B       		.uleb128 0x1b
 729 000a 0E       		.uleb128 0xe
 730 000b 10       		.uleb128 0x10
 731 000c 17       		.uleb128 0x17
 732 000d 00       		.byte	0
 733 000e 00       		.byte	0
 734 000f 02       		.uleb128 0x2
 735 0010 24       		.uleb128 0x24
 736 0011 00       		.byte	0
 737 0012 0B       		.uleb128 0xb
ARM GAS  D:\Windows\AppData\Local\Temp\ccBVjCIH.s 			page 14


 738 0013 0B       		.uleb128 0xb
 739 0014 3E       		.uleb128 0x3e
 740 0015 0B       		.uleb128 0xb
 741 0016 03       		.uleb128 0x3
 742 0017 0E       		.uleb128 0xe
 743 0018 00       		.byte	0
 744 0019 00       		.byte	0
 745 001a 03       		.uleb128 0x3
 746 001b 24       		.uleb128 0x24
 747 001c 00       		.byte	0
 748 001d 0B       		.uleb128 0xb
 749 001e 0B       		.uleb128 0xb
 750 001f 3E       		.uleb128 0x3e
 751 0020 0B       		.uleb128 0xb
 752 0021 03       		.uleb128 0x3
 753 0022 08       		.uleb128 0x8
 754 0023 00       		.byte	0
 755 0024 00       		.byte	0
 756 0025 04       		.uleb128 0x4
 757 0026 16       		.uleb128 0x16
 758 0027 00       		.byte	0
 759 0028 03       		.uleb128 0x3
 760 0029 0E       		.uleb128 0xe
 761 002a 3A       		.uleb128 0x3a
 762 002b 0B       		.uleb128 0xb
 763 002c 3B       		.uleb128 0x3b
 764 002d 05       		.uleb128 0x5
 765 002e 49       		.uleb128 0x49
 766 002f 13       		.uleb128 0x13
 767 0030 00       		.byte	0
 768 0031 00       		.byte	0
 769 0032 05       		.uleb128 0x5
 770 0033 01       		.uleb128 0x1
 771 0034 01       		.byte	0x1
 772 0035 49       		.uleb128 0x49
 773 0036 13       		.uleb128 0x13
 774 0037 01       		.uleb128 0x1
 775 0038 13       		.uleb128 0x13
 776 0039 00       		.byte	0
 777 003a 00       		.byte	0
 778 003b 06       		.uleb128 0x6
 779 003c 21       		.uleb128 0x21
 780 003d 00       		.byte	0
 781 003e 49       		.uleb128 0x49
 782 003f 13       		.uleb128 0x13
 783 0040 2F       		.uleb128 0x2f
 784 0041 05       		.uleb128 0x5
 785 0042 00       		.byte	0
 786 0043 00       		.byte	0
 787 0044 07       		.uleb128 0x7
 788 0045 34       		.uleb128 0x34
 789 0046 00       		.byte	0
 790 0047 03       		.uleb128 0x3
 791 0048 0E       		.uleb128 0xe
 792 0049 3A       		.uleb128 0x3a
 793 004a 0B       		.uleb128 0xb
 794 004b 3B       		.uleb128 0x3b
ARM GAS  D:\Windows\AppData\Local\Temp\ccBVjCIH.s 			page 15


 795 004c 0B       		.uleb128 0xb
 796 004d 49       		.uleb128 0x49
 797 004e 13       		.uleb128 0x13
 798 004f 3F       		.uleb128 0x3f
 799 0050 19       		.uleb128 0x19
 800 0051 02       		.uleb128 0x2
 801 0052 18       		.uleb128 0x18
 802 0053 00       		.byte	0
 803 0054 00       		.byte	0
 804 0055 08       		.uleb128 0x8
 805 0056 26       		.uleb128 0x26
 806 0057 00       		.byte	0
 807 0058 49       		.uleb128 0x49
 808 0059 13       		.uleb128 0x13
 809 005a 00       		.byte	0
 810 005b 00       		.byte	0
 811 005c 09       		.uleb128 0x9
 812 005d 21       		.uleb128 0x21
 813 005e 00       		.byte	0
 814 005f 49       		.uleb128 0x49
 815 0060 13       		.uleb128 0x13
 816 0061 2F       		.uleb128 0x2f
 817 0062 0B       		.uleb128 0xb
 818 0063 00       		.byte	0
 819 0064 00       		.byte	0
 820 0065 00       		.byte	0
 821              		.section	.debug_aranges,"",%progbits
 822 0000 14000000 		.4byte	0x14
 823 0004 0200     		.2byte	0x2
 824 0006 00000000 		.4byte	.Ldebug_info0
 825 000a 04       		.byte	0x4
 826 000b 00       		.byte	0
 827 000c 0000     		.2byte	0
 828 000e 0000     		.2byte	0
 829 0010 00000000 		.4byte	0
 830 0014 00000000 		.4byte	0
 831              		.section	.debug_line,"",%progbits
 832              	.Ldebug_line0:
 833 0000 4D000000 		.section	.debug_str,"MS",%progbits,1
 833      02004700 
 833      00000201 
 833      FB0E0D00 
 833      01010101 
 834              	.LASF17:
 835 0000 63795F6D 		.ascii	"cy_metadata\000"
 835      65746164 
 835      61746100 
 836              	.LASF9:
 837 000c 666C6F61 		.ascii	"float\000"
 837      7400
 838              	.LASF1:
 839 0012 756E7369 		.ascii	"unsigned char\000"
 839      676E6564 
 839      20636861 
 839      7200
 840              	.LASF5:
 841 0020 6C6F6E67 		.ascii	"long unsigned int\000"
ARM GAS  D:\Windows\AppData\Local\Temp\ccBVjCIH.s 			page 16


 841      20756E73 
 841      69676E65 
 841      6420696E 
 841      7400
 842              	.LASF3:
 843 0032 73686F72 		.ascii	"short unsigned int\000"
 843      7420756E 
 843      7369676E 
 843      65642069 
 843      6E7400
 844              	.LASF10:
 845 0045 646F7562 		.ascii	"double\000"
 845      6C6500
 846              	.LASF14:
 847 004c 63795F6D 		.ascii	"cy_meta_custnvl\000"
 847      6574615F 
 847      63757374 
 847      6E766C00 
 848              	.LASF13:
 849 005c 63795F6D 		.ascii	"cy_meta_configecc\000"
 849      6574615F 
 849      636F6E66 
 849      69676563 
 849      6300
 850              	.LASF18:
 851 006e 474E5520 		.ascii	"GNU C 4.9.3 20150303 (release) [ARM/embedded-4_9-br"
 851      4320342E 
 851      392E3320 
 851      32303135 
 851      30333033 
 852 00a1 616E6368 		.ascii	"anch revision 221220] -mcpu=cortex-m3 -mthumb -g -O"
 852      20726576 
 852      6973696F 
 852      6E203232 
 852      31323230 
 853 00d4 67202D66 		.ascii	"g -ffunction-sections -ffat-lto-objects\000"
 853      66756E63 
 853      74696F6E 
 853      2D736563 
 853      74696F6E 
 854              	.LASF8:
 855 00fc 756E7369 		.ascii	"unsigned int\000"
 855      676E6564 
 855      20696E74 
 855      00
 856              	.LASF7:
 857 0109 6C6F6E67 		.ascii	"long long unsigned int\000"
 857      206C6F6E 
 857      6720756E 
 857      7369676E 
 857      65642069 
 858              	.LASF16:
 859 0120 63795F6D 		.ascii	"cy_meta_flashprotect\000"
 859      6574615F 
 859      666C6173 
 859      6870726F 
 859      74656374 
ARM GAS  D:\Windows\AppData\Local\Temp\ccBVjCIH.s 			page 17


 860              	.LASF15:
 861 0135 63795F6D 		.ascii	"cy_meta_wonvl\000"
 861      6574615F 
 861      776F6E76 
 861      6C00
 862              	.LASF12:
 863 0143 73697A65 		.ascii	"sizetype\000"
 863      74797065 
 863      00
 864              	.LASF6:
 865 014c 6C6F6E67 		.ascii	"long long int\000"
 865      206C6F6E 
 865      6720696E 
 865      7400
 866              	.LASF20:
 867 015a 443A5C44 		.ascii	"D:\\Downloads\\FRUCD\\FE3-DashboardRev1\\FE3-Dashbo"
 867      6F776E6C 
 867      6F616473 
 867      5C465255 
 867      43445C46 
 868 0189 6172645C 		.ascii	"ard\\Node-Jaguar.cydsn\000"
 868      4E6F6465 
 868      2D4A6167 
 868      7561722E 
 868      63796473 
 869              	.LASF11:
 870 019f 63686172 		.ascii	"char\000"
 870      00
 871              	.LASF2:
 872 01a4 73686F72 		.ascii	"short int\000"
 872      7420696E 
 872      7400
 873              	.LASF21:
 874 01ae 75696E74 		.ascii	"uint8\000"
 874      3800
 875              	.LASF4:
 876 01b4 6C6F6E67 		.ascii	"long int\000"
 876      20696E74 
 876      00
 877              	.LASF0:
 878 01bd 7369676E 		.ascii	"signed char\000"
 878      65642063 
 878      68617200 
 879              	.LASF19:
 880 01c9 47656E65 		.ascii	"Generated_Source\\PSoC5\\cymetadata.c\000"
 880      72617465 
 880      645F536F 
 880      75726365 
 880      5C50536F 
 881              		.ident	"GCC: (GNU Tools for ARM Embedded Processors) 4.9.3 20150303 (release) [ARM/embedded-4_9-br
