ARM GAS  D:\Windows\AppData\Local\Temp\ccrzb1TJ.s 			page 1


   1              		.syntax unified
   2              		.cpu cortex-m3
   3              		.fpu softvfp
   4              		.eabi_attribute 20, 1
   5              		.eabi_attribute 21, 1
   6              		.eabi_attribute 23, 3
   7              		.eabi_attribute 24, 1
   8              		.eabi_attribute 25, 1
   9              		.eabi_attribute 26, 1
  10              		.eabi_attribute 30, 6
  11              		.eabi_attribute 34, 1
  12              		.eabi_attribute 18, 4
  13              		.thumb
  14              		.file	"isr_nodeok.c"
  15              		.text
  16              	.Ltext0:
  17              		.cfi_sections	.debug_frame
  18              		.section	.text.isr_nodeok_Start,"ax",%progbits
  19              		.align	2
  20              		.global	isr_nodeok_Start
  21              		.thumb
  22              		.thumb_func
  23              		.type	isr_nodeok_Start, %function
  24              	isr_nodeok_Start:
  25              	.LFB0:
  26              		.file 1 "Generated_Source\\PSoC5\\isr_nodeok.c"
   1:Generated_Source\PSoC5/isr_nodeok.c **** /*******************************************************************************
   2:Generated_Source\PSoC5/isr_nodeok.c **** * File Name: isr_nodeok.c  
   3:Generated_Source\PSoC5/isr_nodeok.c **** * Version 1.70
   4:Generated_Source\PSoC5/isr_nodeok.c **** *
   5:Generated_Source\PSoC5/isr_nodeok.c **** *  Description:
   6:Generated_Source\PSoC5/isr_nodeok.c **** *   API for controlling the state of an interrupt.
   7:Generated_Source\PSoC5/isr_nodeok.c **** *
   8:Generated_Source\PSoC5/isr_nodeok.c **** *
   9:Generated_Source\PSoC5/isr_nodeok.c **** *  Note:
  10:Generated_Source\PSoC5/isr_nodeok.c **** *
  11:Generated_Source\PSoC5/isr_nodeok.c **** ********************************************************************************
  12:Generated_Source\PSoC5/isr_nodeok.c **** * Copyright 2008-2015, Cypress Semiconductor Corporation.  All rights reserved.
  13:Generated_Source\PSoC5/isr_nodeok.c **** * You may use this file only in accordance with the license, terms, conditions, 
  14:Generated_Source\PSoC5/isr_nodeok.c **** * disclaimers, and limitations in the end user license agreement accompanying 
  15:Generated_Source\PSoC5/isr_nodeok.c **** * the software package with which this file was provided.
  16:Generated_Source\PSoC5/isr_nodeok.c **** *******************************************************************************/
  17:Generated_Source\PSoC5/isr_nodeok.c **** 
  18:Generated_Source\PSoC5/isr_nodeok.c **** 
  19:Generated_Source\PSoC5/isr_nodeok.c **** #include <cydevice_trm.h>
  20:Generated_Source\PSoC5/isr_nodeok.c **** #include <CyLib.h>
  21:Generated_Source\PSoC5/isr_nodeok.c **** #include <isr_nodeok.h>
  22:Generated_Source\PSoC5/isr_nodeok.c **** #include "cyapicallbacks.h"
  23:Generated_Source\PSoC5/isr_nodeok.c **** 
  24:Generated_Source\PSoC5/isr_nodeok.c **** #if !defined(isr_nodeok__REMOVED) /* Check for removal by optimization */
  25:Generated_Source\PSoC5/isr_nodeok.c **** 
  26:Generated_Source\PSoC5/isr_nodeok.c **** /*******************************************************************************
  27:Generated_Source\PSoC5/isr_nodeok.c **** *  Place your includes, defines and code here 
  28:Generated_Source\PSoC5/isr_nodeok.c **** ********************************************************************************/
  29:Generated_Source\PSoC5/isr_nodeok.c **** /* `#START isr_nodeok_intc` */
  30:Generated_Source\PSoC5/isr_nodeok.c **** #include "Node_Timer.h"
  31:Generated_Source\PSoC5/isr_nodeok.c **** extern volatile uint32_t pedalOK;
ARM GAS  D:\Windows\AppData\Local\Temp\ccrzb1TJ.s 			page 2


  32:Generated_Source\PSoC5/isr_nodeok.c **** /* `#END` */
  33:Generated_Source\PSoC5/isr_nodeok.c **** 
  34:Generated_Source\PSoC5/isr_nodeok.c **** #ifndef CYINT_IRQ_BASE
  35:Generated_Source\PSoC5/isr_nodeok.c **** #define CYINT_IRQ_BASE      16
  36:Generated_Source\PSoC5/isr_nodeok.c **** #endif /* CYINT_IRQ_BASE */
  37:Generated_Source\PSoC5/isr_nodeok.c **** #ifndef CYINT_VECT_TABLE
  38:Generated_Source\PSoC5/isr_nodeok.c **** #define CYINT_VECT_TABLE    ((cyisraddress **) CYREG_NVIC_VECT_OFFSET)
  39:Generated_Source\PSoC5/isr_nodeok.c **** #endif /* CYINT_VECT_TABLE */
  40:Generated_Source\PSoC5/isr_nodeok.c **** 
  41:Generated_Source\PSoC5/isr_nodeok.c **** /* Declared in startup, used to set unused interrupts to. */
  42:Generated_Source\PSoC5/isr_nodeok.c **** CY_ISR_PROTO(IntDefaultHandler);
  43:Generated_Source\PSoC5/isr_nodeok.c **** 
  44:Generated_Source\PSoC5/isr_nodeok.c **** 
  45:Generated_Source\PSoC5/isr_nodeok.c **** /*******************************************************************************
  46:Generated_Source\PSoC5/isr_nodeok.c **** * Function Name: isr_nodeok_Start
  47:Generated_Source\PSoC5/isr_nodeok.c **** ********************************************************************************
  48:Generated_Source\PSoC5/isr_nodeok.c **** *
  49:Generated_Source\PSoC5/isr_nodeok.c **** * Summary:
  50:Generated_Source\PSoC5/isr_nodeok.c **** *  Set up the interrupt and enable it. This function disables the interrupt, 
  51:Generated_Source\PSoC5/isr_nodeok.c **** *  sets the default interrupt vector, sets the priority from the value in the
  52:Generated_Source\PSoC5/isr_nodeok.c **** *  Design Wide Resources Interrupt Editor, then enables the interrupt to the 
  53:Generated_Source\PSoC5/isr_nodeok.c **** *  interrupt controller.
  54:Generated_Source\PSoC5/isr_nodeok.c **** *
  55:Generated_Source\PSoC5/isr_nodeok.c **** * Parameters:  
  56:Generated_Source\PSoC5/isr_nodeok.c **** *   None
  57:Generated_Source\PSoC5/isr_nodeok.c **** *
  58:Generated_Source\PSoC5/isr_nodeok.c **** * Return:
  59:Generated_Source\PSoC5/isr_nodeok.c **** *   None
  60:Generated_Source\PSoC5/isr_nodeok.c **** *
  61:Generated_Source\PSoC5/isr_nodeok.c **** *******************************************************************************/
  62:Generated_Source\PSoC5/isr_nodeok.c **** void isr_nodeok_Start(void)
  63:Generated_Source\PSoC5/isr_nodeok.c **** {
  27              		.loc 1 63 0
  28              		.cfi_startproc
  29              		@ args = 0, pretend = 0, frame = 0
  30              		@ frame_needed = 1, uses_anonymous_args = 0
  31 0000 80B5     		push	{r7, lr}
  32              		.cfi_def_cfa_offset 8
  33              		.cfi_offset 7, -8
  34              		.cfi_offset 14, -4
  35 0002 00AF     		add	r7, sp, #0
  36              		.cfi_def_cfa_register 7
  64:Generated_Source\PSoC5/isr_nodeok.c ****     /* For all we know the interrupt is active. */
  65:Generated_Source\PSoC5/isr_nodeok.c ****     isr_nodeok_Disable();
  37              		.loc 1 65 0
  38 0004 FFF7FEFF 		bl	isr_nodeok_Disable
  66:Generated_Source\PSoC5/isr_nodeok.c **** 
  67:Generated_Source\PSoC5/isr_nodeok.c ****     /* Set the ISR to point to the isr_nodeok Interrupt. */
  68:Generated_Source\PSoC5/isr_nodeok.c ****     isr_nodeok_SetVector(&isr_nodeok_Interrupt);
  39              		.loc 1 68 0
  40 0008 0448     		ldr	r0, .L2
  41 000a FFF7FEFF 		bl	isr_nodeok_SetVector
  69:Generated_Source\PSoC5/isr_nodeok.c **** 
  70:Generated_Source\PSoC5/isr_nodeok.c ****     /* Set the priority. */
  71:Generated_Source\PSoC5/isr_nodeok.c ****     isr_nodeok_SetPriority((uint8)isr_nodeok_INTC_PRIOR_NUMBER);
  42              		.loc 1 71 0
  43 000e 0720     		movs	r0, #7
ARM GAS  D:\Windows\AppData\Local\Temp\ccrzb1TJ.s 			page 3


  44 0010 FFF7FEFF 		bl	isr_nodeok_SetPriority
  72:Generated_Source\PSoC5/isr_nodeok.c **** 
  73:Generated_Source\PSoC5/isr_nodeok.c ****     /* Enable it. */
  74:Generated_Source\PSoC5/isr_nodeok.c ****     isr_nodeok_Enable();
  45              		.loc 1 74 0
  46 0014 FFF7FEFF 		bl	isr_nodeok_Enable
  75:Generated_Source\PSoC5/isr_nodeok.c **** }
  47              		.loc 1 75 0
  48 0018 80BD     		pop	{r7, pc}
  49              	.L3:
  50 001a 00BF     		.align	2
  51              	.L2:
  52 001c 00000000 		.word	isr_nodeok_Interrupt
  53              		.cfi_endproc
  54              	.LFE0:
  55              		.size	isr_nodeok_Start, .-isr_nodeok_Start
  56              		.section	.text.isr_nodeok_StartEx,"ax",%progbits
  57              		.align	2
  58              		.global	isr_nodeok_StartEx
  59              		.thumb
  60              		.thumb_func
  61              		.type	isr_nodeok_StartEx, %function
  62              	isr_nodeok_StartEx:
  63              	.LFB1:
  76:Generated_Source\PSoC5/isr_nodeok.c **** 
  77:Generated_Source\PSoC5/isr_nodeok.c **** 
  78:Generated_Source\PSoC5/isr_nodeok.c **** /*******************************************************************************
  79:Generated_Source\PSoC5/isr_nodeok.c **** * Function Name: isr_nodeok_StartEx
  80:Generated_Source\PSoC5/isr_nodeok.c **** ********************************************************************************
  81:Generated_Source\PSoC5/isr_nodeok.c **** *
  82:Generated_Source\PSoC5/isr_nodeok.c **** * Summary:
  83:Generated_Source\PSoC5/isr_nodeok.c **** *  Sets up the interrupt and enables it. This function disables the interrupt,
  84:Generated_Source\PSoC5/isr_nodeok.c **** *  sets the interrupt vector based on the address passed in, sets the priority 
  85:Generated_Source\PSoC5/isr_nodeok.c **** *  from the value in the Design Wide Resources Interrupt Editor, then enables 
  86:Generated_Source\PSoC5/isr_nodeok.c **** *  the interrupt to the interrupt controller.
  87:Generated_Source\PSoC5/isr_nodeok.c **** *  
  88:Generated_Source\PSoC5/isr_nodeok.c **** *  When defining ISR functions, the CY_ISR and CY_ISR_PROTO macros should be 
  89:Generated_Source\PSoC5/isr_nodeok.c **** *  used to provide consistent definition across compilers:
  90:Generated_Source\PSoC5/isr_nodeok.c **** *  
  91:Generated_Source\PSoC5/isr_nodeok.c **** *  Function definition example:
  92:Generated_Source\PSoC5/isr_nodeok.c **** *   CY_ISR(MyISR)
  93:Generated_Source\PSoC5/isr_nodeok.c **** *   {
  94:Generated_Source\PSoC5/isr_nodeok.c **** *   }
  95:Generated_Source\PSoC5/isr_nodeok.c **** *   Function prototype example:
  96:Generated_Source\PSoC5/isr_nodeok.c **** *   CY_ISR_PROTO(MyISR);
  97:Generated_Source\PSoC5/isr_nodeok.c **** *
  98:Generated_Source\PSoC5/isr_nodeok.c **** * Parameters:  
  99:Generated_Source\PSoC5/isr_nodeok.c **** *   address: Address of the ISR to set in the interrupt vector table.
 100:Generated_Source\PSoC5/isr_nodeok.c **** *
 101:Generated_Source\PSoC5/isr_nodeok.c **** * Return:
 102:Generated_Source\PSoC5/isr_nodeok.c **** *   None
 103:Generated_Source\PSoC5/isr_nodeok.c **** *
 104:Generated_Source\PSoC5/isr_nodeok.c **** *******************************************************************************/
 105:Generated_Source\PSoC5/isr_nodeok.c **** void isr_nodeok_StartEx(cyisraddress address)
 106:Generated_Source\PSoC5/isr_nodeok.c **** {
  64              		.loc 1 106 0
  65              		.cfi_startproc
ARM GAS  D:\Windows\AppData\Local\Temp\ccrzb1TJ.s 			page 4


  66              		@ args = 0, pretend = 0, frame = 8
  67              		@ frame_needed = 1, uses_anonymous_args = 0
  68 0000 80B5     		push	{r7, lr}
  69              		.cfi_def_cfa_offset 8
  70              		.cfi_offset 7, -8
  71              		.cfi_offset 14, -4
  72 0002 82B0     		sub	sp, sp, #8
  73              		.cfi_def_cfa_offset 16
  74 0004 00AF     		add	r7, sp, #0
  75              		.cfi_def_cfa_register 7
  76 0006 7860     		str	r0, [r7, #4]
 107:Generated_Source\PSoC5/isr_nodeok.c ****     /* For all we know the interrupt is active. */
 108:Generated_Source\PSoC5/isr_nodeok.c ****     isr_nodeok_Disable();
  77              		.loc 1 108 0
  78 0008 FFF7FEFF 		bl	isr_nodeok_Disable
 109:Generated_Source\PSoC5/isr_nodeok.c **** 
 110:Generated_Source\PSoC5/isr_nodeok.c ****     /* Set the ISR to point to the isr_nodeok Interrupt. */
 111:Generated_Source\PSoC5/isr_nodeok.c ****     isr_nodeok_SetVector(address);
  79              		.loc 1 111 0
  80 000c 7868     		ldr	r0, [r7, #4]
  81 000e FFF7FEFF 		bl	isr_nodeok_SetVector
 112:Generated_Source\PSoC5/isr_nodeok.c **** 
 113:Generated_Source\PSoC5/isr_nodeok.c ****     /* Set the priority. */
 114:Generated_Source\PSoC5/isr_nodeok.c ****     isr_nodeok_SetPriority((uint8)isr_nodeok_INTC_PRIOR_NUMBER);
  82              		.loc 1 114 0
  83 0012 0720     		movs	r0, #7
  84 0014 FFF7FEFF 		bl	isr_nodeok_SetPriority
 115:Generated_Source\PSoC5/isr_nodeok.c **** 
 116:Generated_Source\PSoC5/isr_nodeok.c ****     /* Enable it. */
 117:Generated_Source\PSoC5/isr_nodeok.c ****     isr_nodeok_Enable();
  85              		.loc 1 117 0
  86 0018 FFF7FEFF 		bl	isr_nodeok_Enable
 118:Generated_Source\PSoC5/isr_nodeok.c **** }
  87              		.loc 1 118 0
  88 001c 0837     		adds	r7, r7, #8
  89              		.cfi_def_cfa_offset 8
  90 001e BD46     		mov	sp, r7
  91              		.cfi_def_cfa_register 13
  92              		@ sp needed
  93 0020 80BD     		pop	{r7, pc}
  94              		.cfi_endproc
  95              	.LFE1:
  96              		.size	isr_nodeok_StartEx, .-isr_nodeok_StartEx
  97 0022 00BF     		.section	.text.isr_nodeok_Stop,"ax",%progbits
  98              		.align	2
  99              		.global	isr_nodeok_Stop
 100              		.thumb
 101              		.thumb_func
 102              		.type	isr_nodeok_Stop, %function
 103              	isr_nodeok_Stop:
 104              	.LFB2:
 119:Generated_Source\PSoC5/isr_nodeok.c **** 
 120:Generated_Source\PSoC5/isr_nodeok.c **** 
 121:Generated_Source\PSoC5/isr_nodeok.c **** /*******************************************************************************
 122:Generated_Source\PSoC5/isr_nodeok.c **** * Function Name: isr_nodeok_Stop
 123:Generated_Source\PSoC5/isr_nodeok.c **** ********************************************************************************
 124:Generated_Source\PSoC5/isr_nodeok.c **** *
ARM GAS  D:\Windows\AppData\Local\Temp\ccrzb1TJ.s 			page 5


 125:Generated_Source\PSoC5/isr_nodeok.c **** * Summary:
 126:Generated_Source\PSoC5/isr_nodeok.c **** *   Disables and removes the interrupt.
 127:Generated_Source\PSoC5/isr_nodeok.c **** *
 128:Generated_Source\PSoC5/isr_nodeok.c **** * Parameters:  
 129:Generated_Source\PSoC5/isr_nodeok.c **** *   None
 130:Generated_Source\PSoC5/isr_nodeok.c **** *
 131:Generated_Source\PSoC5/isr_nodeok.c **** * Return:
 132:Generated_Source\PSoC5/isr_nodeok.c **** *   None
 133:Generated_Source\PSoC5/isr_nodeok.c **** *
 134:Generated_Source\PSoC5/isr_nodeok.c **** *******************************************************************************/
 135:Generated_Source\PSoC5/isr_nodeok.c **** void isr_nodeok_Stop(void)
 136:Generated_Source\PSoC5/isr_nodeok.c **** {
 105              		.loc 1 136 0
 106              		.cfi_startproc
 107              		@ args = 0, pretend = 0, frame = 0
 108              		@ frame_needed = 1, uses_anonymous_args = 0
 109 0000 80B5     		push	{r7, lr}
 110              		.cfi_def_cfa_offset 8
 111              		.cfi_offset 7, -8
 112              		.cfi_offset 14, -4
 113 0002 00AF     		add	r7, sp, #0
 114              		.cfi_def_cfa_register 7
 137:Generated_Source\PSoC5/isr_nodeok.c ****     /* Disable this interrupt. */
 138:Generated_Source\PSoC5/isr_nodeok.c ****     isr_nodeok_Disable();
 115              		.loc 1 138 0
 116 0004 FFF7FEFF 		bl	isr_nodeok_Disable
 139:Generated_Source\PSoC5/isr_nodeok.c **** 
 140:Generated_Source\PSoC5/isr_nodeok.c ****     /* Set the ISR to point to the passive one. */
 141:Generated_Source\PSoC5/isr_nodeok.c ****     isr_nodeok_SetVector(&IntDefaultHandler);
 117              		.loc 1 141 0
 118 0008 0148     		ldr	r0, .L6
 119 000a FFF7FEFF 		bl	isr_nodeok_SetVector
 142:Generated_Source\PSoC5/isr_nodeok.c **** }
 120              		.loc 1 142 0
 121 000e 80BD     		pop	{r7, pc}
 122              	.L7:
 123              		.align	2
 124              	.L6:
 125 0010 00000000 		.word	IntDefaultHandler
 126              		.cfi_endproc
 127              	.LFE2:
 128              		.size	isr_nodeok_Stop, .-isr_nodeok_Stop
 129              		.section	.text.isr_nodeok_Interrupt,"ax",%progbits
 130              		.align	2
 131              		.global	isr_nodeok_Interrupt
 132              		.thumb
 133              		.thumb_func
 134              		.type	isr_nodeok_Interrupt, %function
 135              	isr_nodeok_Interrupt:
 136              	.LFB3:
 143:Generated_Source\PSoC5/isr_nodeok.c **** 
 144:Generated_Source\PSoC5/isr_nodeok.c **** 
 145:Generated_Source\PSoC5/isr_nodeok.c **** /*******************************************************************************
 146:Generated_Source\PSoC5/isr_nodeok.c **** * Function Name: isr_nodeok_Interrupt
 147:Generated_Source\PSoC5/isr_nodeok.c **** ********************************************************************************
 148:Generated_Source\PSoC5/isr_nodeok.c **** *
 149:Generated_Source\PSoC5/isr_nodeok.c **** * Summary:
ARM GAS  D:\Windows\AppData\Local\Temp\ccrzb1TJ.s 			page 6


 150:Generated_Source\PSoC5/isr_nodeok.c **** *   The default Interrupt Service Routine for isr_nodeok.
 151:Generated_Source\PSoC5/isr_nodeok.c **** *
 152:Generated_Source\PSoC5/isr_nodeok.c **** *   Add custom code between the coments to keep the next version of this file
 153:Generated_Source\PSoC5/isr_nodeok.c **** *   from over writting your code.
 154:Generated_Source\PSoC5/isr_nodeok.c **** *
 155:Generated_Source\PSoC5/isr_nodeok.c **** * Parameters:  
 156:Generated_Source\PSoC5/isr_nodeok.c **** *
 157:Generated_Source\PSoC5/isr_nodeok.c **** * Return:
 158:Generated_Source\PSoC5/isr_nodeok.c **** *   None
 159:Generated_Source\PSoC5/isr_nodeok.c **** *
 160:Generated_Source\PSoC5/isr_nodeok.c **** *******************************************************************************/
 161:Generated_Source\PSoC5/isr_nodeok.c **** CY_ISR(isr_nodeok_Interrupt)
 162:Generated_Source\PSoC5/isr_nodeok.c **** {
 137              		.loc 1 162 0
 138              		.cfi_startproc
 139              		@ args = 0, pretend = 0, frame = 8
 140              		@ frame_needed = 1, uses_anonymous_args = 0
 141 0000 80B5     		push	{r7, lr}
 142              		.cfi_def_cfa_offset 8
 143              		.cfi_offset 7, -8
 144              		.cfi_offset 14, -4
 145 0002 82B0     		sub	sp, sp, #8
 146              		.cfi_def_cfa_offset 16
 147 0004 00AF     		add	r7, sp, #0
 148              		.cfi_def_cfa_register 7
 163:Generated_Source\PSoC5/isr_nodeok.c ****     #ifdef isr_nodeok_INTERRUPT_INTERRUPT_CALLBACK
 164:Generated_Source\PSoC5/isr_nodeok.c ****         isr_nodeok_Interrupt_InterruptCallback();
 165:Generated_Source\PSoC5/isr_nodeok.c ****     #endif /* isr_nodeok_INTERRUPT_INTERRUPT_CALLBACK */ 
 166:Generated_Source\PSoC5/isr_nodeok.c **** 
 167:Generated_Source\PSoC5/isr_nodeok.c ****     /*  Place your Interrupt code here. */
 168:Generated_Source\PSoC5/isr_nodeok.c ****     /* `#START isr_nodeok_Interrupt` */
 169:Generated_Source\PSoC5/isr_nodeok.c ****     
 170:Generated_Source\PSoC5/isr_nodeok.c ****     uint8 InterruptState = CyEnterCriticalSection();
 149              		.loc 1 170 0
 150 0006 FFF7FEFF 		bl	CyEnterCriticalSection
 151 000a 0346     		mov	r3, r0
 152 000c FB71     		strb	r3, [r7, #7]
 171:Generated_Source\PSoC5/isr_nodeok.c ****     
 172:Generated_Source\PSoC5/isr_nodeok.c ****     // Increment node health variables.
 173:Generated_Source\PSoC5/isr_nodeok.c ****     pedalOK++;
 153              		.loc 1 173 0
 154 000e 074B     		ldr	r3, .L9
 155 0010 1B68     		ldr	r3, [r3]
 156 0012 0133     		adds	r3, r3, #1
 157 0014 054A     		ldr	r2, .L9
 158 0016 1360     		str	r3, [r2]
 174:Generated_Source\PSoC5/isr_nodeok.c ****     
 175:Generated_Source\PSoC5/isr_nodeok.c ****     CyExitCriticalSection(InterruptState);
 159              		.loc 1 175 0
 160 0018 FB79     		ldrb	r3, [r7, #7]	@ zero_extendqisi2
 161 001a 1846     		mov	r0, r3
 162 001c FFF7FEFF 		bl	CyExitCriticalSection
 176:Generated_Source\PSoC5/isr_nodeok.c ****     
 177:Generated_Source\PSoC5/isr_nodeok.c ****     // Need to read the register to keep timer going.
 178:Generated_Source\PSoC5/isr_nodeok.c ****     Node_Timer_ReadStatusRegister();
 163              		.loc 1 178 0
 164 0020 FFF7FEFF 		bl	Node_Timer_ReadStatusRegister
ARM GAS  D:\Windows\AppData\Local\Temp\ccrzb1TJ.s 			page 7


 179:Generated_Source\PSoC5/isr_nodeok.c ****     
 180:Generated_Source\PSoC5/isr_nodeok.c ****     /* `#END` */
 181:Generated_Source\PSoC5/isr_nodeok.c **** }
 165              		.loc 1 181 0
 166 0024 0837     		adds	r7, r7, #8
 167              		.cfi_def_cfa_offset 8
 168 0026 BD46     		mov	sp, r7
 169              		.cfi_def_cfa_register 13
 170              		@ sp needed
 171 0028 80BD     		pop	{r7, pc}
 172              	.L10:
 173 002a 00BF     		.align	2
 174              	.L9:
 175 002c 00000000 		.word	pedalOK
 176              		.cfi_endproc
 177              	.LFE3:
 178              		.size	isr_nodeok_Interrupt, .-isr_nodeok_Interrupt
 179              		.section	.text.isr_nodeok_SetVector,"ax",%progbits
 180              		.align	2
 181              		.global	isr_nodeok_SetVector
 182              		.thumb
 183              		.thumb_func
 184              		.type	isr_nodeok_SetVector, %function
 185              	isr_nodeok_SetVector:
 186              	.LFB4:
 182:Generated_Source\PSoC5/isr_nodeok.c **** 
 183:Generated_Source\PSoC5/isr_nodeok.c **** 
 184:Generated_Source\PSoC5/isr_nodeok.c **** /*******************************************************************************
 185:Generated_Source\PSoC5/isr_nodeok.c **** * Function Name: isr_nodeok_SetVector
 186:Generated_Source\PSoC5/isr_nodeok.c **** ********************************************************************************
 187:Generated_Source\PSoC5/isr_nodeok.c **** *
 188:Generated_Source\PSoC5/isr_nodeok.c **** * Summary:
 189:Generated_Source\PSoC5/isr_nodeok.c **** *   Change the ISR vector for the Interrupt. Note calling isr_nodeok_Start
 190:Generated_Source\PSoC5/isr_nodeok.c **** *   will override any effect this method would have had. To set the vector 
 191:Generated_Source\PSoC5/isr_nodeok.c **** *   before the component has been started use isr_nodeok_StartEx instead.
 192:Generated_Source\PSoC5/isr_nodeok.c **** * 
 193:Generated_Source\PSoC5/isr_nodeok.c **** *   When defining ISR functions, the CY_ISR and CY_ISR_PROTO macros should be 
 194:Generated_Source\PSoC5/isr_nodeok.c **** *   used to provide consistent definition across compilers:
 195:Generated_Source\PSoC5/isr_nodeok.c **** *
 196:Generated_Source\PSoC5/isr_nodeok.c **** *   Function definition example:
 197:Generated_Source\PSoC5/isr_nodeok.c **** *   CY_ISR(MyISR)
 198:Generated_Source\PSoC5/isr_nodeok.c **** *   {
 199:Generated_Source\PSoC5/isr_nodeok.c **** *   }
 200:Generated_Source\PSoC5/isr_nodeok.c **** *
 201:Generated_Source\PSoC5/isr_nodeok.c **** *   Function prototype example:
 202:Generated_Source\PSoC5/isr_nodeok.c **** *     CY_ISR_PROTO(MyISR);
 203:Generated_Source\PSoC5/isr_nodeok.c **** *
 204:Generated_Source\PSoC5/isr_nodeok.c **** * Parameters:
 205:Generated_Source\PSoC5/isr_nodeok.c **** *   address: Address of the ISR to set in the interrupt vector table.
 206:Generated_Source\PSoC5/isr_nodeok.c **** *
 207:Generated_Source\PSoC5/isr_nodeok.c **** * Return:
 208:Generated_Source\PSoC5/isr_nodeok.c **** *   None
 209:Generated_Source\PSoC5/isr_nodeok.c **** *
 210:Generated_Source\PSoC5/isr_nodeok.c **** *******************************************************************************/
 211:Generated_Source\PSoC5/isr_nodeok.c **** void isr_nodeok_SetVector(cyisraddress address)
 212:Generated_Source\PSoC5/isr_nodeok.c **** {
 187              		.loc 1 212 0
ARM GAS  D:\Windows\AppData\Local\Temp\ccrzb1TJ.s 			page 8


 188              		.cfi_startproc
 189              		@ args = 0, pretend = 0, frame = 16
 190              		@ frame_needed = 1, uses_anonymous_args = 0
 191              		@ link register save eliminated.
 192 0000 80B4     		push	{r7}
 193              		.cfi_def_cfa_offset 4
 194              		.cfi_offset 7, -4
 195 0002 85B0     		sub	sp, sp, #20
 196              		.cfi_def_cfa_offset 24
 197 0004 00AF     		add	r7, sp, #0
 198              		.cfi_def_cfa_register 7
 199 0006 7860     		str	r0, [r7, #4]
 213:Generated_Source\PSoC5/isr_nodeok.c ****     cyisraddress * ramVectorTable;
 214:Generated_Source\PSoC5/isr_nodeok.c **** 
 215:Generated_Source\PSoC5/isr_nodeok.c ****     ramVectorTable = (cyisraddress *) *CYINT_VECT_TABLE;
 200              		.loc 1 215 0
 201 0008 054B     		ldr	r3, .L12
 202 000a 1B68     		ldr	r3, [r3]
 203 000c FB60     		str	r3, [r7, #12]
 216:Generated_Source\PSoC5/isr_nodeok.c **** 
 217:Generated_Source\PSoC5/isr_nodeok.c ****     ramVectorTable[CYINT_IRQ_BASE + (uint32)isr_nodeok__INTC_NUMBER] = address;
 204              		.loc 1 217 0
 205 000e FB68     		ldr	r3, [r7, #12]
 206 0010 8833     		adds	r3, r3, #136
 207 0012 7A68     		ldr	r2, [r7, #4]
 208 0014 1A60     		str	r2, [r3]
 218:Generated_Source\PSoC5/isr_nodeok.c **** }
 209              		.loc 1 218 0
 210 0016 1437     		adds	r7, r7, #20
 211              		.cfi_def_cfa_offset 4
 212 0018 BD46     		mov	sp, r7
 213              		.cfi_def_cfa_register 13
 214              		@ sp needed
 215 001a 5DF8047B 		ldr	r7, [sp], #4
 216              		.cfi_restore 7
 217              		.cfi_def_cfa_offset 0
 218 001e 7047     		bx	lr
 219              	.L13:
 220              		.align	2
 221              	.L12:
 222 0020 08ED00E0 		.word	-536810232
 223              		.cfi_endproc
 224              	.LFE4:
 225              		.size	isr_nodeok_SetVector, .-isr_nodeok_SetVector
 226              		.section	.text.isr_nodeok_GetVector,"ax",%progbits
 227              		.align	2
 228              		.global	isr_nodeok_GetVector
 229              		.thumb
 230              		.thumb_func
 231              		.type	isr_nodeok_GetVector, %function
 232              	isr_nodeok_GetVector:
 233              	.LFB5:
 219:Generated_Source\PSoC5/isr_nodeok.c **** 
 220:Generated_Source\PSoC5/isr_nodeok.c **** 
 221:Generated_Source\PSoC5/isr_nodeok.c **** /*******************************************************************************
 222:Generated_Source\PSoC5/isr_nodeok.c **** * Function Name: isr_nodeok_GetVector
 223:Generated_Source\PSoC5/isr_nodeok.c **** ********************************************************************************
ARM GAS  D:\Windows\AppData\Local\Temp\ccrzb1TJ.s 			page 9


 224:Generated_Source\PSoC5/isr_nodeok.c **** *
 225:Generated_Source\PSoC5/isr_nodeok.c **** * Summary:
 226:Generated_Source\PSoC5/isr_nodeok.c **** *   Gets the "address" of the current ISR vector for the Interrupt.
 227:Generated_Source\PSoC5/isr_nodeok.c **** *
 228:Generated_Source\PSoC5/isr_nodeok.c **** * Parameters:
 229:Generated_Source\PSoC5/isr_nodeok.c **** *   None
 230:Generated_Source\PSoC5/isr_nodeok.c **** *
 231:Generated_Source\PSoC5/isr_nodeok.c **** * Return:
 232:Generated_Source\PSoC5/isr_nodeok.c **** *   Address of the ISR in the interrupt vector table.
 233:Generated_Source\PSoC5/isr_nodeok.c **** *
 234:Generated_Source\PSoC5/isr_nodeok.c **** *******************************************************************************/
 235:Generated_Source\PSoC5/isr_nodeok.c **** cyisraddress isr_nodeok_GetVector(void)
 236:Generated_Source\PSoC5/isr_nodeok.c **** {
 234              		.loc 1 236 0
 235              		.cfi_startproc
 236              		@ args = 0, pretend = 0, frame = 8
 237              		@ frame_needed = 1, uses_anonymous_args = 0
 238              		@ link register save eliminated.
 239 0000 80B4     		push	{r7}
 240              		.cfi_def_cfa_offset 4
 241              		.cfi_offset 7, -4
 242 0002 83B0     		sub	sp, sp, #12
 243              		.cfi_def_cfa_offset 16
 244 0004 00AF     		add	r7, sp, #0
 245              		.cfi_def_cfa_register 7
 237:Generated_Source\PSoC5/isr_nodeok.c ****     cyisraddress * ramVectorTable;
 238:Generated_Source\PSoC5/isr_nodeok.c **** 
 239:Generated_Source\PSoC5/isr_nodeok.c ****     ramVectorTable = (cyisraddress *) *CYINT_VECT_TABLE;
 246              		.loc 1 239 0
 247 0006 064B     		ldr	r3, .L16
 248 0008 1B68     		ldr	r3, [r3]
 249 000a 7B60     		str	r3, [r7, #4]
 240:Generated_Source\PSoC5/isr_nodeok.c **** 
 241:Generated_Source\PSoC5/isr_nodeok.c ****     return ramVectorTable[CYINT_IRQ_BASE + (uint32)isr_nodeok__INTC_NUMBER];
 250              		.loc 1 241 0
 251 000c 7B68     		ldr	r3, [r7, #4]
 252 000e D3F88830 		ldr	r3, [r3, #136]
 242:Generated_Source\PSoC5/isr_nodeok.c **** }
 253              		.loc 1 242 0
 254 0012 1846     		mov	r0, r3
 255 0014 0C37     		adds	r7, r7, #12
 256              		.cfi_def_cfa_offset 4
 257 0016 BD46     		mov	sp, r7
 258              		.cfi_def_cfa_register 13
 259              		@ sp needed
 260 0018 5DF8047B 		ldr	r7, [sp], #4
 261              		.cfi_restore 7
 262              		.cfi_def_cfa_offset 0
 263 001c 7047     		bx	lr
 264              	.L17:
 265 001e 00BF     		.align	2
 266              	.L16:
 267 0020 08ED00E0 		.word	-536810232
 268              		.cfi_endproc
 269              	.LFE5:
 270              		.size	isr_nodeok_GetVector, .-isr_nodeok_GetVector
 271              		.section	.text.isr_nodeok_SetPriority,"ax",%progbits
ARM GAS  D:\Windows\AppData\Local\Temp\ccrzb1TJ.s 			page 10


 272              		.align	2
 273              		.global	isr_nodeok_SetPriority
 274              		.thumb
 275              		.thumb_func
 276              		.type	isr_nodeok_SetPriority, %function
 277              	isr_nodeok_SetPriority:
 278              	.LFB6:
 243:Generated_Source\PSoC5/isr_nodeok.c **** 
 244:Generated_Source\PSoC5/isr_nodeok.c **** 
 245:Generated_Source\PSoC5/isr_nodeok.c **** /*******************************************************************************
 246:Generated_Source\PSoC5/isr_nodeok.c **** * Function Name: isr_nodeok_SetPriority
 247:Generated_Source\PSoC5/isr_nodeok.c **** ********************************************************************************
 248:Generated_Source\PSoC5/isr_nodeok.c **** *
 249:Generated_Source\PSoC5/isr_nodeok.c **** * Summary:
 250:Generated_Source\PSoC5/isr_nodeok.c **** *   Sets the Priority of the Interrupt. 
 251:Generated_Source\PSoC5/isr_nodeok.c **** *
 252:Generated_Source\PSoC5/isr_nodeok.c **** *   Note calling isr_nodeok_Start or isr_nodeok_StartEx will 
 253:Generated_Source\PSoC5/isr_nodeok.c **** *   override any effect this API would have had. This API should only be called
 254:Generated_Source\PSoC5/isr_nodeok.c **** *   after isr_nodeok_Start or isr_nodeok_StartEx has been called. 
 255:Generated_Source\PSoC5/isr_nodeok.c **** *   To set the initial priority for the component, use the Design-Wide Resources
 256:Generated_Source\PSoC5/isr_nodeok.c **** *   Interrupt Editor.
 257:Generated_Source\PSoC5/isr_nodeok.c **** *
 258:Generated_Source\PSoC5/isr_nodeok.c **** *   Note This API has no effect on Non-maskable interrupt NMI).
 259:Generated_Source\PSoC5/isr_nodeok.c **** *
 260:Generated_Source\PSoC5/isr_nodeok.c **** * Parameters:
 261:Generated_Source\PSoC5/isr_nodeok.c **** *   priority: Priority of the interrupt, 0 being the highest priority
 262:Generated_Source\PSoC5/isr_nodeok.c **** *             PSoC 3 and PSoC 5LP: Priority is from 0 to 7.
 263:Generated_Source\PSoC5/isr_nodeok.c **** *             PSoC 4: Priority is from 0 to 3.
 264:Generated_Source\PSoC5/isr_nodeok.c **** *
 265:Generated_Source\PSoC5/isr_nodeok.c **** * Return:
 266:Generated_Source\PSoC5/isr_nodeok.c **** *   None
 267:Generated_Source\PSoC5/isr_nodeok.c **** *
 268:Generated_Source\PSoC5/isr_nodeok.c **** *******************************************************************************/
 269:Generated_Source\PSoC5/isr_nodeok.c **** void isr_nodeok_SetPriority(uint8 priority)
 270:Generated_Source\PSoC5/isr_nodeok.c **** {
 279              		.loc 1 270 0
 280              		.cfi_startproc
 281              		@ args = 0, pretend = 0, frame = 8
 282              		@ frame_needed = 1, uses_anonymous_args = 0
 283              		@ link register save eliminated.
 284 0000 80B4     		push	{r7}
 285              		.cfi_def_cfa_offset 4
 286              		.cfi_offset 7, -4
 287 0002 83B0     		sub	sp, sp, #12
 288              		.cfi_def_cfa_offset 16
 289 0004 00AF     		add	r7, sp, #0
 290              		.cfi_def_cfa_register 7
 291 0006 0346     		mov	r3, r0
 292 0008 FB71     		strb	r3, [r7, #7]
 271:Generated_Source\PSoC5/isr_nodeok.c ****     *isr_nodeok_INTC_PRIOR = priority << 5;
 293              		.loc 1 271 0
 294 000a 054A     		ldr	r2, .L19
 295 000c FB79     		ldrb	r3, [r7, #7]
 296 000e 5B01     		lsls	r3, r3, #5
 297 0010 DBB2     		uxtb	r3, r3
 298 0012 1370     		strb	r3, [r2]
 272:Generated_Source\PSoC5/isr_nodeok.c **** }
ARM GAS  D:\Windows\AppData\Local\Temp\ccrzb1TJ.s 			page 11


 299              		.loc 1 272 0
 300 0014 0C37     		adds	r7, r7, #12
 301              		.cfi_def_cfa_offset 4
 302 0016 BD46     		mov	sp, r7
 303              		.cfi_def_cfa_register 13
 304              		@ sp needed
 305 0018 5DF8047B 		ldr	r7, [sp], #4
 306              		.cfi_restore 7
 307              		.cfi_def_cfa_offset 0
 308 001c 7047     		bx	lr
 309              	.L20:
 310 001e 00BF     		.align	2
 311              	.L19:
 312 0020 12E400E0 		.word	-536812526
 313              		.cfi_endproc
 314              	.LFE6:
 315              		.size	isr_nodeok_SetPriority, .-isr_nodeok_SetPriority
 316              		.section	.text.isr_nodeok_GetPriority,"ax",%progbits
 317              		.align	2
 318              		.global	isr_nodeok_GetPriority
 319              		.thumb
 320              		.thumb_func
 321              		.type	isr_nodeok_GetPriority, %function
 322              	isr_nodeok_GetPriority:
 323              	.LFB7:
 273:Generated_Source\PSoC5/isr_nodeok.c **** 
 274:Generated_Source\PSoC5/isr_nodeok.c **** 
 275:Generated_Source\PSoC5/isr_nodeok.c **** /*******************************************************************************
 276:Generated_Source\PSoC5/isr_nodeok.c **** * Function Name: isr_nodeok_GetPriority
 277:Generated_Source\PSoC5/isr_nodeok.c **** ********************************************************************************
 278:Generated_Source\PSoC5/isr_nodeok.c **** *
 279:Generated_Source\PSoC5/isr_nodeok.c **** * Summary:
 280:Generated_Source\PSoC5/isr_nodeok.c **** *   Gets the Priority of the Interrupt.
 281:Generated_Source\PSoC5/isr_nodeok.c **** *
 282:Generated_Source\PSoC5/isr_nodeok.c **** * Parameters:
 283:Generated_Source\PSoC5/isr_nodeok.c **** *   None
 284:Generated_Source\PSoC5/isr_nodeok.c **** *
 285:Generated_Source\PSoC5/isr_nodeok.c **** * Return:
 286:Generated_Source\PSoC5/isr_nodeok.c **** *   Priority of the interrupt, 0 being the highest priority
 287:Generated_Source\PSoC5/isr_nodeok.c **** *    PSoC 3 and PSoC 5LP: Priority is from 0 to 7.
 288:Generated_Source\PSoC5/isr_nodeok.c **** *    PSoC 4: Priority is from 0 to 3.
 289:Generated_Source\PSoC5/isr_nodeok.c **** *
 290:Generated_Source\PSoC5/isr_nodeok.c **** *******************************************************************************/
 291:Generated_Source\PSoC5/isr_nodeok.c **** uint8 isr_nodeok_GetPriority(void)
 292:Generated_Source\PSoC5/isr_nodeok.c **** {
 324              		.loc 1 292 0
 325              		.cfi_startproc
 326              		@ args = 0, pretend = 0, frame = 8
 327              		@ frame_needed = 1, uses_anonymous_args = 0
 328              		@ link register save eliminated.
 329 0000 80B4     		push	{r7}
 330              		.cfi_def_cfa_offset 4
 331              		.cfi_offset 7, -4
 332 0002 83B0     		sub	sp, sp, #12
 333              		.cfi_def_cfa_offset 16
 334 0004 00AF     		add	r7, sp, #0
 335              		.cfi_def_cfa_register 7
ARM GAS  D:\Windows\AppData\Local\Temp\ccrzb1TJ.s 			page 12


 293:Generated_Source\PSoC5/isr_nodeok.c ****     uint8 priority;
 294:Generated_Source\PSoC5/isr_nodeok.c **** 
 295:Generated_Source\PSoC5/isr_nodeok.c **** 
 296:Generated_Source\PSoC5/isr_nodeok.c ****     priority = *isr_nodeok_INTC_PRIOR >> 5;
 336              		.loc 1 296 0
 337 0006 064B     		ldr	r3, .L23
 338 0008 1B78     		ldrb	r3, [r3]
 339 000a DBB2     		uxtb	r3, r3
 340 000c 5B09     		lsrs	r3, r3, #5
 341 000e FB71     		strb	r3, [r7, #7]
 297:Generated_Source\PSoC5/isr_nodeok.c **** 
 298:Generated_Source\PSoC5/isr_nodeok.c ****     return priority;
 342              		.loc 1 298 0
 343 0010 FB79     		ldrb	r3, [r7, #7]	@ zero_extendqisi2
 299:Generated_Source\PSoC5/isr_nodeok.c **** }
 344              		.loc 1 299 0
 345 0012 1846     		mov	r0, r3
 346 0014 0C37     		adds	r7, r7, #12
 347              		.cfi_def_cfa_offset 4
 348 0016 BD46     		mov	sp, r7
 349              		.cfi_def_cfa_register 13
 350              		@ sp needed
 351 0018 5DF8047B 		ldr	r7, [sp], #4
 352              		.cfi_restore 7
 353              		.cfi_def_cfa_offset 0
 354 001c 7047     		bx	lr
 355              	.L24:
 356 001e 00BF     		.align	2
 357              	.L23:
 358 0020 12E400E0 		.word	-536812526
 359              		.cfi_endproc
 360              	.LFE7:
 361              		.size	isr_nodeok_GetPriority, .-isr_nodeok_GetPriority
 362              		.section	.text.isr_nodeok_Enable,"ax",%progbits
 363              		.align	2
 364              		.global	isr_nodeok_Enable
 365              		.thumb
 366              		.thumb_func
 367              		.type	isr_nodeok_Enable, %function
 368              	isr_nodeok_Enable:
 369              	.LFB8:
 300:Generated_Source\PSoC5/isr_nodeok.c **** 
 301:Generated_Source\PSoC5/isr_nodeok.c **** 
 302:Generated_Source\PSoC5/isr_nodeok.c **** /*******************************************************************************
 303:Generated_Source\PSoC5/isr_nodeok.c **** * Function Name: isr_nodeok_Enable
 304:Generated_Source\PSoC5/isr_nodeok.c **** ********************************************************************************
 305:Generated_Source\PSoC5/isr_nodeok.c **** *
 306:Generated_Source\PSoC5/isr_nodeok.c **** * Summary:
 307:Generated_Source\PSoC5/isr_nodeok.c **** *   Enables the interrupt to the interrupt controller. Do not call this function
 308:Generated_Source\PSoC5/isr_nodeok.c **** *   unless ISR_Start() has been called or the functionality of the ISR_Start() 
 309:Generated_Source\PSoC5/isr_nodeok.c **** *   function, which sets the vector and the priority, has been called.
 310:Generated_Source\PSoC5/isr_nodeok.c **** *
 311:Generated_Source\PSoC5/isr_nodeok.c **** * Parameters:
 312:Generated_Source\PSoC5/isr_nodeok.c **** *   None
 313:Generated_Source\PSoC5/isr_nodeok.c **** *
 314:Generated_Source\PSoC5/isr_nodeok.c **** * Return:
 315:Generated_Source\PSoC5/isr_nodeok.c **** *   None
ARM GAS  D:\Windows\AppData\Local\Temp\ccrzb1TJ.s 			page 13


 316:Generated_Source\PSoC5/isr_nodeok.c **** *
 317:Generated_Source\PSoC5/isr_nodeok.c **** *******************************************************************************/
 318:Generated_Source\PSoC5/isr_nodeok.c **** void isr_nodeok_Enable(void)
 319:Generated_Source\PSoC5/isr_nodeok.c **** {
 370              		.loc 1 319 0
 371              		.cfi_startproc
 372              		@ args = 0, pretend = 0, frame = 0
 373              		@ frame_needed = 1, uses_anonymous_args = 0
 374              		@ link register save eliminated.
 375 0000 80B4     		push	{r7}
 376              		.cfi_def_cfa_offset 4
 377              		.cfi_offset 7, -4
 378 0002 00AF     		add	r7, sp, #0
 379              		.cfi_def_cfa_register 7
 320:Generated_Source\PSoC5/isr_nodeok.c ****     /* Enable the general interrupt. */
 321:Generated_Source\PSoC5/isr_nodeok.c ****     *isr_nodeok_INTC_SET_EN = isr_nodeok__INTC_MASK;
 380              		.loc 1 321 0
 381 0004 034B     		ldr	r3, .L26
 382 0006 4FF48022 		mov	r2, #262144
 383 000a 1A60     		str	r2, [r3]
 322:Generated_Source\PSoC5/isr_nodeok.c **** }
 384              		.loc 1 322 0
 385 000c BD46     		mov	sp, r7
 386              		.cfi_def_cfa_register 13
 387              		@ sp needed
 388 000e 5DF8047B 		ldr	r7, [sp], #4
 389              		.cfi_restore 7
 390              		.cfi_def_cfa_offset 0
 391 0012 7047     		bx	lr
 392              	.L27:
 393              		.align	2
 394              	.L26:
 395 0014 00E100E0 		.word	-536813312
 396              		.cfi_endproc
 397              	.LFE8:
 398              		.size	isr_nodeok_Enable, .-isr_nodeok_Enable
 399              		.section	.text.isr_nodeok_GetState,"ax",%progbits
 400              		.align	2
 401              		.global	isr_nodeok_GetState
 402              		.thumb
 403              		.thumb_func
 404              		.type	isr_nodeok_GetState, %function
 405              	isr_nodeok_GetState:
 406              	.LFB9:
 323:Generated_Source\PSoC5/isr_nodeok.c **** 
 324:Generated_Source\PSoC5/isr_nodeok.c **** 
 325:Generated_Source\PSoC5/isr_nodeok.c **** /*******************************************************************************
 326:Generated_Source\PSoC5/isr_nodeok.c **** * Function Name: isr_nodeok_GetState
 327:Generated_Source\PSoC5/isr_nodeok.c **** ********************************************************************************
 328:Generated_Source\PSoC5/isr_nodeok.c **** *
 329:Generated_Source\PSoC5/isr_nodeok.c **** * Summary:
 330:Generated_Source\PSoC5/isr_nodeok.c **** *   Gets the state (enabled, disabled) of the Interrupt.
 331:Generated_Source\PSoC5/isr_nodeok.c **** *
 332:Generated_Source\PSoC5/isr_nodeok.c **** * Parameters:
 333:Generated_Source\PSoC5/isr_nodeok.c **** *   None
 334:Generated_Source\PSoC5/isr_nodeok.c **** *
 335:Generated_Source\PSoC5/isr_nodeok.c **** * Return:
ARM GAS  D:\Windows\AppData\Local\Temp\ccrzb1TJ.s 			page 14


 336:Generated_Source\PSoC5/isr_nodeok.c **** *   1 if enabled, 0 if disabled.
 337:Generated_Source\PSoC5/isr_nodeok.c **** *
 338:Generated_Source\PSoC5/isr_nodeok.c **** *******************************************************************************/
 339:Generated_Source\PSoC5/isr_nodeok.c **** uint8 isr_nodeok_GetState(void)
 340:Generated_Source\PSoC5/isr_nodeok.c **** {
 407              		.loc 1 340 0
 408              		.cfi_startproc
 409              		@ args = 0, pretend = 0, frame = 0
 410              		@ frame_needed = 1, uses_anonymous_args = 0
 411              		@ link register save eliminated.
 412 0000 80B4     		push	{r7}
 413              		.cfi_def_cfa_offset 4
 414              		.cfi_offset 7, -4
 415 0002 00AF     		add	r7, sp, #0
 416              		.cfi_def_cfa_register 7
 341:Generated_Source\PSoC5/isr_nodeok.c ****     /* Get the state of the general interrupt. */
 342:Generated_Source\PSoC5/isr_nodeok.c ****     return ((*isr_nodeok_INTC_SET_EN & (uint32)isr_nodeok__INTC_MASK) != 0u) ? 1u:0u;
 417              		.loc 1 342 0
 418 0004 064B     		ldr	r3, .L32
 419 0006 1B68     		ldr	r3, [r3]
 420 0008 03F48023 		and	r3, r3, #262144
 421 000c 002B     		cmp	r3, #0
 422 000e 01D0     		beq	.L29
 423              		.loc 1 342 0 is_stmt 0 discriminator 1
 424 0010 0123     		movs	r3, #1
 425 0012 00E0     		b	.L30
 426              	.L29:
 427              		.loc 1 342 0 discriminator 2
 428 0014 0023     		movs	r3, #0
 429              	.L30:
 343:Generated_Source\PSoC5/isr_nodeok.c **** }
 430              		.loc 1 343 0 is_stmt 1 discriminator 4
 431 0016 1846     		mov	r0, r3
 432 0018 BD46     		mov	sp, r7
 433              		.cfi_def_cfa_register 13
 434              		@ sp needed
 435 001a 5DF8047B 		ldr	r7, [sp], #4
 436              		.cfi_restore 7
 437              		.cfi_def_cfa_offset 0
 438 001e 7047     		bx	lr
 439              	.L33:
 440              		.align	2
 441              	.L32:
 442 0020 00E100E0 		.word	-536813312
 443              		.cfi_endproc
 444              	.LFE9:
 445              		.size	isr_nodeok_GetState, .-isr_nodeok_GetState
 446              		.section	.text.isr_nodeok_Disable,"ax",%progbits
 447              		.align	2
 448              		.global	isr_nodeok_Disable
 449              		.thumb
 450              		.thumb_func
 451              		.type	isr_nodeok_Disable, %function
 452              	isr_nodeok_Disable:
 453              	.LFB10:
 344:Generated_Source\PSoC5/isr_nodeok.c **** 
 345:Generated_Source\PSoC5/isr_nodeok.c **** 
ARM GAS  D:\Windows\AppData\Local\Temp\ccrzb1TJ.s 			page 15


 346:Generated_Source\PSoC5/isr_nodeok.c **** /*******************************************************************************
 347:Generated_Source\PSoC5/isr_nodeok.c **** * Function Name: isr_nodeok_Disable
 348:Generated_Source\PSoC5/isr_nodeok.c **** ********************************************************************************
 349:Generated_Source\PSoC5/isr_nodeok.c **** *
 350:Generated_Source\PSoC5/isr_nodeok.c **** * Summary:
 351:Generated_Source\PSoC5/isr_nodeok.c **** *   Disables the Interrupt in the interrupt controller.
 352:Generated_Source\PSoC5/isr_nodeok.c **** *
 353:Generated_Source\PSoC5/isr_nodeok.c **** * Parameters:
 354:Generated_Source\PSoC5/isr_nodeok.c **** *   None
 355:Generated_Source\PSoC5/isr_nodeok.c **** *
 356:Generated_Source\PSoC5/isr_nodeok.c **** * Return:
 357:Generated_Source\PSoC5/isr_nodeok.c **** *   None
 358:Generated_Source\PSoC5/isr_nodeok.c **** *
 359:Generated_Source\PSoC5/isr_nodeok.c **** *******************************************************************************/
 360:Generated_Source\PSoC5/isr_nodeok.c **** void isr_nodeok_Disable(void)
 361:Generated_Source\PSoC5/isr_nodeok.c **** {
 454              		.loc 1 361 0
 455              		.cfi_startproc
 456              		@ args = 0, pretend = 0, frame = 0
 457              		@ frame_needed = 1, uses_anonymous_args = 0
 458              		@ link register save eliminated.
 459 0000 80B4     		push	{r7}
 460              		.cfi_def_cfa_offset 4
 461              		.cfi_offset 7, -4
 462 0002 00AF     		add	r7, sp, #0
 463              		.cfi_def_cfa_register 7
 362:Generated_Source\PSoC5/isr_nodeok.c ****     /* Disable the general interrupt. */
 363:Generated_Source\PSoC5/isr_nodeok.c ****     *isr_nodeok_INTC_CLR_EN = isr_nodeok__INTC_MASK;
 464              		.loc 1 363 0
 465 0004 034B     		ldr	r3, .L35
 466 0006 4FF48022 		mov	r2, #262144
 467 000a 1A60     		str	r2, [r3]
 364:Generated_Source\PSoC5/isr_nodeok.c **** }
 468              		.loc 1 364 0
 469 000c BD46     		mov	sp, r7
 470              		.cfi_def_cfa_register 13
 471              		@ sp needed
 472 000e 5DF8047B 		ldr	r7, [sp], #4
 473              		.cfi_restore 7
 474              		.cfi_def_cfa_offset 0
 475 0012 7047     		bx	lr
 476              	.L36:
 477              		.align	2
 478              	.L35:
 479 0014 80E100E0 		.word	-536813184
 480              		.cfi_endproc
 481              	.LFE10:
 482              		.size	isr_nodeok_Disable, .-isr_nodeok_Disable
 483              		.section	.text.isr_nodeok_SetPending,"ax",%progbits
 484              		.align	2
 485              		.global	isr_nodeok_SetPending
 486              		.thumb
 487              		.thumb_func
 488              		.type	isr_nodeok_SetPending, %function
 489              	isr_nodeok_SetPending:
 490              	.LFB11:
 365:Generated_Source\PSoC5/isr_nodeok.c **** 
ARM GAS  D:\Windows\AppData\Local\Temp\ccrzb1TJ.s 			page 16


 366:Generated_Source\PSoC5/isr_nodeok.c **** 
 367:Generated_Source\PSoC5/isr_nodeok.c **** /*******************************************************************************
 368:Generated_Source\PSoC5/isr_nodeok.c **** * Function Name: isr_nodeok_SetPending
 369:Generated_Source\PSoC5/isr_nodeok.c **** ********************************************************************************
 370:Generated_Source\PSoC5/isr_nodeok.c **** *
 371:Generated_Source\PSoC5/isr_nodeok.c **** * Summary:
 372:Generated_Source\PSoC5/isr_nodeok.c **** *   Causes the Interrupt to enter the pending state, a software method of
 373:Generated_Source\PSoC5/isr_nodeok.c **** *   generating the interrupt.
 374:Generated_Source\PSoC5/isr_nodeok.c **** *
 375:Generated_Source\PSoC5/isr_nodeok.c **** * Parameters:
 376:Generated_Source\PSoC5/isr_nodeok.c **** *   None
 377:Generated_Source\PSoC5/isr_nodeok.c **** *
 378:Generated_Source\PSoC5/isr_nodeok.c **** * Return:
 379:Generated_Source\PSoC5/isr_nodeok.c **** *   None
 380:Generated_Source\PSoC5/isr_nodeok.c **** *
 381:Generated_Source\PSoC5/isr_nodeok.c **** * Side Effects:
 382:Generated_Source\PSoC5/isr_nodeok.c **** *   If interrupts are enabled and the interrupt is set up properly, the ISR is
 383:Generated_Source\PSoC5/isr_nodeok.c **** *   entered (depending on the priority of this interrupt and other pending 
 384:Generated_Source\PSoC5/isr_nodeok.c **** *   interrupts).
 385:Generated_Source\PSoC5/isr_nodeok.c **** *
 386:Generated_Source\PSoC5/isr_nodeok.c **** *******************************************************************************/
 387:Generated_Source\PSoC5/isr_nodeok.c **** void isr_nodeok_SetPending(void)
 388:Generated_Source\PSoC5/isr_nodeok.c **** {
 491              		.loc 1 388 0
 492              		.cfi_startproc
 493              		@ args = 0, pretend = 0, frame = 0
 494              		@ frame_needed = 1, uses_anonymous_args = 0
 495              		@ link register save eliminated.
 496 0000 80B4     		push	{r7}
 497              		.cfi_def_cfa_offset 4
 498              		.cfi_offset 7, -4
 499 0002 00AF     		add	r7, sp, #0
 500              		.cfi_def_cfa_register 7
 389:Generated_Source\PSoC5/isr_nodeok.c ****     *isr_nodeok_INTC_SET_PD = isr_nodeok__INTC_MASK;
 501              		.loc 1 389 0
 502 0004 034B     		ldr	r3, .L38
 503 0006 4FF48022 		mov	r2, #262144
 504 000a 1A60     		str	r2, [r3]
 390:Generated_Source\PSoC5/isr_nodeok.c **** }
 505              		.loc 1 390 0
 506 000c BD46     		mov	sp, r7
 507              		.cfi_def_cfa_register 13
 508              		@ sp needed
 509 000e 5DF8047B 		ldr	r7, [sp], #4
 510              		.cfi_restore 7
 511              		.cfi_def_cfa_offset 0
 512 0012 7047     		bx	lr
 513              	.L39:
 514              		.align	2
 515              	.L38:
 516 0014 00E200E0 		.word	-536813056
 517              		.cfi_endproc
 518              	.LFE11:
 519              		.size	isr_nodeok_SetPending, .-isr_nodeok_SetPending
 520              		.section	.text.isr_nodeok_ClearPending,"ax",%progbits
 521              		.align	2
 522              		.global	isr_nodeok_ClearPending
ARM GAS  D:\Windows\AppData\Local\Temp\ccrzb1TJ.s 			page 17


 523              		.thumb
 524              		.thumb_func
 525              		.type	isr_nodeok_ClearPending, %function
 526              	isr_nodeok_ClearPending:
 527              	.LFB12:
 391:Generated_Source\PSoC5/isr_nodeok.c **** 
 392:Generated_Source\PSoC5/isr_nodeok.c **** 
 393:Generated_Source\PSoC5/isr_nodeok.c **** /*******************************************************************************
 394:Generated_Source\PSoC5/isr_nodeok.c **** * Function Name: isr_nodeok_ClearPending
 395:Generated_Source\PSoC5/isr_nodeok.c **** ********************************************************************************
 396:Generated_Source\PSoC5/isr_nodeok.c **** *
 397:Generated_Source\PSoC5/isr_nodeok.c **** * Summary:
 398:Generated_Source\PSoC5/isr_nodeok.c **** *   Clears a pending interrupt in the interrupt controller.
 399:Generated_Source\PSoC5/isr_nodeok.c **** *
 400:Generated_Source\PSoC5/isr_nodeok.c **** *   Note Some interrupt sources are clear-on-read and require the block 
 401:Generated_Source\PSoC5/isr_nodeok.c **** *   interrupt/status register to be read/cleared with the appropriate block API 
 402:Generated_Source\PSoC5/isr_nodeok.c **** *   (GPIO, UART, and so on). Otherwise the ISR will continue to remain in 
 403:Generated_Source\PSoC5/isr_nodeok.c **** *   pending state even though the interrupt itself is cleared using this API.
 404:Generated_Source\PSoC5/isr_nodeok.c **** *
 405:Generated_Source\PSoC5/isr_nodeok.c **** * Parameters:
 406:Generated_Source\PSoC5/isr_nodeok.c **** *   None
 407:Generated_Source\PSoC5/isr_nodeok.c **** *
 408:Generated_Source\PSoC5/isr_nodeok.c **** * Return:
 409:Generated_Source\PSoC5/isr_nodeok.c **** *   None
 410:Generated_Source\PSoC5/isr_nodeok.c **** *
 411:Generated_Source\PSoC5/isr_nodeok.c **** *******************************************************************************/
 412:Generated_Source\PSoC5/isr_nodeok.c **** void isr_nodeok_ClearPending(void)
 413:Generated_Source\PSoC5/isr_nodeok.c **** {
 528              		.loc 1 413 0
 529              		.cfi_startproc
 530              		@ args = 0, pretend = 0, frame = 0
 531              		@ frame_needed = 1, uses_anonymous_args = 0
 532              		@ link register save eliminated.
 533 0000 80B4     		push	{r7}
 534              		.cfi_def_cfa_offset 4
 535              		.cfi_offset 7, -4
 536 0002 00AF     		add	r7, sp, #0
 537              		.cfi_def_cfa_register 7
 414:Generated_Source\PSoC5/isr_nodeok.c ****     *isr_nodeok_INTC_CLR_PD = isr_nodeok__INTC_MASK;
 538              		.loc 1 414 0
 539 0004 034B     		ldr	r3, .L41
 540 0006 4FF48022 		mov	r2, #262144
 541 000a 1A60     		str	r2, [r3]
 415:Generated_Source\PSoC5/isr_nodeok.c **** }
 542              		.loc 1 415 0
 543 000c BD46     		mov	sp, r7
 544              		.cfi_def_cfa_register 13
 545              		@ sp needed
 546 000e 5DF8047B 		ldr	r7, [sp], #4
 547              		.cfi_restore 7
 548              		.cfi_def_cfa_offset 0
 549 0012 7047     		bx	lr
 550              	.L42:
 551              		.align	2
 552              	.L41:
 553 0014 80E200E0 		.word	-536812928
 554              		.cfi_endproc
ARM GAS  D:\Windows\AppData\Local\Temp\ccrzb1TJ.s 			page 18


 555              	.LFE12:
 556              		.size	isr_nodeok_ClearPending, .-isr_nodeok_ClearPending
 557              		.text
 558              	.Letext0:
 559              		.file 2 "d:\\programming\\cypress\\psoc creator\\4.0\\psoc creator\\import\\gnu\\arm\\4.9.3\\arm-n
 560              		.file 3 "d:\\programming\\cypress\\psoc creator\\4.0\\psoc creator\\import\\gnu\\arm\\4.9.3\\arm-n
 561              		.file 4 "Generated_Source\\PSoC5/cytypes.h"
 562              		.section	.debug_info,"",%progbits
 563              	.Ldebug_info0:
 564 0000 6F020000 		.4byte	0x26f
 565 0004 0400     		.2byte	0x4
 566 0006 00000000 		.4byte	.Ldebug_abbrev0
 567 000a 04       		.byte	0x4
 568 000b 01       		.uleb128 0x1
 569 000c 01010000 		.4byte	.LASF36
 570 0010 01       		.byte	0x1
 571 0011 53000000 		.4byte	.LASF37
 572 0015 6B020000 		.4byte	.LASF38
 573 0019 00000000 		.4byte	.Ldebug_ranges0+0
 574 001d 00000000 		.4byte	0
 575 0021 00000000 		.4byte	.Ldebug_line0
 576 0025 02       		.uleb128 0x2
 577 0026 04       		.byte	0x4
 578 0027 05       		.byte	0x5
 579 0028 696E7400 		.ascii	"int\000"
 580 002c 03       		.uleb128 0x3
 581 002d 04       		.byte	0x4
 582 002e 07       		.byte	0x7
 583 002f BB010000 		.4byte	.LASF0
 584 0033 03       		.uleb128 0x3
 585 0034 01       		.byte	0x1
 586 0035 06       		.byte	0x6
 587 0036 A8020000 		.4byte	.LASF1
 588 003a 03       		.uleb128 0x3
 589 003b 01       		.byte	0x1
 590 003c 08       		.byte	0x8
 591 003d B6000000 		.4byte	.LASF2
 592 0041 03       		.uleb128 0x3
 593 0042 02       		.byte	0x2
 594 0043 05       		.byte	0x5
 595 0044 4F020000 		.4byte	.LASF3
 596 0048 03       		.uleb128 0x3
 597 0049 02       		.byte	0x2
 598 004a 07       		.byte	0x7
 599 004b CA020000 		.4byte	.LASF4
 600 004f 03       		.uleb128 0x3
 601 0050 04       		.byte	0x4
 602 0051 05       		.byte	0x5
 603 0052 62020000 		.4byte	.LASF5
 604 0056 04       		.uleb128 0x4
 605 0057 A9010000 		.4byte	.LASF11
 606 005b 02       		.byte	0x2
 607 005c 41       		.byte	0x41
 608 005d 61000000 		.4byte	0x61
 609 0061 03       		.uleb128 0x3
 610 0062 04       		.byte	0x4
 611 0063 07       		.byte	0x7
ARM GAS  D:\Windows\AppData\Local\Temp\ccrzb1TJ.s 			page 19


 612 0064 C9000000 		.4byte	.LASF6
 613 0068 03       		.uleb128 0x3
 614 0069 08       		.byte	0x8
 615 006a 05       		.byte	0x5
 616 006b 1A020000 		.4byte	.LASF7
 617 006f 03       		.uleb128 0x3
 618 0070 08       		.byte	0x8
 619 0071 07       		.byte	0x7
 620 0072 D0010000 		.4byte	.LASF8
 621 0076 03       		.uleb128 0x3
 622 0077 04       		.byte	0x4
 623 0078 07       		.byte	0x7
 624 0079 11020000 		.4byte	.LASF9
 625 007d 05       		.uleb128 0x5
 626 007e 04       		.byte	0x4
 627 007f 83000000 		.4byte	0x83
 628 0083 06       		.uleb128 0x6
 629 0084 03       		.uleb128 0x3
 630 0085 01       		.byte	0x1
 631 0086 08       		.byte	0x8
 632 0087 28020000 		.4byte	.LASF10
 633 008b 04       		.uleb128 0x4
 634 008c 59020000 		.4byte	.LASF12
 635 0090 03       		.byte	0x3
 636 0091 2D       		.byte	0x2d
 637 0092 56000000 		.4byte	0x56
 638 0096 07       		.uleb128 0x7
 639 0097 DB000000 		.4byte	.LASF13
 640 009b 04       		.byte	0x4
 641 009c 3801     		.2byte	0x138
 642 009e 3A000000 		.4byte	0x3a
 643 00a2 07       		.uleb128 0x7
 644 00a3 B4010000 		.4byte	.LASF14
 645 00a7 04       		.byte	0x4
 646 00a8 3A01     		.2byte	0x13a
 647 00aa 61000000 		.4byte	0x61
 648 00ae 03       		.uleb128 0x3
 649 00af 04       		.byte	0x4
 650 00b0 04       		.byte	0x4
 651 00b1 B0000000 		.4byte	.LASF15
 652 00b5 03       		.uleb128 0x3
 653 00b6 08       		.byte	0x8
 654 00b7 04       		.byte	0x4
 655 00b8 8F010000 		.4byte	.LASF16
 656 00bc 07       		.uleb128 0x7
 657 00bd C4000000 		.4byte	.LASF17
 658 00c1 04       		.byte	0x4
 659 00c2 E201     		.2byte	0x1e2
 660 00c4 C8000000 		.4byte	0xc8
 661 00c8 08       		.uleb128 0x8
 662 00c9 96000000 		.4byte	0x96
 663 00cd 07       		.uleb128 0x7
 664 00ce 15000000 		.4byte	.LASF18
 665 00d2 04       		.byte	0x4
 666 00d3 E401     		.2byte	0x1e4
 667 00d5 D9000000 		.4byte	0xd9
 668 00d9 08       		.uleb128 0x8
ARM GAS  D:\Windows\AppData\Local\Temp\ccrzb1TJ.s 			page 20


 669 00da A2000000 		.4byte	0xa2
 670 00de 07       		.uleb128 0x7
 671 00df 04020000 		.4byte	.LASF19
 672 00e3 04       		.byte	0x4
 673 00e4 F401     		.2byte	0x1f4
 674 00e6 7D000000 		.4byte	0x7d
 675 00ea 09       		.uleb128 0x9
 676 00eb 42000000 		.4byte	.LASF20
 677 00ef 01       		.byte	0x1
 678 00f0 3E       		.byte	0x3e
 679 00f1 00000000 		.4byte	.LFB0
 680 00f5 20000000 		.4byte	.LFE0-.LFB0
 681 00f9 01       		.uleb128 0x1
 682 00fa 9C       		.byte	0x9c
 683 00fb 0A       		.uleb128 0xa
 684 00fc 96010000 		.4byte	.LASF22
 685 0100 01       		.byte	0x1
 686 0101 69       		.byte	0x69
 687 0102 00000000 		.4byte	.LFB1
 688 0106 22000000 		.4byte	.LFE1-.LFB1
 689 010a 01       		.uleb128 0x1
 690 010b 9C       		.byte	0x9c
 691 010c 1F010000 		.4byte	0x11f
 692 0110 0B       		.uleb128 0xb
 693 0111 C8010000 		.4byte	.LASF25
 694 0115 01       		.byte	0x1
 695 0116 69       		.byte	0x69
 696 0117 DE000000 		.4byte	0xde
 697 011b 02       		.uleb128 0x2
 698 011c 91       		.byte	0x91
 699 011d 74       		.sleb128 -12
 700 011e 00       		.byte	0
 701 011f 09       		.uleb128 0x9
 702 0120 32000000 		.4byte	.LASF21
 703 0124 01       		.byte	0x1
 704 0125 87       		.byte	0x87
 705 0126 00000000 		.4byte	.LFB2
 706 012a 14000000 		.4byte	.LFE2-.LFB2
 707 012e 01       		.uleb128 0x1
 708 012f 9C       		.byte	0x9c
 709 0130 0A       		.uleb128 0xa
 710 0131 00000000 		.4byte	.LASF23
 711 0135 01       		.byte	0x1
 712 0136 A1       		.byte	0xa1
 713 0137 00000000 		.4byte	.LFB3
 714 013b 30000000 		.4byte	.LFE3-.LFB3
 715 013f 01       		.uleb128 0x1
 716 0140 9C       		.byte	0x9c
 717 0141 54010000 		.4byte	0x154
 718 0145 0C       		.uleb128 0xc
 719 0146 A1000000 		.4byte	.LASF26
 720 014a 01       		.byte	0x1
 721 014b AA       		.byte	0xaa
 722 014c 96000000 		.4byte	0x96
 723 0150 02       		.uleb128 0x2
 724 0151 91       		.byte	0x91
 725 0152 77       		.sleb128 -9
ARM GAS  D:\Windows\AppData\Local\Temp\ccrzb1TJ.s 			page 21


 726 0153 00       		.byte	0
 727 0154 0D       		.uleb128 0xd
 728 0155 E7010000 		.4byte	.LASF24
 729 0159 01       		.byte	0x1
 730 015a D3       		.byte	0xd3
 731 015b 00000000 		.4byte	.LFB4
 732 015f 24000000 		.4byte	.LFE4-.LFB4
 733 0163 01       		.uleb128 0x1
 734 0164 9C       		.byte	0x9c
 735 0165 86010000 		.4byte	0x186
 736 0169 0B       		.uleb128 0xb
 737 016a C8010000 		.4byte	.LASF25
 738 016e 01       		.byte	0x1
 739 016f D3       		.byte	0xd3
 740 0170 DE000000 		.4byte	0xde
 741 0174 02       		.uleb128 0x2
 742 0175 91       		.byte	0x91
 743 0176 6C       		.sleb128 -20
 744 0177 0C       		.uleb128 0xc
 745 0178 2D020000 		.4byte	.LASF27
 746 017c 01       		.byte	0x1
 747 017d D5       		.byte	0xd5
 748 017e 86010000 		.4byte	0x186
 749 0182 02       		.uleb128 0x2
 750 0183 91       		.byte	0x91
 751 0184 74       		.sleb128 -12
 752 0185 00       		.byte	0
 753 0186 05       		.uleb128 0x5
 754 0187 04       		.byte	0x4
 755 0188 DE000000 		.4byte	0xde
 756 018c 0E       		.uleb128 0xe
 757 018d F1020000 		.4byte	.LASF30
 758 0191 01       		.byte	0x1
 759 0192 EB       		.byte	0xeb
 760 0193 DE000000 		.4byte	0xde
 761 0197 00000000 		.4byte	.LFB5
 762 019b 24000000 		.4byte	.LFE5-.LFB5
 763 019f 01       		.uleb128 0x1
 764 01a0 9C       		.byte	0x9c
 765 01a1 B4010000 		.4byte	0x1b4
 766 01a5 0C       		.uleb128 0xc
 767 01a6 2D020000 		.4byte	.LASF27
 768 01aa 01       		.byte	0x1
 769 01ab ED       		.byte	0xed
 770 01ac 86010000 		.4byte	0x186
 771 01b0 02       		.uleb128 0x2
 772 01b1 91       		.byte	0x91
 773 01b2 74       		.sleb128 -12
 774 01b3 00       		.byte	0
 775 01b4 0F       		.uleb128 0xf
 776 01b5 E1000000 		.4byte	.LASF28
 777 01b9 01       		.byte	0x1
 778 01ba 0D01     		.2byte	0x10d
 779 01bc 00000000 		.4byte	.LFB6
 780 01c0 24000000 		.4byte	.LFE6-.LFB6
 781 01c4 01       		.uleb128 0x1
 782 01c5 9C       		.byte	0x9c
ARM GAS  D:\Windows\AppData\Local\Temp\ccrzb1TJ.s 			page 22


 783 01c6 DA010000 		.4byte	0x1da
 784 01ca 10       		.uleb128 0x10
 785 01cb F8000000 		.4byte	.LASF29
 786 01cf 01       		.byte	0x1
 787 01d0 0D01     		.2byte	0x10d
 788 01d2 96000000 		.4byte	0x96
 789 01d6 02       		.uleb128 0x2
 790 01d7 91       		.byte	0x91
 791 01d8 77       		.sleb128 -9
 792 01d9 00       		.byte	0
 793 01da 11       		.uleb128 0x11
 794 01db 1B000000 		.4byte	.LASF31
 795 01df 01       		.byte	0x1
 796 01e0 2301     		.2byte	0x123
 797 01e2 96000000 		.4byte	0x96
 798 01e6 00000000 		.4byte	.LFB7
 799 01ea 24000000 		.4byte	.LFE7-.LFB7
 800 01ee 01       		.uleb128 0x1
 801 01ef 9C       		.byte	0x9c
 802 01f0 04020000 		.4byte	0x204
 803 01f4 12       		.uleb128 0x12
 804 01f5 F8000000 		.4byte	.LASF29
 805 01f9 01       		.byte	0x1
 806 01fa 2501     		.2byte	0x125
 807 01fc 96000000 		.4byte	0x96
 808 0200 02       		.uleb128 0x2
 809 0201 91       		.byte	0x91
 810 0202 77       		.sleb128 -9
 811 0203 00       		.byte	0
 812 0204 13       		.uleb128 0x13
 813 0205 8F000000 		.4byte	.LASF32
 814 0209 01       		.byte	0x1
 815 020a 3E01     		.2byte	0x13e
 816 020c 00000000 		.4byte	.LFB8
 817 0210 18000000 		.4byte	.LFE8-.LFB8
 818 0214 01       		.uleb128 0x1
 819 0215 9C       		.byte	0x9c
 820 0216 14       		.uleb128 0x14
 821 0217 DD020000 		.4byte	.LASF39
 822 021b 01       		.byte	0x1
 823 021c 5301     		.2byte	0x153
 824 021e 96000000 		.4byte	0x96
 825 0222 00000000 		.4byte	.LFB9
 826 0226 24000000 		.4byte	.LFE9-.LFB9
 827 022a 01       		.uleb128 0x1
 828 022b 9C       		.byte	0x9c
 829 022c 13       		.uleb128 0x13
 830 022d 3C020000 		.4byte	.LASF33
 831 0231 01       		.byte	0x1
 832 0232 6801     		.2byte	0x168
 833 0234 00000000 		.4byte	.LFB10
 834 0238 18000000 		.4byte	.LFE10-.LFB10
 835 023c 01       		.uleb128 0x1
 836 023d 9C       		.byte	0x9c
 837 023e 13       		.uleb128 0x13
 838 023f B4020000 		.4byte	.LASF34
 839 0243 01       		.byte	0x1
ARM GAS  D:\Windows\AppData\Local\Temp\ccrzb1TJ.s 			page 23


 840 0244 8301     		.2byte	0x183
 841 0246 00000000 		.4byte	.LFB11
 842 024a 18000000 		.4byte	.LFE11-.LFB11
 843 024e 01       		.uleb128 0x1
 844 024f 9C       		.byte	0x9c
 845 0250 13       		.uleb128 0x13
 846 0251 77000000 		.4byte	.LASF35
 847 0255 01       		.byte	0x1
 848 0256 9C01     		.2byte	0x19c
 849 0258 00000000 		.4byte	.LFB12
 850 025c 18000000 		.4byte	.LFE12-.LFB12
 851 0260 01       		.uleb128 0x1
 852 0261 9C       		.byte	0x9c
 853 0262 15       		.uleb128 0x15
 854 0263 FC010000 		.4byte	.LASF40
 855 0267 01       		.byte	0x1
 856 0268 1F       		.byte	0x1f
 857 0269 6D020000 		.4byte	0x26d
 858 026d 08       		.uleb128 0x8
 859 026e 8B000000 		.4byte	0x8b
 860 0272 00       		.byte	0
 861              		.section	.debug_abbrev,"",%progbits
 862              	.Ldebug_abbrev0:
 863 0000 01       		.uleb128 0x1
 864 0001 11       		.uleb128 0x11
 865 0002 01       		.byte	0x1
 866 0003 25       		.uleb128 0x25
 867 0004 0E       		.uleb128 0xe
 868 0005 13       		.uleb128 0x13
 869 0006 0B       		.uleb128 0xb
 870 0007 03       		.uleb128 0x3
 871 0008 0E       		.uleb128 0xe
 872 0009 1B       		.uleb128 0x1b
 873 000a 0E       		.uleb128 0xe
 874 000b 55       		.uleb128 0x55
 875 000c 17       		.uleb128 0x17
 876 000d 11       		.uleb128 0x11
 877 000e 01       		.uleb128 0x1
 878 000f 10       		.uleb128 0x10
 879 0010 17       		.uleb128 0x17
 880 0011 00       		.byte	0
 881 0012 00       		.byte	0
 882 0013 02       		.uleb128 0x2
 883 0014 24       		.uleb128 0x24
 884 0015 00       		.byte	0
 885 0016 0B       		.uleb128 0xb
 886 0017 0B       		.uleb128 0xb
 887 0018 3E       		.uleb128 0x3e
 888 0019 0B       		.uleb128 0xb
 889 001a 03       		.uleb128 0x3
 890 001b 08       		.uleb128 0x8
 891 001c 00       		.byte	0
 892 001d 00       		.byte	0
 893 001e 03       		.uleb128 0x3
 894 001f 24       		.uleb128 0x24
 895 0020 00       		.byte	0
 896 0021 0B       		.uleb128 0xb
ARM GAS  D:\Windows\AppData\Local\Temp\ccrzb1TJ.s 			page 24


 897 0022 0B       		.uleb128 0xb
 898 0023 3E       		.uleb128 0x3e
 899 0024 0B       		.uleb128 0xb
 900 0025 03       		.uleb128 0x3
 901 0026 0E       		.uleb128 0xe
 902 0027 00       		.byte	0
 903 0028 00       		.byte	0
 904 0029 04       		.uleb128 0x4
 905 002a 16       		.uleb128 0x16
 906 002b 00       		.byte	0
 907 002c 03       		.uleb128 0x3
 908 002d 0E       		.uleb128 0xe
 909 002e 3A       		.uleb128 0x3a
 910 002f 0B       		.uleb128 0xb
 911 0030 3B       		.uleb128 0x3b
 912 0031 0B       		.uleb128 0xb
 913 0032 49       		.uleb128 0x49
 914 0033 13       		.uleb128 0x13
 915 0034 00       		.byte	0
 916 0035 00       		.byte	0
 917 0036 05       		.uleb128 0x5
 918 0037 0F       		.uleb128 0xf
 919 0038 00       		.byte	0
 920 0039 0B       		.uleb128 0xb
 921 003a 0B       		.uleb128 0xb
 922 003b 49       		.uleb128 0x49
 923 003c 13       		.uleb128 0x13
 924 003d 00       		.byte	0
 925 003e 00       		.byte	0
 926 003f 06       		.uleb128 0x6
 927 0040 15       		.uleb128 0x15
 928 0041 00       		.byte	0
 929 0042 27       		.uleb128 0x27
 930 0043 19       		.uleb128 0x19
 931 0044 00       		.byte	0
 932 0045 00       		.byte	0
 933 0046 07       		.uleb128 0x7
 934 0047 16       		.uleb128 0x16
 935 0048 00       		.byte	0
 936 0049 03       		.uleb128 0x3
 937 004a 0E       		.uleb128 0xe
 938 004b 3A       		.uleb128 0x3a
 939 004c 0B       		.uleb128 0xb
 940 004d 3B       		.uleb128 0x3b
 941 004e 05       		.uleb128 0x5
 942 004f 49       		.uleb128 0x49
 943 0050 13       		.uleb128 0x13
 944 0051 00       		.byte	0
 945 0052 00       		.byte	0
 946 0053 08       		.uleb128 0x8
 947 0054 35       		.uleb128 0x35
 948 0055 00       		.byte	0
 949 0056 49       		.uleb128 0x49
 950 0057 13       		.uleb128 0x13
 951 0058 00       		.byte	0
 952 0059 00       		.byte	0
 953 005a 09       		.uleb128 0x9
ARM GAS  D:\Windows\AppData\Local\Temp\ccrzb1TJ.s 			page 25


 954 005b 2E       		.uleb128 0x2e
 955 005c 00       		.byte	0
 956 005d 3F       		.uleb128 0x3f
 957 005e 19       		.uleb128 0x19
 958 005f 03       		.uleb128 0x3
 959 0060 0E       		.uleb128 0xe
 960 0061 3A       		.uleb128 0x3a
 961 0062 0B       		.uleb128 0xb
 962 0063 3B       		.uleb128 0x3b
 963 0064 0B       		.uleb128 0xb
 964 0065 27       		.uleb128 0x27
 965 0066 19       		.uleb128 0x19
 966 0067 11       		.uleb128 0x11
 967 0068 01       		.uleb128 0x1
 968 0069 12       		.uleb128 0x12
 969 006a 06       		.uleb128 0x6
 970 006b 40       		.uleb128 0x40
 971 006c 18       		.uleb128 0x18
 972 006d 9642     		.uleb128 0x2116
 973 006f 19       		.uleb128 0x19
 974 0070 00       		.byte	0
 975 0071 00       		.byte	0
 976 0072 0A       		.uleb128 0xa
 977 0073 2E       		.uleb128 0x2e
 978 0074 01       		.byte	0x1
 979 0075 3F       		.uleb128 0x3f
 980 0076 19       		.uleb128 0x19
 981 0077 03       		.uleb128 0x3
 982 0078 0E       		.uleb128 0xe
 983 0079 3A       		.uleb128 0x3a
 984 007a 0B       		.uleb128 0xb
 985 007b 3B       		.uleb128 0x3b
 986 007c 0B       		.uleb128 0xb
 987 007d 27       		.uleb128 0x27
 988 007e 19       		.uleb128 0x19
 989 007f 11       		.uleb128 0x11
 990 0080 01       		.uleb128 0x1
 991 0081 12       		.uleb128 0x12
 992 0082 06       		.uleb128 0x6
 993 0083 40       		.uleb128 0x40
 994 0084 18       		.uleb128 0x18
 995 0085 9642     		.uleb128 0x2116
 996 0087 19       		.uleb128 0x19
 997 0088 01       		.uleb128 0x1
 998 0089 13       		.uleb128 0x13
 999 008a 00       		.byte	0
 1000 008b 00       		.byte	0
 1001 008c 0B       		.uleb128 0xb
 1002 008d 05       		.uleb128 0x5
 1003 008e 00       		.byte	0
 1004 008f 03       		.uleb128 0x3
 1005 0090 0E       		.uleb128 0xe
 1006 0091 3A       		.uleb128 0x3a
 1007 0092 0B       		.uleb128 0xb
 1008 0093 3B       		.uleb128 0x3b
 1009 0094 0B       		.uleb128 0xb
 1010 0095 49       		.uleb128 0x49
ARM GAS  D:\Windows\AppData\Local\Temp\ccrzb1TJ.s 			page 26


 1011 0096 13       		.uleb128 0x13
 1012 0097 02       		.uleb128 0x2
 1013 0098 18       		.uleb128 0x18
 1014 0099 00       		.byte	0
 1015 009a 00       		.byte	0
 1016 009b 0C       		.uleb128 0xc
 1017 009c 34       		.uleb128 0x34
 1018 009d 00       		.byte	0
 1019 009e 03       		.uleb128 0x3
 1020 009f 0E       		.uleb128 0xe
 1021 00a0 3A       		.uleb128 0x3a
 1022 00a1 0B       		.uleb128 0xb
 1023 00a2 3B       		.uleb128 0x3b
 1024 00a3 0B       		.uleb128 0xb
 1025 00a4 49       		.uleb128 0x49
 1026 00a5 13       		.uleb128 0x13
 1027 00a6 02       		.uleb128 0x2
 1028 00a7 18       		.uleb128 0x18
 1029 00a8 00       		.byte	0
 1030 00a9 00       		.byte	0
 1031 00aa 0D       		.uleb128 0xd
 1032 00ab 2E       		.uleb128 0x2e
 1033 00ac 01       		.byte	0x1
 1034 00ad 3F       		.uleb128 0x3f
 1035 00ae 19       		.uleb128 0x19
 1036 00af 03       		.uleb128 0x3
 1037 00b0 0E       		.uleb128 0xe
 1038 00b1 3A       		.uleb128 0x3a
 1039 00b2 0B       		.uleb128 0xb
 1040 00b3 3B       		.uleb128 0x3b
 1041 00b4 0B       		.uleb128 0xb
 1042 00b5 27       		.uleb128 0x27
 1043 00b6 19       		.uleb128 0x19
 1044 00b7 11       		.uleb128 0x11
 1045 00b8 01       		.uleb128 0x1
 1046 00b9 12       		.uleb128 0x12
 1047 00ba 06       		.uleb128 0x6
 1048 00bb 40       		.uleb128 0x40
 1049 00bc 18       		.uleb128 0x18
 1050 00bd 9742     		.uleb128 0x2117
 1051 00bf 19       		.uleb128 0x19
 1052 00c0 01       		.uleb128 0x1
 1053 00c1 13       		.uleb128 0x13
 1054 00c2 00       		.byte	0
 1055 00c3 00       		.byte	0
 1056 00c4 0E       		.uleb128 0xe
 1057 00c5 2E       		.uleb128 0x2e
 1058 00c6 01       		.byte	0x1
 1059 00c7 3F       		.uleb128 0x3f
 1060 00c8 19       		.uleb128 0x19
 1061 00c9 03       		.uleb128 0x3
 1062 00ca 0E       		.uleb128 0xe
 1063 00cb 3A       		.uleb128 0x3a
 1064 00cc 0B       		.uleb128 0xb
 1065 00cd 3B       		.uleb128 0x3b
 1066 00ce 0B       		.uleb128 0xb
 1067 00cf 27       		.uleb128 0x27
ARM GAS  D:\Windows\AppData\Local\Temp\ccrzb1TJ.s 			page 27


 1068 00d0 19       		.uleb128 0x19
 1069 00d1 49       		.uleb128 0x49
 1070 00d2 13       		.uleb128 0x13
 1071 00d3 11       		.uleb128 0x11
 1072 00d4 01       		.uleb128 0x1
 1073 00d5 12       		.uleb128 0x12
 1074 00d6 06       		.uleb128 0x6
 1075 00d7 40       		.uleb128 0x40
 1076 00d8 18       		.uleb128 0x18
 1077 00d9 9742     		.uleb128 0x2117
 1078 00db 19       		.uleb128 0x19
 1079 00dc 01       		.uleb128 0x1
 1080 00dd 13       		.uleb128 0x13
 1081 00de 00       		.byte	0
 1082 00df 00       		.byte	0
 1083 00e0 0F       		.uleb128 0xf
 1084 00e1 2E       		.uleb128 0x2e
 1085 00e2 01       		.byte	0x1
 1086 00e3 3F       		.uleb128 0x3f
 1087 00e4 19       		.uleb128 0x19
 1088 00e5 03       		.uleb128 0x3
 1089 00e6 0E       		.uleb128 0xe
 1090 00e7 3A       		.uleb128 0x3a
 1091 00e8 0B       		.uleb128 0xb
 1092 00e9 3B       		.uleb128 0x3b
 1093 00ea 05       		.uleb128 0x5
 1094 00eb 27       		.uleb128 0x27
 1095 00ec 19       		.uleb128 0x19
 1096 00ed 11       		.uleb128 0x11
 1097 00ee 01       		.uleb128 0x1
 1098 00ef 12       		.uleb128 0x12
 1099 00f0 06       		.uleb128 0x6
 1100 00f1 40       		.uleb128 0x40
 1101 00f2 18       		.uleb128 0x18
 1102 00f3 9742     		.uleb128 0x2117
 1103 00f5 19       		.uleb128 0x19
 1104 00f6 01       		.uleb128 0x1
 1105 00f7 13       		.uleb128 0x13
 1106 00f8 00       		.byte	0
 1107 00f9 00       		.byte	0
 1108 00fa 10       		.uleb128 0x10
 1109 00fb 05       		.uleb128 0x5
 1110 00fc 00       		.byte	0
 1111 00fd 03       		.uleb128 0x3
 1112 00fe 0E       		.uleb128 0xe
 1113 00ff 3A       		.uleb128 0x3a
 1114 0100 0B       		.uleb128 0xb
 1115 0101 3B       		.uleb128 0x3b
 1116 0102 05       		.uleb128 0x5
 1117 0103 49       		.uleb128 0x49
 1118 0104 13       		.uleb128 0x13
 1119 0105 02       		.uleb128 0x2
 1120 0106 18       		.uleb128 0x18
 1121 0107 00       		.byte	0
 1122 0108 00       		.byte	0
 1123 0109 11       		.uleb128 0x11
 1124 010a 2E       		.uleb128 0x2e
ARM GAS  D:\Windows\AppData\Local\Temp\ccrzb1TJ.s 			page 28


 1125 010b 01       		.byte	0x1
 1126 010c 3F       		.uleb128 0x3f
 1127 010d 19       		.uleb128 0x19
 1128 010e 03       		.uleb128 0x3
 1129 010f 0E       		.uleb128 0xe
 1130 0110 3A       		.uleb128 0x3a
 1131 0111 0B       		.uleb128 0xb
 1132 0112 3B       		.uleb128 0x3b
 1133 0113 05       		.uleb128 0x5
 1134 0114 27       		.uleb128 0x27
 1135 0115 19       		.uleb128 0x19
 1136 0116 49       		.uleb128 0x49
 1137 0117 13       		.uleb128 0x13
 1138 0118 11       		.uleb128 0x11
 1139 0119 01       		.uleb128 0x1
 1140 011a 12       		.uleb128 0x12
 1141 011b 06       		.uleb128 0x6
 1142 011c 40       		.uleb128 0x40
 1143 011d 18       		.uleb128 0x18
 1144 011e 9742     		.uleb128 0x2117
 1145 0120 19       		.uleb128 0x19
 1146 0121 01       		.uleb128 0x1
 1147 0122 13       		.uleb128 0x13
 1148 0123 00       		.byte	0
 1149 0124 00       		.byte	0
 1150 0125 12       		.uleb128 0x12
 1151 0126 34       		.uleb128 0x34
 1152 0127 00       		.byte	0
 1153 0128 03       		.uleb128 0x3
 1154 0129 0E       		.uleb128 0xe
 1155 012a 3A       		.uleb128 0x3a
 1156 012b 0B       		.uleb128 0xb
 1157 012c 3B       		.uleb128 0x3b
 1158 012d 05       		.uleb128 0x5
 1159 012e 49       		.uleb128 0x49
 1160 012f 13       		.uleb128 0x13
 1161 0130 02       		.uleb128 0x2
 1162 0131 18       		.uleb128 0x18
 1163 0132 00       		.byte	0
 1164 0133 00       		.byte	0
 1165 0134 13       		.uleb128 0x13
 1166 0135 2E       		.uleb128 0x2e
 1167 0136 00       		.byte	0
 1168 0137 3F       		.uleb128 0x3f
 1169 0138 19       		.uleb128 0x19
 1170 0139 03       		.uleb128 0x3
 1171 013a 0E       		.uleb128 0xe
 1172 013b 3A       		.uleb128 0x3a
 1173 013c 0B       		.uleb128 0xb
 1174 013d 3B       		.uleb128 0x3b
 1175 013e 05       		.uleb128 0x5
 1176 013f 27       		.uleb128 0x27
 1177 0140 19       		.uleb128 0x19
 1178 0141 11       		.uleb128 0x11
 1179 0142 01       		.uleb128 0x1
 1180 0143 12       		.uleb128 0x12
 1181 0144 06       		.uleb128 0x6
ARM GAS  D:\Windows\AppData\Local\Temp\ccrzb1TJ.s 			page 29


 1182 0145 40       		.uleb128 0x40
 1183 0146 18       		.uleb128 0x18
 1184 0147 9742     		.uleb128 0x2117
 1185 0149 19       		.uleb128 0x19
 1186 014a 00       		.byte	0
 1187 014b 00       		.byte	0
 1188 014c 14       		.uleb128 0x14
 1189 014d 2E       		.uleb128 0x2e
 1190 014e 00       		.byte	0
 1191 014f 3F       		.uleb128 0x3f
 1192 0150 19       		.uleb128 0x19
 1193 0151 03       		.uleb128 0x3
 1194 0152 0E       		.uleb128 0xe
 1195 0153 3A       		.uleb128 0x3a
 1196 0154 0B       		.uleb128 0xb
 1197 0155 3B       		.uleb128 0x3b
 1198 0156 05       		.uleb128 0x5
 1199 0157 27       		.uleb128 0x27
 1200 0158 19       		.uleb128 0x19
 1201 0159 49       		.uleb128 0x49
 1202 015a 13       		.uleb128 0x13
 1203 015b 11       		.uleb128 0x11
 1204 015c 01       		.uleb128 0x1
 1205 015d 12       		.uleb128 0x12
 1206 015e 06       		.uleb128 0x6
 1207 015f 40       		.uleb128 0x40
 1208 0160 18       		.uleb128 0x18
 1209 0161 9742     		.uleb128 0x2117
 1210 0163 19       		.uleb128 0x19
 1211 0164 00       		.byte	0
 1212 0165 00       		.byte	0
 1213 0166 15       		.uleb128 0x15
 1214 0167 34       		.uleb128 0x34
 1215 0168 00       		.byte	0
 1216 0169 03       		.uleb128 0x3
 1217 016a 0E       		.uleb128 0xe
 1218 016b 3A       		.uleb128 0x3a
 1219 016c 0B       		.uleb128 0xb
 1220 016d 3B       		.uleb128 0x3b
 1221 016e 0B       		.uleb128 0xb
 1222 016f 49       		.uleb128 0x49
 1223 0170 13       		.uleb128 0x13
 1224 0171 3F       		.uleb128 0x3f
 1225 0172 19       		.uleb128 0x19
 1226 0173 3C       		.uleb128 0x3c
 1227 0174 19       		.uleb128 0x19
 1228 0175 00       		.byte	0
 1229 0176 00       		.byte	0
 1230 0177 00       		.byte	0
 1231              		.section	.debug_aranges,"",%progbits
 1232 0000 7C000000 		.4byte	0x7c
 1233 0004 0200     		.2byte	0x2
 1234 0006 00000000 		.4byte	.Ldebug_info0
 1235 000a 04       		.byte	0x4
 1236 000b 00       		.byte	0
 1237 000c 0000     		.2byte	0
 1238 000e 0000     		.2byte	0
ARM GAS  D:\Windows\AppData\Local\Temp\ccrzb1TJ.s 			page 30


 1239 0010 00000000 		.4byte	.LFB0
 1240 0014 20000000 		.4byte	.LFE0-.LFB0
 1241 0018 00000000 		.4byte	.LFB1
 1242 001c 22000000 		.4byte	.LFE1-.LFB1
 1243 0020 00000000 		.4byte	.LFB2
 1244 0024 14000000 		.4byte	.LFE2-.LFB2
 1245 0028 00000000 		.4byte	.LFB3
 1246 002c 30000000 		.4byte	.LFE3-.LFB3
 1247 0030 00000000 		.4byte	.LFB4
 1248 0034 24000000 		.4byte	.LFE4-.LFB4
 1249 0038 00000000 		.4byte	.LFB5
 1250 003c 24000000 		.4byte	.LFE5-.LFB5
 1251 0040 00000000 		.4byte	.LFB6
 1252 0044 24000000 		.4byte	.LFE6-.LFB6
 1253 0048 00000000 		.4byte	.LFB7
 1254 004c 24000000 		.4byte	.LFE7-.LFB7
 1255 0050 00000000 		.4byte	.LFB8
 1256 0054 18000000 		.4byte	.LFE8-.LFB8
 1257 0058 00000000 		.4byte	.LFB9
 1258 005c 24000000 		.4byte	.LFE9-.LFB9
 1259 0060 00000000 		.4byte	.LFB10
 1260 0064 18000000 		.4byte	.LFE10-.LFB10
 1261 0068 00000000 		.4byte	.LFB11
 1262 006c 18000000 		.4byte	.LFE11-.LFB11
 1263 0070 00000000 		.4byte	.LFB12
 1264 0074 18000000 		.4byte	.LFE12-.LFB12
 1265 0078 00000000 		.4byte	0
 1266 007c 00000000 		.4byte	0
 1267              		.section	.debug_ranges,"",%progbits
 1268              	.Ldebug_ranges0:
 1269 0000 00000000 		.4byte	.LFB0
 1270 0004 20000000 		.4byte	.LFE0
 1271 0008 00000000 		.4byte	.LFB1
 1272 000c 22000000 		.4byte	.LFE1
 1273 0010 00000000 		.4byte	.LFB2
 1274 0014 14000000 		.4byte	.LFE2
 1275 0018 00000000 		.4byte	.LFB3
 1276 001c 30000000 		.4byte	.LFE3
 1277 0020 00000000 		.4byte	.LFB4
 1278 0024 24000000 		.4byte	.LFE4
 1279 0028 00000000 		.4byte	.LFB5
 1280 002c 24000000 		.4byte	.LFE5
 1281 0030 00000000 		.4byte	.LFB6
 1282 0034 24000000 		.4byte	.LFE6
 1283 0038 00000000 		.4byte	.LFB7
 1284 003c 24000000 		.4byte	.LFE7
 1285 0040 00000000 		.4byte	.LFB8
 1286 0044 18000000 		.4byte	.LFE8
 1287 0048 00000000 		.4byte	.LFB9
 1288 004c 24000000 		.4byte	.LFE9
 1289 0050 00000000 		.4byte	.LFB10
 1290 0054 18000000 		.4byte	.LFE10
 1291 0058 00000000 		.4byte	.LFB11
 1292 005c 18000000 		.4byte	.LFE11
 1293 0060 00000000 		.4byte	.LFB12
 1294 0064 18000000 		.4byte	.LFE12
 1295 0068 00000000 		.4byte	0
ARM GAS  D:\Windows\AppData\Local\Temp\ccrzb1TJ.s 			page 31


 1296 006c 00000000 		.4byte	0
 1297              		.section	.debug_line,"",%progbits
 1298              	.Ldebug_line0:
 1299 0000 3B020000 		.section	.debug_str,"MS",%progbits,1
 1299      02002F01 
 1299      00000201 
 1299      FB0E0D00 
 1299      01010101 
 1300              	.LASF23:
 1301 0000 6973725F 		.ascii	"isr_nodeok_Interrupt\000"
 1301      6E6F6465 
 1301      6F6B5F49 
 1301      6E746572 
 1301      72757074 
 1302              	.LASF18:
 1303 0015 72656733 		.ascii	"reg32\000"
 1303      3200
 1304              	.LASF31:
 1305 001b 6973725F 		.ascii	"isr_nodeok_GetPriority\000"
 1305      6E6F6465 
 1305      6F6B5F47 
 1305      65745072 
 1305      696F7269 
 1306              	.LASF21:
 1307 0032 6973725F 		.ascii	"isr_nodeok_Stop\000"
 1307      6E6F6465 
 1307      6F6B5F53 
 1307      746F7000 
 1308              	.LASF20:
 1309 0042 6973725F 		.ascii	"isr_nodeok_Start\000"
 1309      6E6F6465 
 1309      6F6B5F53 
 1309      74617274 
 1309      00
 1310              	.LASF37:
 1311 0053 47656E65 		.ascii	"Generated_Source\\PSoC5\\isr_nodeok.c\000"
 1311      72617465 
 1311      645F536F 
 1311      75726365 
 1311      5C50536F 
 1312              	.LASF35:
 1313 0077 6973725F 		.ascii	"isr_nodeok_ClearPending\000"
 1313      6E6F6465 
 1313      6F6B5F43 
 1313      6C656172 
 1313      50656E64 
 1314              	.LASF32:
 1315 008f 6973725F 		.ascii	"isr_nodeok_Enable\000"
 1315      6E6F6465 
 1315      6F6B5F45 
 1315      6E61626C 
 1315      6500
 1316              	.LASF26:
 1317 00a1 496E7465 		.ascii	"InterruptState\000"
 1317      72727570 
 1317      74537461 
 1317      746500
ARM GAS  D:\Windows\AppData\Local\Temp\ccrzb1TJ.s 			page 32


 1318              	.LASF15:
 1319 00b0 666C6F61 		.ascii	"float\000"
 1319      7400
 1320              	.LASF2:
 1321 00b6 756E7369 		.ascii	"unsigned char\000"
 1321      676E6564 
 1321      20636861 
 1321      7200
 1322              	.LASF17:
 1323 00c4 72656738 		.ascii	"reg8\000"
 1323      00
 1324              	.LASF6:
 1325 00c9 6C6F6E67 		.ascii	"long unsigned int\000"
 1325      20756E73 
 1325      69676E65 
 1325      6420696E 
 1325      7400
 1326              	.LASF13:
 1327 00db 75696E74 		.ascii	"uint8\000"
 1327      3800
 1328              	.LASF28:
 1329 00e1 6973725F 		.ascii	"isr_nodeok_SetPriority\000"
 1329      6E6F6465 
 1329      6F6B5F53 
 1329      65745072 
 1329      696F7269 
 1330              	.LASF29:
 1331 00f8 7072696F 		.ascii	"priority\000"
 1331      72697479 
 1331      00
 1332              	.LASF36:
 1333 0101 474E5520 		.ascii	"GNU C 4.9.3 20150303 (release) [ARM/embedded-4_9-br"
 1333      4320342E 
 1333      392E3320 
 1333      32303135 
 1333      30333033 
 1334 0134 616E6368 		.ascii	"anch revision 221220] -mcpu=cortex-m3 -mthumb -g -O"
 1334      20726576 
 1334      6973696F 
 1334      6E203232 
 1334      31323230 
 1335 0167 30202D66 		.ascii	"0 -ffunction-sections -ffat-lto-objects\000"
 1335      66756E63 
 1335      74696F6E 
 1335      2D736563 
 1335      74696F6E 
 1336              	.LASF16:
 1337 018f 646F7562 		.ascii	"double\000"
 1337      6C6500
 1338              	.LASF22:
 1339 0196 6973725F 		.ascii	"isr_nodeok_StartEx\000"
 1339      6E6F6465 
 1339      6F6B5F53 
 1339      74617274 
 1339      457800
 1340              	.LASF11:
 1341 01a9 5F5F7569 		.ascii	"__uint32_t\000"
ARM GAS  D:\Windows\AppData\Local\Temp\ccrzb1TJ.s 			page 33


 1341      6E743332 
 1341      5F7400
 1342              	.LASF14:
 1343 01b4 75696E74 		.ascii	"uint32\000"
 1343      333200
 1344              	.LASF0:
 1345 01bb 756E7369 		.ascii	"unsigned int\000"
 1345      676E6564 
 1345      20696E74 
 1345      00
 1346              	.LASF25:
 1347 01c8 61646472 		.ascii	"address\000"
 1347      65737300 
 1348              	.LASF8:
 1349 01d0 6C6F6E67 		.ascii	"long long unsigned int\000"
 1349      206C6F6E 
 1349      6720756E 
 1349      7369676E 
 1349      65642069 
 1350              	.LASF24:
 1351 01e7 6973725F 		.ascii	"isr_nodeok_SetVector\000"
 1351      6E6F6465 
 1351      6F6B5F53 
 1351      65745665 
 1351      63746F72 
 1352              	.LASF40:
 1353 01fc 70656461 		.ascii	"pedalOK\000"
 1353      6C4F4B00 
 1354              	.LASF19:
 1355 0204 63796973 		.ascii	"cyisraddress\000"
 1355      72616464 
 1355      72657373 
 1355      00
 1356              	.LASF9:
 1357 0211 73697A65 		.ascii	"sizetype\000"
 1357      74797065 
 1357      00
 1358              	.LASF7:
 1359 021a 6C6F6E67 		.ascii	"long long int\000"
 1359      206C6F6E 
 1359      6720696E 
 1359      7400
 1360              	.LASF10:
 1361 0228 63686172 		.ascii	"char\000"
 1361      00
 1362              	.LASF27:
 1363 022d 72616D56 		.ascii	"ramVectorTable\000"
 1363      6563746F 
 1363      72546162 
 1363      6C6500
 1364              	.LASF33:
 1365 023c 6973725F 		.ascii	"isr_nodeok_Disable\000"
 1365      6E6F6465 
 1365      6F6B5F44 
 1365      69736162 
 1365      6C6500
 1366              	.LASF3:
ARM GAS  D:\Windows\AppData\Local\Temp\ccrzb1TJ.s 			page 34


 1367 024f 73686F72 		.ascii	"short int\000"
 1367      7420696E 
 1367      7400
 1368              	.LASF12:
 1369 0259 75696E74 		.ascii	"uint32_t\000"
 1369      33325F74 
 1369      00
 1370              	.LASF5:
 1371 0262 6C6F6E67 		.ascii	"long int\000"
 1371      20696E74 
 1371      00
 1372              	.LASF38:
 1373 026b 443A5C44 		.ascii	"D:\\Downloads\\FRUCD\\Node-Jaguar\\Node-Jaguar\\Nod"
 1373      6F776E6C 
 1373      6F616473 
 1373      5C465255 
 1373      43445C4E 
 1374 0299 652D4A61 		.ascii	"e-Jaguar.cydsn\000"
 1374      67756172 
 1374      2E637964 
 1374      736E00
 1375              	.LASF1:
 1376 02a8 7369676E 		.ascii	"signed char\000"
 1376      65642063 
 1376      68617200 
 1377              	.LASF34:
 1378 02b4 6973725F 		.ascii	"isr_nodeok_SetPending\000"
 1378      6E6F6465 
 1378      6F6B5F53 
 1378      65745065 
 1378      6E64696E 
 1379              	.LASF4:
 1380 02ca 73686F72 		.ascii	"short unsigned int\000"
 1380      7420756E 
 1380      7369676E 
 1380      65642069 
 1380      6E7400
 1381              	.LASF39:
 1382 02dd 6973725F 		.ascii	"isr_nodeok_GetState\000"
 1382      6E6F6465 
 1382      6F6B5F47 
 1382      65745374 
 1382      61746500 
 1383              	.LASF30:
 1384 02f1 6973725F 		.ascii	"isr_nodeok_GetVector\000"
 1384      6E6F6465 
 1384      6F6B5F47 
 1384      65745665 
 1384      63746F72 
 1385              		.ident	"GCC: (GNU Tools for ARM Embedded Processors) 4.9.3 20150303 (release) [ARM/embedded-4_9-br
