ARM GAS  D:\Windows\AppData\Local\Temp\ccXMLfqG.s 			page 1


   1              		.syntax unified
   2              		.cpu cortex-m3
   3              		.fpu softvfp
   4              		.eabi_attribute 20, 1
   5              		.eabi_attribute 21, 1
   6              		.eabi_attribute 23, 3
   7              		.eabi_attribute 24, 1
   8              		.eabi_attribute 25, 1
   9              		.eabi_attribute 26, 1
  10              		.eabi_attribute 30, 6
  11              		.eabi_attribute 34, 1
  12              		.eabi_attribute 18, 4
  13              		.thumb
  14              		.file	"LED_Driver1.c"
  15              		.text
  16              	.Ltext0:
  17              		.cfi_sections	.debug_frame
  18              		.global	LED_Driver1_initVar
  19              		.bss
  20              		.type	LED_Driver1_initVar, %object
  21              		.size	LED_Driver1_initVar, 1
  22              	LED_Driver1_initVar:
  23 0000 00       		.space	1
  24              		.comm	LED_Driver1_state,1,1
  25              		.section	.text.LED_Driver1_Init,"ax",%progbits
  26              		.align	2
  27              		.global	LED_Driver1_Init
  28              		.thumb
  29              		.thumb_func
  30              		.type	LED_Driver1_Init, %function
  31              	LED_Driver1_Init:
  32              	.LFB0:
  33              		.file 1 "Generated_Source\\PSoC5\\LED_Driver1.c"
   1:Generated_Source\PSoC5/LED_Driver1.c **** /*******************************************************************************
   2:Generated_Source\PSoC5/LED_Driver1.c **** * File Name: LED_Driver1.c
   3:Generated_Source\PSoC5/LED_Driver1.c **** * Version 3.50
   4:Generated_Source\PSoC5/LED_Driver1.c **** *
   5:Generated_Source\PSoC5/LED_Driver1.c **** * Description:
   6:Generated_Source\PSoC5/LED_Driver1.c **** *  This file provides the source code of APIs for the I2C component.
   7:Generated_Source\PSoC5/LED_Driver1.c **** *  The actual protocol and operation code resides in the interrupt service
   8:Generated_Source\PSoC5/LED_Driver1.c **** *  routine file.
   9:Generated_Source\PSoC5/LED_Driver1.c **** *
  10:Generated_Source\PSoC5/LED_Driver1.c **** *******************************************************************************
  11:Generated_Source\PSoC5/LED_Driver1.c **** * Copyright 2008-2015, Cypress Semiconductor Corporation. All rights reserved.
  12:Generated_Source\PSoC5/LED_Driver1.c **** * You may use this file only in accordance with the license, terms, conditions,
  13:Generated_Source\PSoC5/LED_Driver1.c **** * disclaimers, and limitations in the end user license agreement accompanying
  14:Generated_Source\PSoC5/LED_Driver1.c **** * the software package with which this file was provided.
  15:Generated_Source\PSoC5/LED_Driver1.c **** *******************************************************************************/
  16:Generated_Source\PSoC5/LED_Driver1.c **** 
  17:Generated_Source\PSoC5/LED_Driver1.c **** #include "LED_Driver1_PVT.h"
  18:Generated_Source\PSoC5/LED_Driver1.c **** 
  19:Generated_Source\PSoC5/LED_Driver1.c **** 
  20:Generated_Source\PSoC5/LED_Driver1.c **** /**********************************
  21:Generated_Source\PSoC5/LED_Driver1.c **** *      System variables
  22:Generated_Source\PSoC5/LED_Driver1.c **** **********************************/
  23:Generated_Source\PSoC5/LED_Driver1.c **** 
  24:Generated_Source\PSoC5/LED_Driver1.c **** uint8 LED_Driver1_initVar = 0u; /* Defines if component was initialized */
ARM GAS  D:\Windows\AppData\Local\Temp\ccXMLfqG.s 			page 2


  25:Generated_Source\PSoC5/LED_Driver1.c **** 
  26:Generated_Source\PSoC5/LED_Driver1.c **** volatile uint8 LED_Driver1_state;  /* Current state of I2C FSM */
  27:Generated_Source\PSoC5/LED_Driver1.c **** 
  28:Generated_Source\PSoC5/LED_Driver1.c **** 
  29:Generated_Source\PSoC5/LED_Driver1.c **** /*******************************************************************************
  30:Generated_Source\PSoC5/LED_Driver1.c **** * Function Name: LED_Driver1_Init
  31:Generated_Source\PSoC5/LED_Driver1.c **** ********************************************************************************
  32:Generated_Source\PSoC5/LED_Driver1.c **** *
  33:Generated_Source\PSoC5/LED_Driver1.c **** * Summary:
  34:Generated_Source\PSoC5/LED_Driver1.c **** *  Initializes I2C registers with initial values provided from customizer.
  35:Generated_Source\PSoC5/LED_Driver1.c **** *
  36:Generated_Source\PSoC5/LED_Driver1.c **** * Parameters:
  37:Generated_Source\PSoC5/LED_Driver1.c **** *  None.
  38:Generated_Source\PSoC5/LED_Driver1.c **** *
  39:Generated_Source\PSoC5/LED_Driver1.c **** * Return:
  40:Generated_Source\PSoC5/LED_Driver1.c **** *  None.
  41:Generated_Source\PSoC5/LED_Driver1.c **** *
  42:Generated_Source\PSoC5/LED_Driver1.c **** * Global variables:
  43:Generated_Source\PSoC5/LED_Driver1.c **** *  None.
  44:Generated_Source\PSoC5/LED_Driver1.c **** *
  45:Generated_Source\PSoC5/LED_Driver1.c **** * Reentrant:
  46:Generated_Source\PSoC5/LED_Driver1.c **** *  No.
  47:Generated_Source\PSoC5/LED_Driver1.c **** *
  48:Generated_Source\PSoC5/LED_Driver1.c **** *******************************************************************************/
  49:Generated_Source\PSoC5/LED_Driver1.c **** void LED_Driver1_Init(void) 
  50:Generated_Source\PSoC5/LED_Driver1.c **** {
  34              		.loc 1 50 0
  35              		.cfi_startproc
  36              		@ args = 0, pretend = 0, frame = 8
  37              		@ frame_needed = 1, uses_anonymous_args = 0
  38 0000 80B5     		push	{r7, lr}
  39              		.cfi_def_cfa_offset 8
  40              		.cfi_offset 7, -8
  41              		.cfi_offset 14, -4
  42 0002 82B0     		sub	sp, sp, #8
  43              		.cfi_def_cfa_offset 16
  44 0004 00AF     		add	r7, sp, #0
  45              		.cfi_def_cfa_register 7
  51:Generated_Source\PSoC5/LED_Driver1.c **** #if (LED_Driver1_FF_IMPLEMENTED)
  52:Generated_Source\PSoC5/LED_Driver1.c ****     /* Configure fixed function block */
  53:Generated_Source\PSoC5/LED_Driver1.c ****     LED_Driver1_CFG_REG  = LED_Driver1_DEFAULT_CFG;
  54:Generated_Source\PSoC5/LED_Driver1.c ****     LED_Driver1_XCFG_REG = LED_Driver1_DEFAULT_XCFG;
  55:Generated_Source\PSoC5/LED_Driver1.c ****     LED_Driver1_ADDR_REG = LED_Driver1_DEFAULT_ADDR;
  56:Generated_Source\PSoC5/LED_Driver1.c ****     LED_Driver1_CLKDIV1_REG = LO8(LED_Driver1_DEFAULT_DIVIDE_FACTOR);
  57:Generated_Source\PSoC5/LED_Driver1.c ****     LED_Driver1_CLKDIV2_REG = HI8(LED_Driver1_DEFAULT_DIVIDE_FACTOR);
  58:Generated_Source\PSoC5/LED_Driver1.c **** 
  59:Generated_Source\PSoC5/LED_Driver1.c **** #else
  60:Generated_Source\PSoC5/LED_Driver1.c ****     uint8 intState;
  61:Generated_Source\PSoC5/LED_Driver1.c **** 
  62:Generated_Source\PSoC5/LED_Driver1.c ****     /* Configure control and interrupt sources */
  63:Generated_Source\PSoC5/LED_Driver1.c ****     LED_Driver1_CFG_REG      = LED_Driver1_DEFAULT_CFG;
  46              		.loc 1 63 0
  47 0006 1B4B     		ldr	r3, .L2
  48 0008 0022     		movs	r2, #0
  49 000a 1A70     		strb	r2, [r3]
  64:Generated_Source\PSoC5/LED_Driver1.c ****     LED_Driver1_INT_MASK_REG = LED_Driver1_DEFAULT_INT_MASK;
  50              		.loc 1 64 0
ARM GAS  D:\Windows\AppData\Local\Temp\ccXMLfqG.s 			page 3


  51 000c 1A4B     		ldr	r3, .L2+4
  52 000e 0122     		movs	r2, #1
  53 0010 1A70     		strb	r2, [r3]
  65:Generated_Source\PSoC5/LED_Driver1.c **** 
  66:Generated_Source\PSoC5/LED_Driver1.c ****     /* Enable interrupt generation in status */
  67:Generated_Source\PSoC5/LED_Driver1.c ****     intState = CyEnterCriticalSection();
  54              		.loc 1 67 0
  55 0012 FFF7FEFF 		bl	CyEnterCriticalSection
  56 0016 0346     		mov	r3, r0
  57 0018 FB71     		strb	r3, [r7, #7]
  68:Generated_Source\PSoC5/LED_Driver1.c ****     LED_Driver1_INT_ENABLE_REG |= LED_Driver1_INTR_ENABLE;
  58              		.loc 1 68 0
  59 001a 184A     		ldr	r2, .L2+8
  60 001c 174B     		ldr	r3, .L2+8
  61 001e 1B78     		ldrb	r3, [r3]
  62 0020 DBB2     		uxtb	r3, r3
  63 0022 43F01003 		orr	r3, r3, #16
  64 0026 DBB2     		uxtb	r3, r3
  65 0028 1370     		strb	r3, [r2]
  69:Generated_Source\PSoC5/LED_Driver1.c ****     CyExitCriticalSection(intState);
  66              		.loc 1 69 0
  67 002a FB79     		ldrb	r3, [r7, #7]	@ zero_extendqisi2
  68 002c 1846     		mov	r0, r3
  69 002e FFF7FEFF 		bl	CyExitCriticalSection
  70:Generated_Source\PSoC5/LED_Driver1.c **** 
  71:Generated_Source\PSoC5/LED_Driver1.c ****     /* Configure bit counter */
  72:Generated_Source\PSoC5/LED_Driver1.c ****     #if (LED_Driver1_MODE_SLAVE_ENABLED)
  73:Generated_Source\PSoC5/LED_Driver1.c ****         LED_Driver1_PERIOD_REG = LED_Driver1_DEFAULT_PERIOD;
  74:Generated_Source\PSoC5/LED_Driver1.c ****     #endif  /* (LED_Driver1_MODE_SLAVE_ENABLED) */
  75:Generated_Source\PSoC5/LED_Driver1.c **** 
  76:Generated_Source\PSoC5/LED_Driver1.c ****     /* Configure clock generator */
  77:Generated_Source\PSoC5/LED_Driver1.c ****     #if (LED_Driver1_MODE_MASTER_ENABLED)
  78:Generated_Source\PSoC5/LED_Driver1.c ****         LED_Driver1_MCLK_PRD_REG = LED_Driver1_DEFAULT_MCLK_PRD;
  70              		.loc 1 78 0
  71 0032 134B     		ldr	r3, .L2+12
  72 0034 0F22     		movs	r2, #15
  73 0036 1A70     		strb	r2, [r3]
  79:Generated_Source\PSoC5/LED_Driver1.c ****         LED_Driver1_MCLK_CMP_REG = LED_Driver1_DEFAULT_MCLK_CMP;
  74              		.loc 1 79 0
  75 0038 124B     		ldr	r3, .L2+16
  76 003a 0822     		movs	r2, #8
  77 003c 1A70     		strb	r2, [r3]
  80:Generated_Source\PSoC5/LED_Driver1.c ****     #endif /* (LED_Driver1_MODE_MASTER_ENABLED) */
  81:Generated_Source\PSoC5/LED_Driver1.c **** #endif /* (LED_Driver1_FF_IMPLEMENTED) */
  82:Generated_Source\PSoC5/LED_Driver1.c **** 
  83:Generated_Source\PSoC5/LED_Driver1.c **** #if (LED_Driver1_TIMEOUT_ENABLED)
  84:Generated_Source\PSoC5/LED_Driver1.c ****     LED_Driver1_TimeoutInit();
  85:Generated_Source\PSoC5/LED_Driver1.c **** #endif /* (LED_Driver1_TIMEOUT_ENABLED) */
  86:Generated_Source\PSoC5/LED_Driver1.c **** 
  87:Generated_Source\PSoC5/LED_Driver1.c ****     /* Configure internal interrupt */
  88:Generated_Source\PSoC5/LED_Driver1.c ****     CyIntDisable    (LED_Driver1_ISR_NUMBER);
  78              		.loc 1 88 0
  79 003e 124B     		ldr	r3, .L2+20
  80 0040 0122     		movs	r2, #1
  81 0042 1A60     		str	r2, [r3]
  89:Generated_Source\PSoC5/LED_Driver1.c ****     CyIntSetPriority(LED_Driver1_ISR_NUMBER, LED_Driver1_ISR_PRIORITY);
  82              		.loc 1 89 0
ARM GAS  D:\Windows\AppData\Local\Temp\ccXMLfqG.s 			page 4


  83 0044 0020     		movs	r0, #0
  84 0046 0721     		movs	r1, #7
  85 0048 FFF7FEFF 		bl	CyIntSetPriority
  90:Generated_Source\PSoC5/LED_Driver1.c ****     #if (LED_Driver1_INTERN_I2C_INTR_HANDLER)
  91:Generated_Source\PSoC5/LED_Driver1.c ****         (void) CyIntSetVector(LED_Driver1_ISR_NUMBER, &LED_Driver1_ISR);
  86              		.loc 1 91 0
  87 004c 0020     		movs	r0, #0
  88 004e 0F49     		ldr	r1, .L2+24
  89 0050 FFF7FEFF 		bl	CyIntSetVector
  92:Generated_Source\PSoC5/LED_Driver1.c ****     #endif /* (LED_Driver1_INTERN_I2C_INTR_HANDLER) */
  93:Generated_Source\PSoC5/LED_Driver1.c **** 
  94:Generated_Source\PSoC5/LED_Driver1.c ****     /* Set FSM to default state */
  95:Generated_Source\PSoC5/LED_Driver1.c ****     LED_Driver1_state = LED_Driver1_SM_IDLE;
  90              		.loc 1 95 0
  91 0054 0E4B     		ldr	r3, .L2+28
  92 0056 1022     		movs	r2, #16
  93 0058 1A70     		strb	r2, [r3]
  96:Generated_Source\PSoC5/LED_Driver1.c **** 
  97:Generated_Source\PSoC5/LED_Driver1.c **** #if (LED_Driver1_MODE_SLAVE_ENABLED)
  98:Generated_Source\PSoC5/LED_Driver1.c ****     /* Clear status and buffers index */
  99:Generated_Source\PSoC5/LED_Driver1.c ****     LED_Driver1_slStatus = 0u;
 100:Generated_Source\PSoC5/LED_Driver1.c ****     LED_Driver1_slRdBufIndex = 0u;
 101:Generated_Source\PSoC5/LED_Driver1.c ****     LED_Driver1_slWrBufIndex = 0u;
 102:Generated_Source\PSoC5/LED_Driver1.c **** 
 103:Generated_Source\PSoC5/LED_Driver1.c ****     /* Configure matched address */
 104:Generated_Source\PSoC5/LED_Driver1.c ****     LED_Driver1_SlaveSetAddress(LED_Driver1_DEFAULT_ADDR);
 105:Generated_Source\PSoC5/LED_Driver1.c **** #endif /* (LED_Driver1_MODE_SLAVE_ENABLED) */
 106:Generated_Source\PSoC5/LED_Driver1.c **** 
 107:Generated_Source\PSoC5/LED_Driver1.c **** #if (LED_Driver1_MODE_MASTER_ENABLED)
 108:Generated_Source\PSoC5/LED_Driver1.c ****     /* Clear status and buffers index */
 109:Generated_Source\PSoC5/LED_Driver1.c ****     LED_Driver1_mstrStatus = 0u;
  94              		.loc 1 109 0
  95 005a 0E4B     		ldr	r3, .L2+32
  96 005c 0022     		movs	r2, #0
  97 005e 1A70     		strb	r2, [r3]
 110:Generated_Source\PSoC5/LED_Driver1.c ****     LED_Driver1_mstrRdBufIndex = 0u;
  98              		.loc 1 110 0
  99 0060 0D4B     		ldr	r3, .L2+36
 100 0062 0022     		movs	r2, #0
 101 0064 1A70     		strb	r2, [r3]
 111:Generated_Source\PSoC5/LED_Driver1.c ****     LED_Driver1_mstrWrBufIndex = 0u;
 102              		.loc 1 111 0
 103 0066 0D4B     		ldr	r3, .L2+40
 104 0068 0022     		movs	r2, #0
 105 006a 1A70     		strb	r2, [r3]
 112:Generated_Source\PSoC5/LED_Driver1.c **** #endif /* (LED_Driver1_MODE_MASTER_ENABLED) */
 113:Generated_Source\PSoC5/LED_Driver1.c **** }
 106              		.loc 1 113 0
 107 006c 0837     		adds	r7, r7, #8
 108              		.cfi_def_cfa_offset 8
 109 006e BD46     		mov	sp, r7
 110              		.cfi_def_cfa_register 13
 111              		@ sp needed
 112 0070 80BD     		pop	{r7, pc}
 113              	.L3:
 114 0072 00BF     		.align	2
 115              	.L2:
ARM GAS  D:\Windows\AppData\Local\Temp\ccXMLfqG.s 			page 5


 116 0074 78640040 		.word	1073767544
 117 0078 85650040 		.word	1073767813
 118 007c 95650040 		.word	1073767829
 119 0080 28640040 		.word	1073767464
 120 0084 38640040 		.word	1073767480
 121 0088 80E100E0 		.word	-536813184
 122 008c 00000000 		.word	LED_Driver1_ISR
 123 0090 00000000 		.word	LED_Driver1_state
 124 0094 00000000 		.word	LED_Driver1_mstrStatus
 125 0098 00000000 		.word	LED_Driver1_mstrRdBufIndex
 126 009c 00000000 		.word	LED_Driver1_mstrWrBufIndex
 127              		.cfi_endproc
 128              	.LFE0:
 129              		.size	LED_Driver1_Init, .-LED_Driver1_Init
 130              		.section	.text.LED_Driver1_Enable,"ax",%progbits
 131              		.align	2
 132              		.global	LED_Driver1_Enable
 133              		.thumb
 134              		.thumb_func
 135              		.type	LED_Driver1_Enable, %function
 136              	LED_Driver1_Enable:
 137              	.LFB1:
 114:Generated_Source\PSoC5/LED_Driver1.c **** 
 115:Generated_Source\PSoC5/LED_Driver1.c **** 
 116:Generated_Source\PSoC5/LED_Driver1.c **** /*******************************************************************************
 117:Generated_Source\PSoC5/LED_Driver1.c **** * Function Name: LED_Driver1_Enable
 118:Generated_Source\PSoC5/LED_Driver1.c **** ********************************************************************************
 119:Generated_Source\PSoC5/LED_Driver1.c **** *
 120:Generated_Source\PSoC5/LED_Driver1.c **** * Summary:
 121:Generated_Source\PSoC5/LED_Driver1.c **** *  Enables I2C operations.
 122:Generated_Source\PSoC5/LED_Driver1.c **** *
 123:Generated_Source\PSoC5/LED_Driver1.c **** * Parameters:
 124:Generated_Source\PSoC5/LED_Driver1.c **** *  None.
 125:Generated_Source\PSoC5/LED_Driver1.c **** *
 126:Generated_Source\PSoC5/LED_Driver1.c **** * Return:
 127:Generated_Source\PSoC5/LED_Driver1.c **** *  None.
 128:Generated_Source\PSoC5/LED_Driver1.c **** *
 129:Generated_Source\PSoC5/LED_Driver1.c **** * Global variables:
 130:Generated_Source\PSoC5/LED_Driver1.c **** *  None.
 131:Generated_Source\PSoC5/LED_Driver1.c **** *
 132:Generated_Source\PSoC5/LED_Driver1.c **** *******************************************************************************/
 133:Generated_Source\PSoC5/LED_Driver1.c **** void LED_Driver1_Enable(void) 
 134:Generated_Source\PSoC5/LED_Driver1.c **** {
 138              		.loc 1 134 0
 139              		.cfi_startproc
 140              		@ args = 0, pretend = 0, frame = 0
 141              		@ frame_needed = 1, uses_anonymous_args = 0
 142              		@ link register save eliminated.
 143 0000 80B4     		push	{r7}
 144              		.cfi_def_cfa_offset 4
 145              		.cfi_offset 7, -4
 146 0002 00AF     		add	r7, sp, #0
 147              		.cfi_def_cfa_register 7
 135:Generated_Source\PSoC5/LED_Driver1.c **** #if (LED_Driver1_FF_IMPLEMENTED)
 136:Generated_Source\PSoC5/LED_Driver1.c ****     uint8 intState;
 137:Generated_Source\PSoC5/LED_Driver1.c **** 
 138:Generated_Source\PSoC5/LED_Driver1.c ****     /* Enable power to block */
ARM GAS  D:\Windows\AppData\Local\Temp\ccXMLfqG.s 			page 6


 139:Generated_Source\PSoC5/LED_Driver1.c ****     intState = CyEnterCriticalSection();
 140:Generated_Source\PSoC5/LED_Driver1.c ****     LED_Driver1_ACT_PWRMGR_REG  |= LED_Driver1_ACT_PWR_EN;
 141:Generated_Source\PSoC5/LED_Driver1.c ****     LED_Driver1_STBY_PWRMGR_REG |= LED_Driver1_STBY_PWR_EN;
 142:Generated_Source\PSoC5/LED_Driver1.c ****     CyExitCriticalSection(intState);
 143:Generated_Source\PSoC5/LED_Driver1.c **** #else
 144:Generated_Source\PSoC5/LED_Driver1.c ****     #if (LED_Driver1_MODE_SLAVE_ENABLED)
 145:Generated_Source\PSoC5/LED_Driver1.c ****         /* Enable bit counter */
 146:Generated_Source\PSoC5/LED_Driver1.c ****         uint8 intState = CyEnterCriticalSection();
 147:Generated_Source\PSoC5/LED_Driver1.c ****         LED_Driver1_COUNTER_AUX_CTL_REG |= LED_Driver1_CNT7_ENABLE;
 148:Generated_Source\PSoC5/LED_Driver1.c ****         CyExitCriticalSection(intState);
 149:Generated_Source\PSoC5/LED_Driver1.c ****     #endif /* (LED_Driver1_MODE_SLAVE_ENABLED) */
 150:Generated_Source\PSoC5/LED_Driver1.c **** 
 151:Generated_Source\PSoC5/LED_Driver1.c ****     /* Enable slave or master bits */
 152:Generated_Source\PSoC5/LED_Driver1.c ****     LED_Driver1_CFG_REG |= LED_Driver1_ENABLE_MS;
 148              		.loc 1 152 0
 149 0004 054A     		ldr	r2, .L5
 150 0006 054B     		ldr	r3, .L5
 151 0008 1B78     		ldrb	r3, [r3]
 152 000a DBB2     		uxtb	r3, r3
 153 000c 43F00203 		orr	r3, r3, #2
 154 0010 DBB2     		uxtb	r3, r3
 155 0012 1370     		strb	r3, [r2]
 153:Generated_Source\PSoC5/LED_Driver1.c **** #endif /* (LED_Driver1_FF_IMPLEMENTED) */
 154:Generated_Source\PSoC5/LED_Driver1.c **** 
 155:Generated_Source\PSoC5/LED_Driver1.c **** #if (LED_Driver1_TIMEOUT_ENABLED)
 156:Generated_Source\PSoC5/LED_Driver1.c ****     LED_Driver1_TimeoutEnable();
 157:Generated_Source\PSoC5/LED_Driver1.c **** #endif /* (LED_Driver1_TIMEOUT_ENABLED) */
 158:Generated_Source\PSoC5/LED_Driver1.c **** }
 156              		.loc 1 158 0
 157 0014 BD46     		mov	sp, r7
 158              		.cfi_def_cfa_register 13
 159              		@ sp needed
 160 0016 5DF8047B 		ldr	r7, [sp], #4
 161              		.cfi_restore 7
 162              		.cfi_def_cfa_offset 0
 163 001a 7047     		bx	lr
 164              	.L6:
 165              		.align	2
 166              	.L5:
 167 001c 78640040 		.word	1073767544
 168              		.cfi_endproc
 169              	.LFE1:
 170              		.size	LED_Driver1_Enable, .-LED_Driver1_Enable
 171              		.section	.text.LED_Driver1_Start,"ax",%progbits
 172              		.align	2
 173              		.global	LED_Driver1_Start
 174              		.thumb
 175              		.thumb_func
 176              		.type	LED_Driver1_Start, %function
 177              	LED_Driver1_Start:
 178              	.LFB2:
 159:Generated_Source\PSoC5/LED_Driver1.c **** 
 160:Generated_Source\PSoC5/LED_Driver1.c **** 
 161:Generated_Source\PSoC5/LED_Driver1.c **** /*******************************************************************************
 162:Generated_Source\PSoC5/LED_Driver1.c **** * Function Name: LED_Driver1_Start
 163:Generated_Source\PSoC5/LED_Driver1.c **** ********************************************************************************
 164:Generated_Source\PSoC5/LED_Driver1.c **** *
ARM GAS  D:\Windows\AppData\Local\Temp\ccXMLfqG.s 			page 7


 165:Generated_Source\PSoC5/LED_Driver1.c **** * Summary:
 166:Generated_Source\PSoC5/LED_Driver1.c **** *  Starts the I2C hardware. Enables Active mode power template bits or clock
 167:Generated_Source\PSoC5/LED_Driver1.c **** *  gating as appropriate. It is required to be executed before I2C bus
 168:Generated_Source\PSoC5/LED_Driver1.c **** *  operation.
 169:Generated_Source\PSoC5/LED_Driver1.c **** *
 170:Generated_Source\PSoC5/LED_Driver1.c **** * Parameters:
 171:Generated_Source\PSoC5/LED_Driver1.c **** *  None.
 172:Generated_Source\PSoC5/LED_Driver1.c **** *
 173:Generated_Source\PSoC5/LED_Driver1.c **** * Return:
 174:Generated_Source\PSoC5/LED_Driver1.c **** *  None.
 175:Generated_Source\PSoC5/LED_Driver1.c **** *
 176:Generated_Source\PSoC5/LED_Driver1.c **** * Side Effects:
 177:Generated_Source\PSoC5/LED_Driver1.c **** *  This component automatically enables its interrupt.  If I2C is enabled !
 178:Generated_Source\PSoC5/LED_Driver1.c **** *  without the interrupt enabled, it can lock up the I2C bus.
 179:Generated_Source\PSoC5/LED_Driver1.c **** *
 180:Generated_Source\PSoC5/LED_Driver1.c **** * Global variables:
 181:Generated_Source\PSoC5/LED_Driver1.c **** *  LED_Driver1_initVar - This variable is used to check the initial
 182:Generated_Source\PSoC5/LED_Driver1.c **** *                             configuration, modified on the first
 183:Generated_Source\PSoC5/LED_Driver1.c **** *                             function call.
 184:Generated_Source\PSoC5/LED_Driver1.c **** *
 185:Generated_Source\PSoC5/LED_Driver1.c **** * Reentrant:
 186:Generated_Source\PSoC5/LED_Driver1.c **** *  No.
 187:Generated_Source\PSoC5/LED_Driver1.c **** *
 188:Generated_Source\PSoC5/LED_Driver1.c **** *******************************************************************************/
 189:Generated_Source\PSoC5/LED_Driver1.c **** void LED_Driver1_Start(void) 
 190:Generated_Source\PSoC5/LED_Driver1.c **** {
 179              		.loc 1 190 0
 180              		.cfi_startproc
 181              		@ args = 0, pretend = 0, frame = 0
 182              		@ frame_needed = 1, uses_anonymous_args = 0
 183 0000 80B5     		push	{r7, lr}
 184              		.cfi_def_cfa_offset 8
 185              		.cfi_offset 7, -8
 186              		.cfi_offset 14, -4
 187 0002 00AF     		add	r7, sp, #0
 188              		.cfi_def_cfa_register 7
 191:Generated_Source\PSoC5/LED_Driver1.c ****     if (0u == LED_Driver1_initVar)
 189              		.loc 1 191 0
 190 0004 074B     		ldr	r3, .L9
 191 0006 1B78     		ldrb	r3, [r3]	@ zero_extendqisi2
 192 0008 002B     		cmp	r3, #0
 193 000a 04D1     		bne	.L8
 192:Generated_Source\PSoC5/LED_Driver1.c ****     {
 193:Generated_Source\PSoC5/LED_Driver1.c ****         LED_Driver1_Init();
 194              		.loc 1 193 0
 195 000c FFF7FEFF 		bl	LED_Driver1_Init
 194:Generated_Source\PSoC5/LED_Driver1.c ****         LED_Driver1_initVar = 1u; /* Component initialized */
 196              		.loc 1 194 0
 197 0010 044B     		ldr	r3, .L9
 198 0012 0122     		movs	r2, #1
 199 0014 1A70     		strb	r2, [r3]
 200              	.L8:
 195:Generated_Source\PSoC5/LED_Driver1.c ****     }
 196:Generated_Source\PSoC5/LED_Driver1.c **** 
 197:Generated_Source\PSoC5/LED_Driver1.c ****     LED_Driver1_Enable();
 201              		.loc 1 197 0
 202 0016 FFF7FEFF 		bl	LED_Driver1_Enable
ARM GAS  D:\Windows\AppData\Local\Temp\ccXMLfqG.s 			page 8


 198:Generated_Source\PSoC5/LED_Driver1.c ****     LED_Driver1_EnableInt();
 203              		.loc 1 198 0
 204 001a 034B     		ldr	r3, .L9+4
 205 001c 0122     		movs	r2, #1
 206 001e 1A60     		str	r2, [r3]
 199:Generated_Source\PSoC5/LED_Driver1.c **** }
 207              		.loc 1 199 0
 208 0020 80BD     		pop	{r7, pc}
 209              	.L10:
 210 0022 00BF     		.align	2
 211              	.L9:
 212 0024 00000000 		.word	LED_Driver1_initVar
 213 0028 00E100E0 		.word	-536813312
 214              		.cfi_endproc
 215              	.LFE2:
 216              		.size	LED_Driver1_Start, .-LED_Driver1_Start
 217              		.section	.text.LED_Driver1_Stop,"ax",%progbits
 218              		.align	2
 219              		.global	LED_Driver1_Stop
 220              		.thumb
 221              		.thumb_func
 222              		.type	LED_Driver1_Stop, %function
 223              	LED_Driver1_Stop:
 224              	.LFB3:
 200:Generated_Source\PSoC5/LED_Driver1.c **** 
 201:Generated_Source\PSoC5/LED_Driver1.c **** 
 202:Generated_Source\PSoC5/LED_Driver1.c **** /*******************************************************************************
 203:Generated_Source\PSoC5/LED_Driver1.c **** * Function Name: LED_Driver1_Stop
 204:Generated_Source\PSoC5/LED_Driver1.c **** ********************************************************************************
 205:Generated_Source\PSoC5/LED_Driver1.c **** *
 206:Generated_Source\PSoC5/LED_Driver1.c **** * Summary:
 207:Generated_Source\PSoC5/LED_Driver1.c **** *  Disables I2C hardware and disables I2C interrupt. Disables Active mode power
 208:Generated_Source\PSoC5/LED_Driver1.c **** *  template bits or clock gating as appropriate.
 209:Generated_Source\PSoC5/LED_Driver1.c **** *
 210:Generated_Source\PSoC5/LED_Driver1.c **** * Parameters:
 211:Generated_Source\PSoC5/LED_Driver1.c **** *  None.
 212:Generated_Source\PSoC5/LED_Driver1.c **** *
 213:Generated_Source\PSoC5/LED_Driver1.c **** * Return:
 214:Generated_Source\PSoC5/LED_Driver1.c **** *  None.
 215:Generated_Source\PSoC5/LED_Driver1.c **** *
 216:Generated_Source\PSoC5/LED_Driver1.c **** *******************************************************************************/
 217:Generated_Source\PSoC5/LED_Driver1.c **** void LED_Driver1_Stop(void) 
 218:Generated_Source\PSoC5/LED_Driver1.c **** {
 225              		.loc 1 218 0
 226              		.cfi_startproc
 227              		@ args = 0, pretend = 0, frame = 0
 228              		@ frame_needed = 1, uses_anonymous_args = 0
 229              		@ link register save eliminated.
 230 0000 80B4     		push	{r7}
 231              		.cfi_def_cfa_offset 4
 232              		.cfi_offset 7, -4
 233 0002 00AF     		add	r7, sp, #0
 234              		.cfi_def_cfa_register 7
 219:Generated_Source\PSoC5/LED_Driver1.c ****     LED_Driver1_DisableInt();
 235              		.loc 1 219 0
 236 0004 0F4B     		ldr	r3, .L12
 237 0006 0122     		movs	r2, #1
ARM GAS  D:\Windows\AppData\Local\Temp\ccXMLfqG.s 			page 9


 238 0008 1A60     		str	r2, [r3]
 220:Generated_Source\PSoC5/LED_Driver1.c **** 
 221:Generated_Source\PSoC5/LED_Driver1.c **** #if (LED_Driver1_TIMEOUT_ENABLED)
 222:Generated_Source\PSoC5/LED_Driver1.c ****     LED_Driver1_TimeoutStop();
 223:Generated_Source\PSoC5/LED_Driver1.c **** #endif  /* End (LED_Driver1_TIMEOUT_ENABLED) */
 224:Generated_Source\PSoC5/LED_Driver1.c **** 
 225:Generated_Source\PSoC5/LED_Driver1.c **** #if (LED_Driver1_FF_IMPLEMENTED)
 226:Generated_Source\PSoC5/LED_Driver1.c ****     {
 227:Generated_Source\PSoC5/LED_Driver1.c ****         uint8 intState;
 228:Generated_Source\PSoC5/LED_Driver1.c ****         uint16 blockResetCycles;
 229:Generated_Source\PSoC5/LED_Driver1.c **** 
 230:Generated_Source\PSoC5/LED_Driver1.c ****         /* Store registers effected by block disable */
 231:Generated_Source\PSoC5/LED_Driver1.c ****         LED_Driver1_backup.addr    = LED_Driver1_ADDR_REG;
 232:Generated_Source\PSoC5/LED_Driver1.c ****         LED_Driver1_backup.clkDiv1 = LED_Driver1_CLKDIV1_REG;
 233:Generated_Source\PSoC5/LED_Driver1.c ****         LED_Driver1_backup.clkDiv2 = LED_Driver1_CLKDIV2_REG;
 234:Generated_Source\PSoC5/LED_Driver1.c **** 
 235:Generated_Source\PSoC5/LED_Driver1.c ****         /* Calculate number of cycles to reset block */
 236:Generated_Source\PSoC5/LED_Driver1.c ****         blockResetCycles = ((uint16) ((uint16) LED_Driver1_CLKDIV2_REG << 8u) | LED_Driver1_CLKDIV1
 237:Generated_Source\PSoC5/LED_Driver1.c **** 
 238:Generated_Source\PSoC5/LED_Driver1.c ****         /* Disable block */
 239:Generated_Source\PSoC5/LED_Driver1.c ****         LED_Driver1_CFG_REG &= (uint8) ~LED_Driver1_CFG_EN_SLAVE;
 240:Generated_Source\PSoC5/LED_Driver1.c ****         /* Wait for block reset before disable power */
 241:Generated_Source\PSoC5/LED_Driver1.c ****         CyDelayCycles((uint32) blockResetCycles);
 242:Generated_Source\PSoC5/LED_Driver1.c **** 
 243:Generated_Source\PSoC5/LED_Driver1.c ****         /* Disable power to block */
 244:Generated_Source\PSoC5/LED_Driver1.c ****         intState = CyEnterCriticalSection();
 245:Generated_Source\PSoC5/LED_Driver1.c ****         LED_Driver1_ACT_PWRMGR_REG  &= (uint8) ~LED_Driver1_ACT_PWR_EN;
 246:Generated_Source\PSoC5/LED_Driver1.c ****         LED_Driver1_STBY_PWRMGR_REG &= (uint8) ~LED_Driver1_STBY_PWR_EN;
 247:Generated_Source\PSoC5/LED_Driver1.c ****         CyExitCriticalSection(intState);
 248:Generated_Source\PSoC5/LED_Driver1.c **** 
 249:Generated_Source\PSoC5/LED_Driver1.c ****         /* Enable block */
 250:Generated_Source\PSoC5/LED_Driver1.c ****         LED_Driver1_CFG_REG |= (uint8) LED_Driver1_ENABLE_MS;
 251:Generated_Source\PSoC5/LED_Driver1.c **** 
 252:Generated_Source\PSoC5/LED_Driver1.c ****         /* Restore registers effected by block disable. Ticket ID#198004 */
 253:Generated_Source\PSoC5/LED_Driver1.c ****         LED_Driver1_ADDR_REG    = LED_Driver1_backup.addr;
 254:Generated_Source\PSoC5/LED_Driver1.c ****         LED_Driver1_ADDR_REG    = LED_Driver1_backup.addr;
 255:Generated_Source\PSoC5/LED_Driver1.c ****         LED_Driver1_CLKDIV1_REG = LED_Driver1_backup.clkDiv1;
 256:Generated_Source\PSoC5/LED_Driver1.c ****         LED_Driver1_CLKDIV2_REG = LED_Driver1_backup.clkDiv2;
 257:Generated_Source\PSoC5/LED_Driver1.c ****     }
 258:Generated_Source\PSoC5/LED_Driver1.c **** #else
 259:Generated_Source\PSoC5/LED_Driver1.c **** 
 260:Generated_Source\PSoC5/LED_Driver1.c ****     /* Disable slave or master bits */
 261:Generated_Source\PSoC5/LED_Driver1.c ****     LED_Driver1_CFG_REG &= (uint8) ~LED_Driver1_ENABLE_MS;
 239              		.loc 1 261 0
 240 000a 0F4A     		ldr	r2, .L12+4
 241 000c 0E4B     		ldr	r3, .L12+4
 242 000e 1B78     		ldrb	r3, [r3]
 243 0010 DBB2     		uxtb	r3, r3
 244 0012 23F00203 		bic	r3, r3, #2
 245 0016 DBB2     		uxtb	r3, r3
 246 0018 1370     		strb	r3, [r2]
 262:Generated_Source\PSoC5/LED_Driver1.c **** 
 263:Generated_Source\PSoC5/LED_Driver1.c **** #if (LED_Driver1_MODE_SLAVE_ENABLED)
 264:Generated_Source\PSoC5/LED_Driver1.c ****     {
 265:Generated_Source\PSoC5/LED_Driver1.c ****         /* Disable bit counter */
 266:Generated_Source\PSoC5/LED_Driver1.c ****         uint8 intState = CyEnterCriticalSection();
 267:Generated_Source\PSoC5/LED_Driver1.c ****         LED_Driver1_COUNTER_AUX_CTL_REG &= (uint8) ~LED_Driver1_CNT7_ENABLE;
ARM GAS  D:\Windows\AppData\Local\Temp\ccXMLfqG.s 			page 10


 268:Generated_Source\PSoC5/LED_Driver1.c ****         CyExitCriticalSection(intState);
 269:Generated_Source\PSoC5/LED_Driver1.c ****     }
 270:Generated_Source\PSoC5/LED_Driver1.c **** #endif /* (LED_Driver1_MODE_SLAVE_ENABLED) */
 271:Generated_Source\PSoC5/LED_Driver1.c **** 
 272:Generated_Source\PSoC5/LED_Driver1.c ****     /* Clear interrupt source register */
 273:Generated_Source\PSoC5/LED_Driver1.c ****     (void) LED_Driver1_CSR_REG;
 247              		.loc 1 273 0
 248 001a 0C4B     		ldr	r3, .L12+8
 249 001c 1B78     		ldrb	r3, [r3]
 274:Generated_Source\PSoC5/LED_Driver1.c **** #endif /* (LED_Driver1_FF_IMPLEMENTED) */
 275:Generated_Source\PSoC5/LED_Driver1.c **** 
 276:Generated_Source\PSoC5/LED_Driver1.c ****     /* Disable interrupt on stop (enabled by write transaction) */
 277:Generated_Source\PSoC5/LED_Driver1.c ****     LED_Driver1_DISABLE_INT_ON_STOP;
 250              		.loc 1 277 0
 251 001e 0C4A     		ldr	r2, .L12+12
 252 0020 0B4B     		ldr	r3, .L12+12
 253 0022 1B78     		ldrb	r3, [r3]
 254 0024 DBB2     		uxtb	r3, r3
 255 0026 23F02003 		bic	r3, r3, #32
 256 002a DBB2     		uxtb	r3, r3
 257 002c 1370     		strb	r3, [r2]
 278:Generated_Source\PSoC5/LED_Driver1.c ****     LED_Driver1_ClearPendingInt();
 258              		.loc 1 278 0
 259 002e 094B     		ldr	r3, .L12+16
 260 0030 0122     		movs	r2, #1
 261 0032 1A60     		str	r2, [r3]
 279:Generated_Source\PSoC5/LED_Driver1.c **** 
 280:Generated_Source\PSoC5/LED_Driver1.c ****     /* Reset FSM to default state */
 281:Generated_Source\PSoC5/LED_Driver1.c ****     LED_Driver1_state = LED_Driver1_SM_IDLE;
 262              		.loc 1 281 0
 263 0034 084B     		ldr	r3, .L12+20
 264 0036 1022     		movs	r2, #16
 265 0038 1A70     		strb	r2, [r3]
 282:Generated_Source\PSoC5/LED_Driver1.c **** 
 283:Generated_Source\PSoC5/LED_Driver1.c ****     /* Clear busy statuses */
 284:Generated_Source\PSoC5/LED_Driver1.c **** #if (LED_Driver1_MODE_SLAVE_ENABLED)
 285:Generated_Source\PSoC5/LED_Driver1.c ****     LED_Driver1_slStatus &= (uint8) ~(LED_Driver1_SSTAT_RD_BUSY | LED_Driver1_SSTAT_WR_BUSY);
 286:Generated_Source\PSoC5/LED_Driver1.c **** #endif /* (LED_Driver1_MODE_SLAVE_ENABLED) */
 287:Generated_Source\PSoC5/LED_Driver1.c **** }
 266              		.loc 1 287 0
 267 003a BD46     		mov	sp, r7
 268              		.cfi_def_cfa_register 13
 269              		@ sp needed
 270 003c 5DF8047B 		ldr	r7, [sp], #4
 271              		.cfi_restore 7
 272              		.cfi_def_cfa_offset 0
 273 0040 7047     		bx	lr
 274              	.L13:
 275 0042 00BF     		.align	2
 276              	.L12:
 277 0044 80E100E0 		.word	-536813184
 278 0048 78640040 		.word	1073767544
 279 004c 65650040 		.word	1073767781
 280 0050 85650040 		.word	1073767813
 281 0054 80E200E0 		.word	-536812928
 282 0058 00000000 		.word	LED_Driver1_state
 283              		.cfi_endproc
ARM GAS  D:\Windows\AppData\Local\Temp\ccXMLfqG.s 			page 11


 284              	.LFE3:
 285              		.size	LED_Driver1_Stop, .-LED_Driver1_Stop
 286              		.text
 287              	.Letext0:
 288              		.file 2 "Generated_Source\\PSoC5\\cytypes.h"
 289              		.file 3 "Generated_Source\\PSoC5\\LED_Driver1_PVT.h"
 290              		.section	.debug_info,"",%progbits
 291              	.Ldebug_info0:
 292 0000 58010000 		.4byte	0x158
 293 0004 0400     		.2byte	0x4
 294 0006 00000000 		.4byte	.Ldebug_abbrev0
 295 000a 04       		.byte	0x4
 296 000b 01       		.uleb128 0x1
 297 000c C4000000 		.4byte	.LASF25
 298 0010 01       		.byte	0x1
 299 0011 FC010000 		.4byte	.LASF26
 300 0015 21020000 		.4byte	.LASF27
 301 0019 00000000 		.4byte	.Ldebug_ranges0+0
 302 001d 00000000 		.4byte	0
 303 0021 00000000 		.4byte	.Ldebug_line0
 304 0025 02       		.uleb128 0x2
 305 0026 01       		.byte	0x1
 306 0027 06       		.byte	0x6
 307 0028 5E020000 		.4byte	.LASF0
 308 002c 02       		.uleb128 0x2
 309 002d 01       		.byte	0x1
 310 002e 08       		.byte	0x8
 311 002f 82000000 		.4byte	.LASF1
 312 0033 02       		.uleb128 0x2
 313 0034 02       		.byte	0x2
 314 0035 05       		.byte	0x5
 315 0036 CE010000 		.4byte	.LASF2
 316 003a 02       		.uleb128 0x2
 317 003b 02       		.byte	0x2
 318 003c 07       		.byte	0x7
 319 003d 69000000 		.4byte	.LASF3
 320 0041 02       		.uleb128 0x2
 321 0042 04       		.byte	0x4
 322 0043 05       		.byte	0x5
 323 0044 F3010000 		.4byte	.LASF4
 324 0048 02       		.uleb128 0x2
 325 0049 04       		.byte	0x4
 326 004a 07       		.byte	0x7
 327 004b 95000000 		.4byte	.LASF5
 328 004f 02       		.uleb128 0x2
 329 0050 08       		.byte	0x8
 330 0051 05       		.byte	0x5
 331 0052 BB010000 		.4byte	.LASF6
 332 0056 02       		.uleb128 0x2
 333 0057 08       		.byte	0x8
 334 0058 07       		.byte	0x7
 335 0059 76010000 		.4byte	.LASF7
 336 005d 03       		.uleb128 0x3
 337 005e 04       		.byte	0x4
 338 005f 05       		.byte	0x5
 339 0060 696E7400 		.ascii	"int\000"
 340 0064 02       		.uleb128 0x2
ARM GAS  D:\Windows\AppData\Local\Temp\ccXMLfqG.s 			page 12


 341 0065 04       		.byte	0x4
 342 0066 07       		.byte	0x7
 343 0067 69010000 		.4byte	.LASF8
 344 006b 04       		.uleb128 0x4
 345 006c A7000000 		.4byte	.LASF9
 346 0070 02       		.byte	0x2
 347 0071 3801     		.2byte	0x138
 348 0073 2C000000 		.4byte	0x2c
 349 0077 04       		.uleb128 0x4
 350 0078 59010000 		.4byte	.LASF10
 351 007c 02       		.byte	0x2
 352 007d 3A01     		.2byte	0x13a
 353 007f 48000000 		.4byte	0x48
 354 0083 02       		.uleb128 0x2
 355 0084 04       		.byte	0x4
 356 0085 04       		.byte	0x4
 357 0086 7C000000 		.4byte	.LASF11
 358 008a 02       		.uleb128 0x2
 359 008b 08       		.byte	0x8
 360 008c 04       		.byte	0x4
 361 008d 52010000 		.4byte	.LASF12
 362 0091 02       		.uleb128 0x2
 363 0092 01       		.byte	0x1
 364 0093 08       		.byte	0x8
 365 0094 C9010000 		.4byte	.LASF13
 366 0098 04       		.uleb128 0x4
 367 0099 90000000 		.4byte	.LASF14
 368 009d 02       		.byte	0x2
 369 009e E201     		.2byte	0x1e2
 370 00a0 A4000000 		.4byte	0xa4
 371 00a4 05       		.uleb128 0x5
 372 00a5 6B000000 		.4byte	0x6b
 373 00a9 04       		.uleb128 0x4
 374 00aa 12000000 		.4byte	.LASF15
 375 00ae 02       		.byte	0x2
 376 00af E401     		.2byte	0x1e4
 377 00b1 B5000000 		.4byte	0xb5
 378 00b5 05       		.uleb128 0x5
 379 00b6 77000000 		.4byte	0x77
 380 00ba 02       		.uleb128 0x2
 381 00bb 04       		.byte	0x4
 382 00bc 07       		.byte	0x7
 383 00bd A1010000 		.4byte	.LASF16
 384 00c1 06       		.uleb128 0x6
 385 00c2 AA010000 		.4byte	.LASF28
 386 00c6 01       		.byte	0x1
 387 00c7 31       		.byte	0x31
 388 00c8 00000000 		.4byte	.LFB0
 389 00cc A0000000 		.4byte	.LFE0-.LFB0
 390 00d0 01       		.uleb128 0x1
 391 00d1 9C       		.byte	0x9c
 392 00d2 E5000000 		.4byte	0xe5
 393 00d6 07       		.uleb128 0x7
 394 00d7 60010000 		.4byte	.LASF29
 395 00db 01       		.byte	0x1
 396 00dc 3C       		.byte	0x3c
 397 00dd 6B000000 		.4byte	0x6b
ARM GAS  D:\Windows\AppData\Local\Temp\ccXMLfqG.s 			page 13


 398 00e1 02       		.uleb128 0x2
 399 00e2 91       		.byte	0x91
 400 00e3 77       		.sleb128 -9
 401 00e4 00       		.byte	0
 402 00e5 08       		.uleb128 0x8
 403 00e6 44000000 		.4byte	.LASF17
 404 00ea 01       		.byte	0x1
 405 00eb 85       		.byte	0x85
 406 00ec 00000000 		.4byte	.LFB1
 407 00f0 20000000 		.4byte	.LFE1-.LFB1
 408 00f4 01       		.uleb128 0x1
 409 00f5 9C       		.byte	0x9c
 410 00f6 09       		.uleb128 0x9
 411 00f7 00000000 		.4byte	.LASF18
 412 00fb 01       		.byte	0x1
 413 00fc BD       		.byte	0xbd
 414 00fd 00000000 		.4byte	.LFB2
 415 0101 2C000000 		.4byte	.LFE2-.LFB2
 416 0105 01       		.uleb128 0x1
 417 0106 9C       		.byte	0x9c
 418 0107 08       		.uleb128 0x8
 419 0108 18000000 		.4byte	.LASF19
 420 010c 01       		.byte	0x1
 421 010d D9       		.byte	0xd9
 422 010e 00000000 		.4byte	.LFB3
 423 0112 5C000000 		.4byte	.LFE3-.LFB3
 424 0116 01       		.uleb128 0x1
 425 0117 9C       		.byte	0x9c
 426 0118 0A       		.uleb128 0xa
 427 0119 8D010000 		.4byte	.LASF20
 428 011d 01       		.byte	0x1
 429 011e 18       		.byte	0x18
 430 011f 6B000000 		.4byte	0x6b
 431 0123 05       		.uleb128 0x5
 432 0124 03       		.byte	0x3
 433 0125 00000000 		.4byte	LED_Driver1_initVar
 434 0129 0A       		.uleb128 0xa
 435 012a 57000000 		.4byte	.LASF21
 436 012e 01       		.byte	0x1
 437 012f 1A       		.byte	0x1a
 438 0130 A4000000 		.4byte	0xa4
 439 0134 05       		.uleb128 0x5
 440 0135 03       		.byte	0x3
 441 0136 00000000 		.4byte	LED_Driver1_state
 442 013a 0B       		.uleb128 0xb
 443 013b AD000000 		.4byte	.LASF22
 444 013f 03       		.byte	0x3
 445 0140 27       		.byte	0x27
 446 0141 A4000000 		.4byte	0xa4
 447 0145 0B       		.uleb128 0xb
 448 0146 29000000 		.4byte	.LASF23
 449 014a 03       		.byte	0x3
 450 014b 2D       		.byte	0x2d
 451 014c A4000000 		.4byte	0xa4
 452 0150 0B       		.uleb128 0xb
 453 0151 D8010000 		.4byte	.LASF24
 454 0155 03       		.byte	0x3
ARM GAS  D:\Windows\AppData\Local\Temp\ccXMLfqG.s 			page 14


 455 0156 32       		.byte	0x32
 456 0157 A4000000 		.4byte	0xa4
 457 015b 00       		.byte	0
 458              		.section	.debug_abbrev,"",%progbits
 459              	.Ldebug_abbrev0:
 460 0000 01       		.uleb128 0x1
 461 0001 11       		.uleb128 0x11
 462 0002 01       		.byte	0x1
 463 0003 25       		.uleb128 0x25
 464 0004 0E       		.uleb128 0xe
 465 0005 13       		.uleb128 0x13
 466 0006 0B       		.uleb128 0xb
 467 0007 03       		.uleb128 0x3
 468 0008 0E       		.uleb128 0xe
 469 0009 1B       		.uleb128 0x1b
 470 000a 0E       		.uleb128 0xe
 471 000b 55       		.uleb128 0x55
 472 000c 17       		.uleb128 0x17
 473 000d 11       		.uleb128 0x11
 474 000e 01       		.uleb128 0x1
 475 000f 10       		.uleb128 0x10
 476 0010 17       		.uleb128 0x17
 477 0011 00       		.byte	0
 478 0012 00       		.byte	0
 479 0013 02       		.uleb128 0x2
 480 0014 24       		.uleb128 0x24
 481 0015 00       		.byte	0
 482 0016 0B       		.uleb128 0xb
 483 0017 0B       		.uleb128 0xb
 484 0018 3E       		.uleb128 0x3e
 485 0019 0B       		.uleb128 0xb
 486 001a 03       		.uleb128 0x3
 487 001b 0E       		.uleb128 0xe
 488 001c 00       		.byte	0
 489 001d 00       		.byte	0
 490 001e 03       		.uleb128 0x3
 491 001f 24       		.uleb128 0x24
 492 0020 00       		.byte	0
 493 0021 0B       		.uleb128 0xb
 494 0022 0B       		.uleb128 0xb
 495 0023 3E       		.uleb128 0x3e
 496 0024 0B       		.uleb128 0xb
 497 0025 03       		.uleb128 0x3
 498 0026 08       		.uleb128 0x8
 499 0027 00       		.byte	0
 500 0028 00       		.byte	0
 501 0029 04       		.uleb128 0x4
 502 002a 16       		.uleb128 0x16
 503 002b 00       		.byte	0
 504 002c 03       		.uleb128 0x3
 505 002d 0E       		.uleb128 0xe
 506 002e 3A       		.uleb128 0x3a
 507 002f 0B       		.uleb128 0xb
 508 0030 3B       		.uleb128 0x3b
 509 0031 05       		.uleb128 0x5
 510 0032 49       		.uleb128 0x49
 511 0033 13       		.uleb128 0x13
ARM GAS  D:\Windows\AppData\Local\Temp\ccXMLfqG.s 			page 15


 512 0034 00       		.byte	0
 513 0035 00       		.byte	0
 514 0036 05       		.uleb128 0x5
 515 0037 35       		.uleb128 0x35
 516 0038 00       		.byte	0
 517 0039 49       		.uleb128 0x49
 518 003a 13       		.uleb128 0x13
 519 003b 00       		.byte	0
 520 003c 00       		.byte	0
 521 003d 06       		.uleb128 0x6
 522 003e 2E       		.uleb128 0x2e
 523 003f 01       		.byte	0x1
 524 0040 3F       		.uleb128 0x3f
 525 0041 19       		.uleb128 0x19
 526 0042 03       		.uleb128 0x3
 527 0043 0E       		.uleb128 0xe
 528 0044 3A       		.uleb128 0x3a
 529 0045 0B       		.uleb128 0xb
 530 0046 3B       		.uleb128 0x3b
 531 0047 0B       		.uleb128 0xb
 532 0048 27       		.uleb128 0x27
 533 0049 19       		.uleb128 0x19
 534 004a 11       		.uleb128 0x11
 535 004b 01       		.uleb128 0x1
 536 004c 12       		.uleb128 0x12
 537 004d 06       		.uleb128 0x6
 538 004e 40       		.uleb128 0x40
 539 004f 18       		.uleb128 0x18
 540 0050 9642     		.uleb128 0x2116
 541 0052 19       		.uleb128 0x19
 542 0053 01       		.uleb128 0x1
 543 0054 13       		.uleb128 0x13
 544 0055 00       		.byte	0
 545 0056 00       		.byte	0
 546 0057 07       		.uleb128 0x7
 547 0058 34       		.uleb128 0x34
 548 0059 00       		.byte	0
 549 005a 03       		.uleb128 0x3
 550 005b 0E       		.uleb128 0xe
 551 005c 3A       		.uleb128 0x3a
 552 005d 0B       		.uleb128 0xb
 553 005e 3B       		.uleb128 0x3b
 554 005f 0B       		.uleb128 0xb
 555 0060 49       		.uleb128 0x49
 556 0061 13       		.uleb128 0x13
 557 0062 02       		.uleb128 0x2
 558 0063 18       		.uleb128 0x18
 559 0064 00       		.byte	0
 560 0065 00       		.byte	0
 561 0066 08       		.uleb128 0x8
 562 0067 2E       		.uleb128 0x2e
 563 0068 00       		.byte	0
 564 0069 3F       		.uleb128 0x3f
 565 006a 19       		.uleb128 0x19
 566 006b 03       		.uleb128 0x3
 567 006c 0E       		.uleb128 0xe
 568 006d 3A       		.uleb128 0x3a
ARM GAS  D:\Windows\AppData\Local\Temp\ccXMLfqG.s 			page 16


 569 006e 0B       		.uleb128 0xb
 570 006f 3B       		.uleb128 0x3b
 571 0070 0B       		.uleb128 0xb
 572 0071 27       		.uleb128 0x27
 573 0072 19       		.uleb128 0x19
 574 0073 11       		.uleb128 0x11
 575 0074 01       		.uleb128 0x1
 576 0075 12       		.uleb128 0x12
 577 0076 06       		.uleb128 0x6
 578 0077 40       		.uleb128 0x40
 579 0078 18       		.uleb128 0x18
 580 0079 9742     		.uleb128 0x2117
 581 007b 19       		.uleb128 0x19
 582 007c 00       		.byte	0
 583 007d 00       		.byte	0
 584 007e 09       		.uleb128 0x9
 585 007f 2E       		.uleb128 0x2e
 586 0080 00       		.byte	0
 587 0081 3F       		.uleb128 0x3f
 588 0082 19       		.uleb128 0x19
 589 0083 03       		.uleb128 0x3
 590 0084 0E       		.uleb128 0xe
 591 0085 3A       		.uleb128 0x3a
 592 0086 0B       		.uleb128 0xb
 593 0087 3B       		.uleb128 0x3b
 594 0088 0B       		.uleb128 0xb
 595 0089 27       		.uleb128 0x27
 596 008a 19       		.uleb128 0x19
 597 008b 11       		.uleb128 0x11
 598 008c 01       		.uleb128 0x1
 599 008d 12       		.uleb128 0x12
 600 008e 06       		.uleb128 0x6
 601 008f 40       		.uleb128 0x40
 602 0090 18       		.uleb128 0x18
 603 0091 9642     		.uleb128 0x2116
 604 0093 19       		.uleb128 0x19
 605 0094 00       		.byte	0
 606 0095 00       		.byte	0
 607 0096 0A       		.uleb128 0xa
 608 0097 34       		.uleb128 0x34
 609 0098 00       		.byte	0
 610 0099 03       		.uleb128 0x3
 611 009a 0E       		.uleb128 0xe
 612 009b 3A       		.uleb128 0x3a
 613 009c 0B       		.uleb128 0xb
 614 009d 3B       		.uleb128 0x3b
 615 009e 0B       		.uleb128 0xb
 616 009f 49       		.uleb128 0x49
 617 00a0 13       		.uleb128 0x13
 618 00a1 3F       		.uleb128 0x3f
 619 00a2 19       		.uleb128 0x19
 620 00a3 02       		.uleb128 0x2
 621 00a4 18       		.uleb128 0x18
 622 00a5 00       		.byte	0
 623 00a6 00       		.byte	0
 624 00a7 0B       		.uleb128 0xb
 625 00a8 34       		.uleb128 0x34
ARM GAS  D:\Windows\AppData\Local\Temp\ccXMLfqG.s 			page 17


 626 00a9 00       		.byte	0
 627 00aa 03       		.uleb128 0x3
 628 00ab 0E       		.uleb128 0xe
 629 00ac 3A       		.uleb128 0x3a
 630 00ad 0B       		.uleb128 0xb
 631 00ae 3B       		.uleb128 0x3b
 632 00af 0B       		.uleb128 0xb
 633 00b0 49       		.uleb128 0x49
 634 00b1 13       		.uleb128 0x13
 635 00b2 3F       		.uleb128 0x3f
 636 00b3 19       		.uleb128 0x19
 637 00b4 3C       		.uleb128 0x3c
 638 00b5 19       		.uleb128 0x19
 639 00b6 00       		.byte	0
 640 00b7 00       		.byte	0
 641 00b8 00       		.byte	0
 642              		.section	.debug_aranges,"",%progbits
 643 0000 34000000 		.4byte	0x34
 644 0004 0200     		.2byte	0x2
 645 0006 00000000 		.4byte	.Ldebug_info0
 646 000a 04       		.byte	0x4
 647 000b 00       		.byte	0
 648 000c 0000     		.2byte	0
 649 000e 0000     		.2byte	0
 650 0010 00000000 		.4byte	.LFB0
 651 0014 A0000000 		.4byte	.LFE0-.LFB0
 652 0018 00000000 		.4byte	.LFB1
 653 001c 20000000 		.4byte	.LFE1-.LFB1
 654 0020 00000000 		.4byte	.LFB2
 655 0024 2C000000 		.4byte	.LFE2-.LFB2
 656 0028 00000000 		.4byte	.LFB3
 657 002c 5C000000 		.4byte	.LFE3-.LFB3
 658 0030 00000000 		.4byte	0
 659 0034 00000000 		.4byte	0
 660              		.section	.debug_ranges,"",%progbits
 661              	.Ldebug_ranges0:
 662 0000 00000000 		.4byte	.LFB0
 663 0004 A0000000 		.4byte	.LFE0
 664 0008 00000000 		.4byte	.LFB1
 665 000c 20000000 		.4byte	.LFE1
 666 0010 00000000 		.4byte	.LFB2
 667 0014 2C000000 		.4byte	.LFE2
 668 0018 00000000 		.4byte	.LFB3
 669 001c 5C000000 		.4byte	.LFE3
 670 0020 00000000 		.4byte	0
 671 0024 00000000 		.4byte	0
 672              		.section	.debug_line,"",%progbits
 673              	.Ldebug_line0:
 674 0000 CD000000 		.section	.debug_str,"MS",%progbits,1
 674      02005D00 
 674      00000201 
 674      FB0E0D00 
 674      01010101 
 675              	.LASF18:
 676 0000 4C45445F 		.ascii	"LED_Driver1_Start\000"
 676      44726976 
 676      6572315F 
ARM GAS  D:\Windows\AppData\Local\Temp\ccXMLfqG.s 			page 18


 676      53746172 
 676      7400
 677              	.LASF15:
 678 0012 72656733 		.ascii	"reg32\000"
 678      3200
 679              	.LASF19:
 680 0018 4C45445F 		.ascii	"LED_Driver1_Stop\000"
 680      44726976 
 680      6572315F 
 680      53746F70 
 680      00
 681              	.LASF23:
 682 0029 4C45445F 		.ascii	"LED_Driver1_mstrRdBufIndex\000"
 682      44726976 
 682      6572315F 
 682      6D737472 
 682      52644275 
 683              	.LASF17:
 684 0044 4C45445F 		.ascii	"LED_Driver1_Enable\000"
 684      44726976 
 684      6572315F 
 684      456E6162 
 684      6C6500
 685              	.LASF21:
 686 0057 4C45445F 		.ascii	"LED_Driver1_state\000"
 686      44726976 
 686      6572315F 
 686      73746174 
 686      6500
 687              	.LASF3:
 688 0069 73686F72 		.ascii	"short unsigned int\000"
 688      7420756E 
 688      7369676E 
 688      65642069 
 688      6E7400
 689              	.LASF11:
 690 007c 666C6F61 		.ascii	"float\000"
 690      7400
 691              	.LASF1:
 692 0082 756E7369 		.ascii	"unsigned char\000"
 692      676E6564 
 692      20636861 
 692      7200
 693              	.LASF14:
 694 0090 72656738 		.ascii	"reg8\000"
 694      00
 695              	.LASF5:
 696 0095 6C6F6E67 		.ascii	"long unsigned int\000"
 696      20756E73 
 696      69676E65 
 696      6420696E 
 696      7400
 697              	.LASF9:
 698 00a7 75696E74 		.ascii	"uint8\000"
 698      3800
 699              	.LASF22:
 700 00ad 4C45445F 		.ascii	"LED_Driver1_mstrStatus\000"
ARM GAS  D:\Windows\AppData\Local\Temp\ccXMLfqG.s 			page 19


 700      44726976 
 700      6572315F 
 700      6D737472 
 700      53746174 
 701              	.LASF25:
 702 00c4 474E5520 		.ascii	"GNU C 4.9.3 20150303 (release) [ARM/embedded-4_9-br"
 702      4320342E 
 702      392E3320 
 702      32303135 
 702      30333033 
 703 00f7 616E6368 		.ascii	"anch revision 221220] -mcpu=cortex-m3 -mthumb -g -O"
 703      20726576 
 703      6973696F 
 703      6E203232 
 703      31323230 
 704 012a 30202D66 		.ascii	"0 -ffunction-sections -ffat-lto-objects\000"
 704      66756E63 
 704      74696F6E 
 704      2D736563 
 704      74696F6E 
 705              	.LASF12:
 706 0152 646F7562 		.ascii	"double\000"
 706      6C6500
 707              	.LASF10:
 708 0159 75696E74 		.ascii	"uint32\000"
 708      333200
 709              	.LASF29:
 710 0160 696E7453 		.ascii	"intState\000"
 710      74617465 
 710      00
 711              	.LASF8:
 712 0169 756E7369 		.ascii	"unsigned int\000"
 712      676E6564 
 712      20696E74 
 712      00
 713              	.LASF7:
 714 0176 6C6F6E67 		.ascii	"long long unsigned int\000"
 714      206C6F6E 
 714      6720756E 
 714      7369676E 
 714      65642069 
 715              	.LASF20:
 716 018d 4C45445F 		.ascii	"LED_Driver1_initVar\000"
 716      44726976 
 716      6572315F 
 716      696E6974 
 716      56617200 
 717              	.LASF16:
 718 01a1 73697A65 		.ascii	"sizetype\000"
 718      74797065 
 718      00
 719              	.LASF28:
 720 01aa 4C45445F 		.ascii	"LED_Driver1_Init\000"
 720      44726976 
 720      6572315F 
 720      496E6974 
 720      00
ARM GAS  D:\Windows\AppData\Local\Temp\ccXMLfqG.s 			page 20


 721              	.LASF6:
 722 01bb 6C6F6E67 		.ascii	"long long int\000"
 722      206C6F6E 
 722      6720696E 
 722      7400
 723              	.LASF13:
 724 01c9 63686172 		.ascii	"char\000"
 724      00
 725              	.LASF2:
 726 01ce 73686F72 		.ascii	"short int\000"
 726      7420696E 
 726      7400
 727              	.LASF24:
 728 01d8 4C45445F 		.ascii	"LED_Driver1_mstrWrBufIndex\000"
 728      44726976 
 728      6572315F 
 728      6D737472 
 728      57724275 
 729              	.LASF4:
 730 01f3 6C6F6E67 		.ascii	"long int\000"
 730      20696E74 
 730      00
 731              	.LASF26:
 732 01fc 47656E65 		.ascii	"Generated_Source\\PSoC5\\LED_Driver1.c\000"
 732      72617465 
 732      645F536F 
 732      75726365 
 732      5C50536F 
 733              	.LASF27:
 734 0221 443A5C44 		.ascii	"D:\\Downloads\\FRUCD\\Node-Jaguar\\Node-Jaguar\\Nod"
 734      6F776E6C 
 734      6F616473 
 734      5C465255 
 734      43445C4E 
 735 024f 652D4A61 		.ascii	"e-Jaguar.cydsn\000"
 735      67756172 
 735      2E637964 
 735      736E00
 736              	.LASF0:
 737 025e 7369676E 		.ascii	"signed char\000"
 737      65642063 
 737      68617200 
 738              		.ident	"GCC: (GNU Tools for ARM Embedded Processors) 4.9.3 20150303 (release) [ARM/embedded-4_9-br
