ARM GAS  D:\Windows\AppData\Local\Temp\ccKATLck.s 			page 1


   1              		.syntax unified
   2              		.cpu cortex-m3
   3              		.fpu softvfp
   4              		.eabi_attribute 20, 1
   5              		.eabi_attribute 21, 1
   6              		.eabi_attribute 23, 3
   7              		.eabi_attribute 24, 1
   8              		.eabi_attribute 25, 1
   9              		.eabi_attribute 26, 1
  10              		.eabi_attribute 30, 1
  11              		.eabi_attribute 34, 1
  12              		.eabi_attribute 18, 4
  13              		.thumb
  14              		.file	"RGB1_2.c"
  15              		.text
  16              	.Ltext0:
  17              		.cfi_sections	.debug_frame
  18              		.section	.text.RGB1_2_Write,"ax",%progbits
  19              		.align	2
  20              		.global	RGB1_2_Write
  21              		.thumb
  22              		.thumb_func
  23              		.type	RGB1_2_Write, %function
  24              	RGB1_2_Write:
  25              	.LFB0:
  26              		.file 1 "Generated_Source\\PSoC5\\RGB1_2.c"
   1:Generated_Source\PSoC5/RGB1_2.c **** /*******************************************************************************
   2:Generated_Source\PSoC5/RGB1_2.c **** * File Name: RGB1_2.c  
   3:Generated_Source\PSoC5/RGB1_2.c **** * Version 2.10
   4:Generated_Source\PSoC5/RGB1_2.c **** *
   5:Generated_Source\PSoC5/RGB1_2.c **** * Description:
   6:Generated_Source\PSoC5/RGB1_2.c **** *  This file contains API to enable firmware control of a Pins component.
   7:Generated_Source\PSoC5/RGB1_2.c **** *
   8:Generated_Source\PSoC5/RGB1_2.c **** * Note:
   9:Generated_Source\PSoC5/RGB1_2.c **** *
  10:Generated_Source\PSoC5/RGB1_2.c **** ********************************************************************************
  11:Generated_Source\PSoC5/RGB1_2.c **** * Copyright 2008-2014, Cypress Semiconductor Corporation.  All rights reserved.
  12:Generated_Source\PSoC5/RGB1_2.c **** * You may use this file only in accordance with the license, terms, conditions, 
  13:Generated_Source\PSoC5/RGB1_2.c **** * disclaimers, and limitations in the end user license agreement accompanying 
  14:Generated_Source\PSoC5/RGB1_2.c **** * the software package with which this file was provided.
  15:Generated_Source\PSoC5/RGB1_2.c **** *******************************************************************************/
  16:Generated_Source\PSoC5/RGB1_2.c **** 
  17:Generated_Source\PSoC5/RGB1_2.c **** #include "cytypes.h"
  18:Generated_Source\PSoC5/RGB1_2.c **** #include "RGB1_2.h"
  19:Generated_Source\PSoC5/RGB1_2.c **** 
  20:Generated_Source\PSoC5/RGB1_2.c **** /* APIs are not generated for P15[7:6] on PSoC 5 */
  21:Generated_Source\PSoC5/RGB1_2.c **** #if !(CY_PSOC5A &&\
  22:Generated_Source\PSoC5/RGB1_2.c **** 	 RGB1_2__PORT == 15 && ((RGB1_2__MASK & 0xC0) != 0))
  23:Generated_Source\PSoC5/RGB1_2.c **** 
  24:Generated_Source\PSoC5/RGB1_2.c **** 
  25:Generated_Source\PSoC5/RGB1_2.c **** /*******************************************************************************
  26:Generated_Source\PSoC5/RGB1_2.c **** * Function Name: RGB1_2_Write
  27:Generated_Source\PSoC5/RGB1_2.c **** ********************************************************************************
  28:Generated_Source\PSoC5/RGB1_2.c **** *
  29:Generated_Source\PSoC5/RGB1_2.c **** * Summary:
  30:Generated_Source\PSoC5/RGB1_2.c **** *  Assign a new value to the digital port's data output register.  
  31:Generated_Source\PSoC5/RGB1_2.c **** *
ARM GAS  D:\Windows\AppData\Local\Temp\ccKATLck.s 			page 2


  32:Generated_Source\PSoC5/RGB1_2.c **** * Parameters:  
  33:Generated_Source\PSoC5/RGB1_2.c **** *  prtValue:  The value to be assigned to the Digital Port. 
  34:Generated_Source\PSoC5/RGB1_2.c **** *
  35:Generated_Source\PSoC5/RGB1_2.c **** * Return: 
  36:Generated_Source\PSoC5/RGB1_2.c **** *  None
  37:Generated_Source\PSoC5/RGB1_2.c **** *  
  38:Generated_Source\PSoC5/RGB1_2.c **** *******************************************************************************/
  39:Generated_Source\PSoC5/RGB1_2.c **** void RGB1_2_Write(uint8 value) 
  40:Generated_Source\PSoC5/RGB1_2.c **** {
  27              		.loc 1 40 0
  28              		.cfi_startproc
  29              		@ args = 0, pretend = 0, frame = 0
  30              		@ frame_needed = 0, uses_anonymous_args = 0
  31              		@ link register save eliminated.
  32              	.LVL0:
  41:Generated_Source\PSoC5/RGB1_2.c ****     uint8 staticBits = (RGB1_2_DR & (uint8)(~RGB1_2_MASK));
  33              		.loc 1 41 0
  34 0000 044A     		ldr	r2, .L2
  35 0002 1378     		ldrb	r3, [r2]	@ zero_extendqisi2
  36 0004 03F0FE03 		and	r3, r3, #254
  37              	.LVL1:
  42:Generated_Source\PSoC5/RGB1_2.c ****     RGB1_2_DR = staticBits | ((uint8)(value << RGB1_2_SHIFT) & RGB1_2_MASK);
  38              		.loc 1 42 0
  39 0008 00F00100 		and	r0, r0, #1
  40              	.LVL2:
  41 000c 1843     		orrs	r0, r0, r3
  42 000e 1070     		strb	r0, [r2]
  43 0010 7047     		bx	lr
  44              	.L3:
  45 0012 00BF     		.align	2
  46              	.L2:
  47 0014 00510040 		.word	1073762560
  48              		.cfi_endproc
  49              	.LFE0:
  50              		.size	RGB1_2_Write, .-RGB1_2_Write
  51              		.section	.text.RGB1_2_SetDriveMode,"ax",%progbits
  52              		.align	2
  53              		.global	RGB1_2_SetDriveMode
  54              		.thumb
  55              		.thumb_func
  56              		.type	RGB1_2_SetDriveMode, %function
  57              	RGB1_2_SetDriveMode:
  58              	.LFB1:
  43:Generated_Source\PSoC5/RGB1_2.c **** }
  44:Generated_Source\PSoC5/RGB1_2.c **** 
  45:Generated_Source\PSoC5/RGB1_2.c **** 
  46:Generated_Source\PSoC5/RGB1_2.c **** /*******************************************************************************
  47:Generated_Source\PSoC5/RGB1_2.c **** * Function Name: RGB1_2_SetDriveMode
  48:Generated_Source\PSoC5/RGB1_2.c **** ********************************************************************************
  49:Generated_Source\PSoC5/RGB1_2.c **** *
  50:Generated_Source\PSoC5/RGB1_2.c **** * Summary:
  51:Generated_Source\PSoC5/RGB1_2.c **** *  Change the drive mode on the pins of the port.
  52:Generated_Source\PSoC5/RGB1_2.c **** * 
  53:Generated_Source\PSoC5/RGB1_2.c **** * Parameters:  
  54:Generated_Source\PSoC5/RGB1_2.c **** *  mode:  Change the pins to one of the following drive modes.
  55:Generated_Source\PSoC5/RGB1_2.c **** *
  56:Generated_Source\PSoC5/RGB1_2.c **** *  RGB1_2_DM_STRONG     Strong Drive 
ARM GAS  D:\Windows\AppData\Local\Temp\ccKATLck.s 			page 3


  57:Generated_Source\PSoC5/RGB1_2.c **** *  RGB1_2_DM_OD_HI      Open Drain, Drives High 
  58:Generated_Source\PSoC5/RGB1_2.c **** *  RGB1_2_DM_OD_LO      Open Drain, Drives Low 
  59:Generated_Source\PSoC5/RGB1_2.c **** *  RGB1_2_DM_RES_UP     Resistive Pull Up 
  60:Generated_Source\PSoC5/RGB1_2.c **** *  RGB1_2_DM_RES_DWN    Resistive Pull Down 
  61:Generated_Source\PSoC5/RGB1_2.c **** *  RGB1_2_DM_RES_UPDWN  Resistive Pull Up/Down 
  62:Generated_Source\PSoC5/RGB1_2.c **** *  RGB1_2_DM_DIG_HIZ    High Impedance Digital 
  63:Generated_Source\PSoC5/RGB1_2.c **** *  RGB1_2_DM_ALG_HIZ    High Impedance Analog 
  64:Generated_Source\PSoC5/RGB1_2.c **** *
  65:Generated_Source\PSoC5/RGB1_2.c **** * Return: 
  66:Generated_Source\PSoC5/RGB1_2.c **** *  None
  67:Generated_Source\PSoC5/RGB1_2.c **** *
  68:Generated_Source\PSoC5/RGB1_2.c **** *******************************************************************************/
  69:Generated_Source\PSoC5/RGB1_2.c **** void RGB1_2_SetDriveMode(uint8 mode) 
  70:Generated_Source\PSoC5/RGB1_2.c **** {
  59              		.loc 1 70 0
  60              		.cfi_startproc
  61              		@ args = 0, pretend = 0, frame = 0
  62              		@ frame_needed = 0, uses_anonymous_args = 0
  63              		@ link register save eliminated.
  64              	.LVL3:
  71:Generated_Source\PSoC5/RGB1_2.c **** 	CyPins_SetPinDriveMode(RGB1_2_0, mode);
  65              		.loc 1 71 0
  66 0000 044A     		ldr	r2, .L5
  67 0002 1378     		ldrb	r3, [r2]	@ zero_extendqisi2
  68 0004 03F0F103 		and	r3, r3, #241
  69 0008 00F00E00 		and	r0, r0, #14
  70              	.LVL4:
  71 000c 1843     		orrs	r0, r0, r3
  72 000e 1070     		strb	r0, [r2]
  73 0010 7047     		bx	lr
  74              	.L6:
  75 0012 00BF     		.align	2
  76              	.L5:
  77 0014 00500040 		.word	1073762304
  78              		.cfi_endproc
  79              	.LFE1:
  80              		.size	RGB1_2_SetDriveMode, .-RGB1_2_SetDriveMode
  81              		.section	.text.RGB1_2_Read,"ax",%progbits
  82              		.align	2
  83              		.global	RGB1_2_Read
  84              		.thumb
  85              		.thumb_func
  86              		.type	RGB1_2_Read, %function
  87              	RGB1_2_Read:
  88              	.LFB2:
  72:Generated_Source\PSoC5/RGB1_2.c **** }
  73:Generated_Source\PSoC5/RGB1_2.c **** 
  74:Generated_Source\PSoC5/RGB1_2.c **** 
  75:Generated_Source\PSoC5/RGB1_2.c **** /*******************************************************************************
  76:Generated_Source\PSoC5/RGB1_2.c **** * Function Name: RGB1_2_Read
  77:Generated_Source\PSoC5/RGB1_2.c **** ********************************************************************************
  78:Generated_Source\PSoC5/RGB1_2.c **** *
  79:Generated_Source\PSoC5/RGB1_2.c **** * Summary:
  80:Generated_Source\PSoC5/RGB1_2.c **** *  Read the current value on the pins of the Digital Port in right justified 
  81:Generated_Source\PSoC5/RGB1_2.c **** *  form.
  82:Generated_Source\PSoC5/RGB1_2.c **** *
  83:Generated_Source\PSoC5/RGB1_2.c **** * Parameters:  
ARM GAS  D:\Windows\AppData\Local\Temp\ccKATLck.s 			page 4


  84:Generated_Source\PSoC5/RGB1_2.c **** *  None
  85:Generated_Source\PSoC5/RGB1_2.c **** *
  86:Generated_Source\PSoC5/RGB1_2.c **** * Return: 
  87:Generated_Source\PSoC5/RGB1_2.c **** *  Returns the current value of the Digital Port as a right justified number
  88:Generated_Source\PSoC5/RGB1_2.c **** *  
  89:Generated_Source\PSoC5/RGB1_2.c **** * Note:
  90:Generated_Source\PSoC5/RGB1_2.c **** *  Macro RGB1_2_ReadPS calls this function. 
  91:Generated_Source\PSoC5/RGB1_2.c **** *  
  92:Generated_Source\PSoC5/RGB1_2.c **** *******************************************************************************/
  93:Generated_Source\PSoC5/RGB1_2.c **** uint8 RGB1_2_Read(void) 
  94:Generated_Source\PSoC5/RGB1_2.c **** {
  89              		.loc 1 94 0
  90              		.cfi_startproc
  91              		@ args = 0, pretend = 0, frame = 0
  92              		@ frame_needed = 0, uses_anonymous_args = 0
  93              		@ link register save eliminated.
  95:Generated_Source\PSoC5/RGB1_2.c ****     return (RGB1_2_PS & RGB1_2_MASK) >> RGB1_2_SHIFT;
  94              		.loc 1 95 0
  95 0000 024B     		ldr	r3, .L8
  96 0002 1878     		ldrb	r0, [r3]	@ zero_extendqisi2
  96:Generated_Source\PSoC5/RGB1_2.c **** }
  97              		.loc 1 96 0
  98 0004 00F00100 		and	r0, r0, #1
  99 0008 7047     		bx	lr
 100              	.L9:
 101 000a 00BF     		.align	2
 102              	.L8:
 103 000c 01510040 		.word	1073762561
 104              		.cfi_endproc
 105              	.LFE2:
 106              		.size	RGB1_2_Read, .-RGB1_2_Read
 107              		.section	.text.RGB1_2_ReadDataReg,"ax",%progbits
 108              		.align	2
 109              		.global	RGB1_2_ReadDataReg
 110              		.thumb
 111              		.thumb_func
 112              		.type	RGB1_2_ReadDataReg, %function
 113              	RGB1_2_ReadDataReg:
 114              	.LFB3:
  97:Generated_Source\PSoC5/RGB1_2.c **** 
  98:Generated_Source\PSoC5/RGB1_2.c **** 
  99:Generated_Source\PSoC5/RGB1_2.c **** /*******************************************************************************
 100:Generated_Source\PSoC5/RGB1_2.c **** * Function Name: RGB1_2_ReadDataReg
 101:Generated_Source\PSoC5/RGB1_2.c **** ********************************************************************************
 102:Generated_Source\PSoC5/RGB1_2.c **** *
 103:Generated_Source\PSoC5/RGB1_2.c **** * Summary:
 104:Generated_Source\PSoC5/RGB1_2.c **** *  Read the current value assigned to a Digital Port's data output register
 105:Generated_Source\PSoC5/RGB1_2.c **** *
 106:Generated_Source\PSoC5/RGB1_2.c **** * Parameters:  
 107:Generated_Source\PSoC5/RGB1_2.c **** *  None 
 108:Generated_Source\PSoC5/RGB1_2.c **** *
 109:Generated_Source\PSoC5/RGB1_2.c **** * Return: 
 110:Generated_Source\PSoC5/RGB1_2.c **** *  Returns the current value assigned to the Digital Port's data output register
 111:Generated_Source\PSoC5/RGB1_2.c **** *  
 112:Generated_Source\PSoC5/RGB1_2.c **** *******************************************************************************/
 113:Generated_Source\PSoC5/RGB1_2.c **** uint8 RGB1_2_ReadDataReg(void) 
 114:Generated_Source\PSoC5/RGB1_2.c **** {
ARM GAS  D:\Windows\AppData\Local\Temp\ccKATLck.s 			page 5


 115              		.loc 1 114 0
 116              		.cfi_startproc
 117              		@ args = 0, pretend = 0, frame = 0
 118              		@ frame_needed = 0, uses_anonymous_args = 0
 119              		@ link register save eliminated.
 115:Generated_Source\PSoC5/RGB1_2.c ****     return (RGB1_2_DR & RGB1_2_MASK) >> RGB1_2_SHIFT;
 120              		.loc 1 115 0
 121 0000 024B     		ldr	r3, .L11
 122 0002 1878     		ldrb	r0, [r3]	@ zero_extendqisi2
 116:Generated_Source\PSoC5/RGB1_2.c **** }
 123              		.loc 1 116 0
 124 0004 00F00100 		and	r0, r0, #1
 125 0008 7047     		bx	lr
 126              	.L12:
 127 000a 00BF     		.align	2
 128              	.L11:
 129 000c 00510040 		.word	1073762560
 130              		.cfi_endproc
 131              	.LFE3:
 132              		.size	RGB1_2_ReadDataReg, .-RGB1_2_ReadDataReg
 133              		.text
 134              	.Letext0:
 135              		.file 2 "Generated_Source\\PSoC5\\cytypes.h"
 136              		.section	.debug_info,"",%progbits
 137              	.Ldebug_info0:
 138 0000 1B010000 		.4byte	0x11b
 139 0004 0400     		.2byte	0x4
 140 0006 00000000 		.4byte	.Ldebug_abbrev0
 141 000a 04       		.byte	0x4
 142 000b 01       		.uleb128 0x1
 143 000c A9000000 		.4byte	.LASF20
 144 0010 01       		.byte	0x1
 145 0011 82000000 		.4byte	.LASF21
 146 0015 6E010000 		.4byte	.LASF22
 147 0019 00000000 		.4byte	.Ldebug_ranges0+0
 148 001d 00000000 		.4byte	0
 149 0021 00000000 		.4byte	.Ldebug_line0
 150 0025 02       		.uleb128 0x2
 151 0026 01       		.byte	0x1
 152 0027 06       		.byte	0x6
 153 0028 DE010000 		.4byte	.LASF0
 154 002c 02       		.uleb128 0x2
 155 002d 01       		.byte	0x1
 156 002e 08       		.byte	0x8
 157 002f 4A000000 		.4byte	.LASF1
 158 0033 02       		.uleb128 0x2
 159 0034 02       		.byte	0x2
 160 0035 05       		.byte	0x5
 161 0036 B8010000 		.4byte	.LASF2
 162 003a 02       		.uleb128 0x2
 163 003b 02       		.byte	0x2
 164 003c 07       		.byte	0x7
 165 003d 6F000000 		.4byte	.LASF3
 166 0041 02       		.uleb128 0x2
 167 0042 04       		.byte	0x4
 168 0043 05       		.byte	0x5
 169 0044 C8010000 		.4byte	.LASF4
ARM GAS  D:\Windows\AppData\Local\Temp\ccKATLck.s 			page 6


 170 0048 02       		.uleb128 0x2
 171 0049 04       		.byte	0x4
 172 004a 07       		.byte	0x7
 173 004b 5D000000 		.4byte	.LASF5
 174 004f 02       		.uleb128 0x2
 175 0050 08       		.byte	0x8
 176 0051 05       		.byte	0x5
 177 0052 60010000 		.4byte	.LASF6
 178 0056 02       		.uleb128 0x2
 179 0057 08       		.byte	0x8
 180 0058 07       		.byte	0x7
 181 0059 44010000 		.4byte	.LASF7
 182 005d 03       		.uleb128 0x3
 183 005e 04       		.byte	0x4
 184 005f 05       		.byte	0x5
 185 0060 696E7400 		.ascii	"int\000"
 186 0064 02       		.uleb128 0x2
 187 0065 04       		.byte	0x4
 188 0066 07       		.byte	0x7
 189 0067 37010000 		.4byte	.LASF8
 190 006b 04       		.uleb128 0x4
 191 006c C2010000 		.4byte	.LASF12
 192 0070 02       		.byte	0x2
 193 0071 3801     		.2byte	0x138
 194 0073 2C000000 		.4byte	0x2c
 195 0077 02       		.uleb128 0x2
 196 0078 04       		.byte	0x4
 197 0079 04       		.byte	0x4
 198 007a 44000000 		.4byte	.LASF9
 199 007e 02       		.uleb128 0x2
 200 007f 08       		.byte	0x8
 201 0080 04       		.byte	0x4
 202 0081 A2000000 		.4byte	.LASF10
 203 0085 02       		.uleb128 0x2
 204 0086 01       		.byte	0x1
 205 0087 08       		.byte	0x8
 206 0088 B3010000 		.4byte	.LASF11
 207 008c 04       		.uleb128 0x4
 208 008d 58000000 		.4byte	.LASF13
 209 0091 02       		.byte	0x2
 210 0092 E201     		.2byte	0x1e2
 211 0094 98000000 		.4byte	0x98
 212 0098 05       		.uleb128 0x5
 213 0099 6B000000 		.4byte	0x6b
 214 009d 06       		.uleb128 0x6
 215 009e D1010000 		.4byte	.LASF14
 216 00a2 01       		.byte	0x1
 217 00a3 27       		.byte	0x27
 218 00a4 00000000 		.4byte	.LFB0
 219 00a8 18000000 		.4byte	.LFE0-.LFB0
 220 00ac 01       		.uleb128 0x1
 221 00ad 9C       		.byte	0x9c
 222 00ae CF000000 		.4byte	0xcf
 223 00b2 07       		.uleb128 0x7
 224 00b3 27000000 		.4byte	.LASF16
 225 00b7 01       		.byte	0x1
 226 00b8 27       		.byte	0x27
ARM GAS  D:\Windows\AppData\Local\Temp\ccKATLck.s 			page 7


 227 00b9 6B000000 		.4byte	0x6b
 228 00bd 00000000 		.4byte	.LLST0
 229 00c1 08       		.uleb128 0x8
 230 00c2 2D000000 		.4byte	.LASF23
 231 00c6 01       		.byte	0x1
 232 00c7 29       		.byte	0x29
 233 00c8 6B000000 		.4byte	0x6b
 234 00cc 01       		.uleb128 0x1
 235 00cd 53       		.byte	0x53
 236 00ce 00       		.byte	0
 237 00cf 06       		.uleb128 0x6
 238 00d0 00000000 		.4byte	.LASF15
 239 00d4 01       		.byte	0x1
 240 00d5 45       		.byte	0x45
 241 00d6 00000000 		.4byte	.LFB1
 242 00da 18000000 		.4byte	.LFE1-.LFB1
 243 00de 01       		.uleb128 0x1
 244 00df 9C       		.byte	0x9c
 245 00e0 F4000000 		.4byte	0xf4
 246 00e4 07       		.uleb128 0x7
 247 00e5 5B010000 		.4byte	.LASF17
 248 00e9 01       		.byte	0x1
 249 00ea 45       		.byte	0x45
 250 00eb 6B000000 		.4byte	0x6b
 251 00ef 21000000 		.4byte	.LLST1
 252 00f3 00       		.byte	0
 253 00f4 09       		.uleb128 0x9
 254 00f5 38000000 		.4byte	.LASF18
 255 00f9 01       		.byte	0x1
 256 00fa 5D       		.byte	0x5d
 257 00fb 6B000000 		.4byte	0x6b
 258 00ff 00000000 		.4byte	.LFB2
 259 0103 10000000 		.4byte	.LFE2-.LFB2
 260 0107 01       		.uleb128 0x1
 261 0108 9C       		.byte	0x9c
 262 0109 09       		.uleb128 0x9
 263 010a 14000000 		.4byte	.LASF19
 264 010e 01       		.byte	0x1
 265 010f 71       		.byte	0x71
 266 0110 6B000000 		.4byte	0x6b
 267 0114 00000000 		.4byte	.LFB3
 268 0118 10000000 		.4byte	.LFE3-.LFB3
 269 011c 01       		.uleb128 0x1
 270 011d 9C       		.byte	0x9c
 271 011e 00       		.byte	0
 272              		.section	.debug_abbrev,"",%progbits
 273              	.Ldebug_abbrev0:
 274 0000 01       		.uleb128 0x1
 275 0001 11       		.uleb128 0x11
 276 0002 01       		.byte	0x1
 277 0003 25       		.uleb128 0x25
 278 0004 0E       		.uleb128 0xe
 279 0005 13       		.uleb128 0x13
 280 0006 0B       		.uleb128 0xb
 281 0007 03       		.uleb128 0x3
 282 0008 0E       		.uleb128 0xe
 283 0009 1B       		.uleb128 0x1b
ARM GAS  D:\Windows\AppData\Local\Temp\ccKATLck.s 			page 8


 284 000a 0E       		.uleb128 0xe
 285 000b 55       		.uleb128 0x55
 286 000c 17       		.uleb128 0x17
 287 000d 11       		.uleb128 0x11
 288 000e 01       		.uleb128 0x1
 289 000f 10       		.uleb128 0x10
 290 0010 17       		.uleb128 0x17
 291 0011 00       		.byte	0
 292 0012 00       		.byte	0
 293 0013 02       		.uleb128 0x2
 294 0014 24       		.uleb128 0x24
 295 0015 00       		.byte	0
 296 0016 0B       		.uleb128 0xb
 297 0017 0B       		.uleb128 0xb
 298 0018 3E       		.uleb128 0x3e
 299 0019 0B       		.uleb128 0xb
 300 001a 03       		.uleb128 0x3
 301 001b 0E       		.uleb128 0xe
 302 001c 00       		.byte	0
 303 001d 00       		.byte	0
 304 001e 03       		.uleb128 0x3
 305 001f 24       		.uleb128 0x24
 306 0020 00       		.byte	0
 307 0021 0B       		.uleb128 0xb
 308 0022 0B       		.uleb128 0xb
 309 0023 3E       		.uleb128 0x3e
 310 0024 0B       		.uleb128 0xb
 311 0025 03       		.uleb128 0x3
 312 0026 08       		.uleb128 0x8
 313 0027 00       		.byte	0
 314 0028 00       		.byte	0
 315 0029 04       		.uleb128 0x4
 316 002a 16       		.uleb128 0x16
 317 002b 00       		.byte	0
 318 002c 03       		.uleb128 0x3
 319 002d 0E       		.uleb128 0xe
 320 002e 3A       		.uleb128 0x3a
 321 002f 0B       		.uleb128 0xb
 322 0030 3B       		.uleb128 0x3b
 323 0031 05       		.uleb128 0x5
 324 0032 49       		.uleb128 0x49
 325 0033 13       		.uleb128 0x13
 326 0034 00       		.byte	0
 327 0035 00       		.byte	0
 328 0036 05       		.uleb128 0x5
 329 0037 35       		.uleb128 0x35
 330 0038 00       		.byte	0
 331 0039 49       		.uleb128 0x49
 332 003a 13       		.uleb128 0x13
 333 003b 00       		.byte	0
 334 003c 00       		.byte	0
 335 003d 06       		.uleb128 0x6
 336 003e 2E       		.uleb128 0x2e
 337 003f 01       		.byte	0x1
 338 0040 3F       		.uleb128 0x3f
 339 0041 19       		.uleb128 0x19
 340 0042 03       		.uleb128 0x3
ARM GAS  D:\Windows\AppData\Local\Temp\ccKATLck.s 			page 9


 341 0043 0E       		.uleb128 0xe
 342 0044 3A       		.uleb128 0x3a
 343 0045 0B       		.uleb128 0xb
 344 0046 3B       		.uleb128 0x3b
 345 0047 0B       		.uleb128 0xb
 346 0048 27       		.uleb128 0x27
 347 0049 19       		.uleb128 0x19
 348 004a 11       		.uleb128 0x11
 349 004b 01       		.uleb128 0x1
 350 004c 12       		.uleb128 0x12
 351 004d 06       		.uleb128 0x6
 352 004e 40       		.uleb128 0x40
 353 004f 18       		.uleb128 0x18
 354 0050 9742     		.uleb128 0x2117
 355 0052 19       		.uleb128 0x19
 356 0053 01       		.uleb128 0x1
 357 0054 13       		.uleb128 0x13
 358 0055 00       		.byte	0
 359 0056 00       		.byte	0
 360 0057 07       		.uleb128 0x7
 361 0058 05       		.uleb128 0x5
 362 0059 00       		.byte	0
 363 005a 03       		.uleb128 0x3
 364 005b 0E       		.uleb128 0xe
 365 005c 3A       		.uleb128 0x3a
 366 005d 0B       		.uleb128 0xb
 367 005e 3B       		.uleb128 0x3b
 368 005f 0B       		.uleb128 0xb
 369 0060 49       		.uleb128 0x49
 370 0061 13       		.uleb128 0x13
 371 0062 02       		.uleb128 0x2
 372 0063 17       		.uleb128 0x17
 373 0064 00       		.byte	0
 374 0065 00       		.byte	0
 375 0066 08       		.uleb128 0x8
 376 0067 34       		.uleb128 0x34
 377 0068 00       		.byte	0
 378 0069 03       		.uleb128 0x3
 379 006a 0E       		.uleb128 0xe
 380 006b 3A       		.uleb128 0x3a
 381 006c 0B       		.uleb128 0xb
 382 006d 3B       		.uleb128 0x3b
 383 006e 0B       		.uleb128 0xb
 384 006f 49       		.uleb128 0x49
 385 0070 13       		.uleb128 0x13
 386 0071 02       		.uleb128 0x2
 387 0072 18       		.uleb128 0x18
 388 0073 00       		.byte	0
 389 0074 00       		.byte	0
 390 0075 09       		.uleb128 0x9
 391 0076 2E       		.uleb128 0x2e
 392 0077 00       		.byte	0
 393 0078 3F       		.uleb128 0x3f
 394 0079 19       		.uleb128 0x19
 395 007a 03       		.uleb128 0x3
 396 007b 0E       		.uleb128 0xe
 397 007c 3A       		.uleb128 0x3a
ARM GAS  D:\Windows\AppData\Local\Temp\ccKATLck.s 			page 10


 398 007d 0B       		.uleb128 0xb
 399 007e 3B       		.uleb128 0x3b
 400 007f 0B       		.uleb128 0xb
 401 0080 27       		.uleb128 0x27
 402 0081 19       		.uleb128 0x19
 403 0082 49       		.uleb128 0x49
 404 0083 13       		.uleb128 0x13
 405 0084 11       		.uleb128 0x11
 406 0085 01       		.uleb128 0x1
 407 0086 12       		.uleb128 0x12
 408 0087 06       		.uleb128 0x6
 409 0088 40       		.uleb128 0x40
 410 0089 18       		.uleb128 0x18
 411 008a 9742     		.uleb128 0x2117
 412 008c 19       		.uleb128 0x19
 413 008d 00       		.byte	0
 414 008e 00       		.byte	0
 415 008f 00       		.byte	0
 416              		.section	.debug_loc,"",%progbits
 417              	.Ldebug_loc0:
 418              	.LLST0:
 419 0000 00000000 		.4byte	.LVL0
 420 0004 0C000000 		.4byte	.LVL2
 421 0008 0100     		.2byte	0x1
 422 000a 50       		.byte	0x50
 423 000b 0C000000 		.4byte	.LVL2
 424 000f 18000000 		.4byte	.LFE0
 425 0013 0400     		.2byte	0x4
 426 0015 F3       		.byte	0xf3
 427 0016 01       		.uleb128 0x1
 428 0017 50       		.byte	0x50
 429 0018 9F       		.byte	0x9f
 430 0019 00000000 		.4byte	0
 431 001d 00000000 		.4byte	0
 432              	.LLST1:
 433 0021 00000000 		.4byte	.LVL3
 434 0025 0C000000 		.4byte	.LVL4
 435 0029 0100     		.2byte	0x1
 436 002b 50       		.byte	0x50
 437 002c 0C000000 		.4byte	.LVL4
 438 0030 18000000 		.4byte	.LFE1
 439 0034 0400     		.2byte	0x4
 440 0036 F3       		.byte	0xf3
 441 0037 01       		.uleb128 0x1
 442 0038 50       		.byte	0x50
 443 0039 9F       		.byte	0x9f
 444 003a 00000000 		.4byte	0
 445 003e 00000000 		.4byte	0
 446              		.section	.debug_aranges,"",%progbits
 447 0000 34000000 		.4byte	0x34
 448 0004 0200     		.2byte	0x2
 449 0006 00000000 		.4byte	.Ldebug_info0
 450 000a 04       		.byte	0x4
 451 000b 00       		.byte	0
 452 000c 0000     		.2byte	0
 453 000e 0000     		.2byte	0
 454 0010 00000000 		.4byte	.LFB0
ARM GAS  D:\Windows\AppData\Local\Temp\ccKATLck.s 			page 11


 455 0014 18000000 		.4byte	.LFE0-.LFB0
 456 0018 00000000 		.4byte	.LFB1
 457 001c 18000000 		.4byte	.LFE1-.LFB1
 458 0020 00000000 		.4byte	.LFB2
 459 0024 10000000 		.4byte	.LFE2-.LFB2
 460 0028 00000000 		.4byte	.LFB3
 461 002c 10000000 		.4byte	.LFE3-.LFB3
 462 0030 00000000 		.4byte	0
 463 0034 00000000 		.4byte	0
 464              		.section	.debug_ranges,"",%progbits
 465              	.Ldebug_ranges0:
 466 0000 00000000 		.4byte	.LFB0
 467 0004 18000000 		.4byte	.LFE0
 468 0008 00000000 		.4byte	.LFB1
 469 000c 18000000 		.4byte	.LFE1
 470 0010 00000000 		.4byte	.LFB2
 471 0014 10000000 		.4byte	.LFE2
 472 0018 00000000 		.4byte	.LFB3
 473 001c 10000000 		.4byte	.LFE3
 474 0020 00000000 		.4byte	0
 475 0024 00000000 		.4byte	0
 476              		.section	.debug_line,"",%progbits
 477              	.Ldebug_line0:
 478 0000 8F000000 		.section	.debug_str,"MS",%progbits,1
 478      02004300 
 478      00000201 
 478      FB0E0D00 
 478      01010101 
 479              	.LASF15:
 480 0000 52474231 		.ascii	"RGB1_2_SetDriveMode\000"
 480      5F325F53 
 480      65744472 
 480      6976654D 
 480      6F646500 
 481              	.LASF19:
 482 0014 52474231 		.ascii	"RGB1_2_ReadDataReg\000"
 482      5F325F52 
 482      65616444 
 482      61746152 
 482      656700
 483              	.LASF16:
 484 0027 76616C75 		.ascii	"value\000"
 484      6500
 485              	.LASF23:
 486 002d 73746174 		.ascii	"staticBits\000"
 486      69634269 
 486      747300
 487              	.LASF18:
 488 0038 52474231 		.ascii	"RGB1_2_Read\000"
 488      5F325F52 
 488      65616400 
 489              	.LASF9:
 490 0044 666C6F61 		.ascii	"float\000"
 490      7400
 491              	.LASF1:
 492 004a 756E7369 		.ascii	"unsigned char\000"
 492      676E6564 
ARM GAS  D:\Windows\AppData\Local\Temp\ccKATLck.s 			page 12


 492      20636861 
 492      7200
 493              	.LASF13:
 494 0058 72656738 		.ascii	"reg8\000"
 494      00
 495              	.LASF5:
 496 005d 6C6F6E67 		.ascii	"long unsigned int\000"
 496      20756E73 
 496      69676E65 
 496      6420696E 
 496      7400
 497              	.LASF3:
 498 006f 73686F72 		.ascii	"short unsigned int\000"
 498      7420756E 
 498      7369676E 
 498      65642069 
 498      6E7400
 499              	.LASF21:
 500 0082 47656E65 		.ascii	"Generated_Source\\PSoC5\\RGB1_2.c\000"
 500      72617465 
 500      645F536F 
 500      75726365 
 500      5C50536F 
 501              	.LASF10:
 502 00a2 646F7562 		.ascii	"double\000"
 502      6C6500
 503              	.LASF20:
 504 00a9 474E5520 		.ascii	"GNU C 4.9.3 20150303 (release) [ARM/embedded-4_9-br"
 504      4320342E 
 504      392E3320 
 504      32303135 
 504      30333033 
 505 00dc 616E6368 		.ascii	"anch revision 221220] -mcpu=cortex-m3 -mthumb -g -O"
 505      20726576 
 505      6973696F 
 505      6E203232 
 505      31323230 
 506 010f 67202D66 		.ascii	"g -ffunction-sections -ffat-lto-objects\000"
 506      66756E63 
 506      74696F6E 
 506      2D736563 
 506      74696F6E 
 507              	.LASF8:
 508 0137 756E7369 		.ascii	"unsigned int\000"
 508      676E6564 
 508      20696E74 
 508      00
 509              	.LASF7:
 510 0144 6C6F6E67 		.ascii	"long long unsigned int\000"
 510      206C6F6E 
 510      6720756E 
 510      7369676E 
 510      65642069 
 511              	.LASF17:
 512 015b 6D6F6465 		.ascii	"mode\000"
 512      00
 513              	.LASF6:
ARM GAS  D:\Windows\AppData\Local\Temp\ccKATLck.s 			page 13


 514 0160 6C6F6E67 		.ascii	"long long int\000"
 514      206C6F6E 
 514      6720696E 
 514      7400
 515              	.LASF22:
 516 016e 443A5C44 		.ascii	"D:\\Downloads\\FRUCD\\FE3-DashboardRev1\\FE3-Dashbo"
 516      6F776E6C 
 516      6F616473 
 516      5C465255 
 516      43445C46 
 517 019d 6172645C 		.ascii	"ard\\Node-Jaguar.cydsn\000"
 517      4E6F6465 
 517      2D4A6167 
 517      7561722E 
 517      63796473 
 518              	.LASF11:
 519 01b3 63686172 		.ascii	"char\000"
 519      00
 520              	.LASF2:
 521 01b8 73686F72 		.ascii	"short int\000"
 521      7420696E 
 521      7400
 522              	.LASF12:
 523 01c2 75696E74 		.ascii	"uint8\000"
 523      3800
 524              	.LASF4:
 525 01c8 6C6F6E67 		.ascii	"long int\000"
 525      20696E74 
 525      00
 526              	.LASF14:
 527 01d1 52474231 		.ascii	"RGB1_2_Write\000"
 527      5F325F57 
 527      72697465 
 527      00
 528              	.LASF0:
 529 01de 7369676E 		.ascii	"signed char\000"
 529      65642063 
 529      68617200 
 530              		.ident	"GCC: (GNU Tools for ARM Embedded Processors) 4.9.3 20150303 (release) [ARM/embedded-4_9-br
