ARM GAS  D:\Windows\AppData\Local\Temp\cc4nScAL.s 			page 1


   1              		.syntax unified
   2              		.cpu cortex-m3
   3              		.fpu softvfp
   4              		.eabi_attribute 20, 1
   5              		.eabi_attribute 21, 1
   6              		.eabi_attribute 23, 3
   7              		.eabi_attribute 24, 1
   8              		.eabi_attribute 25, 1
   9              		.eabi_attribute 26, 1
  10              		.eabi_attribute 30, 1
  11              		.eabi_attribute 34, 1
  12              		.eabi_attribute 18, 4
  13              		.thumb
  14              		.file	"WaveDAC8_1_VDAC8.c"
  15              		.text
  16              	.Ltext0:
  17              		.cfi_sections	.debug_frame
  18              		.section	.text.WaveDAC8_1_VDAC8_Enable,"ax",%progbits
  19              		.align	2
  20              		.global	WaveDAC8_1_VDAC8_Enable
  21              		.thumb
  22              		.thumb_func
  23              		.type	WaveDAC8_1_VDAC8_Enable, %function
  24              	WaveDAC8_1_VDAC8_Enable:
  25              	.LFB1:
  26              		.file 1 "Generated_Source\\PSoC5\\WaveDAC8_1_VDAC8.c"
   1:Generated_Source\PSoC5/WaveDAC8_1_VDAC8.c **** /*******************************************************************************
   2:Generated_Source\PSoC5/WaveDAC8_1_VDAC8.c **** * File Name: WaveDAC8_1_VDAC8.c  
   3:Generated_Source\PSoC5/WaveDAC8_1_VDAC8.c **** * Version 1.90
   4:Generated_Source\PSoC5/WaveDAC8_1_VDAC8.c **** *
   5:Generated_Source\PSoC5/WaveDAC8_1_VDAC8.c **** * Description:
   6:Generated_Source\PSoC5/WaveDAC8_1_VDAC8.c **** *  This file provides the source code to the API for the 8-bit Voltage DAC 
   7:Generated_Source\PSoC5/WaveDAC8_1_VDAC8.c **** *  (VDAC8) User Module.
   8:Generated_Source\PSoC5/WaveDAC8_1_VDAC8.c **** *
   9:Generated_Source\PSoC5/WaveDAC8_1_VDAC8.c **** * Note:
  10:Generated_Source\PSoC5/WaveDAC8_1_VDAC8.c **** *  Any unusual or non-standard behavior should be noted here. Other-
  11:Generated_Source\PSoC5/WaveDAC8_1_VDAC8.c **** *  wise, this section should remain blank.
  12:Generated_Source\PSoC5/WaveDAC8_1_VDAC8.c **** *
  13:Generated_Source\PSoC5/WaveDAC8_1_VDAC8.c **** ********************************************************************************
  14:Generated_Source\PSoC5/WaveDAC8_1_VDAC8.c **** * Copyright 2008-2012, Cypress Semiconductor Corporation.  All rights reserved.
  15:Generated_Source\PSoC5/WaveDAC8_1_VDAC8.c **** * You may use this file only in accordance with the license, terms, conditions, 
  16:Generated_Source\PSoC5/WaveDAC8_1_VDAC8.c **** * disclaimers, and limitations in the end user license agreement accompanying 
  17:Generated_Source\PSoC5/WaveDAC8_1_VDAC8.c **** * the software package with which this file was provided.
  18:Generated_Source\PSoC5/WaveDAC8_1_VDAC8.c **** *******************************************************************************/
  19:Generated_Source\PSoC5/WaveDAC8_1_VDAC8.c **** 
  20:Generated_Source\PSoC5/WaveDAC8_1_VDAC8.c **** #include "cytypes.h"
  21:Generated_Source\PSoC5/WaveDAC8_1_VDAC8.c **** #include "WaveDAC8_1_VDAC8.h"
  22:Generated_Source\PSoC5/WaveDAC8_1_VDAC8.c **** 
  23:Generated_Source\PSoC5/WaveDAC8_1_VDAC8.c **** #if (CY_PSOC5A)
  24:Generated_Source\PSoC5/WaveDAC8_1_VDAC8.c **** #include <CyLib.h>
  25:Generated_Source\PSoC5/WaveDAC8_1_VDAC8.c **** #endif /* CY_PSOC5A */
  26:Generated_Source\PSoC5/WaveDAC8_1_VDAC8.c **** 
  27:Generated_Source\PSoC5/WaveDAC8_1_VDAC8.c **** uint8 WaveDAC8_1_VDAC8_initVar = 0u;
  28:Generated_Source\PSoC5/WaveDAC8_1_VDAC8.c **** 
  29:Generated_Source\PSoC5/WaveDAC8_1_VDAC8.c **** #if (CY_PSOC5A)
  30:Generated_Source\PSoC5/WaveDAC8_1_VDAC8.c ****     static uint8 WaveDAC8_1_VDAC8_restoreVal = 0u;
  31:Generated_Source\PSoC5/WaveDAC8_1_VDAC8.c **** #endif /* CY_PSOC5A */
ARM GAS  D:\Windows\AppData\Local\Temp\cc4nScAL.s 			page 2


  32:Generated_Source\PSoC5/WaveDAC8_1_VDAC8.c **** 
  33:Generated_Source\PSoC5/WaveDAC8_1_VDAC8.c **** #if (CY_PSOC5A)
  34:Generated_Source\PSoC5/WaveDAC8_1_VDAC8.c ****     static WaveDAC8_1_VDAC8_backupStruct WaveDAC8_1_VDAC8_backup;
  35:Generated_Source\PSoC5/WaveDAC8_1_VDAC8.c **** #endif /* CY_PSOC5A */
  36:Generated_Source\PSoC5/WaveDAC8_1_VDAC8.c **** 
  37:Generated_Source\PSoC5/WaveDAC8_1_VDAC8.c **** 
  38:Generated_Source\PSoC5/WaveDAC8_1_VDAC8.c **** /*******************************************************************************
  39:Generated_Source\PSoC5/WaveDAC8_1_VDAC8.c **** * Function Name: WaveDAC8_1_VDAC8_Init
  40:Generated_Source\PSoC5/WaveDAC8_1_VDAC8.c **** ********************************************************************************
  41:Generated_Source\PSoC5/WaveDAC8_1_VDAC8.c **** * Summary:
  42:Generated_Source\PSoC5/WaveDAC8_1_VDAC8.c **** *  Initialize to the schematic state.
  43:Generated_Source\PSoC5/WaveDAC8_1_VDAC8.c **** * 
  44:Generated_Source\PSoC5/WaveDAC8_1_VDAC8.c **** * Parameters:
  45:Generated_Source\PSoC5/WaveDAC8_1_VDAC8.c **** *  void:
  46:Generated_Source\PSoC5/WaveDAC8_1_VDAC8.c **** *
  47:Generated_Source\PSoC5/WaveDAC8_1_VDAC8.c **** * Return:
  48:Generated_Source\PSoC5/WaveDAC8_1_VDAC8.c **** *  void
  49:Generated_Source\PSoC5/WaveDAC8_1_VDAC8.c **** *
  50:Generated_Source\PSoC5/WaveDAC8_1_VDAC8.c **** * Theory:
  51:Generated_Source\PSoC5/WaveDAC8_1_VDAC8.c **** *
  52:Generated_Source\PSoC5/WaveDAC8_1_VDAC8.c **** * Side Effects:
  53:Generated_Source\PSoC5/WaveDAC8_1_VDAC8.c **** *
  54:Generated_Source\PSoC5/WaveDAC8_1_VDAC8.c **** *******************************************************************************/
  55:Generated_Source\PSoC5/WaveDAC8_1_VDAC8.c **** void WaveDAC8_1_VDAC8_Init(void) 
  56:Generated_Source\PSoC5/WaveDAC8_1_VDAC8.c **** {
  57:Generated_Source\PSoC5/WaveDAC8_1_VDAC8.c ****     WaveDAC8_1_VDAC8_CR0 = (WaveDAC8_1_VDAC8_MODE_V );
  58:Generated_Source\PSoC5/WaveDAC8_1_VDAC8.c **** 
  59:Generated_Source\PSoC5/WaveDAC8_1_VDAC8.c ****     /* Set default data source */
  60:Generated_Source\PSoC5/WaveDAC8_1_VDAC8.c ****     #if(WaveDAC8_1_VDAC8_DEFAULT_DATA_SRC != 0 )
  61:Generated_Source\PSoC5/WaveDAC8_1_VDAC8.c ****         WaveDAC8_1_VDAC8_CR1 = (WaveDAC8_1_VDAC8_DEFAULT_CNTL | WaveDAC8_1_VDAC8_DACBUS_ENABLE) ;
  62:Generated_Source\PSoC5/WaveDAC8_1_VDAC8.c ****     #else
  63:Generated_Source\PSoC5/WaveDAC8_1_VDAC8.c ****         WaveDAC8_1_VDAC8_CR1 = (WaveDAC8_1_VDAC8_DEFAULT_CNTL | WaveDAC8_1_VDAC8_DACBUS_DISABLE) ;
  64:Generated_Source\PSoC5/WaveDAC8_1_VDAC8.c ****     #endif /* (WaveDAC8_1_VDAC8_DEFAULT_DATA_SRC != 0 ) */
  65:Generated_Source\PSoC5/WaveDAC8_1_VDAC8.c **** 
  66:Generated_Source\PSoC5/WaveDAC8_1_VDAC8.c ****     /* Set default strobe mode */
  67:Generated_Source\PSoC5/WaveDAC8_1_VDAC8.c ****     #if(WaveDAC8_1_VDAC8_DEFAULT_STRB != 0)
  68:Generated_Source\PSoC5/WaveDAC8_1_VDAC8.c ****         WaveDAC8_1_VDAC8_Strobe |= WaveDAC8_1_VDAC8_STRB_EN ;
  69:Generated_Source\PSoC5/WaveDAC8_1_VDAC8.c ****     #endif/* (WaveDAC8_1_VDAC8_DEFAULT_STRB != 0) */
  70:Generated_Source\PSoC5/WaveDAC8_1_VDAC8.c **** 
  71:Generated_Source\PSoC5/WaveDAC8_1_VDAC8.c ****     /* Set default range */
  72:Generated_Source\PSoC5/WaveDAC8_1_VDAC8.c ****     WaveDAC8_1_VDAC8_SetRange(WaveDAC8_1_VDAC8_DEFAULT_RANGE); 
  73:Generated_Source\PSoC5/WaveDAC8_1_VDAC8.c **** 
  74:Generated_Source\PSoC5/WaveDAC8_1_VDAC8.c ****     /* Set default speed */
  75:Generated_Source\PSoC5/WaveDAC8_1_VDAC8.c ****     WaveDAC8_1_VDAC8_SetSpeed(WaveDAC8_1_VDAC8_DEFAULT_SPEED);
  76:Generated_Source\PSoC5/WaveDAC8_1_VDAC8.c **** }
  77:Generated_Source\PSoC5/WaveDAC8_1_VDAC8.c **** 
  78:Generated_Source\PSoC5/WaveDAC8_1_VDAC8.c **** 
  79:Generated_Source\PSoC5/WaveDAC8_1_VDAC8.c **** /*******************************************************************************
  80:Generated_Source\PSoC5/WaveDAC8_1_VDAC8.c **** * Function Name: WaveDAC8_1_VDAC8_Enable
  81:Generated_Source\PSoC5/WaveDAC8_1_VDAC8.c **** ********************************************************************************
  82:Generated_Source\PSoC5/WaveDAC8_1_VDAC8.c **** * Summary:
  83:Generated_Source\PSoC5/WaveDAC8_1_VDAC8.c **** *  Enable the VDAC8
  84:Generated_Source\PSoC5/WaveDAC8_1_VDAC8.c **** * 
  85:Generated_Source\PSoC5/WaveDAC8_1_VDAC8.c **** * Parameters:
  86:Generated_Source\PSoC5/WaveDAC8_1_VDAC8.c **** *  void
  87:Generated_Source\PSoC5/WaveDAC8_1_VDAC8.c **** *
  88:Generated_Source\PSoC5/WaveDAC8_1_VDAC8.c **** * Return:
ARM GAS  D:\Windows\AppData\Local\Temp\cc4nScAL.s 			page 3


  89:Generated_Source\PSoC5/WaveDAC8_1_VDAC8.c **** *  void
  90:Generated_Source\PSoC5/WaveDAC8_1_VDAC8.c **** *
  91:Generated_Source\PSoC5/WaveDAC8_1_VDAC8.c **** * Theory:
  92:Generated_Source\PSoC5/WaveDAC8_1_VDAC8.c **** *
  93:Generated_Source\PSoC5/WaveDAC8_1_VDAC8.c **** * Side Effects:
  94:Generated_Source\PSoC5/WaveDAC8_1_VDAC8.c **** *
  95:Generated_Source\PSoC5/WaveDAC8_1_VDAC8.c **** *******************************************************************************/
  96:Generated_Source\PSoC5/WaveDAC8_1_VDAC8.c **** void WaveDAC8_1_VDAC8_Enable(void) 
  97:Generated_Source\PSoC5/WaveDAC8_1_VDAC8.c **** {
  27              		.loc 1 97 0
  28              		.cfi_startproc
  29              		@ args = 0, pretend = 0, frame = 0
  30              		@ frame_needed = 0, uses_anonymous_args = 0
  31              		@ link register save eliminated.
  98:Generated_Source\PSoC5/WaveDAC8_1_VDAC8.c ****     WaveDAC8_1_VDAC8_PWRMGR |= WaveDAC8_1_VDAC8_ACT_PWR_EN;
  32              		.loc 1 98 0
  33 0000 054A     		ldr	r2, .L2
  34 0002 1378     		ldrb	r3, [r2]	@ zero_extendqisi2
  35 0004 43F00203 		orr	r3, r3, #2
  36 0008 1370     		strb	r3, [r2]
  99:Generated_Source\PSoC5/WaveDAC8_1_VDAC8.c ****     WaveDAC8_1_VDAC8_STBY_PWRMGR |= WaveDAC8_1_VDAC8_STBY_PWR_EN;
  37              		.loc 1 99 0
  38 000a 1032     		adds	r2, r2, #16
  39 000c 1378     		ldrb	r3, [r2]	@ zero_extendqisi2
  40 000e 43F00203 		orr	r3, r3, #2
  41 0012 1370     		strb	r3, [r2]
  42 0014 7047     		bx	lr
  43              	.L3:
  44 0016 00BF     		.align	2
  45              	.L2:
  46 0018 A8430040 		.word	1073759144
  47              		.cfi_endproc
  48              	.LFE1:
  49              		.size	WaveDAC8_1_VDAC8_Enable, .-WaveDAC8_1_VDAC8_Enable
  50              		.section	.text.WaveDAC8_1_VDAC8_Stop,"ax",%progbits
  51              		.align	2
  52              		.global	WaveDAC8_1_VDAC8_Stop
  53              		.thumb
  54              		.thumb_func
  55              		.type	WaveDAC8_1_VDAC8_Stop, %function
  56              	WaveDAC8_1_VDAC8_Stop:
  57              	.LFB3:
 100:Generated_Source\PSoC5/WaveDAC8_1_VDAC8.c **** 
 101:Generated_Source\PSoC5/WaveDAC8_1_VDAC8.c ****     /*This is to restore the value of register CR0 ,
 102:Generated_Source\PSoC5/WaveDAC8_1_VDAC8.c ****     which is modified  in Stop API , this prevents misbehaviour of VDAC */
 103:Generated_Source\PSoC5/WaveDAC8_1_VDAC8.c ****     #if (CY_PSOC5A)
 104:Generated_Source\PSoC5/WaveDAC8_1_VDAC8.c ****         if(WaveDAC8_1_VDAC8_restoreVal == 1u) 
 105:Generated_Source\PSoC5/WaveDAC8_1_VDAC8.c ****         {
 106:Generated_Source\PSoC5/WaveDAC8_1_VDAC8.c ****              WaveDAC8_1_VDAC8_CR0 = WaveDAC8_1_VDAC8_backup.data_value;
 107:Generated_Source\PSoC5/WaveDAC8_1_VDAC8.c ****              WaveDAC8_1_VDAC8_restoreVal = 0u;
 108:Generated_Source\PSoC5/WaveDAC8_1_VDAC8.c ****         }
 109:Generated_Source\PSoC5/WaveDAC8_1_VDAC8.c ****     #endif /* CY_PSOC5A */
 110:Generated_Source\PSoC5/WaveDAC8_1_VDAC8.c **** }
 111:Generated_Source\PSoC5/WaveDAC8_1_VDAC8.c **** 
 112:Generated_Source\PSoC5/WaveDAC8_1_VDAC8.c **** 
 113:Generated_Source\PSoC5/WaveDAC8_1_VDAC8.c **** /*******************************************************************************
 114:Generated_Source\PSoC5/WaveDAC8_1_VDAC8.c **** * Function Name: WaveDAC8_1_VDAC8_Start
ARM GAS  D:\Windows\AppData\Local\Temp\cc4nScAL.s 			page 4


 115:Generated_Source\PSoC5/WaveDAC8_1_VDAC8.c **** ********************************************************************************
 116:Generated_Source\PSoC5/WaveDAC8_1_VDAC8.c **** *
 117:Generated_Source\PSoC5/WaveDAC8_1_VDAC8.c **** * Summary:
 118:Generated_Source\PSoC5/WaveDAC8_1_VDAC8.c **** *  The start function initializes the voltage DAC with the default values, 
 119:Generated_Source\PSoC5/WaveDAC8_1_VDAC8.c **** *  and sets the power to the given level.  A power level of 0, is the same as
 120:Generated_Source\PSoC5/WaveDAC8_1_VDAC8.c **** *  executing the stop function.
 121:Generated_Source\PSoC5/WaveDAC8_1_VDAC8.c **** *
 122:Generated_Source\PSoC5/WaveDAC8_1_VDAC8.c **** * Parameters:
 123:Generated_Source\PSoC5/WaveDAC8_1_VDAC8.c **** *  Power: Sets power level between off (0) and (3) high power
 124:Generated_Source\PSoC5/WaveDAC8_1_VDAC8.c **** *
 125:Generated_Source\PSoC5/WaveDAC8_1_VDAC8.c **** * Return:
 126:Generated_Source\PSoC5/WaveDAC8_1_VDAC8.c **** *  void 
 127:Generated_Source\PSoC5/WaveDAC8_1_VDAC8.c **** *
 128:Generated_Source\PSoC5/WaveDAC8_1_VDAC8.c **** * Global variables:
 129:Generated_Source\PSoC5/WaveDAC8_1_VDAC8.c **** *  WaveDAC8_1_VDAC8_initVar: Is modified when this function is called for the 
 130:Generated_Source\PSoC5/WaveDAC8_1_VDAC8.c **** *  first time. Is used to ensure that initialization happens only once.
 131:Generated_Source\PSoC5/WaveDAC8_1_VDAC8.c **** *
 132:Generated_Source\PSoC5/WaveDAC8_1_VDAC8.c **** *******************************************************************************/
 133:Generated_Source\PSoC5/WaveDAC8_1_VDAC8.c **** void WaveDAC8_1_VDAC8_Start(void)  
 134:Generated_Source\PSoC5/WaveDAC8_1_VDAC8.c **** {
 135:Generated_Source\PSoC5/WaveDAC8_1_VDAC8.c ****     /* Hardware initiazation only needs to occure the first time */
 136:Generated_Source\PSoC5/WaveDAC8_1_VDAC8.c ****     if(WaveDAC8_1_VDAC8_initVar == 0u)
 137:Generated_Source\PSoC5/WaveDAC8_1_VDAC8.c ****     { 
 138:Generated_Source\PSoC5/WaveDAC8_1_VDAC8.c ****         WaveDAC8_1_VDAC8_Init();
 139:Generated_Source\PSoC5/WaveDAC8_1_VDAC8.c ****         WaveDAC8_1_VDAC8_initVar = 1u;
 140:Generated_Source\PSoC5/WaveDAC8_1_VDAC8.c ****     }
 141:Generated_Source\PSoC5/WaveDAC8_1_VDAC8.c **** 
 142:Generated_Source\PSoC5/WaveDAC8_1_VDAC8.c ****     /* Enable power to DAC */
 143:Generated_Source\PSoC5/WaveDAC8_1_VDAC8.c ****     WaveDAC8_1_VDAC8_Enable();
 144:Generated_Source\PSoC5/WaveDAC8_1_VDAC8.c **** 
 145:Generated_Source\PSoC5/WaveDAC8_1_VDAC8.c ****     /* Set default value */
 146:Generated_Source\PSoC5/WaveDAC8_1_VDAC8.c ****     WaveDAC8_1_VDAC8_SetValue(WaveDAC8_1_VDAC8_DEFAULT_DATA); 
 147:Generated_Source\PSoC5/WaveDAC8_1_VDAC8.c **** }
 148:Generated_Source\PSoC5/WaveDAC8_1_VDAC8.c **** 
 149:Generated_Source\PSoC5/WaveDAC8_1_VDAC8.c **** 
 150:Generated_Source\PSoC5/WaveDAC8_1_VDAC8.c **** /*******************************************************************************
 151:Generated_Source\PSoC5/WaveDAC8_1_VDAC8.c **** * Function Name: WaveDAC8_1_VDAC8_Stop
 152:Generated_Source\PSoC5/WaveDAC8_1_VDAC8.c **** ********************************************************************************
 153:Generated_Source\PSoC5/WaveDAC8_1_VDAC8.c **** *
 154:Generated_Source\PSoC5/WaveDAC8_1_VDAC8.c **** * Summary:
 155:Generated_Source\PSoC5/WaveDAC8_1_VDAC8.c **** *  Powers down DAC to lowest power state.
 156:Generated_Source\PSoC5/WaveDAC8_1_VDAC8.c **** *
 157:Generated_Source\PSoC5/WaveDAC8_1_VDAC8.c **** * Parameters:
 158:Generated_Source\PSoC5/WaveDAC8_1_VDAC8.c **** *  void
 159:Generated_Source\PSoC5/WaveDAC8_1_VDAC8.c **** *
 160:Generated_Source\PSoC5/WaveDAC8_1_VDAC8.c **** * Return:
 161:Generated_Source\PSoC5/WaveDAC8_1_VDAC8.c **** *  void
 162:Generated_Source\PSoC5/WaveDAC8_1_VDAC8.c **** *
 163:Generated_Source\PSoC5/WaveDAC8_1_VDAC8.c **** * Theory:
 164:Generated_Source\PSoC5/WaveDAC8_1_VDAC8.c **** *
 165:Generated_Source\PSoC5/WaveDAC8_1_VDAC8.c **** * Side Effects:
 166:Generated_Source\PSoC5/WaveDAC8_1_VDAC8.c **** *
 167:Generated_Source\PSoC5/WaveDAC8_1_VDAC8.c **** *******************************************************************************/
 168:Generated_Source\PSoC5/WaveDAC8_1_VDAC8.c **** void WaveDAC8_1_VDAC8_Stop(void) 
 169:Generated_Source\PSoC5/WaveDAC8_1_VDAC8.c **** {
  58              		.loc 1 169 0
  59              		.cfi_startproc
ARM GAS  D:\Windows\AppData\Local\Temp\cc4nScAL.s 			page 5


  60              		@ args = 0, pretend = 0, frame = 0
  61              		@ frame_needed = 0, uses_anonymous_args = 0
  62              		@ link register save eliminated.
 170:Generated_Source\PSoC5/WaveDAC8_1_VDAC8.c ****     /* Disble power to DAC */
 171:Generated_Source\PSoC5/WaveDAC8_1_VDAC8.c ****     WaveDAC8_1_VDAC8_PWRMGR &= (uint8)(~WaveDAC8_1_VDAC8_ACT_PWR_EN);
  63              		.loc 1 171 0
  64 0000 054A     		ldr	r2, .L5
  65 0002 1378     		ldrb	r3, [r2]	@ zero_extendqisi2
  66 0004 03F0FD03 		and	r3, r3, #253
  67 0008 1370     		strb	r3, [r2]
 172:Generated_Source\PSoC5/WaveDAC8_1_VDAC8.c ****     WaveDAC8_1_VDAC8_STBY_PWRMGR &= (uint8)(~WaveDAC8_1_VDAC8_STBY_PWR_EN);
  68              		.loc 1 172 0
  69 000a 1032     		adds	r2, r2, #16
  70 000c 1378     		ldrb	r3, [r2]	@ zero_extendqisi2
  71 000e 03F0FD03 		and	r3, r3, #253
  72 0012 1370     		strb	r3, [r2]
  73 0014 7047     		bx	lr
  74              	.L6:
  75 0016 00BF     		.align	2
  76              	.L5:
  77 0018 A8430040 		.word	1073759144
  78              		.cfi_endproc
  79              	.LFE3:
  80              		.size	WaveDAC8_1_VDAC8_Stop, .-WaveDAC8_1_VDAC8_Stop
  81              		.section	.text.WaveDAC8_1_VDAC8_SetSpeed,"ax",%progbits
  82              		.align	2
  83              		.global	WaveDAC8_1_VDAC8_SetSpeed
  84              		.thumb
  85              		.thumb_func
  86              		.type	WaveDAC8_1_VDAC8_SetSpeed, %function
  87              	WaveDAC8_1_VDAC8_SetSpeed:
  88              	.LFB4:
 173:Generated_Source\PSoC5/WaveDAC8_1_VDAC8.c **** 
 174:Generated_Source\PSoC5/WaveDAC8_1_VDAC8.c ****     /* This is a work around for PSoC5A  ,
 175:Generated_Source\PSoC5/WaveDAC8_1_VDAC8.c ****     this sets VDAC to current mode with output off */
 176:Generated_Source\PSoC5/WaveDAC8_1_VDAC8.c ****     #if (CY_PSOC5A)
 177:Generated_Source\PSoC5/WaveDAC8_1_VDAC8.c ****         WaveDAC8_1_VDAC8_backup.data_value = WaveDAC8_1_VDAC8_CR0;
 178:Generated_Source\PSoC5/WaveDAC8_1_VDAC8.c ****         WaveDAC8_1_VDAC8_CR0 = WaveDAC8_1_VDAC8_CUR_MODE_OUT_OFF;
 179:Generated_Source\PSoC5/WaveDAC8_1_VDAC8.c ****         WaveDAC8_1_VDAC8_restoreVal = 1u;
 180:Generated_Source\PSoC5/WaveDAC8_1_VDAC8.c ****     #endif /* CY_PSOC5A */
 181:Generated_Source\PSoC5/WaveDAC8_1_VDAC8.c **** }
 182:Generated_Source\PSoC5/WaveDAC8_1_VDAC8.c **** 
 183:Generated_Source\PSoC5/WaveDAC8_1_VDAC8.c **** 
 184:Generated_Source\PSoC5/WaveDAC8_1_VDAC8.c **** /*******************************************************************************
 185:Generated_Source\PSoC5/WaveDAC8_1_VDAC8.c **** * Function Name: WaveDAC8_1_VDAC8_SetSpeed
 186:Generated_Source\PSoC5/WaveDAC8_1_VDAC8.c **** ********************************************************************************
 187:Generated_Source\PSoC5/WaveDAC8_1_VDAC8.c **** *
 188:Generated_Source\PSoC5/WaveDAC8_1_VDAC8.c **** * Summary:
 189:Generated_Source\PSoC5/WaveDAC8_1_VDAC8.c **** *  Set DAC speed
 190:Generated_Source\PSoC5/WaveDAC8_1_VDAC8.c **** *
 191:Generated_Source\PSoC5/WaveDAC8_1_VDAC8.c **** * Parameters:
 192:Generated_Source\PSoC5/WaveDAC8_1_VDAC8.c **** *  power: Sets speed value
 193:Generated_Source\PSoC5/WaveDAC8_1_VDAC8.c **** *
 194:Generated_Source\PSoC5/WaveDAC8_1_VDAC8.c **** * Return:
 195:Generated_Source\PSoC5/WaveDAC8_1_VDAC8.c **** *  void
 196:Generated_Source\PSoC5/WaveDAC8_1_VDAC8.c **** *
 197:Generated_Source\PSoC5/WaveDAC8_1_VDAC8.c **** * Theory:
ARM GAS  D:\Windows\AppData\Local\Temp\cc4nScAL.s 			page 6


 198:Generated_Source\PSoC5/WaveDAC8_1_VDAC8.c **** *
 199:Generated_Source\PSoC5/WaveDAC8_1_VDAC8.c **** * Side Effects:
 200:Generated_Source\PSoC5/WaveDAC8_1_VDAC8.c **** *
 201:Generated_Source\PSoC5/WaveDAC8_1_VDAC8.c **** *******************************************************************************/
 202:Generated_Source\PSoC5/WaveDAC8_1_VDAC8.c **** void WaveDAC8_1_VDAC8_SetSpeed(uint8 speed) 
 203:Generated_Source\PSoC5/WaveDAC8_1_VDAC8.c **** {
  89              		.loc 1 203 0
  90              		.cfi_startproc
  91              		@ args = 0, pretend = 0, frame = 0
  92              		@ frame_needed = 0, uses_anonymous_args = 0
  93              		@ link register save eliminated.
  94              	.LVL0:
 204:Generated_Source\PSoC5/WaveDAC8_1_VDAC8.c ****     /* Clear power mask then write in new value */
 205:Generated_Source\PSoC5/WaveDAC8_1_VDAC8.c ****     WaveDAC8_1_VDAC8_CR0 &= (uint8)(~WaveDAC8_1_VDAC8_HS_MASK);
  95              		.loc 1 205 0
  96 0000 054B     		ldr	r3, .L8
  97 0002 1A78     		ldrb	r2, [r3]	@ zero_extendqisi2
  98 0004 02F0FD02 		and	r2, r2, #253
  99 0008 1A70     		strb	r2, [r3]
 206:Generated_Source\PSoC5/WaveDAC8_1_VDAC8.c ****     WaveDAC8_1_VDAC8_CR0 |=  (speed & WaveDAC8_1_VDAC8_HS_MASK);
 100              		.loc 1 206 0
 101 000a 1A78     		ldrb	r2, [r3]	@ zero_extendqisi2
 102 000c 00F00200 		and	r0, r0, #2
 103              	.LVL1:
 104 0010 1043     		orrs	r0, r0, r2
 105 0012 1870     		strb	r0, [r3]
 106 0014 7047     		bx	lr
 107              	.L9:
 108 0016 00BF     		.align	2
 109              	.L8:
 110 0018 24580040 		.word	1073764388
 111              		.cfi_endproc
 112              	.LFE4:
 113              		.size	WaveDAC8_1_VDAC8_SetSpeed, .-WaveDAC8_1_VDAC8_SetSpeed
 114              		.section	.text.WaveDAC8_1_VDAC8_SetValue,"ax",%progbits
 115              		.align	2
 116              		.global	WaveDAC8_1_VDAC8_SetValue
 117              		.thumb
 118              		.thumb_func
 119              		.type	WaveDAC8_1_VDAC8_SetValue, %function
 120              	WaveDAC8_1_VDAC8_SetValue:
 121              	.LFB6:
 207:Generated_Source\PSoC5/WaveDAC8_1_VDAC8.c **** }
 208:Generated_Source\PSoC5/WaveDAC8_1_VDAC8.c **** 
 209:Generated_Source\PSoC5/WaveDAC8_1_VDAC8.c **** 
 210:Generated_Source\PSoC5/WaveDAC8_1_VDAC8.c **** /*******************************************************************************
 211:Generated_Source\PSoC5/WaveDAC8_1_VDAC8.c **** * Function Name: WaveDAC8_1_VDAC8_SetRange
 212:Generated_Source\PSoC5/WaveDAC8_1_VDAC8.c **** ********************************************************************************
 213:Generated_Source\PSoC5/WaveDAC8_1_VDAC8.c **** *
 214:Generated_Source\PSoC5/WaveDAC8_1_VDAC8.c **** * Summary:
 215:Generated_Source\PSoC5/WaveDAC8_1_VDAC8.c **** *  Set one of three current ranges.
 216:Generated_Source\PSoC5/WaveDAC8_1_VDAC8.c **** *
 217:Generated_Source\PSoC5/WaveDAC8_1_VDAC8.c **** * Parameters:
 218:Generated_Source\PSoC5/WaveDAC8_1_VDAC8.c **** *  Range: Sets one of Three valid ranges.
 219:Generated_Source\PSoC5/WaveDAC8_1_VDAC8.c **** *
 220:Generated_Source\PSoC5/WaveDAC8_1_VDAC8.c **** * Return:
 221:Generated_Source\PSoC5/WaveDAC8_1_VDAC8.c **** *  void 
ARM GAS  D:\Windows\AppData\Local\Temp\cc4nScAL.s 			page 7


 222:Generated_Source\PSoC5/WaveDAC8_1_VDAC8.c **** *
 223:Generated_Source\PSoC5/WaveDAC8_1_VDAC8.c **** * Theory:
 224:Generated_Source\PSoC5/WaveDAC8_1_VDAC8.c **** *
 225:Generated_Source\PSoC5/WaveDAC8_1_VDAC8.c **** * Side Effects:
 226:Generated_Source\PSoC5/WaveDAC8_1_VDAC8.c **** *
 227:Generated_Source\PSoC5/WaveDAC8_1_VDAC8.c **** *******************************************************************************/
 228:Generated_Source\PSoC5/WaveDAC8_1_VDAC8.c **** void WaveDAC8_1_VDAC8_SetRange(uint8 range) 
 229:Generated_Source\PSoC5/WaveDAC8_1_VDAC8.c **** {
 230:Generated_Source\PSoC5/WaveDAC8_1_VDAC8.c ****     WaveDAC8_1_VDAC8_CR0 &= (uint8)(~WaveDAC8_1_VDAC8_RANGE_MASK);      /* Clear existing mode */
 231:Generated_Source\PSoC5/WaveDAC8_1_VDAC8.c ****     WaveDAC8_1_VDAC8_CR0 |= (range & WaveDAC8_1_VDAC8_RANGE_MASK);      /*  Set Range  */
 232:Generated_Source\PSoC5/WaveDAC8_1_VDAC8.c ****     WaveDAC8_1_VDAC8_DacTrim();
 233:Generated_Source\PSoC5/WaveDAC8_1_VDAC8.c **** }
 234:Generated_Source\PSoC5/WaveDAC8_1_VDAC8.c **** 
 235:Generated_Source\PSoC5/WaveDAC8_1_VDAC8.c **** 
 236:Generated_Source\PSoC5/WaveDAC8_1_VDAC8.c **** /*******************************************************************************
 237:Generated_Source\PSoC5/WaveDAC8_1_VDAC8.c **** * Function Name: WaveDAC8_1_VDAC8_SetValue
 238:Generated_Source\PSoC5/WaveDAC8_1_VDAC8.c **** ********************************************************************************
 239:Generated_Source\PSoC5/WaveDAC8_1_VDAC8.c **** *
 240:Generated_Source\PSoC5/WaveDAC8_1_VDAC8.c **** * Summary:
 241:Generated_Source\PSoC5/WaveDAC8_1_VDAC8.c **** *  Set 8-bit DAC value
 242:Generated_Source\PSoC5/WaveDAC8_1_VDAC8.c **** *
 243:Generated_Source\PSoC5/WaveDAC8_1_VDAC8.c **** * Parameters:  
 244:Generated_Source\PSoC5/WaveDAC8_1_VDAC8.c **** *  value:  Sets DAC value between 0 and 255.
 245:Generated_Source\PSoC5/WaveDAC8_1_VDAC8.c **** *
 246:Generated_Source\PSoC5/WaveDAC8_1_VDAC8.c **** * Return: 
 247:Generated_Source\PSoC5/WaveDAC8_1_VDAC8.c **** *  void 
 248:Generated_Source\PSoC5/WaveDAC8_1_VDAC8.c **** *
 249:Generated_Source\PSoC5/WaveDAC8_1_VDAC8.c **** * Theory: 
 250:Generated_Source\PSoC5/WaveDAC8_1_VDAC8.c **** *
 251:Generated_Source\PSoC5/WaveDAC8_1_VDAC8.c **** * Side Effects:
 252:Generated_Source\PSoC5/WaveDAC8_1_VDAC8.c **** *
 253:Generated_Source\PSoC5/WaveDAC8_1_VDAC8.c **** *******************************************************************************/
 254:Generated_Source\PSoC5/WaveDAC8_1_VDAC8.c **** void WaveDAC8_1_VDAC8_SetValue(uint8 value) 
 255:Generated_Source\PSoC5/WaveDAC8_1_VDAC8.c **** {
 122              		.loc 1 255 0
 123              		.cfi_startproc
 124              		@ args = 0, pretend = 0, frame = 0
 125              		@ frame_needed = 0, uses_anonymous_args = 0
 126              		@ link register save eliminated.
 127              	.LVL2:
 256:Generated_Source\PSoC5/WaveDAC8_1_VDAC8.c ****     #if (CY_PSOC5A)
 257:Generated_Source\PSoC5/WaveDAC8_1_VDAC8.c ****         uint8 WaveDAC8_1_VDAC8_intrStatus = CyEnterCriticalSection();
 258:Generated_Source\PSoC5/WaveDAC8_1_VDAC8.c ****     #endif /* CY_PSOC5A */
 259:Generated_Source\PSoC5/WaveDAC8_1_VDAC8.c **** 
 260:Generated_Source\PSoC5/WaveDAC8_1_VDAC8.c ****     WaveDAC8_1_VDAC8_Data = value;                /*  Set Value  */
 128              		.loc 1 260 0
 129 0000 014B     		ldr	r3, .L11
 130 0002 1870     		strb	r0, [r3]
 131 0004 7047     		bx	lr
 132              	.L12:
 133 0006 00BF     		.align	2
 134              	.L11:
 135 0008 815B0040 		.word	1073765249
 136              		.cfi_endproc
 137              	.LFE6:
 138              		.size	WaveDAC8_1_VDAC8_SetValue, .-WaveDAC8_1_VDAC8_SetValue
 139              		.section	.text.WaveDAC8_1_VDAC8_DacTrim,"ax",%progbits
ARM GAS  D:\Windows\AppData\Local\Temp\cc4nScAL.s 			page 8


 140              		.align	2
 141              		.global	WaveDAC8_1_VDAC8_DacTrim
 142              		.thumb
 143              		.thumb_func
 144              		.type	WaveDAC8_1_VDAC8_DacTrim, %function
 145              	WaveDAC8_1_VDAC8_DacTrim:
 146              	.LFB7:
 261:Generated_Source\PSoC5/WaveDAC8_1_VDAC8.c **** 
 262:Generated_Source\PSoC5/WaveDAC8_1_VDAC8.c ****     /* PSOC5A requires a double write */
 263:Generated_Source\PSoC5/WaveDAC8_1_VDAC8.c ****     /* Exit Critical Section */
 264:Generated_Source\PSoC5/WaveDAC8_1_VDAC8.c ****     #if (CY_PSOC5A)
 265:Generated_Source\PSoC5/WaveDAC8_1_VDAC8.c ****         WaveDAC8_1_VDAC8_Data = value;
 266:Generated_Source\PSoC5/WaveDAC8_1_VDAC8.c ****         CyExitCriticalSection(WaveDAC8_1_VDAC8_intrStatus);
 267:Generated_Source\PSoC5/WaveDAC8_1_VDAC8.c ****     #endif /* CY_PSOC5A */
 268:Generated_Source\PSoC5/WaveDAC8_1_VDAC8.c **** }
 269:Generated_Source\PSoC5/WaveDAC8_1_VDAC8.c **** 
 270:Generated_Source\PSoC5/WaveDAC8_1_VDAC8.c **** 
 271:Generated_Source\PSoC5/WaveDAC8_1_VDAC8.c **** /*******************************************************************************
 272:Generated_Source\PSoC5/WaveDAC8_1_VDAC8.c **** * Function Name: WaveDAC8_1_VDAC8_DacTrim
 273:Generated_Source\PSoC5/WaveDAC8_1_VDAC8.c **** ********************************************************************************
 274:Generated_Source\PSoC5/WaveDAC8_1_VDAC8.c **** *
 275:Generated_Source\PSoC5/WaveDAC8_1_VDAC8.c **** * Summary:
 276:Generated_Source\PSoC5/WaveDAC8_1_VDAC8.c **** *  Set the trim value for the given range.
 277:Generated_Source\PSoC5/WaveDAC8_1_VDAC8.c **** *
 278:Generated_Source\PSoC5/WaveDAC8_1_VDAC8.c **** * Parameters:
 279:Generated_Source\PSoC5/WaveDAC8_1_VDAC8.c **** *  range:  1V or 4V range.  See constants.
 280:Generated_Source\PSoC5/WaveDAC8_1_VDAC8.c **** *
 281:Generated_Source\PSoC5/WaveDAC8_1_VDAC8.c **** * Return:
 282:Generated_Source\PSoC5/WaveDAC8_1_VDAC8.c **** *  void
 283:Generated_Source\PSoC5/WaveDAC8_1_VDAC8.c **** *
 284:Generated_Source\PSoC5/WaveDAC8_1_VDAC8.c **** * Theory: 
 285:Generated_Source\PSoC5/WaveDAC8_1_VDAC8.c **** *
 286:Generated_Source\PSoC5/WaveDAC8_1_VDAC8.c **** * Side Effects:
 287:Generated_Source\PSoC5/WaveDAC8_1_VDAC8.c **** *
 288:Generated_Source\PSoC5/WaveDAC8_1_VDAC8.c **** *******************************************************************************/
 289:Generated_Source\PSoC5/WaveDAC8_1_VDAC8.c **** void WaveDAC8_1_VDAC8_DacTrim(void) 
 290:Generated_Source\PSoC5/WaveDAC8_1_VDAC8.c **** {
 147              		.loc 1 290 0
 148              		.cfi_startproc
 149              		@ args = 0, pretend = 0, frame = 0
 150              		@ frame_needed = 0, uses_anonymous_args = 0
 151              		@ link register save eliminated.
 291:Generated_Source\PSoC5/WaveDAC8_1_VDAC8.c ****     uint8 mode;
 292:Generated_Source\PSoC5/WaveDAC8_1_VDAC8.c **** 
 293:Generated_Source\PSoC5/WaveDAC8_1_VDAC8.c ****     mode = (uint8)((WaveDAC8_1_VDAC8_CR0 & WaveDAC8_1_VDAC8_RANGE_MASK) >> 2) + WaveDAC8_1_VDAC8_TR
 152              		.loc 1 293 0
 153 0000 064B     		ldr	r3, .L14
 154 0002 1B78     		ldrb	r3, [r3]	@ zero_extendqisi2
 155 0004 C3F38103 		ubfx	r3, r3, #2, #2
 156              	.LVL3:
 294:Generated_Source\PSoC5/WaveDAC8_1_VDAC8.c ****     WaveDAC8_1_VDAC8_TR = CY_GET_XTND_REG8((uint8 *)(WaveDAC8_1_VDAC8_DAC_TRIM_BASE + mode));
 157              		.loc 1 294 0
 158 0008 03F19243 		add	r3, r3, #1224736768
 159              	.LVL4:
 160 000c 0633     		adds	r3, r3, #6
 161              	.LVL5:
 162 000e 93F83031 		ldrb	r3, [r3, #304]	@ zero_extendqisi2
ARM GAS  D:\Windows\AppData\Local\Temp\cc4nScAL.s 			page 9


 163              	.LVL6:
 164 0012 DBB2     		uxtb	r3, r3
 165 0014 024A     		ldr	r2, .L14+4
 166 0016 1370     		strb	r3, [r2]
 167 0018 7047     		bx	lr
 168              	.L15:
 169 001a 00BF     		.align	2
 170              	.L14:
 171 001c 24580040 		.word	1073764388
 172 0020 09460040 		.word	1073759753
 173              		.cfi_endproc
 174              	.LFE7:
 175              		.size	WaveDAC8_1_VDAC8_DacTrim, .-WaveDAC8_1_VDAC8_DacTrim
 176              		.section	.text.WaveDAC8_1_VDAC8_SetRange,"ax",%progbits
 177              		.align	2
 178              		.global	WaveDAC8_1_VDAC8_SetRange
 179              		.thumb
 180              		.thumb_func
 181              		.type	WaveDAC8_1_VDAC8_SetRange, %function
 182              	WaveDAC8_1_VDAC8_SetRange:
 183              	.LFB5:
 229:Generated_Source\PSoC5/WaveDAC8_1_VDAC8.c ****     WaveDAC8_1_VDAC8_CR0 &= (uint8)(~WaveDAC8_1_VDAC8_RANGE_MASK);      /* Clear existing mode */
 184              		.loc 1 229 0
 185              		.cfi_startproc
 186              		@ args = 0, pretend = 0, frame = 0
 187              		@ frame_needed = 0, uses_anonymous_args = 0
 188              	.LVL7:
 189 0000 08B5     		push	{r3, lr}
 190              		.cfi_def_cfa_offset 8
 191              		.cfi_offset 3, -8
 192              		.cfi_offset 14, -4
 230:Generated_Source\PSoC5/WaveDAC8_1_VDAC8.c ****     WaveDAC8_1_VDAC8_CR0 |= (range & WaveDAC8_1_VDAC8_RANGE_MASK);      /*  Set Range  */
 193              		.loc 1 230 0
 194 0002 064B     		ldr	r3, .L18
 195 0004 1A78     		ldrb	r2, [r3]	@ zero_extendqisi2
 196 0006 02F0F302 		and	r2, r2, #243
 197 000a 1A70     		strb	r2, [r3]
 231:Generated_Source\PSoC5/WaveDAC8_1_VDAC8.c ****     WaveDAC8_1_VDAC8_DacTrim();
 198              		.loc 1 231 0
 199 000c 1A78     		ldrb	r2, [r3]	@ zero_extendqisi2
 200 000e 00F00C00 		and	r0, r0, #12
 201              	.LVL8:
 202 0012 1043     		orrs	r0, r0, r2
 203 0014 1870     		strb	r0, [r3]
 232:Generated_Source\PSoC5/WaveDAC8_1_VDAC8.c **** }
 204              		.loc 1 232 0
 205 0016 FFF7FEFF 		bl	WaveDAC8_1_VDAC8_DacTrim
 206              	.LVL9:
 207 001a 08BD     		pop	{r3, pc}
 208              	.L19:
 209              		.align	2
 210              	.L18:
 211 001c 24580040 		.word	1073764388
 212              		.cfi_endproc
 213              	.LFE5:
 214              		.size	WaveDAC8_1_VDAC8_SetRange, .-WaveDAC8_1_VDAC8_SetRange
 215              		.section	.text.WaveDAC8_1_VDAC8_Init,"ax",%progbits
ARM GAS  D:\Windows\AppData\Local\Temp\cc4nScAL.s 			page 10


 216              		.align	2
 217              		.global	WaveDAC8_1_VDAC8_Init
 218              		.thumb
 219              		.thumb_func
 220              		.type	WaveDAC8_1_VDAC8_Init, %function
 221              	WaveDAC8_1_VDAC8_Init:
 222              	.LFB0:
  56:Generated_Source\PSoC5/WaveDAC8_1_VDAC8.c ****     WaveDAC8_1_VDAC8_CR0 = (WaveDAC8_1_VDAC8_MODE_V );
 223              		.loc 1 56 0
 224              		.cfi_startproc
 225              		@ args = 0, pretend = 0, frame = 0
 226              		@ frame_needed = 0, uses_anonymous_args = 0
 227 0000 08B5     		push	{r3, lr}
 228              		.cfi_def_cfa_offset 8
 229              		.cfi_offset 3, -8
 230              		.cfi_offset 14, -4
  57:Generated_Source\PSoC5/WaveDAC8_1_VDAC8.c **** 
 231              		.loc 1 57 0
 232 0002 0020     		movs	r0, #0
 233 0004 074B     		ldr	r3, .L22
 234 0006 1870     		strb	r0, [r3]
  63:Generated_Source\PSoC5/WaveDAC8_1_VDAC8.c ****     #endif /* (WaveDAC8_1_VDAC8_DEFAULT_DATA_SRC != 0 ) */
 235              		.loc 1 63 0
 236 0008 0133     		adds	r3, r3, #1
 237 000a 1870     		strb	r0, [r3]
  68:Generated_Source\PSoC5/WaveDAC8_1_VDAC8.c ****     #endif/* (WaveDAC8_1_VDAC8_DEFAULT_STRB != 0) */
 238              		.loc 1 68 0
 239 000c 064A     		ldr	r2, .L22+4
 240 000e 1378     		ldrb	r3, [r2]	@ zero_extendqisi2
 241 0010 43F00803 		orr	r3, r3, #8
 242 0014 1370     		strb	r3, [r2]
  72:Generated_Source\PSoC5/WaveDAC8_1_VDAC8.c **** 
 243              		.loc 1 72 0
 244 0016 FFF7FEFF 		bl	WaveDAC8_1_VDAC8_SetRange
 245              	.LVL10:
  75:Generated_Source\PSoC5/WaveDAC8_1_VDAC8.c **** }
 246              		.loc 1 75 0
 247 001a 0220     		movs	r0, #2
 248 001c FFF7FEFF 		bl	WaveDAC8_1_VDAC8_SetSpeed
 249              	.LVL11:
 250 0020 08BD     		pop	{r3, pc}
 251              	.L23:
 252 0022 00BF     		.align	2
 253              	.L22:
 254 0024 24580040 		.word	1073764388
 255 0028 8F5A0040 		.word	1073765007
 256              		.cfi_endproc
 257              	.LFE0:
 258              		.size	WaveDAC8_1_VDAC8_Init, .-WaveDAC8_1_VDAC8_Init
 259              		.section	.text.WaveDAC8_1_VDAC8_Start,"ax",%progbits
 260              		.align	2
 261              		.global	WaveDAC8_1_VDAC8_Start
 262              		.thumb
 263              		.thumb_func
 264              		.type	WaveDAC8_1_VDAC8_Start, %function
 265              	WaveDAC8_1_VDAC8_Start:
 266              	.LFB2:
ARM GAS  D:\Windows\AppData\Local\Temp\cc4nScAL.s 			page 11


 134:Generated_Source\PSoC5/WaveDAC8_1_VDAC8.c ****     /* Hardware initiazation only needs to occure the first time */
 267              		.loc 1 134 0
 268              		.cfi_startproc
 269              		@ args = 0, pretend = 0, frame = 0
 270              		@ frame_needed = 0, uses_anonymous_args = 0
 271 0000 08B5     		push	{r3, lr}
 272              		.cfi_def_cfa_offset 8
 273              		.cfi_offset 3, -8
 274              		.cfi_offset 14, -4
 136:Generated_Source\PSoC5/WaveDAC8_1_VDAC8.c ****     { 
 275              		.loc 1 136 0
 276 0002 074B     		ldr	r3, .L27
 277 0004 1B78     		ldrb	r3, [r3]	@ zero_extendqisi2
 278 0006 23B9     		cbnz	r3, .L25
 138:Generated_Source\PSoC5/WaveDAC8_1_VDAC8.c ****         WaveDAC8_1_VDAC8_initVar = 1u;
 279              		.loc 1 138 0
 280 0008 FFF7FEFF 		bl	WaveDAC8_1_VDAC8_Init
 281              	.LVL12:
 139:Generated_Source\PSoC5/WaveDAC8_1_VDAC8.c ****     }
 282              		.loc 1 139 0
 283 000c 0122     		movs	r2, #1
 284 000e 044B     		ldr	r3, .L27
 285 0010 1A70     		strb	r2, [r3]
 286              	.L25:
 143:Generated_Source\PSoC5/WaveDAC8_1_VDAC8.c **** 
 287              		.loc 1 143 0
 288 0012 FFF7FEFF 		bl	WaveDAC8_1_VDAC8_Enable
 289              	.LVL13:
 146:Generated_Source\PSoC5/WaveDAC8_1_VDAC8.c **** }
 290              		.loc 1 146 0
 291 0016 6420     		movs	r0, #100
 292 0018 FFF7FEFF 		bl	WaveDAC8_1_VDAC8_SetValue
 293              	.LVL14:
 294 001c 08BD     		pop	{r3, pc}
 295              	.L28:
 296 001e 00BF     		.align	2
 297              	.L27:
 298 0020 00000000 		.word	.LANCHOR0
 299              		.cfi_endproc
 300              	.LFE2:
 301              		.size	WaveDAC8_1_VDAC8_Start, .-WaveDAC8_1_VDAC8_Start
 302              		.global	WaveDAC8_1_VDAC8_initVar
 303              		.bss
 304              		.set	.LANCHOR0,. + 0
 305              		.type	WaveDAC8_1_VDAC8_initVar, %object
 306              		.size	WaveDAC8_1_VDAC8_initVar, 1
 307              	WaveDAC8_1_VDAC8_initVar:
 308 0000 00       		.space	1
 309              		.text
 310              	.Letext0:
 311              		.file 2 "Generated_Source\\PSoC5\\cytypes.h"
 312              		.section	.debug_info,"",%progbits
 313              	.Ldebug_info0:
 314 0000 DA010000 		.4byte	0x1da
 315 0004 0400     		.2byte	0x4
 316 0006 00000000 		.4byte	.Ldebug_abbrev0
 317 000a 04       		.byte	0x4
ARM GAS  D:\Windows\AppData\Local\Temp\cc4nScAL.s 			page 12


 318 000b 01       		.uleb128 0x1
 319 000c 0D010000 		.4byte	.LASF25
 320 0010 01       		.byte	0x1
 321 0011 1A000000 		.4byte	.LASF26
 322 0015 08020000 		.4byte	.LASF27
 323 0019 00000000 		.4byte	.Ldebug_ranges0+0
 324 001d 00000000 		.4byte	0
 325 0021 00000000 		.4byte	.Ldebug_line0
 326 0025 02       		.uleb128 0x2
 327 0026 01       		.byte	0x1
 328 0027 06       		.byte	0x6
 329 0028 84020000 		.4byte	.LASF0
 330 002c 02       		.uleb128 0x2
 331 002d 01       		.byte	0x1
 332 002e 08       		.byte	0x8
 333 002f 82000000 		.4byte	.LASF1
 334 0033 02       		.uleb128 0x2
 335 0034 02       		.byte	0x2
 336 0035 05       		.byte	0x5
 337 0036 52020000 		.4byte	.LASF2
 338 003a 02       		.uleb128 0x2
 339 003b 02       		.byte	0x2
 340 003c 07       		.byte	0x7
 341 003d D6000000 		.4byte	.LASF3
 342 0041 02       		.uleb128 0x2
 343 0042 04       		.byte	0x4
 344 0043 05       		.byte	0x5
 345 0044 7B020000 		.4byte	.LASF4
 346 0048 02       		.uleb128 0x2
 347 0049 04       		.byte	0x4
 348 004a 07       		.byte	0x7
 349 004b AB000000 		.4byte	.LASF5
 350 004f 02       		.uleb128 0x2
 351 0050 08       		.byte	0x8
 352 0051 05       		.byte	0x5
 353 0052 FA010000 		.4byte	.LASF6
 354 0056 02       		.uleb128 0x2
 355 0057 08       		.byte	0x8
 356 0058 07       		.byte	0x7
 357 0059 A8010000 		.4byte	.LASF7
 358 005d 03       		.uleb128 0x3
 359 005e 04       		.byte	0x4
 360 005f 05       		.byte	0x5
 361 0060 696E7400 		.ascii	"int\000"
 362 0064 02       		.uleb128 0x2
 363 0065 04       		.byte	0x4
 364 0066 07       		.byte	0x7
 365 0067 9B010000 		.4byte	.LASF8
 366 006b 04       		.uleb128 0x4
 367 006c 5C020000 		.4byte	.LASF12
 368 0070 02       		.byte	0x2
 369 0071 3801     		.2byte	0x138
 370 0073 2C000000 		.4byte	0x2c
 371 0077 02       		.uleb128 0x2
 372 0078 04       		.byte	0x4
 373 0079 04       		.byte	0x4
 374 007a 7C000000 		.4byte	.LASF9
ARM GAS  D:\Windows\AppData\Local\Temp\cc4nScAL.s 			page 13


 375 007e 02       		.uleb128 0x2
 376 007f 08       		.byte	0x8
 377 0080 04       		.byte	0x4
 378 0081 EF000000 		.4byte	.LASF10
 379 0085 02       		.uleb128 0x2
 380 0086 01       		.byte	0x1
 381 0087 08       		.byte	0x8
 382 0088 4D020000 		.4byte	.LASF11
 383 008c 04       		.uleb128 0x4
 384 008d A6000000 		.4byte	.LASF13
 385 0091 02       		.byte	0x2
 386 0092 E201     		.2byte	0x1e2
 387 0094 98000000 		.4byte	0x98
 388 0098 05       		.uleb128 0x5
 389 0099 6B000000 		.4byte	0x6b
 390 009d 06       		.uleb128 0x6
 391 009e 44000000 		.4byte	.LASF14
 392 00a2 01       		.byte	0x1
 393 00a3 60       		.byte	0x60
 394 00a4 00000000 		.4byte	.LFB1
 395 00a8 1C000000 		.4byte	.LFE1-.LFB1
 396 00ac 01       		.uleb128 0x1
 397 00ad 9C       		.byte	0x9c
 398 00ae 06       		.uleb128 0x6
 399 00af C4010000 		.4byte	.LASF15
 400 00b3 01       		.byte	0x1
 401 00b4 A8       		.byte	0xa8
 402 00b5 00000000 		.4byte	.LFB3
 403 00b9 1C000000 		.4byte	.LFE3-.LFB3
 404 00bd 01       		.uleb128 0x1
 405 00be 9C       		.byte	0x9c
 406 00bf 07       		.uleb128 0x7
 407 00c0 62000000 		.4byte	.LASF16
 408 00c4 01       		.byte	0x1
 409 00c5 CA       		.byte	0xca
 410 00c6 00000000 		.4byte	.LFB4
 411 00ca 1C000000 		.4byte	.LFE4-.LFB4
 412 00ce 01       		.uleb128 0x1
 413 00cf 9C       		.byte	0x9c
 414 00d0 E4000000 		.4byte	0xe4
 415 00d4 08       		.uleb128 0x8
 416 00d5 F4010000 		.4byte	.LASF18
 417 00d9 01       		.byte	0x1
 418 00da CA       		.byte	0xca
 419 00db 6B000000 		.4byte	0x6b
 420 00df 00000000 		.4byte	.LLST0
 421 00e3 00       		.byte	0
 422 00e4 07       		.uleb128 0x7
 423 00e5 DA010000 		.4byte	.LASF17
 424 00e9 01       		.byte	0x1
 425 00ea FE       		.byte	0xfe
 426 00eb 00000000 		.4byte	.LFB6
 427 00ef 0C000000 		.4byte	.LFE6-.LFB6
 428 00f3 01       		.uleb128 0x1
 429 00f4 9C       		.byte	0x9c
 430 00f5 07010000 		.4byte	0x107
 431 00f9 09       		.uleb128 0x9
ARM GAS  D:\Windows\AppData\Local\Temp\cc4nScAL.s 			page 14


 432 00fa 5C000000 		.4byte	.LASF19
 433 00fe 01       		.byte	0x1
 434 00ff FE       		.byte	0xfe
 435 0100 6B000000 		.4byte	0x6b
 436 0104 01       		.uleb128 0x1
 437 0105 50       		.byte	0x50
 438 0106 00       		.byte	0
 439 0107 0A       		.uleb128 0xa
 440 0108 BD000000 		.4byte	.LASF20
 441 010c 01       		.byte	0x1
 442 010d 2101     		.2byte	0x121
 443 010f 00000000 		.4byte	.LFB7
 444 0113 24000000 		.4byte	.LFE7-.LFB7
 445 0117 01       		.uleb128 0x1
 446 0118 9C       		.byte	0x9c
 447 0119 2E010000 		.4byte	0x12e
 448 011d 0B       		.uleb128 0xb
 449 011e BF010000 		.4byte	.LASF28
 450 0122 01       		.byte	0x1
 451 0123 2301     		.2byte	0x123
 452 0125 6B000000 		.4byte	0x6b
 453 0129 21000000 		.4byte	.LLST1
 454 012d 00       		.byte	0
 455 012e 07       		.uleb128 0x7
 456 012f 00000000 		.4byte	.LASF21
 457 0133 01       		.byte	0x1
 458 0134 E4       		.byte	0xe4
 459 0135 00000000 		.4byte	.LFB5
 460 0139 20000000 		.4byte	.LFE5-.LFB5
 461 013d 01       		.uleb128 0x1
 462 013e 9C       		.byte	0x9c
 463 013f 5C010000 		.4byte	0x15c
 464 0143 08       		.uleb128 0x8
 465 0144 E9000000 		.4byte	.LASF22
 466 0148 01       		.byte	0x1
 467 0149 E4       		.byte	0xe4
 468 014a 6B000000 		.4byte	0x6b
 469 014e 58000000 		.4byte	.LLST2
 470 0152 0C       		.uleb128 0xc
 471 0153 1A000000 		.4byte	.LVL9
 472 0157 07010000 		.4byte	0x107
 473 015b 00       		.byte	0
 474 015c 07       		.uleb128 0x7
 475 015d 90000000 		.4byte	.LASF23
 476 0161 01       		.byte	0x1
 477 0162 37       		.byte	0x37
 478 0163 00000000 		.4byte	.LFB0
 479 0167 2C000000 		.4byte	.LFE0-.LFB0
 480 016b 01       		.uleb128 0x1
 481 016c 9C       		.byte	0x9c
 482 016d 94010000 		.4byte	0x194
 483 0171 0D       		.uleb128 0xd
 484 0172 1A000000 		.4byte	.LVL10
 485 0176 2E010000 		.4byte	0x12e
 486 017a 84010000 		.4byte	0x184
 487 017e 0E       		.uleb128 0xe
 488 017f 01       		.uleb128 0x1
ARM GAS  D:\Windows\AppData\Local\Temp\cc4nScAL.s 			page 15


 489 0180 50       		.byte	0x50
 490 0181 01       		.uleb128 0x1
 491 0182 30       		.byte	0x30
 492 0183 00       		.byte	0
 493 0184 0F       		.uleb128 0xf
 494 0185 20000000 		.4byte	.LVL11
 495 0189 BF000000 		.4byte	0xbf
 496 018d 0E       		.uleb128 0xe
 497 018e 01       		.uleb128 0x1
 498 018f 50       		.byte	0x50
 499 0190 01       		.uleb128 0x1
 500 0191 32       		.byte	0x32
 501 0192 00       		.byte	0
 502 0193 00       		.byte	0
 503 0194 07       		.uleb128 0x7
 504 0195 F6000000 		.4byte	.LASF24
 505 0199 01       		.byte	0x1
 506 019a 85       		.byte	0x85
 507 019b 00000000 		.4byte	.LFB2
 508 019f 24000000 		.4byte	.LFE2-.LFB2
 509 01a3 01       		.uleb128 0x1
 510 01a4 9C       		.byte	0x9c
 511 01a5 CC010000 		.4byte	0x1cc
 512 01a9 0C       		.uleb128 0xc
 513 01aa 0C000000 		.4byte	.LVL12
 514 01ae 5C010000 		.4byte	0x15c
 515 01b2 0C       		.uleb128 0xc
 516 01b3 16000000 		.4byte	.LVL13
 517 01b7 9D000000 		.4byte	0x9d
 518 01bb 0F       		.uleb128 0xf
 519 01bc 1C000000 		.4byte	.LVL14
 520 01c0 E4000000 		.4byte	0xe4
 521 01c4 0E       		.uleb128 0xe
 522 01c5 01       		.uleb128 0x1
 523 01c6 50       		.byte	0x50
 524 01c7 02       		.uleb128 0x2
 525 01c8 08       		.byte	0x8
 526 01c9 64       		.byte	0x64
 527 01ca 00       		.byte	0
 528 01cb 00       		.byte	0
 529 01cc 10       		.uleb128 0x10
 530 01cd 62020000 		.4byte	.LASF29
 531 01d1 01       		.byte	0x1
 532 01d2 1B       		.byte	0x1b
 533 01d3 6B000000 		.4byte	0x6b
 534 01d7 05       		.uleb128 0x5
 535 01d8 03       		.byte	0x3
 536 01d9 00000000 		.4byte	WaveDAC8_1_VDAC8_initVar
 537 01dd 00       		.byte	0
 538              		.section	.debug_abbrev,"",%progbits
 539              	.Ldebug_abbrev0:
 540 0000 01       		.uleb128 0x1
 541 0001 11       		.uleb128 0x11
 542 0002 01       		.byte	0x1
 543 0003 25       		.uleb128 0x25
 544 0004 0E       		.uleb128 0xe
 545 0005 13       		.uleb128 0x13
ARM GAS  D:\Windows\AppData\Local\Temp\cc4nScAL.s 			page 16


 546 0006 0B       		.uleb128 0xb
 547 0007 03       		.uleb128 0x3
 548 0008 0E       		.uleb128 0xe
 549 0009 1B       		.uleb128 0x1b
 550 000a 0E       		.uleb128 0xe
 551 000b 55       		.uleb128 0x55
 552 000c 17       		.uleb128 0x17
 553 000d 11       		.uleb128 0x11
 554 000e 01       		.uleb128 0x1
 555 000f 10       		.uleb128 0x10
 556 0010 17       		.uleb128 0x17
 557 0011 00       		.byte	0
 558 0012 00       		.byte	0
 559 0013 02       		.uleb128 0x2
 560 0014 24       		.uleb128 0x24
 561 0015 00       		.byte	0
 562 0016 0B       		.uleb128 0xb
 563 0017 0B       		.uleb128 0xb
 564 0018 3E       		.uleb128 0x3e
 565 0019 0B       		.uleb128 0xb
 566 001a 03       		.uleb128 0x3
 567 001b 0E       		.uleb128 0xe
 568 001c 00       		.byte	0
 569 001d 00       		.byte	0
 570 001e 03       		.uleb128 0x3
 571 001f 24       		.uleb128 0x24
 572 0020 00       		.byte	0
 573 0021 0B       		.uleb128 0xb
 574 0022 0B       		.uleb128 0xb
 575 0023 3E       		.uleb128 0x3e
 576 0024 0B       		.uleb128 0xb
 577 0025 03       		.uleb128 0x3
 578 0026 08       		.uleb128 0x8
 579 0027 00       		.byte	0
 580 0028 00       		.byte	0
 581 0029 04       		.uleb128 0x4
 582 002a 16       		.uleb128 0x16
 583 002b 00       		.byte	0
 584 002c 03       		.uleb128 0x3
 585 002d 0E       		.uleb128 0xe
 586 002e 3A       		.uleb128 0x3a
 587 002f 0B       		.uleb128 0xb
 588 0030 3B       		.uleb128 0x3b
 589 0031 05       		.uleb128 0x5
 590 0032 49       		.uleb128 0x49
 591 0033 13       		.uleb128 0x13
 592 0034 00       		.byte	0
 593 0035 00       		.byte	0
 594 0036 05       		.uleb128 0x5
 595 0037 35       		.uleb128 0x35
 596 0038 00       		.byte	0
 597 0039 49       		.uleb128 0x49
 598 003a 13       		.uleb128 0x13
 599 003b 00       		.byte	0
 600 003c 00       		.byte	0
 601 003d 06       		.uleb128 0x6
 602 003e 2E       		.uleb128 0x2e
ARM GAS  D:\Windows\AppData\Local\Temp\cc4nScAL.s 			page 17


 603 003f 00       		.byte	0
 604 0040 3F       		.uleb128 0x3f
 605 0041 19       		.uleb128 0x19
 606 0042 03       		.uleb128 0x3
 607 0043 0E       		.uleb128 0xe
 608 0044 3A       		.uleb128 0x3a
 609 0045 0B       		.uleb128 0xb
 610 0046 3B       		.uleb128 0x3b
 611 0047 0B       		.uleb128 0xb
 612 0048 27       		.uleb128 0x27
 613 0049 19       		.uleb128 0x19
 614 004a 11       		.uleb128 0x11
 615 004b 01       		.uleb128 0x1
 616 004c 12       		.uleb128 0x12
 617 004d 06       		.uleb128 0x6
 618 004e 40       		.uleb128 0x40
 619 004f 18       		.uleb128 0x18
 620 0050 9742     		.uleb128 0x2117
 621 0052 19       		.uleb128 0x19
 622 0053 00       		.byte	0
 623 0054 00       		.byte	0
 624 0055 07       		.uleb128 0x7
 625 0056 2E       		.uleb128 0x2e
 626 0057 01       		.byte	0x1
 627 0058 3F       		.uleb128 0x3f
 628 0059 19       		.uleb128 0x19
 629 005a 03       		.uleb128 0x3
 630 005b 0E       		.uleb128 0xe
 631 005c 3A       		.uleb128 0x3a
 632 005d 0B       		.uleb128 0xb
 633 005e 3B       		.uleb128 0x3b
 634 005f 0B       		.uleb128 0xb
 635 0060 27       		.uleb128 0x27
 636 0061 19       		.uleb128 0x19
 637 0062 11       		.uleb128 0x11
 638 0063 01       		.uleb128 0x1
 639 0064 12       		.uleb128 0x12
 640 0065 06       		.uleb128 0x6
 641 0066 40       		.uleb128 0x40
 642 0067 18       		.uleb128 0x18
 643 0068 9742     		.uleb128 0x2117
 644 006a 19       		.uleb128 0x19
 645 006b 01       		.uleb128 0x1
 646 006c 13       		.uleb128 0x13
 647 006d 00       		.byte	0
 648 006e 00       		.byte	0
 649 006f 08       		.uleb128 0x8
 650 0070 05       		.uleb128 0x5
 651 0071 00       		.byte	0
 652 0072 03       		.uleb128 0x3
 653 0073 0E       		.uleb128 0xe
 654 0074 3A       		.uleb128 0x3a
 655 0075 0B       		.uleb128 0xb
 656 0076 3B       		.uleb128 0x3b
 657 0077 0B       		.uleb128 0xb
 658 0078 49       		.uleb128 0x49
 659 0079 13       		.uleb128 0x13
ARM GAS  D:\Windows\AppData\Local\Temp\cc4nScAL.s 			page 18


 660 007a 02       		.uleb128 0x2
 661 007b 17       		.uleb128 0x17
 662 007c 00       		.byte	0
 663 007d 00       		.byte	0
 664 007e 09       		.uleb128 0x9
 665 007f 05       		.uleb128 0x5
 666 0080 00       		.byte	0
 667 0081 03       		.uleb128 0x3
 668 0082 0E       		.uleb128 0xe
 669 0083 3A       		.uleb128 0x3a
 670 0084 0B       		.uleb128 0xb
 671 0085 3B       		.uleb128 0x3b
 672 0086 0B       		.uleb128 0xb
 673 0087 49       		.uleb128 0x49
 674 0088 13       		.uleb128 0x13
 675 0089 02       		.uleb128 0x2
 676 008a 18       		.uleb128 0x18
 677 008b 00       		.byte	0
 678 008c 00       		.byte	0
 679 008d 0A       		.uleb128 0xa
 680 008e 2E       		.uleb128 0x2e
 681 008f 01       		.byte	0x1
 682 0090 3F       		.uleb128 0x3f
 683 0091 19       		.uleb128 0x19
 684 0092 03       		.uleb128 0x3
 685 0093 0E       		.uleb128 0xe
 686 0094 3A       		.uleb128 0x3a
 687 0095 0B       		.uleb128 0xb
 688 0096 3B       		.uleb128 0x3b
 689 0097 05       		.uleb128 0x5
 690 0098 27       		.uleb128 0x27
 691 0099 19       		.uleb128 0x19
 692 009a 11       		.uleb128 0x11
 693 009b 01       		.uleb128 0x1
 694 009c 12       		.uleb128 0x12
 695 009d 06       		.uleb128 0x6
 696 009e 40       		.uleb128 0x40
 697 009f 18       		.uleb128 0x18
 698 00a0 9742     		.uleb128 0x2117
 699 00a2 19       		.uleb128 0x19
 700 00a3 01       		.uleb128 0x1
 701 00a4 13       		.uleb128 0x13
 702 00a5 00       		.byte	0
 703 00a6 00       		.byte	0
 704 00a7 0B       		.uleb128 0xb
 705 00a8 34       		.uleb128 0x34
 706 00a9 00       		.byte	0
 707 00aa 03       		.uleb128 0x3
 708 00ab 0E       		.uleb128 0xe
 709 00ac 3A       		.uleb128 0x3a
 710 00ad 0B       		.uleb128 0xb
 711 00ae 3B       		.uleb128 0x3b
 712 00af 05       		.uleb128 0x5
 713 00b0 49       		.uleb128 0x49
 714 00b1 13       		.uleb128 0x13
 715 00b2 02       		.uleb128 0x2
 716 00b3 17       		.uleb128 0x17
ARM GAS  D:\Windows\AppData\Local\Temp\cc4nScAL.s 			page 19


 717 00b4 00       		.byte	0
 718 00b5 00       		.byte	0
 719 00b6 0C       		.uleb128 0xc
 720 00b7 898201   		.uleb128 0x4109
 721 00ba 00       		.byte	0
 722 00bb 11       		.uleb128 0x11
 723 00bc 01       		.uleb128 0x1
 724 00bd 31       		.uleb128 0x31
 725 00be 13       		.uleb128 0x13
 726 00bf 00       		.byte	0
 727 00c0 00       		.byte	0
 728 00c1 0D       		.uleb128 0xd
 729 00c2 898201   		.uleb128 0x4109
 730 00c5 01       		.byte	0x1
 731 00c6 11       		.uleb128 0x11
 732 00c7 01       		.uleb128 0x1
 733 00c8 31       		.uleb128 0x31
 734 00c9 13       		.uleb128 0x13
 735 00ca 01       		.uleb128 0x1
 736 00cb 13       		.uleb128 0x13
 737 00cc 00       		.byte	0
 738 00cd 00       		.byte	0
 739 00ce 0E       		.uleb128 0xe
 740 00cf 8A8201   		.uleb128 0x410a
 741 00d2 00       		.byte	0
 742 00d3 02       		.uleb128 0x2
 743 00d4 18       		.uleb128 0x18
 744 00d5 9142     		.uleb128 0x2111
 745 00d7 18       		.uleb128 0x18
 746 00d8 00       		.byte	0
 747 00d9 00       		.byte	0
 748 00da 0F       		.uleb128 0xf
 749 00db 898201   		.uleb128 0x4109
 750 00de 01       		.byte	0x1
 751 00df 11       		.uleb128 0x11
 752 00e0 01       		.uleb128 0x1
 753 00e1 31       		.uleb128 0x31
 754 00e2 13       		.uleb128 0x13
 755 00e3 00       		.byte	0
 756 00e4 00       		.byte	0
 757 00e5 10       		.uleb128 0x10
 758 00e6 34       		.uleb128 0x34
 759 00e7 00       		.byte	0
 760 00e8 03       		.uleb128 0x3
 761 00e9 0E       		.uleb128 0xe
 762 00ea 3A       		.uleb128 0x3a
 763 00eb 0B       		.uleb128 0xb
 764 00ec 3B       		.uleb128 0x3b
 765 00ed 0B       		.uleb128 0xb
 766 00ee 49       		.uleb128 0x49
 767 00ef 13       		.uleb128 0x13
 768 00f0 3F       		.uleb128 0x3f
 769 00f1 19       		.uleb128 0x19
 770 00f2 02       		.uleb128 0x2
 771 00f3 18       		.uleb128 0x18
 772 00f4 00       		.byte	0
 773 00f5 00       		.byte	0
ARM GAS  D:\Windows\AppData\Local\Temp\cc4nScAL.s 			page 20


 774 00f6 00       		.byte	0
 775              		.section	.debug_loc,"",%progbits
 776              	.Ldebug_loc0:
 777              	.LLST0:
 778 0000 00000000 		.4byte	.LVL0
 779 0004 10000000 		.4byte	.LVL1
 780 0008 0100     		.2byte	0x1
 781 000a 50       		.byte	0x50
 782 000b 10000000 		.4byte	.LVL1
 783 000f 1C000000 		.4byte	.LFE4
 784 0013 0400     		.2byte	0x4
 785 0015 F3       		.byte	0xf3
 786 0016 01       		.uleb128 0x1
 787 0017 50       		.byte	0x50
 788 0018 9F       		.byte	0x9f
 789 0019 00000000 		.4byte	0
 790 001d 00000000 		.4byte	0
 791              	.LLST1:
 792 0021 08000000 		.4byte	.LVL3
 793 0025 0C000000 		.4byte	.LVL4
 794 0029 0300     		.2byte	0x3
 795 002b 73       		.byte	0x73
 796 002c 06       		.sleb128 6
 797 002d 9F       		.byte	0x9f
 798 002e 0C000000 		.4byte	.LVL4
 799 0032 0E000000 		.4byte	.LVL5
 800 0036 0700     		.2byte	0x7
 801 0038 73       		.byte	0x73
 802 0039 868080B8 		.sleb128 -1224736762
 802      7B
 803 003e 9F       		.byte	0x9f
 804 003f 0E000000 		.4byte	.LVL5
 805 0043 12000000 		.4byte	.LVL6
 806 0047 0700     		.2byte	0x7
 807 0049 73       		.byte	0x73
 808 004a 808080B8 		.sleb128 -1224736768
 808      7B
 809 004f 9F       		.byte	0x9f
 810 0050 00000000 		.4byte	0
 811 0054 00000000 		.4byte	0
 812              	.LLST2:
 813 0058 00000000 		.4byte	.LVL7
 814 005c 12000000 		.4byte	.LVL8
 815 0060 0100     		.2byte	0x1
 816 0062 50       		.byte	0x50
 817 0063 12000000 		.4byte	.LVL8
 818 0067 20000000 		.4byte	.LFE5
 819 006b 0400     		.2byte	0x4
 820 006d F3       		.byte	0xf3
 821 006e 01       		.uleb128 0x1
 822 006f 50       		.byte	0x50
 823 0070 9F       		.byte	0x9f
 824 0071 00000000 		.4byte	0
 825 0075 00000000 		.4byte	0
 826              		.section	.debug_aranges,"",%progbits
 827 0000 54000000 		.4byte	0x54
 828 0004 0200     		.2byte	0x2
ARM GAS  D:\Windows\AppData\Local\Temp\cc4nScAL.s 			page 21


 829 0006 00000000 		.4byte	.Ldebug_info0
 830 000a 04       		.byte	0x4
 831 000b 00       		.byte	0
 832 000c 0000     		.2byte	0
 833 000e 0000     		.2byte	0
 834 0010 00000000 		.4byte	.LFB1
 835 0014 1C000000 		.4byte	.LFE1-.LFB1
 836 0018 00000000 		.4byte	.LFB3
 837 001c 1C000000 		.4byte	.LFE3-.LFB3
 838 0020 00000000 		.4byte	.LFB4
 839 0024 1C000000 		.4byte	.LFE4-.LFB4
 840 0028 00000000 		.4byte	.LFB6
 841 002c 0C000000 		.4byte	.LFE6-.LFB6
 842 0030 00000000 		.4byte	.LFB7
 843 0034 24000000 		.4byte	.LFE7-.LFB7
 844 0038 00000000 		.4byte	.LFB5
 845 003c 20000000 		.4byte	.LFE5-.LFB5
 846 0040 00000000 		.4byte	.LFB0
 847 0044 2C000000 		.4byte	.LFE0-.LFB0
 848 0048 00000000 		.4byte	.LFB2
 849 004c 24000000 		.4byte	.LFE2-.LFB2
 850 0050 00000000 		.4byte	0
 851 0054 00000000 		.4byte	0
 852              		.section	.debug_ranges,"",%progbits
 853              	.Ldebug_ranges0:
 854 0000 00000000 		.4byte	.LFB1
 855 0004 1C000000 		.4byte	.LFE1
 856 0008 00000000 		.4byte	.LFB3
 857 000c 1C000000 		.4byte	.LFE3
 858 0010 00000000 		.4byte	.LFB4
 859 0014 1C000000 		.4byte	.LFE4
 860 0018 00000000 		.4byte	.LFB6
 861 001c 0C000000 		.4byte	.LFE6
 862 0020 00000000 		.4byte	.LFB7
 863 0024 24000000 		.4byte	.LFE7
 864 0028 00000000 		.4byte	.LFB5
 865 002c 20000000 		.4byte	.LFE5
 866 0030 00000000 		.4byte	.LFB0
 867 0034 2C000000 		.4byte	.LFE0
 868 0038 00000000 		.4byte	.LFB2
 869 003c 24000000 		.4byte	.LFE2
 870 0040 00000000 		.4byte	0
 871 0044 00000000 		.4byte	0
 872              		.section	.debug_line,"",%progbits
 873              	.Ldebug_line0:
 874 0000 E8000000 		.section	.debug_str,"MS",%progbits,1
 874      02004D00 
 874      00000201 
 874      FB0E0D00 
 874      01010101 
 875              	.LASF21:
 876 0000 57617665 		.ascii	"WaveDAC8_1_VDAC8_SetRange\000"
 876      44414338 
 876      5F315F56 
 876      44414338 
 876      5F536574 
 877              	.LASF26:
ARM GAS  D:\Windows\AppData\Local\Temp\cc4nScAL.s 			page 22


 878 001a 47656E65 		.ascii	"Generated_Source\\PSoC5\\WaveDAC8_1_VDAC8.c\000"
 878      72617465 
 878      645F536F 
 878      75726365 
 878      5C50536F 
 879              	.LASF14:
 880 0044 57617665 		.ascii	"WaveDAC8_1_VDAC8_Enable\000"
 880      44414338 
 880      5F315F56 
 880      44414338 
 880      5F456E61 
 881              	.LASF19:
 882 005c 76616C75 		.ascii	"value\000"
 882      6500
 883              	.LASF16:
 884 0062 57617665 		.ascii	"WaveDAC8_1_VDAC8_SetSpeed\000"
 884      44414338 
 884      5F315F56 
 884      44414338 
 884      5F536574 
 885              	.LASF9:
 886 007c 666C6F61 		.ascii	"float\000"
 886      7400
 887              	.LASF1:
 888 0082 756E7369 		.ascii	"unsigned char\000"
 888      676E6564 
 888      20636861 
 888      7200
 889              	.LASF23:
 890 0090 57617665 		.ascii	"WaveDAC8_1_VDAC8_Init\000"
 890      44414338 
 890      5F315F56 
 890      44414338 
 890      5F496E69 
 891              	.LASF13:
 892 00a6 72656738 		.ascii	"reg8\000"
 892      00
 893              	.LASF5:
 894 00ab 6C6F6E67 		.ascii	"long unsigned int\000"
 894      20756E73 
 894      69676E65 
 894      6420696E 
 894      7400
 895              	.LASF20:
 896 00bd 57617665 		.ascii	"WaveDAC8_1_VDAC8_DacTrim\000"
 896      44414338 
 896      5F315F56 
 896      44414338 
 896      5F446163 
 897              	.LASF3:
 898 00d6 73686F72 		.ascii	"short unsigned int\000"
 898      7420756E 
 898      7369676E 
 898      65642069 
 898      6E7400
 899              	.LASF22:
 900 00e9 72616E67 		.ascii	"range\000"
ARM GAS  D:\Windows\AppData\Local\Temp\cc4nScAL.s 			page 23


 900      6500
 901              	.LASF10:
 902 00ef 646F7562 		.ascii	"double\000"
 902      6C6500
 903              	.LASF24:
 904 00f6 57617665 		.ascii	"WaveDAC8_1_VDAC8_Start\000"
 904      44414338 
 904      5F315F56 
 904      44414338 
 904      5F537461 
 905              	.LASF25:
 906 010d 474E5520 		.ascii	"GNU C 4.9.3 20150303 (release) [ARM/embedded-4_9-br"
 906      4320342E 
 906      392E3320 
 906      32303135 
 906      30333033 
 907 0140 616E6368 		.ascii	"anch revision 221220] -mcpu=cortex-m3 -mthumb -g -O"
 907      20726576 
 907      6973696F 
 907      6E203232 
 907      31323230 
 908 0173 67202D66 		.ascii	"g -ffunction-sections -ffat-lto-objects\000"
 908      66756E63 
 908      74696F6E 
 908      2D736563 
 908      74696F6E 
 909              	.LASF8:
 910 019b 756E7369 		.ascii	"unsigned int\000"
 910      676E6564 
 910      20696E74 
 910      00
 911              	.LASF7:
 912 01a8 6C6F6E67 		.ascii	"long long unsigned int\000"
 912      206C6F6E 
 912      6720756E 
 912      7369676E 
 912      65642069 
 913              	.LASF28:
 914 01bf 6D6F6465 		.ascii	"mode\000"
 914      00
 915              	.LASF15:
 916 01c4 57617665 		.ascii	"WaveDAC8_1_VDAC8_Stop\000"
 916      44414338 
 916      5F315F56 
 916      44414338 
 916      5F53746F 
 917              	.LASF17:
 918 01da 57617665 		.ascii	"WaveDAC8_1_VDAC8_SetValue\000"
 918      44414338 
 918      5F315F56 
 918      44414338 
 918      5F536574 
 919              	.LASF18:
 920 01f4 73706565 		.ascii	"speed\000"
 920      6400
 921              	.LASF6:
 922 01fa 6C6F6E67 		.ascii	"long long int\000"
ARM GAS  D:\Windows\AppData\Local\Temp\cc4nScAL.s 			page 24


 922      206C6F6E 
 922      6720696E 
 922      7400
 923              	.LASF27:
 924 0208 443A5C44 		.ascii	"D:\\Downloads\\FRUCD\\FE3-DashboardRev1\\FE3-Dashbo"
 924      6F776E6C 
 924      6F616473 
 924      5C465255 
 924      43445C46 
 925 0237 6172645C 		.ascii	"ard\\Node-Jaguar.cydsn\000"
 925      4E6F6465 
 925      2D4A6167 
 925      7561722E 
 925      63796473 
 926              	.LASF11:
 927 024d 63686172 		.ascii	"char\000"
 927      00
 928              	.LASF2:
 929 0252 73686F72 		.ascii	"short int\000"
 929      7420696E 
 929      7400
 930              	.LASF12:
 931 025c 75696E74 		.ascii	"uint8\000"
 931      3800
 932              	.LASF29:
 933 0262 57617665 		.ascii	"WaveDAC8_1_VDAC8_initVar\000"
 933      44414338 
 933      5F315F56 
 933      44414338 
 933      5F696E69 
 934              	.LASF4:
 935 027b 6C6F6E67 		.ascii	"long int\000"
 935      20696E74 
 935      00
 936              	.LASF0:
 937 0284 7369676E 		.ascii	"signed char\000"
 937      65642063 
 937      68617200 
 938              		.ident	"GCC: (GNU Tools for ARM Embedded Processors) 4.9.3 20150303 (release) [ARM/embedded-4_9-br
