ARM GAS  D:\Windows\AppData\Local\Temp\ccDSc08G.s 			page 1


   1              		.syntax unified
   2              		.cpu cortex-m3
   3              		.fpu softvfp
   4              		.eabi_attribute 20, 1
   5              		.eabi_attribute 21, 1
   6              		.eabi_attribute 23, 3
   7              		.eabi_attribute 24, 1
   8              		.eabi_attribute 25, 1
   9              		.eabi_attribute 26, 1
  10              		.eabi_attribute 30, 1
  11              		.eabi_attribute 34, 1
  12              		.eabi_attribute 18, 4
  13              		.thumb
  14              		.file	"WaveDAC8_1_PM.c"
  15              		.text
  16              	.Ltext0:
  17              		.cfi_sections	.debug_frame
  18              		.section	.text.WaveDAC8_1_Sleep,"ax",%progbits
  19              		.align	2
  20              		.global	WaveDAC8_1_Sleep
  21              		.thumb
  22              		.thumb_func
  23              		.type	WaveDAC8_1_Sleep, %function
  24              	WaveDAC8_1_Sleep:
  25              	.LFB0:
  26              		.file 1 "Generated_Source\\PSoC5\\WaveDAC8_1_PM.c"
   1:Generated_Source\PSoC5/WaveDAC8_1_PM.c **** /*******************************************************************************
   2:Generated_Source\PSoC5/WaveDAC8_1_PM.c **** * File Name: WaveDAC8_1_PM.c  
   3:Generated_Source\PSoC5/WaveDAC8_1_PM.c **** * Version 2.0
   4:Generated_Source\PSoC5/WaveDAC8_1_PM.c **** *
   5:Generated_Source\PSoC5/WaveDAC8_1_PM.c **** * Description:
   6:Generated_Source\PSoC5/WaveDAC8_1_PM.c **** *  This file provides the power manager source code to the API for 
   7:Generated_Source\PSoC5/WaveDAC8_1_PM.c **** *  the WaveDAC8 component.
   8:Generated_Source\PSoC5/WaveDAC8_1_PM.c **** *
   9:Generated_Source\PSoC5/WaveDAC8_1_PM.c **** ********************************************************************************
  10:Generated_Source\PSoC5/WaveDAC8_1_PM.c **** * Copyright 2013, Cypress Semiconductor Corporation.  All rights reserved.
  11:Generated_Source\PSoC5/WaveDAC8_1_PM.c **** * You may use this file only in accordance with the license, terms, conditions, 
  12:Generated_Source\PSoC5/WaveDAC8_1_PM.c **** * disclaimers, and limitations in the end user license agreement accompanying 
  13:Generated_Source\PSoC5/WaveDAC8_1_PM.c **** * the software package with which this file was provided.
  14:Generated_Source\PSoC5/WaveDAC8_1_PM.c **** *******************************************************************************/
  15:Generated_Source\PSoC5/WaveDAC8_1_PM.c **** 
  16:Generated_Source\PSoC5/WaveDAC8_1_PM.c **** #include "WaveDAC8_1.h"
  17:Generated_Source\PSoC5/WaveDAC8_1_PM.c **** 
  18:Generated_Source\PSoC5/WaveDAC8_1_PM.c **** static WaveDAC8_1_BACKUP_STRUCT  WaveDAC8_1_backup;
  19:Generated_Source\PSoC5/WaveDAC8_1_PM.c **** 
  20:Generated_Source\PSoC5/WaveDAC8_1_PM.c **** 
  21:Generated_Source\PSoC5/WaveDAC8_1_PM.c **** /*******************************************************************************
  22:Generated_Source\PSoC5/WaveDAC8_1_PM.c **** * Function Name: WaveDAC8_1_Sleep
  23:Generated_Source\PSoC5/WaveDAC8_1_PM.c **** ********************************************************************************
  24:Generated_Source\PSoC5/WaveDAC8_1_PM.c **** *
  25:Generated_Source\PSoC5/WaveDAC8_1_PM.c **** * Summary:
  26:Generated_Source\PSoC5/WaveDAC8_1_PM.c **** *  Stops the component and saves its configuration. Should be called 
  27:Generated_Source\PSoC5/WaveDAC8_1_PM.c **** *  just prior to entering sleep.
  28:Generated_Source\PSoC5/WaveDAC8_1_PM.c **** *  
  29:Generated_Source\PSoC5/WaveDAC8_1_PM.c **** * Parameters:  
  30:Generated_Source\PSoC5/WaveDAC8_1_PM.c **** *  None
  31:Generated_Source\PSoC5/WaveDAC8_1_PM.c **** *
ARM GAS  D:\Windows\AppData\Local\Temp\ccDSc08G.s 			page 2


  32:Generated_Source\PSoC5/WaveDAC8_1_PM.c **** * Return: 
  33:Generated_Source\PSoC5/WaveDAC8_1_PM.c **** *  None
  34:Generated_Source\PSoC5/WaveDAC8_1_PM.c **** *
  35:Generated_Source\PSoC5/WaveDAC8_1_PM.c **** * Global variables:
  36:Generated_Source\PSoC5/WaveDAC8_1_PM.c **** *  WaveDAC8_1_backup:  The structure field 'enableState' is modified 
  37:Generated_Source\PSoC5/WaveDAC8_1_PM.c **** *  depending on the enable state of the block before entering to sleep mode.
  38:Generated_Source\PSoC5/WaveDAC8_1_PM.c **** *
  39:Generated_Source\PSoC5/WaveDAC8_1_PM.c **** * Reentrant:
  40:Generated_Source\PSoC5/WaveDAC8_1_PM.c **** *  No
  41:Generated_Source\PSoC5/WaveDAC8_1_PM.c **** *
  42:Generated_Source\PSoC5/WaveDAC8_1_PM.c **** *******************************************************************************/
  43:Generated_Source\PSoC5/WaveDAC8_1_PM.c **** void WaveDAC8_1_Sleep(void) 
  44:Generated_Source\PSoC5/WaveDAC8_1_PM.c **** {
  27              		.loc 1 44 0
  28              		.cfi_startproc
  29              		@ args = 0, pretend = 0, frame = 0
  30              		@ frame_needed = 0, uses_anonymous_args = 0
  31 0000 08B5     		push	{r3, lr}
  32              		.cfi_def_cfa_offset 8
  33              		.cfi_offset 3, -8
  34              		.cfi_offset 14, -4
  45:Generated_Source\PSoC5/WaveDAC8_1_PM.c **** 	/* Save DAC8's enable state */
  46:Generated_Source\PSoC5/WaveDAC8_1_PM.c **** 
  47:Generated_Source\PSoC5/WaveDAC8_1_PM.c **** 	WaveDAC8_1_backup.enableState = (WaveDAC8_1_VDAC8_ACT_PWR_EN == 
  48:Generated_Source\PSoC5/WaveDAC8_1_PM.c **** 		(WaveDAC8_1_VDAC8_PWRMGR_REG & WaveDAC8_1_VDAC8_ACT_PWR_EN)) ? 1u : 0u ;
  35              		.loc 1 48 0
  36 0002 074B     		ldr	r3, .L4
  37 0004 1B78     		ldrb	r3, [r3]	@ zero_extendqisi2
  38 0006 03F00203 		and	r3, r3, #2
  47:Generated_Source\PSoC5/WaveDAC8_1_PM.c **** 		(WaveDAC8_1_VDAC8_PWRMGR_REG & WaveDAC8_1_VDAC8_ACT_PWR_EN)) ? 1u : 0u ;
  39              		.loc 1 47 0
  40 000a 03F0FF02 		and	r2, r3, #255
  41 000e 03B1     		cbz	r3, .L2
  42 0010 0122     		movs	r2, #1
  43              	.L2:
  47:Generated_Source\PSoC5/WaveDAC8_1_PM.c **** 		(WaveDAC8_1_VDAC8_PWRMGR_REG & WaveDAC8_1_VDAC8_ACT_PWR_EN)) ? 1u : 0u ;
  44              		.loc 1 47 0 is_stmt 0 discriminator 4
  45 0012 044B     		ldr	r3, .L4+4
  46 0014 1A70     		strb	r2, [r3]
  49:Generated_Source\PSoC5/WaveDAC8_1_PM.c **** 	
  50:Generated_Source\PSoC5/WaveDAC8_1_PM.c **** 	WaveDAC8_1_Stop();
  47              		.loc 1 50 0 is_stmt 1 discriminator 4
  48 0016 FFF7FEFF 		bl	WaveDAC8_1_Stop
  49              	.LVL0:
  51:Generated_Source\PSoC5/WaveDAC8_1_PM.c **** 	WaveDAC8_1_SaveConfig();
  50              		.loc 1 51 0 discriminator 4
  51 001a FFF7FEFF 		bl	WaveDAC8_1_VDAC8_SaveConfig
  52              	.LVL1:
  53 001e 08BD     		pop	{r3, pc}
  54              	.L5:
  55              		.align	2
  56              	.L4:
  57 0020 A8430040 		.word	1073759144
  58 0024 00000000 		.word	.LANCHOR0
  59              		.cfi_endproc
  60              	.LFE0:
  61              		.size	WaveDAC8_1_Sleep, .-WaveDAC8_1_Sleep
ARM GAS  D:\Windows\AppData\Local\Temp\ccDSc08G.s 			page 3


  62              		.section	.text.WaveDAC8_1_Wakeup,"ax",%progbits
  63              		.align	2
  64              		.global	WaveDAC8_1_Wakeup
  65              		.thumb
  66              		.thumb_func
  67              		.type	WaveDAC8_1_Wakeup, %function
  68              	WaveDAC8_1_Wakeup:
  69              	.LFB1:
  52:Generated_Source\PSoC5/WaveDAC8_1_PM.c **** }
  53:Generated_Source\PSoC5/WaveDAC8_1_PM.c **** 
  54:Generated_Source\PSoC5/WaveDAC8_1_PM.c **** 
  55:Generated_Source\PSoC5/WaveDAC8_1_PM.c **** /*******************************************************************************
  56:Generated_Source\PSoC5/WaveDAC8_1_PM.c **** * Function Name: WaveDAC8_1_Wakeup
  57:Generated_Source\PSoC5/WaveDAC8_1_PM.c **** ********************************************************************************
  58:Generated_Source\PSoC5/WaveDAC8_1_PM.c **** *
  59:Generated_Source\PSoC5/WaveDAC8_1_PM.c **** * Summary:
  60:Generated_Source\PSoC5/WaveDAC8_1_PM.c **** *  Restores the component configuration. Should be called
  61:Generated_Source\PSoC5/WaveDAC8_1_PM.c **** *  just after awaking from sleep.
  62:Generated_Source\PSoC5/WaveDAC8_1_PM.c **** *  
  63:Generated_Source\PSoC5/WaveDAC8_1_PM.c **** * Parameters:  
  64:Generated_Source\PSoC5/WaveDAC8_1_PM.c **** *  None
  65:Generated_Source\PSoC5/WaveDAC8_1_PM.c **** *
  66:Generated_Source\PSoC5/WaveDAC8_1_PM.c **** * Return: 
  67:Generated_Source\PSoC5/WaveDAC8_1_PM.c **** *  void
  68:Generated_Source\PSoC5/WaveDAC8_1_PM.c **** *
  69:Generated_Source\PSoC5/WaveDAC8_1_PM.c **** * Global variables:
  70:Generated_Source\PSoC5/WaveDAC8_1_PM.c **** *  WaveDAC8_1_backup:  The structure field 'enableState' is used to 
  71:Generated_Source\PSoC5/WaveDAC8_1_PM.c **** *  restore the enable state of block after wakeup from sleep mode.
  72:Generated_Source\PSoC5/WaveDAC8_1_PM.c **** *
  73:Generated_Source\PSoC5/WaveDAC8_1_PM.c **** * Reentrant:
  74:Generated_Source\PSoC5/WaveDAC8_1_PM.c **** *  No
  75:Generated_Source\PSoC5/WaveDAC8_1_PM.c **** *
  76:Generated_Source\PSoC5/WaveDAC8_1_PM.c **** *******************************************************************************/
  77:Generated_Source\PSoC5/WaveDAC8_1_PM.c **** void WaveDAC8_1_Wakeup(void) 
  78:Generated_Source\PSoC5/WaveDAC8_1_PM.c **** {
  70              		.loc 1 78 0
  71              		.cfi_startproc
  72              		@ args = 0, pretend = 0, frame = 0
  73              		@ frame_needed = 0, uses_anonymous_args = 0
  74 0000 08B5     		push	{r3, lr}
  75              		.cfi_def_cfa_offset 8
  76              		.cfi_offset 3, -8
  77              		.cfi_offset 14, -4
  79:Generated_Source\PSoC5/WaveDAC8_1_PM.c **** 	WaveDAC8_1_RestoreConfig();
  78              		.loc 1 79 0
  79 0002 FFF7FEFF 		bl	WaveDAC8_1_VDAC8_RestoreConfig
  80              	.LVL2:
  80:Generated_Source\PSoC5/WaveDAC8_1_PM.c **** 
  81:Generated_Source\PSoC5/WaveDAC8_1_PM.c **** 	if(WaveDAC8_1_backup.enableState == 1u)
  81              		.loc 1 81 0
  82 0006 034B     		ldr	r3, .L9
  83 0008 1B78     		ldrb	r3, [r3]	@ zero_extendqisi2
  84 000a 012B     		cmp	r3, #1
  85 000c 01D1     		bne	.L6
  82:Generated_Source\PSoC5/WaveDAC8_1_PM.c **** 	{
  83:Generated_Source\PSoC5/WaveDAC8_1_PM.c **** 		WaveDAC8_1_Enable();
  86              		.loc 1 83 0
ARM GAS  D:\Windows\AppData\Local\Temp\ccDSc08G.s 			page 4


  87 000e FFF7FEFF 		bl	WaveDAC8_1_Enable
  88              	.LVL3:
  89              	.L6:
  90 0012 08BD     		pop	{r3, pc}
  91              	.L10:
  92              		.align	2
  93              	.L9:
  94 0014 00000000 		.word	.LANCHOR0
  95              		.cfi_endproc
  96              	.LFE1:
  97              		.size	WaveDAC8_1_Wakeup, .-WaveDAC8_1_Wakeup
  98              		.bss
  99              		.align	2
 100              		.set	.LANCHOR0,. + 0
 101              		.type	WaveDAC8_1_backup, %object
 102              		.size	WaveDAC8_1_backup, 1
 103              	WaveDAC8_1_backup:
 104 0000 00       		.space	1
 105 0001 000000   		.text
 106              	.Letext0:
 107              		.file 2 "Generated_Source\\PSoC5\\cytypes.h"
 108              		.file 3 "Generated_Source\\PSoC5\\WaveDAC8_1.h"
 109              		.file 4 "Generated_Source\\PSoC5/WaveDAC8_1_VDAC8.h"
 110              		.section	.debug_info,"",%progbits
 111              	.Ldebug_info0:
 112 0000 3E010000 		.4byte	0x13e
 113 0004 0400     		.2byte	0x4
 114 0006 00000000 		.4byte	.Ldebug_abbrev0
 115 000a 04       		.byte	0x4
 116 000b 01       		.uleb128 0x1
 117 000c F8000000 		.4byte	.LASF22
 118 0010 01       		.byte	0x1
 119 0011 E5010000 		.4byte	.LASF23
 120 0015 50000000 		.4byte	.LASF24
 121 0019 00000000 		.4byte	.Ldebug_ranges0+0
 122 001d 00000000 		.4byte	0
 123 0021 00000000 		.4byte	.Ldebug_line0
 124 0025 02       		.uleb128 0x2
 125 0026 01       		.byte	0x1
 126 0027 06       		.byte	0x6
 127 0028 D9010000 		.4byte	.LASF0
 128 002c 02       		.uleb128 0x2
 129 002d 01       		.byte	0x1
 130 002e 08       		.byte	0x8
 131 002f 86010000 		.4byte	.LASF1
 132 0033 02       		.uleb128 0x2
 133 0034 02       		.byte	0x2
 134 0035 05       		.byte	0x5
 135 0036 12020000 		.4byte	.LASF2
 136 003a 02       		.uleb128 0x2
 137 003b 02       		.byte	0x2
 138 003c 07       		.byte	0x7
 139 003d C6010000 		.4byte	.LASF3
 140 0041 02       		.uleb128 0x2
 141 0042 04       		.byte	0x4
 142 0043 05       		.byte	0x5
 143 0044 99010000 		.4byte	.LASF4
ARM GAS  D:\Windows\AppData\Local\Temp\ccDSc08G.s 			page 5


 144 0048 02       		.uleb128 0x2
 145 0049 04       		.byte	0x4
 146 004a 07       		.byte	0x7
 147 004b BD000000 		.4byte	.LASF5
 148 004f 02       		.uleb128 0x2
 149 0050 08       		.byte	0x8
 150 0051 05       		.byte	0x5
 151 0052 00000000 		.4byte	.LASF6
 152 0056 02       		.uleb128 0x2
 153 0057 08       		.byte	0x8
 154 0058 07       		.byte	0x7
 155 0059 CF000000 		.4byte	.LASF7
 156 005d 03       		.uleb128 0x3
 157 005e 04       		.byte	0x4
 158 005f 05       		.byte	0x5
 159 0060 696E7400 		.ascii	"int\000"
 160 0064 02       		.uleb128 0x2
 161 0065 04       		.byte	0x4
 162 0066 07       		.byte	0x7
 163 0067 27000000 		.4byte	.LASF8
 164 006b 04       		.uleb128 0x4
 165 006c B7000000 		.4byte	.LASF12
 166 0070 02       		.byte	0x2
 167 0071 3801     		.2byte	0x138
 168 0073 2C000000 		.4byte	0x2c
 169 0077 02       		.uleb128 0x2
 170 0078 04       		.byte	0x4
 171 0079 04       		.byte	0x4
 172 007a 0C020000 		.4byte	.LASF9
 173 007e 02       		.uleb128 0x2
 174 007f 08       		.byte	0x8
 175 0080 04       		.byte	0x4
 176 0081 BF010000 		.4byte	.LASF10
 177 0085 02       		.uleb128 0x2
 178 0086 01       		.byte	0x1
 179 0087 08       		.byte	0x8
 180 0088 94010000 		.4byte	.LASF11
 181 008c 04       		.uleb128 0x4
 182 008d 1C020000 		.4byte	.LASF13
 183 0091 02       		.byte	0x2
 184 0092 E201     		.2byte	0x1e2
 185 0094 98000000 		.4byte	0x98
 186 0098 05       		.uleb128 0x5
 187 0099 6B000000 		.4byte	0x6b
 188 009d 02       		.uleb128 0x2
 189 009e 04       		.byte	0x4
 190 009f 07       		.byte	0x7
 191 00a0 40020000 		.4byte	.LASF14
 192 00a4 06       		.uleb128 0x6
 193 00a5 01       		.byte	0x1
 194 00a6 03       		.byte	0x3
 195 00a7 5D       		.byte	0x5d
 196 00a8 B9000000 		.4byte	0xb9
 197 00ac 07       		.uleb128 0x7
 198 00ad B3010000 		.4byte	.LASF25
 199 00b1 03       		.byte	0x3
 200 00b2 5F       		.byte	0x5f
ARM GAS  D:\Windows\AppData\Local\Temp\ccDSc08G.s 			page 6


 201 00b3 6B000000 		.4byte	0x6b
 202 00b7 00       		.byte	0
 203 00b8 00       		.byte	0
 204 00b9 08       		.uleb128 0x8
 205 00ba 0E000000 		.4byte	.LASF15
 206 00be 03       		.byte	0x3
 207 00bf 60       		.byte	0x60
 208 00c0 A4000000 		.4byte	0xa4
 209 00c4 09       		.uleb128 0x9
 210 00c5 A2010000 		.4byte	.LASF16
 211 00c9 01       		.byte	0x1
 212 00ca 2B       		.byte	0x2b
 213 00cb 00000000 		.4byte	.LFB0
 214 00cf 28000000 		.4byte	.LFE0-.LFB0
 215 00d3 01       		.uleb128 0x1
 216 00d4 9C       		.byte	0x9c
 217 00d5 EC000000 		.4byte	0xec
 218 00d9 0A       		.uleb128 0xa
 219 00da 1A000000 		.4byte	.LVL0
 220 00de 25010000 		.4byte	0x125
 221 00e2 0A       		.uleb128 0xa
 222 00e3 1E000000 		.4byte	.LVL1
 223 00e7 2C010000 		.4byte	0x12c
 224 00eb 00       		.byte	0
 225 00ec 09       		.uleb128 0x9
 226 00ed 95000000 		.4byte	.LASF17
 227 00f1 01       		.byte	0x1
 228 00f2 4D       		.byte	0x4d
 229 00f3 00000000 		.4byte	.LFB1
 230 00f7 18000000 		.4byte	.LFE1-.LFB1
 231 00fb 01       		.uleb128 0x1
 232 00fc 9C       		.byte	0x9c
 233 00fd 14010000 		.4byte	0x114
 234 0101 0A       		.uleb128 0xa
 235 0102 06000000 		.4byte	.LVL2
 236 0106 33010000 		.4byte	0x133
 237 010a 0A       		.uleb128 0xa
 238 010b 12000000 		.4byte	.LVL3
 239 010f 3A010000 		.4byte	0x13a
 240 0113 00       		.byte	0
 241 0114 0B       		.uleb128 0xb
 242 0115 49020000 		.4byte	.LASF26
 243 0119 01       		.byte	0x1
 244 011a 12       		.byte	0x12
 245 011b B9000000 		.4byte	0xb9
 246 011f 05       		.uleb128 0x5
 247 0120 03       		.byte	0x3
 248 0121 00000000 		.4byte	WaveDAC8_1_backup
 249 0125 0C       		.uleb128 0xc
 250 0126 A7000000 		.4byte	.LASF18
 251 012a 03       		.byte	0x3
 252 012b 6C       		.byte	0x6c
 253 012c 0C       		.uleb128 0xc
 254 012d 34000000 		.4byte	.LASF19
 255 0131 04       		.byte	0x4
 256 0132 3B       		.byte	0x3b
 257 0133 0C       		.uleb128 0xc
ARM GAS  D:\Windows\AppData\Local\Temp\ccDSc08G.s 			page 7


 258 0134 21020000 		.4byte	.LASF20
 259 0138 04       		.byte	0x4
 260 0139 3C       		.byte	0x3c
 261 013a 0C       		.uleb128 0xc
 262 013b E6000000 		.4byte	.LASF21
 263 013f 03       		.byte	0x3
 264 0140 6B       		.byte	0x6b
 265 0141 00       		.byte	0
 266              		.section	.debug_abbrev,"",%progbits
 267              	.Ldebug_abbrev0:
 268 0000 01       		.uleb128 0x1
 269 0001 11       		.uleb128 0x11
 270 0002 01       		.byte	0x1
 271 0003 25       		.uleb128 0x25
 272 0004 0E       		.uleb128 0xe
 273 0005 13       		.uleb128 0x13
 274 0006 0B       		.uleb128 0xb
 275 0007 03       		.uleb128 0x3
 276 0008 0E       		.uleb128 0xe
 277 0009 1B       		.uleb128 0x1b
 278 000a 0E       		.uleb128 0xe
 279 000b 55       		.uleb128 0x55
 280 000c 17       		.uleb128 0x17
 281 000d 11       		.uleb128 0x11
 282 000e 01       		.uleb128 0x1
 283 000f 10       		.uleb128 0x10
 284 0010 17       		.uleb128 0x17
 285 0011 00       		.byte	0
 286 0012 00       		.byte	0
 287 0013 02       		.uleb128 0x2
 288 0014 24       		.uleb128 0x24
 289 0015 00       		.byte	0
 290 0016 0B       		.uleb128 0xb
 291 0017 0B       		.uleb128 0xb
 292 0018 3E       		.uleb128 0x3e
 293 0019 0B       		.uleb128 0xb
 294 001a 03       		.uleb128 0x3
 295 001b 0E       		.uleb128 0xe
 296 001c 00       		.byte	0
 297 001d 00       		.byte	0
 298 001e 03       		.uleb128 0x3
 299 001f 24       		.uleb128 0x24
 300 0020 00       		.byte	0
 301 0021 0B       		.uleb128 0xb
 302 0022 0B       		.uleb128 0xb
 303 0023 3E       		.uleb128 0x3e
 304 0024 0B       		.uleb128 0xb
 305 0025 03       		.uleb128 0x3
 306 0026 08       		.uleb128 0x8
 307 0027 00       		.byte	0
 308 0028 00       		.byte	0
 309 0029 04       		.uleb128 0x4
 310 002a 16       		.uleb128 0x16
 311 002b 00       		.byte	0
 312 002c 03       		.uleb128 0x3
 313 002d 0E       		.uleb128 0xe
 314 002e 3A       		.uleb128 0x3a
ARM GAS  D:\Windows\AppData\Local\Temp\ccDSc08G.s 			page 8


 315 002f 0B       		.uleb128 0xb
 316 0030 3B       		.uleb128 0x3b
 317 0031 05       		.uleb128 0x5
 318 0032 49       		.uleb128 0x49
 319 0033 13       		.uleb128 0x13
 320 0034 00       		.byte	0
 321 0035 00       		.byte	0
 322 0036 05       		.uleb128 0x5
 323 0037 35       		.uleb128 0x35
 324 0038 00       		.byte	0
 325 0039 49       		.uleb128 0x49
 326 003a 13       		.uleb128 0x13
 327 003b 00       		.byte	0
 328 003c 00       		.byte	0
 329 003d 06       		.uleb128 0x6
 330 003e 13       		.uleb128 0x13
 331 003f 01       		.byte	0x1
 332 0040 0B       		.uleb128 0xb
 333 0041 0B       		.uleb128 0xb
 334 0042 3A       		.uleb128 0x3a
 335 0043 0B       		.uleb128 0xb
 336 0044 3B       		.uleb128 0x3b
 337 0045 0B       		.uleb128 0xb
 338 0046 01       		.uleb128 0x1
 339 0047 13       		.uleb128 0x13
 340 0048 00       		.byte	0
 341 0049 00       		.byte	0
 342 004a 07       		.uleb128 0x7
 343 004b 0D       		.uleb128 0xd
 344 004c 00       		.byte	0
 345 004d 03       		.uleb128 0x3
 346 004e 0E       		.uleb128 0xe
 347 004f 3A       		.uleb128 0x3a
 348 0050 0B       		.uleb128 0xb
 349 0051 3B       		.uleb128 0x3b
 350 0052 0B       		.uleb128 0xb
 351 0053 49       		.uleb128 0x49
 352 0054 13       		.uleb128 0x13
 353 0055 38       		.uleb128 0x38
 354 0056 0B       		.uleb128 0xb
 355 0057 00       		.byte	0
 356 0058 00       		.byte	0
 357 0059 08       		.uleb128 0x8
 358 005a 16       		.uleb128 0x16
 359 005b 00       		.byte	0
 360 005c 03       		.uleb128 0x3
 361 005d 0E       		.uleb128 0xe
 362 005e 3A       		.uleb128 0x3a
 363 005f 0B       		.uleb128 0xb
 364 0060 3B       		.uleb128 0x3b
 365 0061 0B       		.uleb128 0xb
 366 0062 49       		.uleb128 0x49
 367 0063 13       		.uleb128 0x13
 368 0064 00       		.byte	0
 369 0065 00       		.byte	0
 370 0066 09       		.uleb128 0x9
 371 0067 2E       		.uleb128 0x2e
ARM GAS  D:\Windows\AppData\Local\Temp\ccDSc08G.s 			page 9


 372 0068 01       		.byte	0x1
 373 0069 3F       		.uleb128 0x3f
 374 006a 19       		.uleb128 0x19
 375 006b 03       		.uleb128 0x3
 376 006c 0E       		.uleb128 0xe
 377 006d 3A       		.uleb128 0x3a
 378 006e 0B       		.uleb128 0xb
 379 006f 3B       		.uleb128 0x3b
 380 0070 0B       		.uleb128 0xb
 381 0071 27       		.uleb128 0x27
 382 0072 19       		.uleb128 0x19
 383 0073 11       		.uleb128 0x11
 384 0074 01       		.uleb128 0x1
 385 0075 12       		.uleb128 0x12
 386 0076 06       		.uleb128 0x6
 387 0077 40       		.uleb128 0x40
 388 0078 18       		.uleb128 0x18
 389 0079 9742     		.uleb128 0x2117
 390 007b 19       		.uleb128 0x19
 391 007c 01       		.uleb128 0x1
 392 007d 13       		.uleb128 0x13
 393 007e 00       		.byte	0
 394 007f 00       		.byte	0
 395 0080 0A       		.uleb128 0xa
 396 0081 898201   		.uleb128 0x4109
 397 0084 00       		.byte	0
 398 0085 11       		.uleb128 0x11
 399 0086 01       		.uleb128 0x1
 400 0087 31       		.uleb128 0x31
 401 0088 13       		.uleb128 0x13
 402 0089 00       		.byte	0
 403 008a 00       		.byte	0
 404 008b 0B       		.uleb128 0xb
 405 008c 34       		.uleb128 0x34
 406 008d 00       		.byte	0
 407 008e 03       		.uleb128 0x3
 408 008f 0E       		.uleb128 0xe
 409 0090 3A       		.uleb128 0x3a
 410 0091 0B       		.uleb128 0xb
 411 0092 3B       		.uleb128 0x3b
 412 0093 0B       		.uleb128 0xb
 413 0094 49       		.uleb128 0x49
 414 0095 13       		.uleb128 0x13
 415 0096 02       		.uleb128 0x2
 416 0097 18       		.uleb128 0x18
 417 0098 00       		.byte	0
 418 0099 00       		.byte	0
 419 009a 0C       		.uleb128 0xc
 420 009b 2E       		.uleb128 0x2e
 421 009c 00       		.byte	0
 422 009d 3F       		.uleb128 0x3f
 423 009e 19       		.uleb128 0x19
 424 009f 03       		.uleb128 0x3
 425 00a0 0E       		.uleb128 0xe
 426 00a1 3A       		.uleb128 0x3a
 427 00a2 0B       		.uleb128 0xb
 428 00a3 3B       		.uleb128 0x3b
ARM GAS  D:\Windows\AppData\Local\Temp\ccDSc08G.s 			page 10


 429 00a4 0B       		.uleb128 0xb
 430 00a5 27       		.uleb128 0x27
 431 00a6 19       		.uleb128 0x19
 432 00a7 3C       		.uleb128 0x3c
 433 00a8 19       		.uleb128 0x19
 434 00a9 00       		.byte	0
 435 00aa 00       		.byte	0
 436 00ab 00       		.byte	0
 437              		.section	.debug_aranges,"",%progbits
 438 0000 24000000 		.4byte	0x24
 439 0004 0200     		.2byte	0x2
 440 0006 00000000 		.4byte	.Ldebug_info0
 441 000a 04       		.byte	0x4
 442 000b 00       		.byte	0
 443 000c 0000     		.2byte	0
 444 000e 0000     		.2byte	0
 445 0010 00000000 		.4byte	.LFB0
 446 0014 28000000 		.4byte	.LFE0-.LFB0
 447 0018 00000000 		.4byte	.LFB1
 448 001c 18000000 		.4byte	.LFE1-.LFB1
 449 0020 00000000 		.4byte	0
 450 0024 00000000 		.4byte	0
 451              		.section	.debug_ranges,"",%progbits
 452              	.Ldebug_ranges0:
 453 0000 00000000 		.4byte	.LFB0
 454 0004 28000000 		.4byte	.LFE0
 455 0008 00000000 		.4byte	.LFB1
 456 000c 18000000 		.4byte	.LFE1
 457 0010 00000000 		.4byte	0
 458 0014 00000000 		.4byte	0
 459              		.section	.debug_line,"",%progbits
 460              	.Ldebug_line0:
 461 0000 AB000000 		.section	.debug_str,"MS",%progbits,1
 461      02007000 
 461      00000201 
 461      FB0E0D00 
 461      01010101 
 462              	.LASF6:
 463 0000 6C6F6E67 		.ascii	"long long int\000"
 463      206C6F6E 
 463      6720696E 
 463      7400
 464              	.LASF15:
 465 000e 57617665 		.ascii	"WaveDAC8_1_BACKUP_STRUCT\000"
 465      44414338 
 465      5F315F42 
 465      41434B55 
 465      505F5354 
 466              	.LASF8:
 467 0027 756E7369 		.ascii	"unsigned int\000"
 467      676E6564 
 467      20696E74 
 467      00
 468              	.LASF19:
 469 0034 57617665 		.ascii	"WaveDAC8_1_VDAC8_SaveConfig\000"
 469      44414338 
 469      5F315F56 
ARM GAS  D:\Windows\AppData\Local\Temp\ccDSc08G.s 			page 11


 469      44414338 
 469      5F536176 
 470              	.LASF24:
 471 0050 443A5C44 		.ascii	"D:\\Downloads\\FRUCD\\FE3-DashboardRev1\\FE3-Dashbo"
 471      6F776E6C 
 471      6F616473 
 471      5C465255 
 471      43445C46 
 472 007f 6172645C 		.ascii	"ard\\Node-Jaguar.cydsn\000"
 472      4E6F6465 
 472      2D4A6167 
 472      7561722E 
 472      63796473 
 473              	.LASF17:
 474 0095 57617665 		.ascii	"WaveDAC8_1_Wakeup\000"
 474      44414338 
 474      5F315F57 
 474      616B6575 
 474      7000
 475              	.LASF18:
 476 00a7 57617665 		.ascii	"WaveDAC8_1_Stop\000"
 476      44414338 
 476      5F315F53 
 476      746F7000 
 477              	.LASF12:
 478 00b7 75696E74 		.ascii	"uint8\000"
 478      3800
 479              	.LASF5:
 480 00bd 6C6F6E67 		.ascii	"long unsigned int\000"
 480      20756E73 
 480      69676E65 
 480      6420696E 
 480      7400
 481              	.LASF7:
 482 00cf 6C6F6E67 		.ascii	"long long unsigned int\000"
 482      206C6F6E 
 482      6720756E 
 482      7369676E 
 482      65642069 
 483              	.LASF21:
 484 00e6 57617665 		.ascii	"WaveDAC8_1_Enable\000"
 484      44414338 
 484      5F315F45 
 484      6E61626C 
 484      6500
 485              	.LASF22:
 486 00f8 474E5520 		.ascii	"GNU C 4.9.3 20150303 (release) [ARM/embedded-4_9-br"
 486      4320342E 
 486      392E3320 
 486      32303135 
 486      30333033 
 487 012b 616E6368 		.ascii	"anch revision 221220] -mcpu=cortex-m3 -mthumb -g -O"
 487      20726576 
 487      6973696F 
 487      6E203232 
 487      31323230 
 488 015e 67202D66 		.ascii	"g -ffunction-sections -ffat-lto-objects\000"
ARM GAS  D:\Windows\AppData\Local\Temp\ccDSc08G.s 			page 12


 488      66756E63 
 488      74696F6E 
 488      2D736563 
 488      74696F6E 
 489              	.LASF1:
 490 0186 756E7369 		.ascii	"unsigned char\000"
 490      676E6564 
 490      20636861 
 490      7200
 491              	.LASF11:
 492 0194 63686172 		.ascii	"char\000"
 492      00
 493              	.LASF4:
 494 0199 6C6F6E67 		.ascii	"long int\000"
 494      20696E74 
 494      00
 495              	.LASF16:
 496 01a2 57617665 		.ascii	"WaveDAC8_1_Sleep\000"
 496      44414338 
 496      5F315F53 
 496      6C656570 
 496      00
 497              	.LASF25:
 498 01b3 656E6162 		.ascii	"enableState\000"
 498      6C655374 
 498      61746500 
 499              	.LASF10:
 500 01bf 646F7562 		.ascii	"double\000"
 500      6C6500
 501              	.LASF3:
 502 01c6 73686F72 		.ascii	"short unsigned int\000"
 502      7420756E 
 502      7369676E 
 502      65642069 
 502      6E7400
 503              	.LASF0:
 504 01d9 7369676E 		.ascii	"signed char\000"
 504      65642063 
 504      68617200 
 505              	.LASF23:
 506 01e5 47656E65 		.ascii	"Generated_Source\\PSoC5\\WaveDAC8_1_PM.c\000"
 506      72617465 
 506      645F536F 
 506      75726365 
 506      5C50536F 
 507              	.LASF9:
 508 020c 666C6F61 		.ascii	"float\000"
 508      7400
 509              	.LASF2:
 510 0212 73686F72 		.ascii	"short int\000"
 510      7420696E 
 510      7400
 511              	.LASF13:
 512 021c 72656738 		.ascii	"reg8\000"
 512      00
 513              	.LASF20:
 514 0221 57617665 		.ascii	"WaveDAC8_1_VDAC8_RestoreConfig\000"
ARM GAS  D:\Windows\AppData\Local\Temp\ccDSc08G.s 			page 13


 514      44414338 
 514      5F315F56 
 514      44414338 
 514      5F526573 
 515              	.LASF14:
 516 0240 73697A65 		.ascii	"sizetype\000"
 516      74797065 
 516      00
 517              	.LASF26:
 518 0249 57617665 		.ascii	"WaveDAC8_1_backup\000"
 518      44414338 
 518      5F315F62 
 518      61636B75 
 518      7000
 519              		.ident	"GCC: (GNU Tools for ARM Embedded Processors) 4.9.3 20150303 (release) [ARM/embedded-4_9-br
